[2010-03-06 23:31] [/PKICK] Rygar/Matsuhiro_Takeda kicked Gareth Walthers (Come back when you've fixed your lag)
[2010-03-06 23:33] [/GLUE] Black_White/Joshua_Fraser glued to #743 - 473
[2010-03-06 23:47] [/SETHP] Daniels/Nathan_Daniels set Kate Rizaru to 0
[2010-03-06 23:47] [/SETHP] Mount/Kate_Rizaru set Nathan Daniels to 0
[2010-03-06 23:48] [/SETHP] Daniels/Nathan_Daniels set Kate Rizaru to 0
[2010-03-06 23:48] [/SETHP] Mount/Kate_Rizaru set Nathan Daniels to 0
[2010-03-06 23:48] [/GLUE] Jessie K/Jesse_Kleinman glued to #449 - 568
[2010-03-06 23:48] [/SETHP] Daniels/Nathan_Daniels set Nathan Daniels to 100
[2010-03-06 23:48] [/SETHP] Daniels/Nathan_Daniels set Nathan Daniels to 100
[2010-03-06 23:49] [/SETHP] Daniels/Nathan_Daniels set Kate Rizaru to 0
[2010-03-07 00:01] [/SETINTERIORPRICE] Mount/Kate_Rizaru set the interiorprice of 10590 to 900000000
[2010-03-07 00:09] [/GLUE] Jessie K/Jesse_Kleinman glued to #827 - 568
[2010-03-07 00:40] [/SETHP] Rygar/Matt_Desmore set Matt Desmore to 100
[2010-03-07 00:41] [/CHANGENAME] Rygar/Matt_Desmore changed Jackson Shakur TO Jack_Shakur
[2010-03-07 00:41] [/SETHP] Daniels/Nathan_Daniels set Nathan Daniels to 100
[2010-03-07 00:44] [/SETLANGUAGE] Rygar/Matt_Desmore learned Ronan McMurphy English
[2010-03-07 00:51] [/GLUE] meyhuchan/Henrique_Herandez glued to #1002 - 430
[2010-03-07 00:51] [/GLUE] kruger/Joe_Bannon glued to #1002 - 430
[2010-03-07 01:07] [/SETHP] livelethal/Patrick_Andersson set Patrick Andersson to 100
[2010-03-07 01:08] [/SETHP] livelethal/Patrick_Andersson set Patrick Andersson to 100
[2010-03-07 01:12] [/SETHP] bofosho/Richard_Banks set Richard Banks to 100
[2010-03-07 01:18] [/SETHP] bofosho/Richard_Banks set Richard Banks to 100
[2010-03-07 01:23] [/SETHP] bofosho/Richard_Banks set Richard Banks to 100
[2010-03-07 01:24] [/SETSKIN] livelethal/Patrick_Andersson set Patrick Andersson his skin to 286
[2010-03-07 01:29] [/SETHP] bofosho/Richard_Banks set Richard Banks to 100
[2010-03-07 01:31] [/SETHP] livelethal/Patrick_Andersson set Patrick Andersson to 100
[2010-03-07 01:33] [/SETHP] Rygar/Matt_Desmore set Carol Andersson to 100
[2010-03-07 01:33] [/SETHP] livelethal/Patrick_Andersson set Patrick Andersson to 100
[2010-03-07 01:37] [/GLUE] meyhuchan/Henrique_Herandez glued to #1002 - 430
[2010-03-07 01:39] [/SETHP] bofosho/Richard_Banks set Tyreke Jefferson to 0
[2010-03-07 01:44] [/SLAP] Dazza/Dale_Harm slapped Dale Harm
[2010-03-07 01:44] [/SLAP] Dazza/Dale_Harm slapped Dale Harm
[2010-03-07 01:48] [/SETHP] bofosho/Richard_Banks set Richard Banks to 100
[2010-03-07 01:48] [/SETHP] bofosho/Richard_Banks set Richard Banks to 100
[2010-03-07 01:49] [/SLAP] Dazza/Dale_Harm slapped Dale Harm
[2010-03-07 01:55] [/SETHP] bofosho/Richard_Banks set Richard Banks to 100
[2010-03-07 01:58] [/SETHP] bofosho/Richard_Banks set Richard Banks to 100
[2010-03-07 02:00] [/SETHP] zollarr/Pavlik_Kristikov set Pavlik Kristikov to 100
[2010-03-07 02:20] [/GLUE] Jessie K/Jesse_Kleinman glued to #755 - 446
[2010-03-07 02:20] [/GLUE] Jessie K/Jesse_Kleinman glued to #755 - 446
[2010-03-07 02:20] [/GLUE] Jessie K/Jesse_Kleinman glued to #755 - 446
[2010-03-07 02:24] [/GLUE] newboy/Jack_Shakur glued to #1009 - 533
[2010-03-07 02:24] [/GLUE] Giorgio_Vita/Jonathan_Levee glued to #1009 - 533
[2010-03-07 02:25] [/GLUE] Freak_Freezy/Marcus_Johnson glued to #1009 - 533
[2010-03-07 02:25] [/GLUE] Jessie K/Jesse_Kleinman glued to #755 - 446
[2010-03-07 02:31] [/GLUE] Giorgio_Vita/Jonathan_Levee glued to #1009 - 533
[2010-03-07 02:31] [/GLUE] Freak_Freezy/Marcus_Johnson glued to #1009 - 533
[2010-03-07 02:31] [/GLUE] Freak_Freezy/Marcus_Johnson glued to #1009 - 533
[2010-03-07 02:31] [/GLUE] newboy/Jack_Shakur glued to #1009 - 533
[2010-03-07 02:36] [/SETHP] bofosho/Richard_Banks set Hiroshi Oshiro to 10
[2010-03-07 02:40] [/GLUE] Giorgio_Vita/Jonathan_Levee glued to #1009 - 533
[2010-03-07 02:41] [/GLUE] newboy/Jack_Shakur glued to #1009 - 533
[2010-03-07 02:41] [/GLUE] Freak_Freezy/Marcus_Johnson glued to #1009 - 533
[2010-03-07 02:41] [/GLUE] Freak_Freezy/Marcus_Johnson glued to #1009 - 533
[2010-03-07 02:42] [/GLUE] Freak_Freezy/Marcus_Johnson glued to #1009 - 533
[2010-03-07 02:43] [/GLUE] starewars/Brian_Beatty glued to #149 - 525
[2010-03-07 02:43] [/GLUE] Jessie K/Jesse_Kleinman glued to #755 - 446
[2010-03-07 02:54] [/SETHP] chamberlain/Shawn_Williamson set Shawn Williamson to 100
[2010-03-07 03:06] [/GLUE] MURDABUMBACLOT/Adam_Benjamin glued to #826 - 568
[2010-03-07 03:09] [/SETHP] bofosho/Richard_Banks set Richard Banks to 100
[2010-03-07 03:14] [/SETHP] bofosho/Richard_Banks set Richard Banks to 100
[2010-03-07 03:25] [/GLUE] MURDABUMBACLOT/Adam_Benjamin glued to #60 - 484
[2010-03-07 03:25] [/GLUE] BWS/Chris_Gambetti glued to #60 - 484
[2010-03-07 03:26] [/GLUE] MURDABUMBACLOT/Adam_Benjamin glued to #826 - 568
[2010-03-07 03:29] [/GLUE] BWS/Chris_Gambetti glued to #60 - 484
[2010-03-07 03:29] [/SETSKIN] bofosho/Richard_Banks set Richard Banks his skin to 284
[2010-03-07 03:31] [/GLUE] MURDABUMBACLOT/Adam_Benjamin glued to #826 - 568
[2010-03-07 03:33] [/SETHP] darksidedboy/Kitagaki_Mitsuharu set Kitagaki Mitsuharu to 100
[2010-03-07 03:33] [/GLUE] BWS/Chris_Gambetti glued to #60 - 484
[2010-03-07 03:33] [/SETHP] bofosho/Richard_Banks set Richard Banks to 100
[2010-03-07 03:34] [/SETHP] bofosho/Richard_Banks set Drew Bronson to 100
[2010-03-07 03:34] [/SETHP] bofosho/Richard_Banks set Richard Banks to 100
[2010-03-07 03:34] [/SETHP] bofosho/Richard_Banks set Kevin Lee to 100
[2010-03-07 03:34] [/SETHP] bofosho/Richard_Banks set Richard Banks to 100
[2010-03-07 03:35] [/SLAP] darksidedboy/Kitagaki_Mitsuharu slapped Kitagaki Mitsuharu
[2010-03-07 03:36] [/SETHP] darksidedboy/Kitagaki_Mitsuharu set Adam Benjamin to 50
[2010-03-07 03:38] [/SETHP] bofosho/Richard_Banks set Kevin Lee to 100
[2010-03-07 03:40] [/SLAP] darksidedboy/Kitagaki_Mitsuharu slapped Carol Andersson
[2010-03-07 03:40] [/SETHP] bofosho/Richard_Banks set Richard Banks to 100
[2010-03-07 03:40] [/SETHP] darksidedboy/Kitagaki_Mitsuharu set Carol Andersson to 100
[2010-03-07 03:42] [/GLUE] Nitote/Fred_Kilroy glued to #429 - 554
[2010-03-07 03:43] [/SETHP] bofosho/Richard_Banks set Richard Banks to 100
[2010-03-07 03:45] [/GLUE] MURDABUMBACLOT/Adam_Benjamin glued to #60 - 484
[2010-03-07 03:47] [/SETCARHP] bofosho/Richard_Banks set Kevin Leehis car to hp: 300
[2010-03-07 03:48] [/SETHP] bofosho/Richard_Banks set Drew Bronson to 250
[2010-03-07 03:49] [/SETCARHP] bofosho/Richard_Banks set Drew Bronsonhis car to hp: 250
[2010-03-07 03:49] [/GLUE] BWS/Chris_Gambetti glued to #60 - 484
[2010-03-07 03:50] [/SETCARHP] bofosho/Richard_Banks set Drew Bronsonhis car to hp: 100
[2010-03-07 03:55] [/SETHP] bofosho/Richard_Banks set Richard Banks to 100
[2010-03-07 04:05] [/SETSKIN] bofosho/Richard_Banks set Richard Banks his skin to 284
[2010-03-07 04:06] [/SETHP] bofosho/Richard_Banks set Richard Banks to 100
[2010-03-07 04:08] [/SETHP] bofosho/Richard_Banks set Richard Banks to 100
[2010-03-07 04:08] [/SETHP] bofosho/Richard_Banks set Richard Banks to 100
[2010-03-07 04:24] [/SETLANGUAGE] darksidedboy/Kitagaki_Mitsuharu learned Hachemon Abukaru English
[2010-03-07 04:30] [/SETHP] bofosho/Richard_Banks set Richard Banks to 100
[2010-03-07 04:32] [/SETHP] Rygar/Matt_Desmore set Matt Desmore to 100
[2010-03-07 04:32] [/SETHP] bofosho/Richard_Banks set Richard Banks to 100
[2010-03-07 04:34] [/SETHP] Rygar/Matt_Desmore set Matt Desmore to 100
[2010-03-07 04:34] [/SETHP] Rygar/Matt_Desmore set Matt Desmore to 100
[2010-03-07 04:37] [/SETHP] bofosho/Richard_Banks set Richard Banks to 100
[2010-03-07 04:37] [/SETHP] bofosho/Richard_Banks set Richard Banks to 100
[2010-03-07 04:38] [/SETHP] bofosho/Richard_Banks set Richard Banks to 100
[2010-03-07 04:39] [/SETHP] bofosho/Richard_Banks set Richard Banks to 100
[2010-03-07 04:39] [/SETSKIN] Rygar/Matt_Desmore set Sev Wiseman his skin to 286
[2010-03-07 04:39] [/SETHP] bofosho/Richard_Banks set Richard Banks to 100
[2010-03-07 04:40] [/SETHP] bofosho/Richard_Banks set Richard Banks to 100
[2010-03-07 04:41] [/SETHP] bofosho/Richard_Banks set Richard Banks to 100
[2010-03-07 04:44] [/SETHP] bofosho/Richard_Banks set Richard Banks to 100
[2010-03-07 04:44] [/SETHP] bofosho/Richard_Banks set Richard Banks to 100
[2010-03-07 04:44] [/SETHP] bofosho/Richard_Banks set Richard Banks to 100
[2010-03-07 04:44] [/SETHP] bofosho/Richard_Banks set Richard Banks to 100
[2010-03-07 04:46] [/SETHP] bofosho/Richard_Banks set Richard Banks to 100
[2010-03-07 04:54] [/SETHP] bofosho/Richard_Banks set Richard Banks to 100
[2010-03-07 04:57] [/SETHP] bofosho/Richard_Banks set Richard Banks to 100
[2010-03-07 05:02] [/bigearsf] herbjr/Shawn Brown started bigear on First Court of San Andreas
[2010-03-07 05:03] [/SETHP] bofosho/Richard_Banks set Richard Banks to 100
[2010-03-07 05:06] [/SETHP] Sprunk/Greg_Norris set Greg Norris to 90
[2010-03-07 05:08] [/SETSKIN] Daniels/Nathan_Daniels set Nathan Daniels his skin to 60
[2010-03-07 05:18] [/SETHP] darksidedboy/Kitagaki_Mitsuharu set Kitagaki Mitsuharu to 100
[2010-03-07 05:18] [/SETHP] darksidedboy/Kitagaki_Mitsuharu set Hachemon Abukaru to 100
[2010-03-07 05:21] [/GLUE] Maccer_Davidson/Maccer_Davidson glued to #1313 - 527
[2010-03-07 05:38] [/GLUE] anumaz/John_Fordson glued to #145 - 525
[2010-03-07 05:39] [/GLUE] Terra/Daniel_Baker glued to #145 - 525
[2010-03-07 05:45] [/SETHP] darksidedboy/Kitagaki_Mitsuharu set Hachemon Abukaru to 100
[2010-03-07 05:45] [/SETHP] darksidedboy/Kitagaki_Mitsuharu set Kitagaki Mitsuharu to 100
[2010-03-07 05:50] [/SETHP] darksidedboy/Kitagaki_Mitsuharu set Levi Robinson to 10
[2010-03-07 05:55] [/SETSKIN] Rygar/Matt_Desmore set Sev Wiseman his skin to 209
[2010-03-07 06:20] [/GLUE] Flawless/Carol_Andersson glued to #1247 - 446
[2010-03-07 06:28] [/SETHP] Rygar/Matt_Desmore set Matt Desmore to 100
[2010-03-07 06:29] [/SLAP] livelethal/Patrick_Andersson slapped Carol Andersson
[2010-03-07 06:29] [/SETHP] livelethal/Patrick_Andersson set Carol Andersson to 100
[2010-03-07 06:33] [/SETHP] herbjr/Shawn_Brown set Martin OMalley to 100
[2010-03-07 06:34] [/GLUE] livelethal/Patrick_Andersson glued to #1247 - 446
[2010-03-07 06:48] [/SLAP] livelethal/Patrick_Andersson slapped Patrick Andersson
[2010-03-07 06:48] [/SETHP] livelethal/Patrick_Andersson set Patrick Andersson to 100
[2010-03-07 06:52] [/SETHP] livelethal/Patrick_Andersson set Patrick Andersson to 100
[2010-03-07 06:52] [/SETHP] livelethal/Patrick_Andersson set Carol Andersson to 100
[2010-03-07 06:52] [/SETHP] livelethal/Patrick_Andersson set Carol Andersson to 1
[2010-03-07 06:53] [/SETHP] livelethal/Patrick_Andersson set Carol Andersson to 100
[2010-03-07 06:53] [/SETHP] livelethal/Patrick_Andersson set Patrick Andersson to 100
[2010-03-07 06:58] [/SETHP] livelethal/Patrick_Andersson set Patrick Andersson to 100
[2010-03-07 07:12] [/FRECONNECT] herbjr/Shawn_Brown reconnected Daniel Baker
[2010-03-07 07:21] [/SETHP] livelethal/Patrick_Andersson set Patrick Andersson to 100
[2010-03-07 07:21] [/SETHP] livelethal/Patrick_Andersson set Carol Andersson to 100
[2010-03-07 07:28] [/SETARMOR] herbjr/Shawn_Brown set Shawn Brown his armor to 100
[2010-03-07 07:28] [/SETHP] herbjr/Shawn_Brown set Shawn Brown to 100
[2010-03-07 07:30] [/SETHP] darksidedboy/Darren_Pearce set Martin OMalley to 100
[2010-03-07 07:31] [/SETHP] darksidedboy/Darren_Pearce set Daniel Baker to 100
[2010-03-07 07:35] [/GLUE] livelethal/Patrick_Andersson glued to #813 - 525
[2010-03-07 07:36] [/SETHP] darksidedboy/Darren_Pearce set Darren Pearce to 100
[2010-03-07 07:36] [/SETHP] darksidedboy/Darren_Pearce set Martin OMalley to 100
[2010-03-07 07:38] [/GLUE] obliterator789/Jacob_Washington glued to #813 - 525
[2010-03-07 07:39] [/SLAP] livelethal/Patrick_Andersson slapped Carol Andersson
[2010-03-07 07:39] [/SETHP] livelethal/Patrick_Andersson set Carol Andersson to 100
[2010-03-07 07:41] [/GLUE] livelethal/Patrick_Andersson glued to #813 - 525
[2010-03-07 07:43] [/SETHP] darksidedboy/Darren_Pearce set Darren Pearce to 100
[2010-03-07 07:45] [/SETHP] livelethal/Patrick_Andersson set Carol Andersson to 100
[2010-03-07 07:49] [/SETHP] livelethal/Patrick_Andersson set Carol Andersson to 100
[2010-03-07 07:49] [/SETHP] livelethal/Patrick_Andersson set Jacob Washington to 100
[2010-03-07 07:49] [/SETARMOR] livelethal/Patrick_Andersson set Jacob Washington his armor to 100
[2010-03-07 07:50] [/SETHP] darksidedboy/Darren_Pearce set Daniel Baker to 100
[2010-03-07 07:50] [/SETHP] darksidedboy/Darren_Pearce set Martin OMalley to 100
[2010-03-07 07:50] [/SETHP] darksidedboy/Darren_Pearce set Martin OMalley to 100
[2010-03-07 07:51] [/SETHP] darksidedboy/Darren_Pearce set Martin OMalley to 100
[2010-03-07 07:51] [/SETHP] livelethal/Patrick_Andersson set Jacob Washington to 100
[2010-03-07 07:51] [/SETARMOR] livelethal/Patrick_Andersson set Jacob Washington his armor to 100
[2010-03-07 07:51] [/SETHP] livelethal/Patrick_Andersson set Jacob Washington to 100
[2010-03-07 07:52] [/SETHP] livelethal/Patrick_Andersson set Jacob Washington to 1
[2010-03-07 07:52] [/SETARMOR] livelethal/Patrick_Andersson set Jacob Washington his armor to 0
[2010-03-07 07:53] [/BLOWVEH] darksidedboy/Darren_Pearce blew Daniel Baker
[2010-03-07 07:56] [/SETHP] darksidedboy/Darren_Pearce set Darren Pearce to 100
[2010-03-07 07:57] [/SETHP] darksidedboy/Darren_Pearce set Darren Pearce to 100
[2010-03-07 07:59] [/SETHP] livelethal/Patrick_Andersson set Adam Benjamin to 100
[2010-03-07 08:02] [/SETHP] darksidedboy/Darren_Pearce set Daniel Baker to 100
[2010-03-07 08:02] [/SETHP] darksidedboy/Darren_Pearce set Daniel Baker to 70
[2010-03-07 08:03] [/SETHP] darksidedboy/Darren_Pearce set Daniel Baker to 100
[2010-03-07 08:04] [/SETHP] darksidedboy/Darren_Pearce set Daniel Baker to 100
[2010-03-07 08:04] [/SETHP] livelethal/Patrick_Andersson set Patrick Andersson to 100
[2010-03-07 08:04] [/SETHP] darksidedboy/Darren_Pearce set Daniel Baker to 100
[2010-03-07 08:10] [/SETARMOR] darksidedboy/Darren_Pearce set Darren Pearce his armor to 0
[2010-03-07 09:01] [/SETHP] herbjr/Deondre_Biggums set Vlad Bardachenko to 0
[2010-03-07 09:18] [/GLUE] Drew_Bronson/Drew_Bronson glued to #147 - 525
[2010-03-07 09:59] [/SETARMOR] waynemorgan/Raynard_Morgan set Raynard Morgan his armor to 100
[2010-03-07 10:01] [/SETHP] herbjr/Tony_Salvana set Tony Salvana to 100
[2010-03-07 10:02] [/GLUE] Mount/Kate_Rizaru glued to #1283 - 560
[2010-03-07 10:13] [/SETARMOR] waynemorgan/Raynard_Morgan set Raynard Morgan his armor to 100
[2010-03-07 10:22] [/SETHP] waynemorgan/Raynard_Morgan set Al Moretti to 100
[2010-03-07 10:26] [/PAINTJOB] herbjr/Tony_Salvana added paintjob 2 to car -1
[2010-03-07 10:26] [/PAINTJOB] herbjr/Tony_Salvana added paintjob 1 to car 127
[2010-03-07 10:26] [/PAINTJOB] herbjr/Tony_Salvana added paintjob 1 to car -1
[2010-03-07 10:28] [/SETHP] waynemorgan/Raynard_Morgan set Raynard Morgan to 100
[2010-03-07 10:31] [/SLAP] Rygar/Matt_Desmore slapped Vanna Carissa
[2010-03-07 10:31] [/SETHP] Vanna/Vanna_Carissa set Vanna Carissa to 100
[2010-03-07 10:33] [/SETHP] Mount/Kate_Rizaru set Raynard Morgan to 0
[2010-03-07 10:36] [/SETHP] Rygar/Matt_Desmore set Matt Desmore to 100
[2010-03-07 10:39] [/SETHP] Rygar/Matt_Desmore set Matt Desmore to 100
[2010-03-07 10:41] [/HUGESLAP] Vanna/Vanna_Carissa slapped Raynard Morgan
[2010-03-07 10:42] [/SLAP] waynemorgan/Raynard_Morgan slapped Vanna Carissa
[2010-03-07 10:42] [/CHANGENAME] Mount/Kate_Rizaru changed Raynard Morgan TO Penisface
[2010-03-07 10:43] [/CHANGENAME] Mount/Kate_Rizaru changed Penisface TO Raynard_Morgan
[2010-03-07 10:45] [/SETHP] Mount/Kate_Rizaru set Kate Rizaru to 100
[2010-03-07 10:52] [/SETHP] Rygar/Matt_Desmore set Matt Desmore to 100
[2010-03-07 10:55] [/SETHP] herbjr/Tony_Salvana set Patrick Woulfe to 100
[2010-03-07 10:56] [/SETHP] herbjr/Tony_Salvana set Tony Salvana to 100
[2010-03-07 10:56] [/PKICK] waynemorgan/Raynard_Morgan kicked Jick Nick (Non-rp ad)
[2010-03-07 10:56] [/SETHP] herbjr/Tony_Salvana set Tony Salvana to 100
[2010-03-07 11:57] [/SETHP] Vanna/Vanna_Carissa set Kyohei Makasaru to 100
[2010-03-07 12:31] [STEVIE] enzo523/Brea_Mercury called Stevie
[2010-03-07 12:31] [STEVIE] enzo523/Brea_Mercury called Stevie
[2010-03-07 12:32] [STEVIE-CALL] enzo523/Brea_Mercury accepted deal no 2 for 1000
[2010-03-07 12:34] [STEVIE] enzo523/Brea_Mercury starts loading stuff from deal no 2
[2010-03-07 12:34] [/GLUE] Mikanan/Stuart_Razinsky glued to #118 - 416
[2010-03-07 12:42] [/makeshop] TiPhoon/Kay_Mirlor did make shop id 1190 with type 9
[2010-03-07 12:51] [/SETSKIN] TiPhoon/Kay_Mirlor set Kay Mirlor his skin to 184
[2010-03-07 12:51] [/PKICK] dvl/Leo_Brownstone kicked Clyde Sharow (Asking IC stuff OOCly.)
[2010-03-07 12:52] [/PKICK] dvl/Leo_Brownstone kicked Matthew Ello (Misuse of /district.)
[2010-03-07 13:01] [/PKICK] dvl/Leo_Brownstone kicked Aleksey Gavrilov (Asking IC stuff OOCly.)
[2010-03-07 13:15] [/SETARMOR] waynemorgan/Raynard_Morgan set Raynard Morgan his armor to 0
[2010-03-07 13:24] [/PKICK] einschtein/Eugene_Best kicked Jenny Queen (Ping)
[2010-03-07 13:24] [/SETHP] einschtein/Eugene_Best set Eugene Best to 100
[2010-03-07 13:29] [/SETHP] waynemorgan/Raynard_Morgan set Raynard Morgan to 100
[2010-03-07 13:32] [/bigears] einschtein/Eugene Best started bigear on Kate Rizaru
[2010-03-07 13:33] [/GLUE] russik112/John_Fendal glued to #60 - 484
[2010-03-07 13:34] [/GLUE] russik112/John_Fendal glued to #60 - 484
[2010-03-07 13:44] [/GLUE] charlestone/Charles_Stone glued to #1192 - 473
[2010-03-07 13:46] [/GLUE] russik112/John_Fendal glued to #1192 - 473
[2010-03-07 13:47] [/GLUE] russik112/John_Fendal glued to #1192 - 473
[2010-03-07 13:49] [/bigearsf] John Paris/Thaddius Sawyer started bigear on Los Santos Police Department
[2010-03-07 13:52] [/bigearsf] Chamberlain/Shawn Williamson started bigear on Los Santos Police Department
[2010-03-07 13:52] [/bigearsf] Chamberlain/Shawn Williamson started bigear on Los Santos Police Department
[2010-03-07 14:05] [/FRECONNECT] einschtein/Eugene_Best reconnected Michelle Holloway
[2010-03-07 14:11] [/GLUE] Johnny J./Johnny_Winslow glued to #1215 - 522
[2010-03-07 14:17] [/SETHP] Mount/Kate_Rizaru set Kate Rizaru to 100
[2010-03-07 14:39] [/bigears] einschtein/Eugene Best started bigear on Mike Coldfox
[2010-03-07 14:52] [/SETHP] Mount/Kate_Rizaru set Kate Rizaru to 100
[2010-03-07 15:10] [/SETHP] Mount/Kate_Rizaru set Kate Rizaru to 100
[2010-03-07 15:13] [/GLUE] Mount/Kate_Rizaru glued to #1207 - 467
[2010-03-07 15:17] [/GLUE] marijuana121/Santiago_Cortez glued to #1328 - 567
[2010-03-07 15:17] [/GLUE] Bonny/Leonardo_Riba glued to #1328 - 567
[2010-03-07 15:25] [/PAINTJOB] livelethal/Patrick_Andersson added paintjob 3 to car 679
[2010-03-07 15:27] [/SETHP] Mount/Kate_Rizaru set Leonardo Riba to 1000
[2010-03-07 15:27] [/SETHP] Mount/Kate_Rizaru set Leonardo Riba to 100
[2010-03-07 16:05] [/SETHP] livelethal/Patrick_Andersson set Carol Andersson to 100
[2010-03-07 16:05] [/SETHP] livelethal/Patrick_Andersson set Patrick Andersson to 100
[2010-03-07 16:11] [/bigears] einschtein/Eugene Best started bigear on Thomas Haars
[2010-03-07 16:15] [/SETHP] livelethal/Patrick_Andersson set Patrick Andersson to 100
[2010-03-07 16:33] [/SETHP] livelethal/Patrick_Andersson set Patrick Andersson to 100
[2010-03-07 16:36] [/SETHP] livelethal/Patrick_Andersson set Patrick Andersson to 100
[2010-03-07 16:38] [/SETHP] livelethal/Patrick_Andersson set Patrick Andersson to 100
[2010-03-07 16:39] [/SETHP] livelethal/Patrick_Andersson set Patrick Andersson to 100
[2010-03-07 16:45] [/bigears] Chamberlain/Anton Asimov started bigear on Justin McKaine
[2010-03-07 16:46] [/GIVELICENSE] livelethal/Patrick_Andersson gave Rico Martinez the following license:driver
[2010-03-07 16:47] [/GLUE] squirrels/Roger_Scoonez glued to #1192 - 473
[2010-03-07 16:52] [/GLUE] squirrels/Roger_Scoonez glued to #1192 - 473
[2010-03-07 17:09] [/SETHP] livelethal/Patrick_Andersson set Patrick Andersson to 100
[2010-03-07 17:14] [/SETHP] Sprunk/Greg_Norris set Greg Norris to 90
[2010-03-07 17:14] [/SETSKIN] bofosho/Richard_Banks set Richard Banks his skin to 284
[2010-03-07 17:24] [/SETHP] livelethal/Patrick_Andersson set Patrick Andersson to 100
[2010-03-07 17:25] [/SETHP] bofosho/Richard_Banks set Richard Banks to 100
[2010-03-07 17:26] [/SETHP] Sprunk/Greg_Norris set Jimmy Jones to 90
[2010-03-07 17:26] [/SETHP] Sprunk/Greg_Norris set Greg Norris to 90
[2010-03-07 17:27] [/GLUE] thelyingdutchman/Matsuko_Kenshin glued to #1234 - 473
[2010-03-07 17:28] [/GLUE] thelyingdutchman/Matsuko_Kenshin glued to #1234 - 473
[2010-03-07 17:29] [/GLUE] livelethal/Patrick_Andersson glued to #1247 - 446
[2010-03-07 17:29] [/SETHP] Sprunk/Greg_Norris set Greg Norris to 90
[2010-03-07 17:30] [/SETHP] Sprunk/Greg_Norris set Greg Norris to 90
[2010-03-07 17:31] [/SLAP] bofosho/Richard_Banks slapped Razvan Tutu
[2010-03-07 17:31] [/SETHP] bofosho/Richard_Banks set Razvan Tutu to 100
[2010-03-07 17:32] [/SETHP] livelethal/Patrick_Andersson set Patrick Andersson to 100
[2010-03-07 17:33] [/GLUE] thelyingdutchman/Matsuko_Kenshin glued to #1234 - 473
[2010-03-07 17:38] [/GLUE] livelethal/Patrick_Andersson glued to #1247 - 446
[2010-03-07 17:40] [/SETHP] Jack_Mazurek/Lino_Kazuma set Lino Kazuma to 100
[2010-03-07 17:42] [/GLUE] squirrels/Roger_Scoonez glued to #1192 - 473
[2010-03-07 17:43] [/GLUE] squirrels/Roger_Scoonez glued to #1192 - 473
[2010-03-07 17:44] [/GLUE] livelethal/Patrick_Andersson glued to #1247 - 446
[2010-03-07 17:44] [/SETHP] Sprunk/Greg_Norris set Greg Norris to 100
[2010-03-07 17:48] [/GLUE] livelethal/Patrick_Andersson glued to #1247 - 446
[2010-03-07 17:49] [/FRECONNECT] Sprunk/Greg_Norris reconnected Jimmy Jones
[2010-03-07 17:49] [/GLUE] livelethal/Patrick_Andersson glued to #1247 - 446
[2010-03-07 17:49] [/SETHP] Sprunk/Greg_Norris set Greg Norris to 20
[2010-03-07 17:50] [/SETHP] Sprunk/Greg_Norris set Greg Norris to 25
[2010-03-07 17:51] [/SETHP] Sprunk/Greg_Norris set Greg Norris to 90
[2010-03-07 17:51] [/GLUE] Dervis_Nurdag/David_Johnson glued to #449 - 568
[2010-03-07 17:57] [/SETHP] Sprunk/Greg_Norris set Greg Norris to 90
[2010-03-07 18:00] [/FRECONNECT] Sprunk/Greg_Norris reconnected Greg Norris
[2010-03-07 18:05] [/SETHP] Sprunk/Greg_Norris set Jimmy Jones to 90
[2010-03-07 18:15] [STEVIE] Jack_Mazurek/Lino_Kazuma called Stevie
[2010-03-07 18:15] [/GLUE] livelethal/Patrick_Andersson glued to #1276 - 411
[2010-03-07 18:18] [/GLUE] livelethal/Patrick_Andersson glued to #1276 - 411
[2010-03-07 18:22] [STEVIE] Jack_Mazurek/Lino_Kazuma called Stevie
[2010-03-07 18:22] [STEVIE-CALL] Jack_Mazurek/Lino_Kazuma accepted deal no 1 for 7500
[2010-03-07 18:23] [/GLUE] livelethal/Patrick_Andersson glued to #1276 - 411
[2010-03-07 18:24] [STEVIE] Jack_Mazurek/Lino_Kazuma called Stevie
[2010-03-07 18:24] [STEVIE-CALL] Jack_Mazurek/Lino_Kazuma accepted deal no 1 for 7500
[2010-03-07 18:26] [STEVIE] Jack_Mazurek/Lino_Kazuma starts loading stuff from deal no 1
[2010-03-07 18:28] [STEVIE] Jack_Mazurek/Lino_Kazuma called Stevie
[2010-03-07 18:28] [STEVIE-CALL] Jack_Mazurek/Lino_Kazuma accepted deal no 1 for 7500
[2010-03-07 18:30] [/SETHP] livelethal/Patrick_Andersson set Carol Andersson to 100
[2010-03-07 18:32] [STEVIE] Jack_Mazurek/Lino_Kazuma starts loading stuff from deal no 1
[2010-03-07 18:33] [/SETHP] Sprunk/Greg_Norris set Greg Norris to 90
[2010-03-07 18:36] [/SETHP] Sprunk/Greg_Norris set Greg Norris to 90
[2010-03-07 18:36] [/FRECONNECT] Mount/Kate_Rizaru reconnected rampage
[2010-03-07 18:39] [STEVIE] Jack_Mazurek/Lino_Kazuma called Stevie
[2010-03-07 18:39] [STEVIE-CALL] Jack_Mazurek/Lino_Kazuma accepted deal no 1 for 7500
[2010-03-07 18:42] [/GLUE] Chinatsu/Haruki_Kenshi glued to #499 - 579
[2010-03-07 18:42] [/GLUE] Chinatsu/Haruki_Kenshi glued to #499 - 579
[2010-03-07 18:44] [/FRECONNECT] Sprunk/Greg_Norris reconnected Greg Norris
[2010-03-07 18:44] [/GLUE] solidsnake/Ryan_Nash glued to #145 - 525
[2010-03-07 18:45] [STEVIE] Jack_Mazurek/Lino_Kazuma starts loading stuff from deal no 1
[2010-03-07 18:47] [/GLUE] Chinatsu/Haruki_Kenshi glued to #499 - 579
[2010-03-07 18:52] [/SETARMOR] smithy/Raymond_Farrell set Raymond Farrell his armor to 100
[2010-03-07 18:59] [/SETHP] smithy/Raymond_Farrell set Raymond Farrell to 0
[2010-03-07 19:02] [/SETSKIN] dvl/Leo_Brownstone set Leo Brownstone his skin to 166
[2010-03-07 19:03] [/SETSKIN] dvl/Leo_Brownstone set Leo Brownstone his skin to 17
[2010-03-07 19:06] [/SETHP] Mount/Kate_Rizaru set Kate Rizaru to 100
[2010-03-07 19:11] [/SETHP] Jack_Mazurek/Lino_Kazuma set Lino Kazuma to 100
[2010-03-07 19:22] [/SETHP] livelethal/Patrick_Andersson set Patrick Andersson to 100
[2010-03-07 19:25] [/SETHP] herbjr/Tony_Salvana set Tony Salvana to 100
[2010-03-07 19:27] [/GLUE] marijuana121/Santiago_Cortez glued to #1069 - 567
[2010-03-07 19:28] [/GLUE] kaze midoru/Earl_Peterson glued to #730 - 463
[2010-03-07 19:32] [/bigears] Mount/Kate Rizaru started bigear on Katy Clark
[2010-03-07 19:35] [/SETHP] smithy/Raymond_Farrell set Raymond Farrell to 100
[2010-03-07 19:37] [/SETHP] smithy/Raymond_Farrell set Raymond Farrell to 100
[2010-03-07 19:41] [/SETHP] smithy/Raymond_Farrell set Raymond Farrell to 100
[2010-03-07 19:42] [/SETHP] Mount/Kate_Rizaru set Kate Rizaru to 100
[2010-03-07 19:45] [/SETHP] Mount/Kate_Rizaru set Katy Clark to 100
[2010-03-07 19:56] [/SETHP] livelethal/Patrick_Andersson set Patrick Andersson to 100
[2010-03-07 19:59] [/SETHP] livelethal/Patrick_Andersson set Carol Andersson to 100
[2010-03-07 19:59] [/SETHP] livelethal/Patrick_Andersson set Patrick Andersson to 100
[2010-03-07 20:00] [/GLUE] obliterator789/Jacob_Washington glued to #141 - 525
[2010-03-07 20:05] [/SETHP] bofosho/Richard_Banks set Richard Banks to 100
[2010-03-07 20:05] [/SETHP] bofosho/Richard_Banks set Richard Banks to 100
[2010-03-07 20:08] [/SETHP] Mount/Kate_Rizaru set Leonardo Riba to 9
[2010-03-07 20:08] [/SETHP] Mount/Kate_Rizaru set Leonardo Riba to 90
[2010-03-07 20:13] [/SETHP] bofosho/Richard_Banks set Richard Banks to 100
[2010-03-07 20:14] [/SETHP] Sprunk/Greg_Norris set Greg Norris to 90
[2010-03-07 20:22] [/SETHP] herbjr/Tony_Salvana set Tony Salvana to 100
[2010-03-07 20:48] [/GLUE] The Killer337/Micheal_Porfield glued to #1133 - 469
[2010-03-07 20:49] [/SETHP] Chamberlain/Anton_Asimov set Anton Asimov to 100
[2010-03-07 20:56] [/bigears] Chamberlain/Anton Asimov started bigear on Rick Gonzalez
[2010-03-07 20:59] [/PKICK] Sprunk/Greg_Norris kicked Raymond Costello (8k Ping)
[2010-03-07 20:59] [/bigears] Chamberlain/Anton Asimov started bigear on Rick Gonzalez
[2010-03-07 21:00] [/SETHP] Sprunk/Greg_Norris set Greg Norris to 90
[2010-03-07 21:01] [/SETSKIN] herbjr/Shawn_Brown set Shawn Brown his skin to 150
[2010-03-07 21:01] [/SETSKIN] herbjr/Shawn_Brown set Shawn Brown his skin to 281
[2010-03-07 21:02] [/SETHP] Sprunk/Greg_Norris set Greg Norris to 90
[2010-03-07 21:03] [/SETHP] Sprunk/Greg_Norris set Earl Peterson to 80
[2010-03-07 21:03] [/SETSKIN] Chamberlain/Anton_Asimov set Paddy Felds his skin to 264
[2010-03-07 21:04] [/SETSKIN] herbjr/Shawn_Brown set Shawn Brown his skin to 264
[2010-03-07 21:04] [/SETSKIN] herbjr/Shawn_Brown set Shawn Brown his skin to 281
[2010-03-07 21:04] [/SETHP] Rygar/Matt_Desmore set Matt Desmore to 100
[2010-03-07 21:05] [/SETHP] Sprunk/Greg_Norris set Earl Peterson to 50
[2010-03-07 21:07] [/SETHP] Sprunk/Greg_Norris set Greg Norris to 90
[2010-03-07 21:09] [/bigears] Mount/Kate Rizaru started bigear on Matt Desmore
[2010-03-07 21:11] [/GIVELICENSE] Sprunk/Greg_Norris gave Earl Peterson the following license:driver
[2010-03-07 21:15] [/SETHP] Sprunk/Greg_Norris set Earl Peterson to 40
