[2010-03-07 01:57] MYSQL ERROR :O! [QUERY] UPDATE vehicles SET model='560', currx='8191', curry='8191', currz='99999', currrx='270', currry='0.1043701171875', currrz='232.63000488281', color1='155', color2='155', fuel='39.784642466288', engine='1', locked='0', lights='2', wheel1='0', wheel2='0', wheel3='0', wheel4='0' WHERE id='1014' [ERROR] 1264: Out of range value for column 'currz' at row 1
[2010-03-07 01:57] MYSQL ERROR :O! [QUERY] UPDATE vehicles SET model='560', currx='8191', curry='8191', currz='99999', currrx='270', currry='0.1043701171875', currrz='232.63000488281', color1='155', color2='155', fuel='39.784642466288', engine='1', locked='0', lights='2', wheel1='0', wheel2='0', wheel3='0', wheel4='0' WHERE id='1014' [ERROR] 1264: Out of range value for column 'currz' at row 1
[2010-03-07 03:24] MYSQL ERROR :O! [QUERY] INSERT INTO achievements SET account='', achievementid='13', date='7/3/2010' [ERROR] 1366: Incorrect integer value: '' for column 'account' at row 1
[2010-03-07 08:50] MYSQL ERROR :O! [QUERY] INSERT INTO adminhistory (user_char, user, admin_char, admin, hiddenadmin, action, duration, reason) VALUES ("Ufuk_Bugy",28659,"Kay_Mirlor",8086,0,0,Unlimited,"Non-RP name × /report a new name") [ERROR] 1054: Unknown column 'Unlimited' in 'field list'
[2010-03-07 09:54] MYSQL ERROR :O! [QUERY] INSERT INTO achievements SET account='', achievementid='43', date='7/3/2010' [ERROR] 1366: Incorrect integer value: '' for column 'account' at row 1
[2010-03-07 13:06] MYSQL ERROR :O! [QUERY] INSERT INTO adminhistory (user_char, user, admin_char, admin, hiddenadmin, action, duration, reason) VALUES ("Sky_DJ",29262,"Leo_Brownstone",1629,1,0,Unlimited,"Non-RP name, /report in a new one.") [ERROR] 1054: Unknown column 'Unlimited' in 'field list'
[2010-03-07 19:03] UPDATE characters SET skin = 17 WHERE id = 29864
[2010-03-07 19:03] UPDATE vehicles SET x='1259.5986328125', y='-42.751953125', z='1000.5586547852', rotx='359.91760253906', roty='359.99450683594', rotz='172.89184570313', currx='1259.5986328125', curry='-42.751953125', currz='1000.5586547852', currrx='359.91760253906', currry='359.99450683594', currrz='172.89184570313', interior='18', currinterior='18', dimension='5', currdimension='5' WHERE id='717'
[2010-03-07 19:03] SELECT * FROM accounts WHERE username='Black_White' AND password='3B8EEB227BF87C66FE18EE915200D8F7'
[2010-03-07 19:03] SELECT id, charactername, cked, lastarea, age, gender, faction_id, faction_rank, skin, DATEDIFF(NOW(), lastlogin) as llastlogin FROM characters WHERE account='29135'  ORDER BY cked ASC, lastlogin DESC
[2010-03-07 19:03] SELECT email FROM accounts WHERE id = '29135'
[2010-03-07 19:03] UPDATE accounts SET lastlogin=NOW(), ip='89.221.114.178', country='LV' WHERE id='29135'
[2010-03-07 19:03] UPDATE characters SET x='2682.3330078125', y='-1466.3740234375', z='30.344999313354', rotation='101.5344543457', health='100.3921661377', armor='0', dimension_id='0', interior_id='0', lastlogin=NOW(), lastarea='East Beach', timeinserver='168' WHERE id=29860
[2010-03-07 19:03] UPDATE accounts SET lastlogin=NOW() WHERE id = 28879
[2010-03-07 19:03] UPDATE characters SET x='1937.078125', y='-1781.0517578125', z='13.3828125', rotation='63.257507324219', health='100.3921661377', armor='0', dimension_id='0', interior_id='0', lastlogin=NOW(), lastarea='Idlewood', timeinserver='36' WHERE id=20021
[2010-03-07 19:03] UPDATE accounts SET lastlogin=NOW() WHERE id = 8956
[2010-03-07 19:03] UPDATE characters SET x='2321.0654296875', y='-1509.5087890625', z='26.34789276123', rotation='268.02380371094', health='72.941177368164', armor='0', dimension_id='0', interior_id='0', lastlogin=NOW(), lastarea='East Los Santos', timeinserver='188' WHERE id=30978
[2010-03-07 19:03] UPDATE accounts SET lastlogin=NOW() WHERE id = 8763
[2010-03-07 19:03] UPDATE characters SET x='1037.9775390625', y='-1035.0419921875', z='31.643325805664', rotation='290.76586914063', health='61.960784912109', armor='0', dimension_id='0', interior_id='0', lastlogin=NOW(), lastarea='Temple', timeinserver='55' WHERE id=25036
[2010-03-07 19:03] UPDATE accounts SET lastlogin=NOW() WHERE id = 12167
[2010-03-07 19:03] UPDATE characters SET x='2129.07421875', y='-1142.4599609375', z='24.995611190796', rotation='229.30738830566', health='100.3921661377', armor='0', dimension_id='0', interior_id='0', lastlogin=NOW(), lastarea='Jefferson', timeinserver='99' WHERE id=27093
[2010-03-07 19:03] UPDATE accounts SET lastlogin=NOW() WHERE id = 10562
[2010-03-07 19:03] UPDATE vehicles SET model='560', currx='-414.514648', curry='-1749.608398', currz='6.690913', currrx='356.2646484375', currry='5.8062744140625', currrz='208.89953613281', color1='0', color2='0', fuel='66.966595126092', engine='0', locked='1', lights='2', wheel1='0', wheel2='0', wheel3='0', wheel4='0' WHERE id='254'
[2010-03-07 19:03] UPDATE vehicles SET panel0='0', panel1='0', panel2='0', panel3='0', panel4='0', panel5='0', panel6='0', door1='0', door2='0', door3='0', door4='0', door5='0', door6='0', hp='999.26739501953', sirens='0', paintjob='3', currdimension='0', currinterior='0' WHERE id='254'
[2010-03-07 19:03] UPDATE vehicles SET upgrade0='0', upgrade1='0', upgrade2='0', upgrade3='0', upgrade4='0', upgrade5='0', upgrade6='0', upgrade7='0', upgrade8='0', upgrade9='0', upgrade10='0', upgrade11='0', upgrade12='0', upgrade13='0', upgrade14='0', upgrade15='0', upgrade16='0', Impounded='0', handbrake='0' WHERE id='254'
[2010-03-07 19:03] UPDATE characters SET x='-414.4599609375', y='-1749.7138671875', z='6.630702495575', rotation='306.40512084961', health='70.588233947754', armor='0', dimension_id='0', interior_id='0', lastlogin=NOW(), lastarea='Flint County', timeinserver='92' WHERE id=25771
[2010-03-07 19:03] UPDATE accounts SET lastlogin=NOW() WHERE id = 12673
[2010-03-07 19:03] UPDATE characters SET x='2336.4501953125', y='-1527.525390625', z='24', rotation='256.01007080078', health='74.509803771973', armor='0', dimension_id='0', interior_id='0', lastlogin=NOW(), lastarea='East Los Santos', timeinserver='74' WHERE id=28646
[2010-03-07 19:03] UPDATE accounts SET lastlogin=NOW() WHERE id = 27007
[2010-03-07 19:03] UPDATE characters SET weapons='41;', ammo='869;' WHERE id='29506'
[2010-03-07 19:03] UPDATE characters SET x='2358.41015625', y='-1478.8876953125', z='23.97313117981', rotation='178.9453125', health='45.490196228027', armor='0', dimension_id='0', interior_id='0', lastlogin=NOW(), lastarea='East Los Santos', timeinserver='601' WHERE id=29506
[2010-03-07 19:03] UPDATE accounts SET lastlogin=NOW() WHERE id = 7888
[2010-03-07 19:03] UPDATE characters SET x='1191.1083984375', y='-1343.9208984375', z='14.29608631134', rotation='328.95492553711', health='80', armor='0', dimension_id='0', interior_id='0', lastlogin=NOW(), lastarea='Market', timeinserver='179' WHERE id=30436
[2010-03-07 19:03] UPDATE accounts SET lastlogin=NOW() WHERE id = 8997
[2010-03-07 19:03] UPDATE characters SET x='218.68359375', y='1242.0478515625', z='1082.140625', rotation='278.36209106445', health='65.882354736328', armor='0', dimension_id='348', interior_id='2', lastlogin=NOW(), lastarea='Back Room', timeinserver='79' WHERE id=29245
[2010-03-07 19:03] UPDATE accounts SET lastlogin=NOW() WHERE id = 28527
[2010-03-07 19:03] UPDATE vehicles SET model='547', currx='615.333008', curry='-1239.869141', currz='18.031931', currrx='359.33532714844', currry='359.80224609375', currrz='186.78405761719', color1='16', color2='0', fuel='39.218325618552', engine='0', locked='1', lights='1', wheel1='0', wheel2='0', wheel3='0', wheel4='0' WHERE id='1244'
[2010-03-07 19:03] UPDATE vehicles SET panel0='0', panel1='0', panel2='0', panel3='0', panel4='0', panel5='0', panel6='2', door1='0', door2='2', door3='2', door4='0', door5='2', door6='2', hp='940.65936279297', sirens='0', paintjob='3', currdimension='0', currinterior='0' WHERE id='1244'
[2010-03-07 19:03] UPDATE vehicles SET upgrade0='0', upgrade1='0', upgrade2='0', upgrade3='0', upgrade4='0', upgrade5='0', upgrade6='0', upgrade7='0', upgrade8='0', upgrade9='0', upgrade10='0', upgrade11='0', upgrade12='0', upgrade13='0', upgrade14='0', upgrade15='0', upgrade16='0', Impounded='0', handbrake='0' WHERE id='1244'
[2010-03-07 19:03] UPDATE characters SET x='615.3330078125', y='-1239.869140625', z='18.031930923462', rotation='186.74571228027', health='76.862747192383', armor='0', dimension_id='0', interior_id='0', lastlogin=NOW(), lastarea='Rodeo', timeinserver='151' WHERE id=29314
[2010-03-07 19:03] UPDATE accounts SET lastlogin=NOW() WHERE id = 13290
[2010-03-07 19:03] UPDATE characters SET x='1334.7705078125', y='-1568.6259765625', z='13.546875', rotation='224.09979248047', health='39.215686798096', armor='0', dimension_id='0', interior_id='0', lastlogin=NOW(), lastarea='Market', timeinserver='47' WHERE id=31062
[2010-03-07 19:03] UPDATE accounts SET lastlogin=NOW() WHERE id = 29590
[2010-03-07 19:03] UPDATE characters SET x='773.9296875', y='-78.4892578125', z='1000.6599731445', rotation='1.4804382324219', health='100.3921661377', armor='0', dimension_id='10136', interior_id='7', lastlogin=NOW(), lastarea='Bruiser\'s Gym', timeinserver='106' WHERE id=30801
[2010-03-07 19:03] UPDATE accounts SET lastlogin=NOW() WHERE id = 29306
[2010-03-07 19:03] UPDATE characters SET x='-410.1513671875', y='-1748.4423828125', z='7.288384437561', rotation='83.197998046875', health='68.235298156738', armor='0', dimension_id='0', interior_id='0', lastlogin=NOW(), lastarea='Flint County', timeinserver='71' WHERE id=30641
[2010-03-07 19:03] UPDATE accounts SET lastlogin=NOW() WHERE id = 26981
[2010-03-07 19:03] UPDATE characters SET x='772.232421875', y='-65.7490234375', z='1000.7183837891', rotation='149.35314941406', health='40', armor='0', dimension_id='10136', interior_id='7', lastlogin=NOW(), lastarea='Bruiser\'s Gym', timeinserver='116' WHERE id=28493
[2010-03-07 19:03] UPDATE accounts SET lastlogin=NOW() WHERE id = 7503
[2010-03-07 19:03] UPDATE vehicles SET model='420', currx='1787.355469', curry='-1904.269531', currz='13.173771', currrx='359.736328125', currry='359.9560546875', currrz='347.55249023438', color1='6', color2='6', fuel='98.830968416333', engine='1', locked='0', lights='1', wheel1='0', wheel2='0', wheel3='0', wheel4='0' WHERE id='33'
[2010-03-07 19:03] UPDATE vehicles SET panel0='0', panel1='1', panel2='0', panel3='0', panel4='0', panel5='1', panel6='0', door1='3', door2='0', door3='0', door4='0', door5='0', door6='0', hp='945.54333496094', sirens='0', paintjob='3', currdimension='0', currinterior='0' WHERE id='33'
[2010-03-07 19:03] UPDATE vehicles SET upgrade0='0', upgrade1='0', upgrade2='0', upgrade3='0', upgrade4='0', upgrade5='0', upgrade6='0', upgrade7='0', upgrade8='0', upgrade9='0', upgrade10='0', upgrade11='0', upgrade12='0', upgrade13='0', upgrade14='0', upgrade15='0', upgrade16='0', Impounded='0', handbrake='0' WHERE id='33'
[2010-03-07 19:03] UPDATE characters SET x='1787.35546875', y='-1904.26953125', z='13.173802375793', rotation='270.42984008789', health='100.3921661377', armor='0', dimension_id='0', interior_id='0', lastlogin=NOW(), lastarea='El Corona', timeinserver='79' WHERE id=29861
[2010-03-07 19:03] UPDATE accounts SET lastlogin=NOW() WHERE id = 28788
[2010-03-07 19:03] UPDATE characters SET x='2177.455078125', y='-1311.1875', z='23.984375', rotation='233.28999328613', health='70.588233947754', armor='0', dimension_id='0', interior_id='0', lastlogin=NOW(), lastarea='Jefferson', timeinserver='101' WHERE id=30625
[2010-03-07 19:03] UPDATE accounts SET lastlogin=NOW() WHERE id = 29037
[2010-03-07 19:03] UPDATE characters SET x='2612.845703125', y='181.7734375', z='50.190795898438', rotation='174.39141845703', health='65.882354736328', armor='0', dimension_id='0', interior_id='0', lastlogin=NOW(), lastarea='Hankypanky Point', timeinserver='38' WHERE id=20794
[2010-03-07 19:03] UPDATE accounts SET lastlogin=NOW() WHERE id = 9368
[2010-03-07 19:03] UPDATE characters SET x='2237.6865234375', y='-1178.6123046875', z='928.98999023438', rotation='163.80590820313', health='84.70588684082', armor='0', dimension_id='10631', interior_id='3', lastlogin=NOW(), lastarea='Fire Department', timeinserver='81' WHERE id=28665
[2010-03-07 19:03] UPDATE accounts SET lastlogin=NOW() WHERE id = 28414
[2010-03-07 19:03] UPDATE characters SET x='263.9306640625', y='109.8486328125', z='1009.03125', rotation='90.240325927734', health='92.549018859863', armor='0', dimension_id='10583', interior_id='10', lastlogin=NOW(), lastarea='Los Santos Police Department - City Patrol Unit HQ', timeinserver='117' WHERE id=11096
[2010-03-07 19:03] UPDATE accounts SET lastlogin=NOW() WHERE id = 21
[2010-03-07 19:03] UPDATE characters SET x='2367.6240234375', y='-1124.9248046875', z='1050.875', rotation='273.72579956055', health='100.3921661377', armor='0', dimension_id='351', interior_id='8', lastlogin=NOW(), lastarea='2, Carnerbrook Street', timeinserver='83' WHERE id=12062
[2010-03-07 19:03] UPDATE accounts SET lastlogin=NOW() WHERE id = 4974
[2010-03-07 19:03] UPDATE characters SET x='-412.142578125', y='-1746.3837890625', z='7.3900899887085', rotation='192.24444580078', health='46.274509429932', armor='0', dimension_id='0', interior_id='0', lastlogin=NOW(), lastarea='Flint County', timeinserver='40' WHERE id=30162
[2010-03-07 19:03] UPDATE accounts SET lastlogin=NOW() WHERE id = 28472
[2010-03-07 19:03] UPDATE characters SET x='964.474609375', y='-992.376953125', z='37.066040039063', rotation='271.99542236328', health='100.3921661377', armor='100', dimension_id='0', interior_id='0', lastlogin=NOW(), lastarea='Temple', timeinserver='39' WHERE id=30334
[2010-03-07 19:03] UPDATE accounts SET lastlogin=NOW() WHERE id = 29119
[2010-03-07 19:03] UPDATE characters SET x='773.9296875', y='-78.4892578125', z='1000.6622924805', rotation='268.54016113281', health='86.274513244629', armor='0', dimension_id='10136', interior_id='7', lastlogin=NOW(), lastarea='Bruiser\'s Gym', timeinserver='114' WHERE id=29919
[2010-03-07 19:03] UPDATE accounts SET lastlogin=NOW() WHERE id = 26714
[2010-03-07 19:03] UPDATE characters SET x='1019.21484375', y='-1043.3212890625', z='31.218360900879', rotation='271.97344970703', health='82.35294342041', armor='100', dimension_id='0', interior_id='0', lastlogin=NOW(), lastarea='Temple', timeinserver='36' WHERE id=30270
[2010-03-07 19:03] UPDATE accounts SET lastlogin=NOW() WHERE id = 29090
[2010-03-07 19:03] UPDATE vehicles SET model='411', currx='986.755859', curry='-1144.708008', currz='23.735846', currrx='0.6591796875', currry='0.3790283203125', currrz='86.72607421875', color1='79', color2='79', fuel='48.566573661427', engine='1', locked='1', lights='1', wheel1='0', wheel2='0', wheel3='0', wheel4='0' WHERE id='1276'
[2010-03-07 19:03] UPDATE vehicles SET panel0='1', panel1='0', panel2='0', panel3='0', panel4='0', panel5='1', panel6='0', door1='0', door2='0', door3='0', door4='0', door5='0', door6='0', hp='992.42980957031', sirens='0', paintjob='3', currdimension='0', currinterior='0' WHERE id='1276'
[2010-03-07 19:03] UPDATE vehicles SET upgrade0='0', upgrade1='0', upgrade2='0', upgrade3='0', upgrade4='0', upgrade5='0', upgrade6='0', upgrade7='0', upgrade8='0', upgrade9='0', upgrade10='0', upgrade11='0', upgrade12='0', upgrade13='0', upgrade14='0', upgrade15='0', upgrade16='0', Impounded='0', handbrake='0' WHERE id='1276'
[2010-03-07 19:03] UPDATE characters SET x='986.755859375', y='-1144.7080078125', z='23.73583984375', rotation='86.471954345703', health='94.901962280273', armor='0', dimension_id='0', interior_id='0', lastlogin=NOW(), lastarea='Market', timeinserver='168' WHERE id=29703
[2010-03-07 19:03] UPDATE accounts SET lastlogin=NOW() WHERE id = 28766
[2010-03-07 19:03] UPDATE vehicles SET model='411', currx='1191.099609', curry='-1341.775391', currz='13.207387', currrx='359.96154785156', currry='354.73754882813', currrz='180.02197265625', color1='86', color2='6', fuel='48.343761677158', engine='1', locked='1', lights='1', wheel1='0', wheel2='0', wheel3='0', wheel4='0' WHERE id='202'
[2010-03-07 19:03] UPDATE vehicles SET panel0='3', panel1='1', panel2='0', panel3='0', panel4='0', panel5='3', panel6='2', door1='0', door2='2', door3='0', door4='3', door5='0', door6='0', hp='667.15509033203', sirens='0', paintjob='3', currdimension='0', currinterior='0' WHERE id='202'
[2010-03-07 19:03] UPDATE vehicles SET upgrade0='0', upgrade1='0', upgrade2='0', upgrade3='0', upgrade4='0', upgrade5='0', upgrade6='0', upgrade7='0', upgrade8='0', upgrade9='0', upgrade10='0', upgrade11='0', upgrade12='0', upgrade13='0', upgrade14='0', upgrade15='0', upgrade16='0', Impounded='0', handbrake='0' WHERE id='202'
[2010-03-07 19:03] UPDATE characters SET x='1191.099609375', y='-1341.775390625', z='13.2073802948', rotation='77.567413330078', health='100.3921661377', armor='0', dimension_id='0', interior_id='0', lastlogin=NOW(), lastarea='Market', timeinserver='74' WHERE id=8667
[2010-03-07 19:03] UPDATE accounts SET lastlogin=NOW() WHERE id = 2285
[2010-03-07 19:03] UPDATE vehicles SET model='411', currx='986.755859', curry='-1144.708008', currz='23.735846', currrx='0.6591796875', currry='0.3790283203125', currrz='86.72607421875', color1='79', color2='79', fuel='48.566573661427', engine='1', locked='1', lights='1', wheel1='0', wheel2='0', wheel3='0', wheel4='0' WHERE id='1276'
[2010-03-07 19:03] UPDATE vehicles SET panel0='1', panel1='0', panel2='0', panel3='0', panel4='0', panel5='1', panel6='0', door1='0', door2='0', door3='0', door4='0', door5='0', door6='0', hp='992.42980957031', sirens='0', paintjob='3', currdimension='0', currinterior='0' WHERE id='1276'
[2010-03-07 19:03] UPDATE vehicles SET upgrade0='0', upgrade1='0', upgrade2='0', upgrade3='0', upgrade4='0', upgrade5='0', upgrade6='0', upgrade7='0', upgrade8='0', upgrade9='0', upgrade10='0', upgrade11='0', upgrade12='0', upgrade13='0', upgrade14='0', upgrade15='0', upgrade16='0', Impounded='0', handbrake='0' WHERE id='1276'
[2010-03-07 19:03] UPDATE characters SET x='986.755859375', y='-1144.7080078125', z='23.735841751099', rotation='86.477447509766', health='79.215690612793', armor='0', dimension_id='0', interior_id='0', lastlogin=NOW(), lastarea='Market', timeinserver='162' WHERE id=29268
[2010-03-07 19:03] UPDATE accounts SET lastlogin=NOW() WHERE id = 3244
[2010-03-07 19:03] UPDATE characters SET x='1580.2138671875', y='1789.974609375', z='2083.376953125', rotation='156.97778320313', health='100.3921661377', armor='0', dimension_id='0', interior_id='4', lastlogin=NOW(), lastarea='All Saints General Hospital', timeinserver='111' WHERE id=27895
[2010-03-07 19:03] UPDATE accounts SET lastlogin=NOW() WHERE id = 11619
[2010-03-07 19:03] UPDATE vehicles SET model='587', currx='1025.023438', curry='-1041.482422', currz='31.256578', currrx='1.4886474609375', currry='359.71435546875', currrz='356.65466308594', color1='17', color2='1', fuel='18.731045571193', engine='0', locked='0', lights='1', wheel1='0', wheel2='0', wheel3='0', wheel4='0' WHERE id='336'
[2010-03-07 19:03] UPDATE vehicles SET panel0='3', panel1='2', panel2='0', panel3='0', panel4='2', panel5='2', panel6='2', door1='4', door2='2', door3='0', door4='2', door5='0', door6='0', hp='299.87789916992', sirens='0', paintjob='3', currdimension='0', currinterior='0' WHERE id='336'
[2010-03-07 19:03] UPDATE vehicles SET upgrade0='0', upgrade1='0', upgrade2='0', upgrade3='0', upgrade4='0', upgrade5='0', upgrade6='0', upgrade7='0', upgrade8='0', upgrade9='0', upgrade10='0', upgrade11='0', upgrade12='0', upgrade13='0', upgrade14='0', upgrade15='0', upgrade16='0', Impounded='0', handbrake='0' WHERE id='336'
[2010-03-07 19:03] UPDATE characters SET x='1025.0234375', y='-1041.482421875', z='31.256662368774', rotation='170.12860107422', health='80', armor='0', dimension_id='0', interior_id='0', lastlogin=NOW(), lastarea='Temple', timeinserver='82' WHERE id=26959
[2010-03-07 19:03] UPDATE accounts SET lastlogin=NOW() WHERE id = 26655
[2010-03-07 19:03] UPDATE characters SET x='2230.189453125', y='-1302.255859375', z='23.844783782959', rotation='339.36462402344', health='40.784313201904', armor='0', dimension_id='0', interior_id='0', lastlogin=NOW(), lastarea='Jefferson', timeinserver='91' WHERE id=24505
[2010-03-07 19:03] UPDATE accounts SET lastlogin=NOW() WHERE id = 6625
[2010-03-07 19:03] UPDATE characters SET x='1135.41015625', y='-11.015625', z='1000.6796875', rotation='170.66143798828', health='40', armor='0', dimension_id='378', interior_id='12', lastlogin=NOW(), lastarea='Everan Casino', timeinserver='40' WHERE id=27680
[2010-03-07 19:03] UPDATE accounts SET lastlogin=NOW() WHERE id = 3565
[2010-03-07 19:03] UPDATE characters SET x='612.53515625', y='-1472.6875', z='14.571102142334', rotation='263.10733032227', health='92.549018859863', armor='0', dimension_id='0', interior_id='0', lastlogin=NOW(), lastarea='Rodeo', timeinserver='109' WHERE id=23559
[2010-03-07 19:03] UPDATE accounts SET lastlogin=NOW() WHERE id = 10964
[2010-03-07 19:03] UPDATE vehicles SET model='500', currx='1209.389648', curry='-1290.610352', currz='13.484966', currrx='358.17626953125', currry='359.98352050781', currrz='220.97900390625', color1='79', color2='0', fuel='51.40832384523', engine='1', locked='0', lights='1', wheel1='0', wheel2='0', wheel3='0', wheel4='0' WHERE id='1097'
[2010-03-07 19:03] UPDATE vehicles SET panel0='0', panel1='1', panel2='0', panel3='0', panel4='0', panel5='1', panel6='0', door1='4', door2='0', door3='0', door4='0', door5='0', door6='0', hp='935.28692626953', sirens='0', paintjob='3', currdimension='0', currinterior='0' WHERE id='1097'
[2010-03-07 19:03] UPDATE vehicles SET upgrade0='0', upgrade1='0', upgrade2='0', upgrade3='0', upgrade4='0', upgrade5='0', upgrade6='0', upgrade7='0', upgrade8='0', upgrade9='0', upgrade10='0', upgrade11='0', upgrade12='0', upgrade13='0', upgrade14='0', upgrade15='0', upgrade16='0', Impounded='0', handbrake='0' WHERE id='1097'
[2010-03-07 19:03] UPDATE characters SET x='1209.3896484375', y='-1290.6103515625', z='13.484922409058', rotation='270.20462036133', health='98.823532104492', armor='0', dimension_id='0', interior_id='0', lastlogin=NOW(), lastarea='Market', timeinserver='128' WHERE id=29716
[2010-03-07 19:03] UPDATE accounts SET lastlogin=NOW() WHERE id = 28792
[2010-03-07 19:03] UPDATE characters SET x='2614.0556640625', y='183.322265625', z='50.610061645508', rotation='19.020385742188', health='98.823532104492', armor='0', dimension_id='0', interior_id='0', lastlogin=NOW(), lastarea='Hankypanky Point', timeinserver='58' WHERE id=29864
[2010-03-07 19:03] UPDATE accounts SET lastlogin=NOW() WHERE id = 1629
[2010-03-07 19:03] UPDATE characters SET x='971.1875', y='-1155.5048828125', z='23.853433609009', rotation='58.994750976563', health='94.901962280273', armor='0', dimension_id='0', interior_id='0', lastlogin=NOW(), lastarea='Market', timeinserver='131' WHERE id=28026
[2010-03-07 19:03] UPDATE accounts SET lastlogin=NOW() WHERE id = 3413
[2010-03-07 19:03] UPDATE characters SET x='-2168.6630859375', y='641.349609375', z='1052.375', rotation='266.11764526367', health='100.3921661377', armor='0', dimension_id='746', interior_id='1', lastlogin=NOW(), lastarea='San AndreasBetting Shop - Marina Branch', timeinserver='85' WHERE id=27809
[2010-03-07 19:03] UPDATE accounts SET lastlogin=NOW() WHERE id = 27451
[2010-03-07 19:03] UPDATE characters SET x='2615.341796875', y='181.0458984375', z='50.142311096191', rotation='39.966125488281', health='75.294120788574', armor='0', dimension_id='0', interior_id='0', lastlogin=NOW(), lastarea='Hankypanky Point', timeinserver='44' WHERE id=29337
[2010-03-07 19:03] UPDATE accounts SET lastlogin=NOW() WHERE id = 28539
[2010-03-07 19:03] UPDATE characters SET x='265.744140625', y='79.2373046875', z='1001.0390625', rotation='359.70611572266', health='64.31372833252', armor='0', dimension_id='65451', interior_id='6', lastlogin=NOW(), lastarea='Unknown', timeinserver='174' WHERE id=29951
[2010-03-07 19:03] UPDATE accounts SET lastlogin=NOW() WHERE id = 28832
[2010-03-07 19:03] UPDATE vehicles SET model='565', currx='1028.000977', curry='-1035.282227', currz='31.292158', currrx='4.74609375', currry='359.51110839844', currrz='6.1358642578125', color1='101', color2='6', fuel='62.73334115833', engine='1', locked='1', lights='2', wheel1='0', wheel2='0', wheel3='0', wheel4='0' WHERE id='574'
[2010-03-07 19:03] UPDATE vehicles SET panel0='2', panel1='2', panel2='0', panel3='0', panel4='2', panel5='3', panel6='2', door1='2', door2='2', door3='2', door4='3', door5='0', door6='0', hp='538.21734619141', sirens='0', paintjob='3', currdimension='0', currinterior='0' WHERE id='574'
[2010-03-07 19:03] UPDATE vehicles SET upgrade0='0', upgrade1='0', upgrade2='0', upgrade3='0', upgrade4='0', upgrade5='0', upgrade6='0', upgrade7='0', upgrade8='0', upgrade9='0', upgrade10='0', upgrade11='0', upgrade12='0', upgrade13='0', upgrade14='0', upgrade15='0', upgrade16='0', Impounded='0', handbrake='0' WHERE id='574'
[2010-03-07 19:03] UPDATE characters SET x='1028.0009765625', y='-1035.2822265625', z='31.292158126831', rotation='147.79858398438', health='49.411766052246', armor='0', dimension_id='0', interior_id='0', lastlogin=NOW(), lastarea='Temple', timeinserver='46' WHERE id=28755
[2010-03-07 19:03] UPDATE accounts SET lastlogin=NOW() WHERE id = 28219
[2010-03-07 19:03] UPDATE characters SET x='1937.9755859375', y='-1333.8681640625', z='19.026012420654', rotation='90.493011474609', health='44.705883026123', armor='0', dimension_id='0', interior_id='0', lastlogin=NOW(), lastarea='Glen Park', timeinserver='64' WHERE id=31007
[2010-03-07 19:03] UPDATE accounts SET lastlogin=NOW() WHERE id = 387
[2010-03-07 19:03] UPDATE characters SET x='2333.1416015625', y='-1533.6416015625', z='24', rotation='50.139617919922', health='69.803924560547', armor='0', dimension_id='0', interior_id='0', lastlogin=NOW(), lastarea='East Los Santos', timeinserver='227' WHERE id=29669
[2010-03-07 19:03] UPDATE accounts SET lastlogin=NOW() WHERE id = 1077
[2010-03-07 19:03] UPDATE characters SET weapons='5;22;41;', ammo='1;10;592;' WHERE id='29760'
[2010-03-07 19:03] UPDATE characters SET x='2339.2607421875', y='-1563.6201171875', z='23.851551055908', rotation='350.70816040039', health='87.058822631836', armor='0', dimension_id='0', interior_id='0', lastlogin=NOW(), lastarea='East Los Santos', timeinserver='61' WHERE id=29760
[2010-03-07 19:03] UPDATE accounts SET lastlogin=NOW() WHERE id = 5444
[2010-03-07 19:03] UPDATE characters SET x='492.791015625', y='-22.1123046875', z='1000.6796875', rotation='22.464630126953', health='90.980392456055', armor='0', dimension_id='9717', interior_id='17', lastlogin=NOW(), lastarea='Tiger Club', timeinserver='97' WHERE id=29016
[2010-03-07 19:03] UPDATE accounts SET lastlogin=NOW() WHERE id = 13350
[2010-03-07 19:03] UPDATE characters SET x='-66.4052734375', y='1365.587890625', z='1080.2109375', rotation='72.184020996094', health='100.3921661377', armor='0', dimension_id='1169', interior_id='6', lastlogin=NOW(), lastarea='23 Aces St.', timeinserver='72' WHERE id=30102
[2010-03-07 19:03] UPDATE accounts SET lastlogin=NOW() WHERE id = 28972
[2010-03-07 19:03] UPDATE characters SET x='-2167.373046875', y='641.763671875', z='1052.375', rotation='208.06500244141', health='88.627449035645', armor='0', dimension_id='746', interior_id='1', lastlogin=NOW(), lastarea='San AndreasBetting Shop - Marina Branch', timeinserver='52' WHERE id=19021
[2010-03-07 19:03] UPDATE accounts SET lastlogin=NOW() WHERE id = 8350
[2010-03-07 19:03] UPDATE characters SET x='2746.5810546875', y='-1473.369140625', z='30.453125', rotation='248.06683349609', health='90.196075439453', armor='0', dimension_id='0', interior_id='0', lastlogin=NOW(), lastarea='East Beach', timeinserver='174' WHERE id=28053
[2010-03-07 19:03] UPDATE accounts SET lastlogin=NOW() WHERE id = 27219
[2010-03-07 19:03] UPDATE characters SET x='1288.341796875', y='-13.3740234375', z='1001.015625', rotation='325.5051574707', health='100.3921661377', armor='0', dimension_id='5', interior_id='18', lastlogin=NOW(), lastarea='J&C Warehouse', timeinserver='26' WHERE id=31071
[2010-03-07 19:03] UPDATE accounts SET lastlogin=NOW() WHERE id = 28628
[2010-03-07 19:03] UPDATE characters SET x='-2166.4892578125', y='642.0322265625', z='1052.375', rotation='180.91188049316', health='100.3921661377', armor='0', dimension_id='746', interior_id='1', lastlogin=NOW(), lastarea='San AndreasBetting Shop - Marina Branch', timeinserver='81' WHERE id=27801
[2010-03-07 19:03] UPDATE accounts SET lastlogin=NOW() WHERE id = 12266
[2010-03-07 19:03] UPDATE characters SET x='2109.6669921875', y='-1500.380859375', z='23.79573059082', rotation='208.34515380859', health='90.196075439453', armor='0', dimension_id='0', interior_id='0', lastlogin=NOW(), lastarea='Idlewood', timeinserver='110' WHERE id=17870
[2010-03-07 19:03] UPDATE accounts SET lastlogin=NOW() WHERE id = 7832
[2010-03-07 19:03] UPDATE characters SET x='568.8056640625', y='-1074.125', z='78.734786987305', rotation='228.71412658691', health='76.078430175781', armor='0', dimension_id='0', interior_id='0', lastlogin=NOW(), lastarea='Richman', timeinserver='84' WHERE id=25352
[2010-03-07 19:03] UPDATE accounts SET lastlogin=NOW() WHERE id = 10200
[2010-03-07 19:03] UPDATE characters SET x='595.056640625', y='-1236.3369140625', z='17.99017906189', rotation='252.88441467285', health='46.274509429932', armor='0', dimension_id='0', interior_id='0', lastlogin=NOW(), lastarea='Rodeo', timeinserver='62' WHERE id=29275
[2010-03-07 19:03] UPDATE accounts SET lastlogin=NOW() WHERE id = 28579
[2010-03-07 19:03] UPDATE vehicles SET model='412', currx='1330.319336', curry='-1062.40332', currz='28.48596', currrx='353.53454589844', currry='359.98901367188', currrz='269.912109375', color1='3', color2='28', fuel='99.788372325301', engine='1', locked='1', lights='1', wheel1='0', wheel2='0', wheel3='0', wheel4='0' WHERE id='1243'
[2010-03-07 19:03] UPDATE vehicles SET panel0='0', panel1='0', panel2='0', panel3='0', panel4='0', panel5='0', panel6='0', door1='0', door2='0', door3='0', door4='0', door5='0', door6='0', hp='998.77899169922', sirens='0', paintjob='3', currdimension='0', currinterior='0' WHERE id='1243'
[2010-03-07 19:03] UPDATE vehicles SET upgrade0='0', upgrade1='0', upgrade2='0', upgrade3='0', upgrade4='0', upgrade5='0', upgrade6='0', upgrade7='0', upgrade8='0', upgrade9='0', upgrade10='0', upgrade11='0', upgrade12='0', upgrade13='0', upgrade14='0', upgrade15='0', upgrade16='0', Impounded='0', handbrake='1' WHERE id='1243'
[2010-03-07 19:03] UPDATE characters SET x='1330.3193359375', y='-1062.4033203125', z='28.485960006714', rotation='269.91348266602', health='69.803924560547', armor='0', dimension_id='0', interior_id='0', lastlogin=NOW(), lastarea='Temple', timeinserver='116' WHERE id=28906
[2010-03-07 19:03] UPDATE accounts SET lastlogin=NOW() WHERE id = 28273
[2010-03-07 19:03] UPDATE characters SET x='2235.775390625', y='-1178.7265625', z='928.99291992188', rotation='221.06202697754', health='100.3921661377', armor='0', dimension_id='10631', interior_id='3', lastlogin=NOW(), lastarea='Fire Department', timeinserver='157' WHERE id=18343
[2010-03-07 19:03] UPDATE accounts SET lastlogin=NOW() WHERE id = 8118
[2010-03-07 19:03] UPDATE vehicles SET model='463', currx='1259.598633', curry='-42.751953', currz='1000.558655', currrx='359.90661621094', currry='359.99450683594', currrz='172.89184570313', color1='3', color2='79', fuel='100', engine='1', locked='0', lights='1', wheel1='0', wheel2='0', wheel3='0', wheel4='0' WHERE id='717'
[2010-03-07 19:03] UPDATE vehicles SET panel0='0', panel1='0', panel2='0', panel3='0', panel4='0', panel5='0', panel6='0', door1='0', door2='0', door3='0', door4='0', door5='0', door6='0', hp='1000.2442626953', sirens='0', paintjob='3', currdimension='5', currinterior='18' WHERE id='717'
[2010-03-07 19:03] UPDATE vehicles SET upgrade0='0', upgrade1='0', upgrade2='0', upgrade3='0', upgrade4='0', upgrade5='0', upgrade6='0', upgrade7='0', upgrade8='0', upgrade9='0', upgrade10='0', upgrade11='0', upgrade12='0', upgrade13='0', upgrade14='0', upgrade15='0', upgrade16='0', Impounded='0', handbrake='0' WHERE id='717'
[2010-03-07 19:03] UPDATE characters SET x='1259.5986328125', y='-42.751953125', z='1000.5586547852', rotation='180', health='87.058822631836', armor='0', dimension_id='5', interior_id='18', lastlogin=NOW(), lastarea='J&C Warehouse', timeinserver='133' WHERE id=1913
[2010-03-07 19:03] UPDATE accounts SET lastlogin=NOW() WHERE id = 137
[2010-03-07 19:03] UPDATE characters SET x='222.7353515625', y='1244.0234375', z='1082.140625', rotation='180.37355041504', health='100.3921661377', armor='0', dimension_id='348', interior_id='2', lastlogin=NOW(), lastarea='Back Room', timeinserver='72' WHERE id=1054
[2010-03-07 19:03] UPDATE accounts SET lastlogin=NOW() WHERE id = 49
[2010-03-07 19:03] UPDATE vehicles SET model='521', currx='-1442.870117', curry='2430.320313', currz='57.579842', currrx='353.55651855469', currry='2.7301025390625', currrz='176.46240234375', color1='77', color2='76', fuel='75.044874289539', engine='1', locked='1', lights='1', wheel1='0', wheel2='0', wheel3='0', wheel4='0' WHERE id='1203'
[2010-03-07 19:03] UPDATE vehicles SET panel0='0', panel1='0', panel2='0', panel3='0', panel4='0', panel5='0', panel6='0', door1='0', door2='0', door3='0', door4='0', door5='0', door6='0', hp='858.11968994141', sirens='0', paintjob='3', currdimension='0', currinterior='0' WHERE id='1203'
[2010-03-07 19:03] UPDATE vehicles SET upgrade0='0', upgrade1='0', upgrade2='0', upgrade3='0', upgrade4='0', upgrade5='0', upgrade6='0', upgrade7='0', upgrade8='0', upgrade9='0', upgrade10='0', upgrade11='0', upgrade12='0', upgrade13='0', upgrade14='0', upgrade15='0', upgrade16='0', Impounded='0', handbrake='0' WHERE id='1203'
[2010-03-07 19:03] UPDATE characters SET x='-1442.8701171875', y='2430.3203125', z='57.57984161377', rotation='126.56716918945', health='97.254905700684', armor='0', dimension_id='0', interior_id='0', lastlogin=NOW(), lastarea='Tierra Robada', timeinserver='106' WHERE id=30420
[2010-03-07 19:03] UPDATE accounts SET lastlogin=NOW() WHERE id = 29174
[2010-03-07 19:03] UPDATE characters SET x='255.29296875', y='1254.8447265625', z='1084.2578125', rotation='270.53421020508', health='74.509803771973', armor='0', dimension_id='9668', interior_id='9', lastlogin=NOW(), lastarea='10, San Pedro Avenue', timeinserver='150' WHERE id=30739
[2010-03-07 19:03] UPDATE accounts SET lastlogin=NOW() WHERE id = 29395
[2010-03-07 19:03] UPDATE characters SET x='-410.36328125', y='-1749.4833984375', z='7.1924428939819', rotation='39.279479980469', health='64.31372833252', armor='0', dimension_id='0', interior_id='0', lastlogin=NOW(), lastarea='Flint County', timeinserver='108' WHERE id=30291
[2010-03-07 19:03] UPDATE accounts SET lastlogin=NOW() WHERE id = 29068
[2010-03-07 19:03] UPDATE characters SET x='616.6923828125', y='-1245.6201171875', z='18.193395614624', rotation='234.61936950684', health='84.70588684082', armor='0', dimension_id='0', interior_id='0', lastlogin=NOW(), lastarea='Rodeo', timeinserver='116' WHERE id=28990
[2010-03-07 19:03] UPDATE accounts SET lastlogin=NOW() WHERE id = 13289
[2010-03-07 19:03] UPDATE characters SET x='-229.1015625', y='1410.8798828125', z='28.419809341431', rotation='12.093383789063', health='55.686275482178', armor='0', dimension_id='344', interior_id='18', lastlogin=NOW(), lastarea='The Driver\'s Lounge', timeinserver='92' WHERE id=18573
[2010-03-07 19:03] UPDATE accounts SET lastlogin=NOW() WHERE id = 8233
[2010-03-07 19:03] UPDATE characters SET x='611.10546875', y='-1420.4189453125', z='13.717803955078', rotation='235.69055175781', health='93.333335876465', armor='0', dimension_id='0', interior_id='0', lastlogin=NOW(), lastarea='Rodeo', timeinserver='406' WHERE id=26333
[2010-03-07 19:03] UPDATE accounts SET lastlogin=NOW() WHERE id = 11195
[2010-03-07 19:03] UPDATE vehicles SET model='533', currx='593.232422', curry='-1234.120117', currz='17.574379', currrx='1.153564453125', currry='353.06762695313', currrz='292.57690429688', color1='53', color2='0', fuel='70.073583226949', engine='1', locked='0', lights='1', wheel1='0', wheel2='0', wheel3='0', wheel4='0' WHERE id='1009'
[2010-03-07 19:03] UPDATE vehicles SET panel0='0', panel1='1', panel2='0', panel3='0', panel4='0', panel5='1', panel6='0', door1='0', door2='0', door3='0', door4='0', door5='0', door6='0', hp='995.36016845703', sirens='0', paintjob='3', currdimension='0', currinterior='0' WHERE id='1009'
[2010-03-07 19:03] UPDATE vehicles SET upgrade0='0', upgrade1='0', upgrade2='0', upgrade3='0', upgrade4='0', upgrade5='0', upgrade6='0', upgrade7='0', upgrade8='0', upgrade9='0', upgrade10='0', upgrade11='0', upgrade12='0', upgrade13='0', upgrade14='0', upgrade15='0', upgrade16='0', Impounded='0', handbrake='0' WHERE id='1009'
[2010-03-07 19:03] UPDATE characters SET x='593.232421875', y='-1234.1201171875', z='17.574411392212', rotation='3.52392578125', health='84.70588684082', armor='0', dimension_id='0', interior_id='0', lastlogin=NOW(), lastarea='Richman', timeinserver='109' WHERE id=29450
[2010-03-07 19:03] UPDATE accounts SET lastlogin=NOW() WHERE id = 28604
[2010-03-07 19:03] UPDATE characters SET x='1435.4775390625', y='334.6357421875', z='18.84167098999', rotation='133.23599243164', health='64.31372833252', armor='0', dimension_id='0', interior_id='0', lastlogin=NOW(), lastarea='Montgomery', timeinserver='28' WHERE id=25970
[2010-03-07 19:03] UPDATE accounts SET lastlogin=NOW() WHERE id = 11903
[2010-03-07 19:03] UPDATE characters SET x='255.5048828125', y='1253.3544921875', z='1084.2578125', rotation='267.17236328125', health='83.921569824219', armor='0', dimension_id='9668', interior_id='9', lastlogin=NOW(), lastarea='10, San Pedro Avenue', timeinserver='123' WHERE id=30125
[2010-03-07 19:03] UPDATE accounts SET lastlogin=NOW() WHERE id = 29004
[2010-03-07 19:03] UPDATE characters SET x='1256.08203125', y='-54.599609375', z='1002.4997558594', rotation='236.23986816406', health='80', armor='0', dimension_id='5', interior_id='18', lastlogin=NOW(), lastarea='J&C Warehouse', timeinserver='86' WHERE id=1476
[2010-03-07 19:03] UPDATE accounts SET lastlogin=NOW() WHERE id = 131
[2010-03-07 19:03] UPDATE characters SET x='1001.3212890625', y='-1335.5390625', z='13.3828125', rotation='145.5573425293', health='83.137252807617', armor='0', dimension_id='0', interior_id='0', lastlogin=NOW(), lastarea='Market', timeinserver='51' WHERE id=25715
[2010-03-07 19:03] UPDATE accounts SET lastlogin=NOW() WHERE id = 11154
[2010-03-07 19:03] UPDATE characters SET x='2112.140625', y='-1499.017578125', z='23.804349899292', rotation='1.3760681152344', health='100.3921661377', armor='0', dimension_id='0', interior_id='0', lastlogin=NOW(), lastarea='Idlewood', timeinserver='59' WHERE id=29684
[2010-03-07 19:03] UPDATE accounts SET lastlogin=NOW() WHERE id = 12672
[2010-03-07 19:03] UPDATE characters SET x='619.53997802734', y='-1509.3000488281', z='14.970000267029', rotation='55.978881835938', health='0', armor='0', dimension_id='0', interior_id='0', lastlogin=NOW(), lastarea='Rodeo', timeinserver='58' WHERE id=20260
[2010-03-07 19:03] UPDATE accounts SET lastlogin=NOW() WHERE id = 9088
[2010-03-07 19:03] UPDATE vehicles SET model='579', currx='1934.880859', curry='-1781.848633', currz='13.313923', currrx='359.35729980469', currry='359.91760253906', currrz='181.18103027344', color1='4', color2='0', fuel='26.823622621823', engine='1', locked='1', lights='1', wheel1='0', wheel2='0', wheel3='0', wheel4='0' WHERE id='572'
[2010-03-07 19:03] UPDATE vehicles SET panel0='3', panel1='2', panel2='0', panel3='0', panel4='1', panel5='2', panel6='2', door1='4', door2='2', door3='2', door4='2', door5='2', door6='4', hp='580.70819091797', sirens='0', paintjob='3', currdimension='0', currinterior='0' WHERE id='572'
[2010-03-07 19:03] UPDATE vehicles SET upgrade0='0', upgrade1='0', upgrade2='0', upgrade3='0', upgrade4='0', upgrade5='0', upgrade6='0', upgrade7='0', upgrade8='0', upgrade9='0', upgrade10='0', upgrade11='0', upgrade12='0', upgrade13='0', upgrade14='0', upgrade15='0', upgrade16='0', Impounded='0', handbrake='0' WHERE id='572'
[2010-03-07 19:03] UPDATE characters SET x='1934.34765625', y='-1781.7705078125', z='13.329119682312', rotation='178.56628417969', health='100.3921661377', armor='0', dimension_id='0', interior_id='0', lastlogin=NOW(), lastarea='Idlewood', timeinserver='43' WHERE id=30260
[2010-03-07 19:03] UPDATE accounts SET lastlogin=NOW() WHERE id = 29075
[2010-03-07 19:03] UPDATE characters SET weapons='', ammo='' WHERE id='31064'
[2010-03-07 19:03] UPDATE characters SET x='969.962890625', y='-1155.75', z='23.851638793945', rotation='314.54061889648', health='15.686275482178', armor='0', dimension_id='0', interior_id='0', lastlogin=NOW(), lastarea='Market', timeinserver='49' WHERE id=31064
[2010-03-07 19:03] UPDATE accounts SET lastlogin=NOW() WHERE id = 29594
[2010-03-07 19:03] INSERT INTO tags SET x='2358.435546875', y='-1479.5736083984', z='23.97313117981', interior='0', dimension='0', rx='0', ry='0', rz='270', modelid='1531', creationdate=NOW()
[2010-03-07 19:03] SELECT id, charactername, cked, lastarea, age, gender, faction_id, faction_rank, skin, DATEDIFF(NOW(), lastlogin) as llastlogin FROM characters WHERE account='12167'  ORDER BY cked ASC, lastlogin DESC
[2010-03-07 19:03] UPDATE characters SET x='1037.9775390625', y='-1035.0419921875', z='31.643325805664', rotation='290.76586914063', health='61.960784912109', armor='0', dimension_id='0', interior_id='0', lastlogin=NOW(), lastarea='Temple', timeinserver='55' WHERE id=25036
[2010-03-07 19:03] UPDATE accounts SET lastlogin=NOW() WHERE id = 12167
[2010-03-07 19:03] SELECT name, rank_6 as rankname FROM factions WHERE id='30'
[2010-03-07 19:03] SELECT email FROM accounts WHERE id = '12167'
[2010-03-07 19:03] UPDATE vehicles SET model='500', currx='1209.391602', curry='-1290.608398', currz='13.486722', currrx='358.1982421875', currry='359.98901367188', currrz='221.0888671875', color1='79', color2='0', fuel='51.40832384523', engine='1', locked='0', lights='1', wheel1='0', wheel2='0', wheel3='0', wheel4='0' WHERE id='1097'
[2010-03-07 19:03] UPDATE vehicles SET panel0='0', panel1='1', panel2='0', panel3='0', panel4='0', panel5='1', panel6='0', door1='4', door2='0', door3='0', door4='0', door5='0', door6='0', hp='935.28692626953', sirens='0', paintjob='3', currdimension='0', currinterior='0' WHERE id='1097'
[2010-03-07 19:03] UPDATE vehicles SET upgrade0='0', upgrade1='0', upgrade2='0', upgrade3='0', upgrade4='0', upgrade5='0', upgrade6='0', upgrade7='0', upgrade8='0', upgrade9='0', upgrade10='0', upgrade11='0', upgrade12='0', upgrade13='0', upgrade14='0', upgrade15='0', upgrade16='0', Impounded='0', handbrake='0' WHERE id='1097'
[2010-03-07 19:03] SELECT supplies FROM interiors WHERE id='10136' LIMIT 1
[2010-03-07 19:03] UPDATE characters SET money = money - 50 WHERE id = 28493
[2010-03-07 19:03] UPDATE characters SET fightstyle = 5 WHERE id = 28493
[2010-03-07 19:03] SELECT id FROM achievements WHERE achievementid='20' AND account='7503'
[2010-03-07 19:03] UPDATE interiors SET supplies = supplies - 25 WHERE id='10136'
[2010-03-07 19:03] UPDATE characters SET bankmoney=bankmoney + 50 WHERE id = 14186 LIMIT 1
[2010-03-07 19:03] UPDATE characters SET x='2230.1884765625', y='-1302.2548828125', z='23.844779968262', rotation='339.36462402344', health='40.784313201904', armor='0', dimension_id='0', interior_id='0', bankmoney = bankmoney + 0, lastlogin=NOW(), lastarea='Jefferson', timeinserver='91' WHERE id=24505
[2010-03-07 19:03] UPDATE accounts SET lastlogin=NOW() WHERE id = 6625
[2010-03-07 19:03] SELECT supplies FROM interiors WHERE id='10136' LIMIT 1
[2010-03-07 19:03] SELECT supplies FROM interiors WHERE id='10136' LIMIT 1
[2010-03-07 19:03] SELECT supplies FROM interiors WHERE id='10136' LIMIT 1
[2010-03-07 19:03] SELECT supplies FROM interiors WHERE id='10136' LIMIT 1
[2010-03-07 19:03] SELECT * FROM characters WHERE charactername='Roano_Vega' AND account='12167'
[2010-03-07 19:03] SELECT name FROM factions WHERE id='30'
[2010-03-07 19:03] UPDATE characters SET lastlogin=NOW() WHERE id='25036'
[2010-03-07 19:03] UPDATE characters SET money = 458 WHERE id = 25036
[2010-03-07 19:03] SELECT COUNT(*) as 'numbr'  FROM `vehicles` WHERE `owner` = 25036 and `Impounded` > 0
[2010-03-07 19:03] SELECT supplies FROM interiors WHERE id='10136' LIMIT 1
[2010-03-07 19:03] UPDATE characters SET x='2682.3330078125', y='-1466.3740234375', z='30.344999313354', rotation='101.5344543457', health='100.3921661377', armor='0', dimension_id='0', interior_id='0', lastlogin=NOW(), lastarea='East Beach', timeinserver='168' WHERE id=29860
[2010-03-07 19:03] UPDATE accounts SET lastlogin=NOW() WHERE id = 28879
[2010-03-07 19:03] UPDATE characters SET x='1937.078125', y='-1781.0517578125', z='13.3828125', rotation='63.257507324219', health='100.3921661377', armor='0', dimension_id='0', interior_id='0', lastlogin=NOW(), lastarea='Idlewood', timeinserver='36' WHERE id=20021
[2010-03-07 19:03] UPDATE accounts SET lastlogin=NOW() WHERE id = 8956
[2010-03-07 19:03] UPDATE characters SET x='2321.0654296875', y='-1509.5087890625', z='26.34789276123', rotation='268.02380371094', health='72.941177368164', armor='0', dimension_id='0', interior_id='0', lastlogin=NOW(), lastarea='East Los Santos', timeinserver='188' WHERE id=30978
[2010-03-07 19:03] UPDATE accounts SET lastlogin=NOW() WHERE id = 8763
[2010-03-07 19:03] UPDATE characters SET weapons='41;', ammo='519;' WHERE id='25036'
[2010-03-07 19:03] UPDATE characters SET x='1037.9799804688', y='-1035.0400390625', z='31.643299102783', rotation='290.76599121094', health='61.599998474121', armor='0', dimension_id='0', interior_id='0', lastlogin=NOW(), lastarea='Temple', timeinserver='55' WHERE id=25036
[2010-03-07 19:03] UPDATE accounts SET lastlogin=NOW() WHERE id = 12167
[2010-03-07 19:03] UPDATE characters SET x='2129.07421875', y='-1142.4599609375', z='24.995611190796', rotation='229.30738830566', health='100.3921661377', armor='0', dimension_id='0', interior_id='0', lastlogin=NOW(), lastarea='Jefferson', timeinserver='99' WHERE id=27093
[2010-03-07 19:03] UPDATE accounts SET lastlogin=NOW() WHERE id = 10562
[2010-03-07 19:03] UPDATE vehicles SET model='560', currx='-414.514648', curry='-1749.608398', currz='6.690913', currrx='356.2646484375', currry='5.8062744140625', currrz='208.89953613281', color1='0', color2='0', fuel='66.966595126092', engine='0', locked='1', lights='2', wheel1='0', wheel2='0', wheel3='0', wheel4='0' WHERE id='254'
[2010-03-07 19:03] UPDATE vehicles SET panel0='0', panel1='0', panel2='0', panel3='0', panel4='0', panel5='0', panel6='0', door1='0', door2='0', door3='0', door4='0', door5='0', door6='0', hp='999.26739501953', sirens='0', paintjob='3', currdimension='0', currinterior='0' WHERE id='254'
[2010-03-07 19:03] UPDATE vehicles SET upgrade0='0', upgrade1='0', upgrade2='0', upgrade3='0', upgrade4='0', upgrade5='0', upgrade6='0', upgrade7='0', upgrade8='0', upgrade9='0', upgrade10='0', upgrade11='0', upgrade12='0', upgrade13='0', upgrade14='0', upgrade15='0', upgrade16='0', Impounded='0', handbrake='0' WHERE id='254'
[2010-03-07 19:03] UPDATE characters SET x='-414.4599609375', y='-1749.7138671875', z='6.630702495575', rotation='306.40512084961', health='70.588233947754', armor='0', dimension_id='0', interior_id='0', lastlogin=NOW(), lastarea='Flint County', timeinserver='92' WHERE id=25771
[2010-03-07 19:03] UPDATE accounts SET lastlogin=NOW() WHERE id = 12673
[2010-03-07 19:03] UPDATE characters SET x='2337.8232421875', y='-1521.5810546875', z='23.829069137573', rotation='265.15081787109', health='74.509803771973', armor='0', dimension_id='0', interior_id='0', lastlogin=NOW(), lastarea='East Los Santos', timeinserver='74' WHERE id=28646
[2010-03-07 19:03] UPDATE accounts SET lastlogin=NOW() WHERE id = 27007
[2010-03-07 19:03] UPDATE characters SET weapons='41;', ammo='820;' WHERE id='29506'
[2010-03-07 19:03] UPDATE characters SET x='2341.2763671875', y='-1503.5244140625', z='23.834503173828', rotation='101.55642700195', health='45.490196228027', armor='0', dimension_id='0', interior_id='0', lastlogin=NOW(), lastarea='East Los Santos', timeinserver='601' WHERE id=29506
[2010-03-07 19:03] UPDATE accounts SET lastlogin=NOW() WHERE id = 7888
[2010-03-07 19:03] UPDATE characters SET x='1191.1083984375', y='-1343.9208984375', z='14.296096801758', rotation='328.95492553711', health='80', armor='0', dimension_id='0', interior_id='0', lastlogin=NOW(), lastarea='Market', timeinserver='179' WHERE id=30436
[2010-03-07 19:03] UPDATE accounts SET lastlogin=NOW() WHERE id = 8997
[2010-03-07 19:03] UPDATE characters SET x='218.68359375', y='1242.0478515625', z='1082.140625', rotation='278.36209106445', health='65.882354736328', armor='0', dimension_id='348', interior_id='2', lastlogin=NOW(), lastarea='Back Room', timeinserver='79' WHERE id=29245
[2010-03-07 19:03] UPDATE accounts SET lastlogin=NOW() WHERE id = 28527
[2010-03-07 19:03] UPDATE vehicles SET model='547', currx='615.333008', curry='-1239.869141', currz='18.031931', currrx='359.33532714844', currry='359.80224609375', currrz='186.78405761719', color1='16', color2='0', fuel='39.218325618552', engine='0', locked='1', lights='1', wheel1='0', wheel2='0', wheel3='0', wheel4='0' WHERE id='1244'
[2010-03-07 19:03] UPDATE vehicles SET panel0='0', panel1='0', panel2='0', panel3='0', panel4='0', panel5='0', panel6='2', door1='0', door2='2', door3='2', door4='0', door5='2', door6='2', hp='940.65936279297', sirens='0', paintjob='3', currdimension='0', currinterior='0' WHERE id='1244'
[2010-03-07 19:03] UPDATE vehicles SET upgrade0='0', upgrade1='0', upgrade2='0', upgrade3='0', upgrade4='0', upgrade5='0', upgrade6='0', upgrade7='0', upgrade8='0', upgrade9='0', upgrade10='0', upgrade11='0', upgrade12='0', upgrade13='0', upgrade14='0', upgrade15='0', upgrade16='0', Impounded='0', handbrake='0' WHERE id='1244'
[2010-03-07 19:03] UPDATE characters SET x='615.3330078125', y='-1239.869140625', z='18.031930923462', rotation='186.74571228027', health='76.862747192383', armor='0', dimension_id='0', interior_id='0', lastlogin=NOW(), lastarea='Rodeo', timeinserver='151' WHERE id=29314
[2010-03-07 19:03] UPDATE accounts SET lastlogin=NOW() WHERE id = 13290
[2010-03-07 19:03] UPDATE characters SET x='1334.7705078125', y='-1568.6259765625', z='13.546875', rotation='224.09979248047', health='39.215686798096', armor='0', dimension_id='0', interior_id='0', lastlogin=NOW(), lastarea='Market', timeinserver='47' WHERE id=31062
[2010-03-07 19:03] UPDATE accounts SET lastlogin=NOW() WHERE id = 29590
[2010-03-07 19:03] UPDATE characters SET x='767.55859375', y='-75.4716796875', z='1000.6634521484', rotation='92.349731445313', health='100.3921661377', armor='0', dimension_id='10136', interior_id='7', lastlogin=NOW(), lastarea='Bruiser\'s Gym', timeinserver='106' WHERE id=30801
[2010-03-07 19:03] UPDATE accounts SET lastlogin=NOW() WHERE id = 29306
[2010-03-07 19:03] UPDATE characters SET x='-410.1513671875', y='-1748.4423828125', z='7.288384437561', rotation='176.05584716797', health='68.235298156738', armor='0', dimension_id='0', interior_id='0', lastlogin=NOW(), lastarea='Flint County', timeinserver='71' WHERE id=30641
[2010-03-07 19:03] UPDATE accounts SET lastlogin=NOW() WHERE id = 26981
[2010-03-07 19:03] UPDATE characters SET x='772.1611328125', y='-68.6298828125', z='1000.578125', rotation='179.94506835938', health='40', armor='0', dimension_id='10136', interior_id='7', lastlogin=NOW(), lastarea='Bruiser\'s Gym', timeinserver='116' WHERE id=28493
[2010-03-07 19:03] UPDATE accounts SET lastlogin=NOW() WHERE id = 7503
[2010-03-07 19:03] UPDATE vehicles SET model='420', currx='1819.87207', curry='-1869.412109', currz='13.194542', currrx='359.81323242188', currry='359.63745117188', currrz='353.79272460938', color1='6', color2='6', fuel='98.830968416333', engine='1', locked='0', lights='1', wheel1='0', wheel2='0', wheel3='0', wheel4='0' WHERE id='33'
[2010-03-07 19:03] UPDATE vehicles SET panel0='0', panel1='1', panel2='0', panel3='0', panel4='0', panel5='1', panel6='0', door1='3', door2='0', door3='0', door4='0', door5='0', door6='0', hp='945.54333496094', sirens='0', paintjob='3', currdimension='0', currinterior='0' WHERE id='33'
[2010-03-07 19:03] UPDATE vehicles SET upgrade0='0', upgrade1='0', upgrade2='0', upgrade3='0', upgrade4='0', upgrade5='0', upgrade6='0', upgrade7='0', upgrade8='0', upgrade9='0', upgrade10='0', upgrade11='0', upgrade12='0', upgrade13='0', upgrade14='0', upgrade15='0', upgrade16='0', Impounded='0', handbrake='0' WHERE id='33'
[2010-03-07 19:03] UPDATE characters SET x='1819.8720703125', y='-1869.412109375', z='13.194541931152', rotation='270.42984008789', health='100.3921661377', armor='0', dimension_id='0', interior_id='0', lastlogin=NOW(), lastarea='El Corona', timeinserver='79' WHERE id=29861
[2010-03-07 19:03] UPDATE accounts SET lastlogin=NOW() WHERE id = 28788
[2010-03-07 19:03] UPDATE characters SET x='775.1435546875', y='-76.91015625', z='1000.6599731445', rotation='345.5280456543', health='70.588233947754', armor='0', dimension_id='10136', interior_id='7', lastlogin=NOW(), lastarea='Bruiser\'s Gym', timeinserver='101' WHERE id=30625
[2010-03-07 19:03] UPDATE accounts SET lastlogin=NOW() WHERE id = 29037
[2010-03-07 19:03] UPDATE characters SET x='2612.845703125', y='181.7734375', z='50.190795898438', rotation='174.39141845703', health='65.882354736328', armor='0', dimension_id='0', interior_id='0', lastlogin=NOW(), lastarea='Hankypanky Point', timeinserver='38' WHERE id=20794
[2010-03-07 19:03] UPDATE accounts SET lastlogin=NOW() WHERE id = 9368
[2010-03-07 19:03] UPDATE characters SET x='2238.2177734375', y='-1176.7802734375', z='928.99249267578', rotation='163.80590820313', health='77.64705657959', armor='0', dimension_id='10631', interior_id='3', lastlogin=NOW(), lastarea='Fire Department', timeinserver='81' WHERE id=28665
[2010-03-07 19:03] UPDATE accounts SET lastlogin=NOW() WHERE id = 28414
[2010-03-07 19:03] UPDATE characters SET x='263.9306640625', y='109.8486328125', z='1009.03125', rotation='90.240325927734', health='92.549018859863', armor='0', dimension_id='10583', interior_id='10', lastlogin=NOW(), lastarea='Los Santos Police Department - City Patrol Unit HQ', timeinserver='117' WHERE id=11096
[2010-03-07 19:03] UPDATE accounts SET lastlogin=NOW() WHERE id = 21
[2010-03-07 19:03] UPDATE characters SET x='2367.6240234375', y='-1124.9248046875', z='1051.8465576172', rotation='273.72579956055', health='100.3921661377', armor='0', dimension_id='351', interior_id='8', lastlogin=NOW(), lastarea='2, Carnerbrook Street', timeinserver='83' WHERE id=12062
[2010-03-07 19:03] UPDATE accounts SET lastlogin=NOW() WHERE id = 4974
[2010-03-07 19:03] UPDATE characters SET x='-412.142578125', y='-1746.3837890625', z='7.3900899887085', rotation='192.24444580078', health='46.274509429932', armor='0', dimension_id='0', interior_id='0', lastlogin=NOW(), lastarea='Flint County', timeinserver='40' WHERE id=30162
[2010-03-07 19:03] UPDATE accounts SET lastlogin=NOW() WHERE id = 28472
[2010-03-07 19:03] UPDATE characters SET x='808.51171875', y='-1041.2373046875', z='24.615383148193', rotation='271.99542236328', health='100.3921661377', armor='100', dimension_id='0', interior_id='0', lastlogin=NOW(), lastarea='Vinewood', timeinserver='39' WHERE id=30334
[2010-03-07 19:03] UPDATE accounts SET lastlogin=NOW() WHERE id = 29119
[2010-03-07 19:03] UPDATE characters SET x='774.6240234375', y='-73.9345703125', z='1000.6528320313', rotation='18.229339599609', health='86.274513244629', armor='0', dimension_id='10136', interior_id='7', lastlogin=NOW(), lastarea='Bruiser\'s Gym', timeinserver='114' WHERE id=29919
[2010-03-07 19:03] UPDATE accounts SET lastlogin=NOW() WHERE id = 26714
[2010-03-07 19:03] UPDATE characters SET x='865.765625', y='-1001.0517578125', z='33.48112487793', rotation='271.97344970703', health='82.35294342041', armor='100', dimension_id='0', interior_id='0', lastlogin=NOW(), lastarea='Vinewood', timeinserver='36' WHERE id=30270
[2010-03-07 19:03] UPDATE accounts SET lastlogin=NOW() WHERE id = 29090
[2010-03-07 19:03] UPDATE vehicles SET model='411', currx='986.755859', curry='-1144.708008', currz='23.735846', currrx='0.6591796875', currry='0.3790283203125', currrz='86.72607421875', color1='79', color2='79', fuel='48.566573661427', engine='1', locked='1', lights='1', wheel1='0', wheel2='0', wheel3='0', wheel4='0' WHERE id='1276'
[2010-03-07 19:03] UPDATE vehicles SET panel0='1', panel1='0', panel2='0', panel3='0', panel4='0', panel5='1', panel6='0', door1='0', door2='0', door3='0', door4='0', door5='0', door6='0', hp='992.42980957031', sirens='0', paintjob='3', currdimension='0', currinterior='0' WHERE id='1276'
[2010-03-07 19:03] UPDATE vehicles SET upgrade0='0', upgrade1='0', upgrade2='0', upgrade3='0', upgrade4='0', upgrade5='0', upgrade6='0', upgrade7='0', upgrade8='0', upgrade9='0', upgrade10='0', upgrade11='0', upgrade12='0', upgrade13='0', upgrade14='0', upgrade15='0', upgrade16='0', Impounded='0', handbrake='0' WHERE id='1276'
[2010-03-07 19:03] UPDATE characters SET x='986.755859375', y='-1144.7080078125', z='23.73583984375', rotation='86.471954345703', health='94.901962280273', armor='0', dimension_id='0', interior_id='0', lastlogin=NOW(), lastarea='Market', timeinserver='168' WHERE id=29703
[2010-03-07 19:03] UPDATE accounts SET lastlogin=NOW() WHERE id = 28766
[2010-03-07 19:03] UPDATE vehicles SET model='411', currx='1191.099609', curry='-1341.775391', currz='13.207387', currrx='359.96154785156', currry='354.73754882813', currrz='180.02197265625', color1='86', color2='6', fuel='48.343761677158', engine='1', locked='1', lights='1', wheel1='0', wheel2='0', wheel3='0', wheel4='0' WHERE id='202'
[2010-03-07 19:03] UPDATE vehicles SET panel0='3', panel1='1', panel2='0', panel3='0', panel4='0', panel5='3', panel6='2', door1='0', door2='2', door3='0', door4='3', door5='0', door6='0', hp='667.15509033203', sirens='0', paintjob='3', currdimension='0', currinterior='0' WHERE id='202'
[2010-03-07 19:03] UPDATE vehicles SET upgrade0='0', upgrade1='0', upgrade2='0', upgrade3='0', upgrade4='0', upgrade5='0', upgrade6='0', upgrade7='0', upgrade8='0', upgrade9='0', upgrade10='0', upgrade11='0', upgrade12='0', upgrade13='0', upgrade14='0', upgrade15='0', upgrade16='0', Impounded='0', handbrake='0' WHERE id='202'
[2010-03-07 19:03] UPDATE characters SET x='1191.099609375', y='-1341.775390625', z='13.2073802948', rotation='77.567413330078', health='100.3921661377', armor='0', dimension_id='0', interior_id='0', lastlogin=NOW(), lastarea='Market', timeinserver='74' WHERE id=8667
[2010-03-07 19:03] UPDATE accounts SET lastlogin=NOW() WHERE id = 2285
[2010-03-07 19:03] UPDATE vehicles SET model='411', currx='986.755859', curry='-1144.708008', currz='23.735846', currrx='0.6591796875', currry='0.3790283203125', currrz='86.72607421875', color1='79', color2='79', fuel='48.566573661427', engine='1', locked='1', lights='1', wheel1='0', wheel2='0', wheel3='0', wheel4='0' WHERE id='1276'
[2010-03-07 19:03] UPDATE vehicles SET panel0='1', panel1='0', panel2='0', panel3='0', panel4='0', panel5='1', panel6='0', door1='0', door2='0', door3='0', door4='0', door5='0', door6='0', hp='992.42980957031', sirens='0', paintjob='3', currdimension='0', currinterior='0' WHERE id='1276'
[2010-03-07 19:03] UPDATE vehicles SET upgrade0='0', upgrade1='0', upgrade2='0', upgrade3='0', upgrade4='0', upgrade5='0', upgrade6='0', upgrade7='0', upgrade8='0', upgrade9='0', upgrade10='0', upgrade11='0', upgrade12='0', upgrade13='0', upgrade14='0', upgrade15='0', upgrade16='0', Impounded='0', handbrake='0' WHERE id='1276'
[2010-03-07 19:03] UPDATE characters SET x='986.755859375', y='-1144.7080078125', z='23.735843658447', rotation='86.477447509766', health='79.215690612793', armor='0', dimension_id='0', interior_id='0', lastlogin=NOW(), lastarea='Market', timeinserver='162' WHERE id=29268
[2010-03-07 19:03] UPDATE accounts SET lastlogin=NOW() WHERE id = 3244
[2010-03-07 19:03] UPDATE characters SET x='1580.2138671875', y='1789.974609375', z='2083.376953125', rotation='156.97778320313', health='100.3921661377', armor='0', dimension_id='0', interior_id='4', lastlogin=NOW(), lastarea='All Saints General Hospital', timeinserver='111' WHERE id=27895
[2010-03-07 19:03] UPDATE accounts SET lastlogin=NOW() WHERE id = 11619
[2010-03-07 19:03] UPDATE vehicles SET model='587', currx='1024.837891', curry='-1044.320312', currz='31.277388', currrx='356.95678710938', currry='359.63195800781', currrz='359.18701171875', color1='17', color2='1', fuel='18.731045571193', engine='0', locked='0', lights='1', wheel1='0', wheel2='0', wheel3='0', wheel4='0' WHERE id='336'
[2010-03-07 19:03] UPDATE vehicles SET panel0='3', panel1='2', panel2='0', panel3='0', panel4='2', panel5='2', panel6='2', door1='4', door2='2', door3='0', door4='2', door5='0', door6='0', hp='299.87789916992', sirens='0', paintjob='3', currdimension='0', currinterior='0' WHERE id='336'
[2010-03-07 19:03] UPDATE vehicles SET upgrade0='0', upgrade1='0', upgrade2='0', upgrade3='0', upgrade4='0', upgrade5='0', upgrade6='0', upgrade7='0', upgrade8='0', upgrade9='0', upgrade10='0', upgrade11='0', upgrade12='0', upgrade13='0', upgrade14='0', upgrade15='0', upgrade16='0', Impounded='0', handbrake='0' WHERE id='336'
[2010-03-07 19:03] UPDATE characters SET x='1024.837890625', y='-1044.3203125', z='31.27746963501', rotation='170.12860107422', health='80', armor='0', dimension_id='0', interior_id='0', lastlogin=NOW(), lastarea='Temple', timeinserver='82' WHERE id=26959
[2010-03-07 19:03] UPDATE accounts SET lastlogin=NOW() WHERE id = 26655
[2010-03-07 19:03] UPDATE characters SET x='1135.41015625', y='-11.015625', z='1000.6796875', rotation='170.66143798828', health='40', armor='0', dimension_id='378', interior_id='12', lastlogin=NOW(), lastarea='Everan Casino', timeinserver='40' WHERE id=27680
[2010-03-07 19:03] UPDATE accounts SET lastlogin=NOW() WHERE id = 3565
[2010-03-07 19:03] UPDATE characters SET x='612.53515625', y='-1472.6875', z='14.571102142334', rotation='263.10733032227', health='92.549018859863', armor='0', dimension_id='0', interior_id='0', lastlogin=NOW(), lastarea='Rodeo', timeinserver='109' WHERE id=23559
[2010-03-07 19:03] UPDATE accounts SET lastlogin=NOW() WHERE id = 10964
[2010-03-07 19:03] UPDATE characters SET x='1212.6328125', y='-1289.6904296875', z='13.546875', rotation='279.10919189453', health='98.823532104492', armor='0', dimension_id='0', interior_id='0', lastlogin=NOW(), lastarea='Market', timeinserver='128' WHERE id=29716
[2010-03-07 19:03] UPDATE accounts SET lastlogin=NOW() WHERE id = 28792
[2010-03-07 19:03] UPDATE characters SET x='2614.34765625', y='182.60546875', z='50.457244873047', rotation='164.94848632813', health='98.823532104492', armor='0', dimension_id='0', interior_id='0', lastlogin=NOW(), lastarea='Hankypanky Point', timeinserver='58' WHERE id=29864
[2010-03-07 19:03] UPDATE accounts SET lastlogin=NOW() WHERE id = 1629
[2010-03-07 19:03] UPDATE characters SET x='971.1875', y='-1155.5048828125', z='23.853433609009', rotation='58.994750976563', health='94.901962280273', armor='0', dimension_id='0', interior_id='0', lastlogin=NOW(), lastarea='Market', timeinserver='131' WHERE id=28026
[2010-03-07 19:03] UPDATE accounts SET lastlogin=NOW() WHERE id = 3413
[2010-03-07 19:03] UPDATE characters SET x='-2168.6630859375', y='641.349609375', z='1052.375', rotation='266.11764526367', health='100.3921661377', armor='0', dimension_id='746', interior_id='1', lastlogin=NOW(), lastarea='San AndreasBetting Shop - Marina Branch', timeinserver='85' WHERE id=27809
[2010-03-07 19:03] UPDATE accounts SET lastlogin=NOW() WHERE id = 27451
[2010-03-07 19:03] UPDATE characters SET x='2615.2529296875', y='181.2998046875', z='50.197151184082', rotation='15.213562011719', health='75.294120788574', armor='0', dimension_id='0', interior_id='0', lastlogin=NOW(), lastarea='Hankypanky Point', timeinserver='44' WHERE id=29337
[2010-03-07 19:03] UPDATE accounts SET lastlogin=NOW() WHERE id = 28539
[2010-03-07 19:03] UPDATE characters SET x='265.740234375', y='79.236328125', z='1001.0390625', rotation='359.70611572266', health='64.31372833252', armor='0', dimension_id='65451', interior_id='6', lastlogin=NOW(), lastarea='Unknown', timeinserver='174' WHERE id=29951
[2010-03-07 19:03] UPDATE accounts SET lastlogin=NOW() WHERE id = 28832
[2010-03-07 19:03] UPDATE vehicles SET model='565', currx='1027.834961', curry='-1035.070312', currz='31.261106', currrx='358.90686035156', currry='352.76000976563', currrz='90.98876953125', color1='101', color2='6', fuel='62.73334115833', engine='1', locked='1', lights='2', wheel1='0', wheel2='0', wheel3='0', wheel4='0' WHERE id='574'
[2010-03-07 19:03] UPDATE vehicles SET panel0='2', panel1='2', panel2='0', panel3='0', panel4='2', panel5='3', panel6='2', door1='2', door2='2', door3='2', door4='3', door5='0', door6='0', hp='538.21734619141', sirens='0', paintjob='3', currdimension='0', currinterior='0' WHERE id='574'
[2010-03-07 19:03] UPDATE vehicles SET upgrade0='0', upgrade1='0', upgrade2='0', upgrade3='0', upgrade4='0', upgrade5='0', upgrade6='0', upgrade7='0', upgrade8='0', upgrade9='0', upgrade10='0', upgrade11='0', upgrade12='0', upgrade13='0', upgrade14='0', upgrade15='0', upgrade16='0', Impounded='0', handbrake='0' WHERE id='574'
[2010-03-07 19:03] UPDATE characters SET x='1027.8349609375', y='-1035.0703125', z='31.261106491089', rotation='147.79858398438', health='49.411766052246', armor='0', dimension_id='0', interior_id='0', lastlogin=NOW(), lastarea='Temple', timeinserver='46' WHERE id=28755
[2010-03-07 19:03] UPDATE accounts SET lastlogin=NOW() WHERE id = 28219
[2010-03-07 19:03] UPDATE characters SET x='1937.9755859375', y='-1333.8681640625', z='19.026012420654', rotation='90.493011474609', health='44.705883026123', armor='0', dimension_id='0', interior_id='0', lastlogin=NOW(), lastarea='Glen Park', timeinserver='64' WHERE id=31007
[2010-03-07 19:03] UPDATE accounts SET lastlogin=NOW() WHERE id = 387
[2010-03-07 19:03] UPDATE characters SET x='2339.431640625', y='-1515.87109375', z='27.142917633057', rotation='263.20623779297', health='69.803924560547', armor='0', dimension_id='0', interior_id='0', lastlogin=NOW(), lastarea='East Los Santos', timeinserver='227' WHERE id=29669
[2010-03-07 19:03] UPDATE accounts SET lastlogin=NOW() WHERE id = 1077
[2010-03-07 19:03] UPDATE characters SET x='2333.77734375', y='-1520.1962890625', z='23.992210388184', rotation='352.89996337891', health='87.058822631836', armor='0', dimension_id='0', interior_id='0', lastlogin=NOW(), lastarea='East Los Santos', timeinserver='61' WHERE id=29760
[2010-03-07 19:03] UPDATE accounts SET lastlogin=NOW() WHERE id = 5444
[2010-03-07 19:03] UPDATE characters SET x='492.791015625', y='-22.1123046875', z='1000.6796875', rotation='22.464630126953', health='90.980392456055', armor='0', dimension_id='9717', interior_id='17', lastlogin=NOW(), lastarea='Tiger Club', timeinserver='97' WHERE id=29016
[2010-03-07 19:03] UPDATE accounts SET lastlogin=NOW() WHERE id = 13350
[2010-03-07 19:03] UPDATE characters SET x='-66.5703125', y='1362.7763671875', z='1080.2109375', rotation='272.48431396484', health='100.3921661377', armor='0', dimension_id='1169', interior_id='6', lastlogin=NOW(), lastarea='23 Aces St.', timeinserver='72' WHERE id=30102
[2010-03-07 19:03] UPDATE accounts SET lastlogin=NOW() WHERE id = 28972
[2010-03-07 19:03] UPDATE characters SET x='-2167.373046875', y='641.763671875', z='1052.375', rotation='208.06500244141', health='88.627449035645', armor='0', dimension_id='746', interior_id='1', lastlogin=NOW(), lastarea='San AndreasBetting Shop - Marina Branch', timeinserver='52' WHERE id=19021
[2010-03-07 19:03] UPDATE accounts SET lastlogin=NOW() WHERE id = 8350
[2010-03-07 19:03] UPDATE characters SET x='2751.65625', y='-1472.2822265625', z='30.453125', rotation='87.180603027344', health='90.196075439453', armor='0', dimension_id='0', interior_id='0', lastlogin=NOW(), lastarea='East Beach', timeinserver='174' WHERE id=28053
[2010-03-07 19:03] UPDATE accounts SET lastlogin=NOW() WHERE id = 27219
[2010-03-07 19:03] UPDATE characters SET x='1288.341796875', y='-13.3740234375', z='1001.015625', rotation='325.5051574707', health='100.3921661377', armor='0', dimension_id='5', interior_id='18', lastlogin=NOW(), lastarea='J&C Warehouse', timeinserver='26' WHERE id=31071
[2010-03-07 19:03] UPDATE accounts SET lastlogin=NOW() WHERE id = 28628
[2010-03-07 19:03] UPDATE characters SET x='-2166.4892578125', y='642.0322265625', z='1052.375', rotation='180.91188049316', health='100.3921661377', armor='0', dimension_id='746', interior_id='1', lastlogin=NOW(), lastarea='San AndreasBetting Shop - Marina Branch', timeinserver='81' WHERE id=27801
[2010-03-07 19:03] UPDATE accounts SET lastlogin=NOW() WHERE id = 12266
[2010-03-07 19:03] UPDATE characters SET x='2111.099609375', y='-1498.228515625', z='23.80926322937', rotation='303.91668701172', health='90.196075439453', armor='0', dimension_id='0', interior_id='0', lastlogin=NOW(), lastarea='Idlewood', timeinserver='110' WHERE id=17870
[2010-03-07 19:03] UPDATE accounts SET lastlogin=NOW() WHERE id = 7832
[2010-03-07 19:03] UPDATE characters SET x='569.6748046875', y='-1075.955078125', z='79.216239929199', rotation='218.71092224121', health='76.078430175781', armor='0', dimension_id='0', interior_id='0', lastlogin=NOW(), lastarea='Richman', timeinserver='84' WHERE id=25352
[2010-03-07 19:03] UPDATE accounts SET lastlogin=NOW() WHERE id = 10200
[2010-03-07 19:03] UPDATE characters SET x='597.236328125', y='-1249.3837890625', z='18.297973632813', rotation='173.63330078125', health='46.274509429932', armor='0', dimension_id='0', interior_id='0', lastlogin=NOW(), lastarea='Rodeo', timeinserver='62' WHERE id=29275
[2010-03-07 19:03] UPDATE accounts SET lastlogin=NOW() WHERE id = 28579
[2010-03-07 19:03] UPDATE vehicles SET model='412', currx='1330.319336', curry='-1062.40332', currz='28.48596', currrx='353.53454589844', currry='359.98901367188', currrz='269.912109375', color1='3', color2='28', fuel='99.788372325301', engine='1', locked='1', lights='1', wheel1='0', wheel2='0', wheel3='0', wheel4='0' WHERE id='1243'
[2010-03-07 19:03] UPDATE vehicles SET panel0='0', panel1='0', panel2='0', panel3='0', panel4='0', panel5='0', panel6='0', door1='0', door2='0', door3='0', door4='0', door5='0', door6='0', hp='998.77899169922', sirens='0', paintjob='3', currdimension='0', currinterior='0' WHERE id='1243'
[2010-03-07 19:03] UPDATE vehicles SET upgrade0='0', upgrade1='0', upgrade2='0', upgrade3='0', upgrade4='0', upgrade5='0', upgrade6='0', upgrade7='0', upgrade8='0', upgrade9='0', upgrade10='0', upgrade11='0', upgrade12='0', upgrade13='0', upgrade14='0', upgrade15='0', upgrade16='0', Impounded='0', handbrake='1' WHERE id='1243'
[2010-03-07 19:03] UPDATE characters SET x='1330.3193359375', y='-1062.4033203125', z='28.485960006714', rotation='269.91348266602', health='69.803924560547', armor='0', dimension_id='0', interior_id='0', lastlogin=NOW(), lastarea='Temple', timeinserver='116' WHERE id=28906
[2010-03-07 19:03] UPDATE accounts SET lastlogin=NOW() WHERE id = 28273
[2010-03-07 19:03] UPDATE characters SET x='2237.30078125', y='-1179.3232421875', z='928.99157714844', rotation='314.95263671875', health='100.3921661377', armor='0', dimension_id='10631', interior_id='3', lastlogin=NOW(), lastarea='Fire Department', timeinserver='157' WHERE id=18343
[2010-03-07 19:03] UPDATE accounts SET lastlogin=NOW() WHERE id = 8118
[2010-03-07 19:03] UPDATE vehicles SET model='463', currx='1259.598633', curry='-42.751953', currz='1000.558655', currrx='359.90661621094', currry='359.99450683594', currrz='172.89184570313', color1='3', color2='79', fuel='100', engine='1', locked='0', lights='1', wheel1='0', wheel2='0', wheel3='0', wheel4='0' WHERE id='717'
[2010-03-07 19:03] UPDATE vehicles SET panel0='0', panel1='0', panel2='0', panel3='0', panel4='0', panel5='0', panel6='0', door1='0', door2='0', door3='0', door4='0', door5='0', door6='0', hp='1000.2442626953', sirens='0', paintjob='3', currdimension='5', currinterior='18' WHERE id='717'
[2010-03-07 19:03] UPDATE vehicles SET upgrade0='0', upgrade1='0', upgrade2='0', upgrade3='0', upgrade4='0', upgrade5='0', upgrade6='0', upgrade7='0', upgrade8='0', upgrade9='0', upgrade10='0', upgrade11='0', upgrade12='0', upgrade13='0', upgrade14='0', upgrade15='0', upgrade16='0', Impounded='0', handbrake='0' WHERE id='717'
[2010-03-07 19:03] UPDATE characters SET x='1259.5986328125', y='-42.751953125', z='1000.5586547852', rotation='180', health='87.058822631836', armor='0', dimension_id='5', interior_id='18', lastlogin=NOW(), lastarea='J&C Warehouse', timeinserver='133' WHERE id=1913
[2010-03-07 19:03] UPDATE accounts SET lastlogin=NOW() WHERE id = 137
[2010-03-07 19:03] UPDATE characters SET x='222.7353515625', y='1244.0234375', z='1082.140625', rotation='180.37355041504', health='100.3921661377', armor='0', dimension_id='348', interior_id='2', lastlogin=NOW(), lastarea='Back Room', timeinserver='72' WHERE id=1054
[2010-03-07 19:03] UPDATE accounts SET lastlogin=NOW() WHERE id = 49
[2010-03-07 19:03] UPDATE vehicles SET model='521', currx='-1329.132812', curry='1988.763672', currz='51.818668', currrx='353.3642578125', currry='2.164306640625', currrz='206.51000976563', color1='77', color2='76', fuel='75.044874289539', engine='1', locked='1', lights='1', wheel1='0', wheel2='0', wheel3='0', wheel4='0' WHERE id='1203'
[2010-03-07 19:03] UPDATE vehicles SET panel0='0', panel1='0', panel2='0', panel3='0', panel4='0', panel5='0', panel6='0', door1='0', door2='0', door3='0', door4='0', door5='0', door6='0', hp='858.11968994141', sirens='0', paintjob='3', currdimension='0', currinterior='0' WHERE id='1203'
[2010-03-07 19:03] UPDATE vehicles SET upgrade0='0', upgrade1='0', upgrade2='0', upgrade3='0', upgrade4='0', upgrade5='0', upgrade6='0', upgrade7='0', upgrade8='0', upgrade9='0', upgrade10='0', upgrade11='0', upgrade12='0', upgrade13='0', upgrade14='0', upgrade15='0', upgrade16='0', Impounded='0', handbrake='0' WHERE id='1203'
[2010-03-07 19:03] UPDATE characters SET x='-1329.1328125', y='1988.763671875', z='51.818668365479', rotation='126.56716918945', health='97.254905700684', armor='0', dimension_id='0', interior_id='0', lastlogin=NOW(), lastarea='Tierra Robada', timeinserver='106' WHERE id=30420
[2010-03-07 19:03] UPDATE accounts SET lastlogin=NOW() WHERE id = 29174
[2010-03-07 19:03] UPDATE characters SET x='255.29296875', y='1254.8447265625', z='1084.2578125', rotation='270.53421020508', health='74.509803771973', armor='0', dimension_id='9668', interior_id='9', lastlogin=NOW(), lastarea='10, San Pedro Avenue', timeinserver='150' WHERE id=30739
[2010-03-07 19:03] UPDATE accounts SET lastlogin=NOW() WHERE id = 29395
[2010-03-07 19:03] UPDATE characters SET x='-410.36328125', y='-1749.4833984375', z='7.1924428939819', rotation='39.279479980469', health='64.31372833252', armor='0', dimension_id='0', interior_id='0', lastlogin=NOW(), lastarea='Flint County', timeinserver='108' WHERE id=30291
[2010-03-07 19:03] UPDATE accounts SET lastlogin=NOW() WHERE id = 29068
[2010-03-07 19:03] UPDATE characters SET x='617.0556640625', y='-1244.1044921875', z='18.204847335815', rotation='4.655517578125', health='84.70588684082', armor='0', dimension_id='0', interior_id='0', lastlogin=NOW(), lastarea='Rodeo', timeinserver='116' WHERE id=28990
[2010-03-07 19:03] UPDATE accounts SET lastlogin=NOW() WHERE id = 13289
[2010-03-07 19:03] UPDATE characters SET x='-229.1015625', y='1410.8798828125', z='28.419809341431', rotation='12.093383789063', health='55.686275482178', armor='0', dimension_id='344', interior_id='18', lastlogin=NOW(), lastarea='The Driver\'s Lounge', timeinserver='92' WHERE id=18573
[2010-03-07 19:03] UPDATE accounts SET lastlogin=NOW() WHERE id = 8233
[2010-03-07 19:03] UPDATE characters SET x='611.3857421875', y='-1420.7802734375', z='13.73104095459', rotation='216.57405090332', health='93.333335876465', armor='0', dimension_id='0', interior_id='0', lastlogin=NOW(), lastarea='Rodeo', timeinserver='406' WHERE id=26333
[2010-03-07 19:03] UPDATE accounts SET lastlogin=NOW() WHERE id = 11195
[2010-03-07 19:03] UPDATE vehicles SET model='533', currx='593.231445', curry='-1234.120117', currz='17.574383', currrx='1.153564453125', currry='353.07312011719', currrz='292.57690429688', color1='53', color2='0', fuel='70.073583226949', engine='1', locked='0', lights='1', wheel1='0', wheel2='0', wheel3='0', wheel4='0' WHERE id='1009'
[2010-03-07 19:03] UPDATE vehicles SET panel0='0', panel1='1', panel2='0', panel3='0', panel4='0', panel5='1', panel6='0', door1='0', door2='0', door3='0', door4='0', door5='0', door6='0', hp='995.36016845703', sirens='0', paintjob='3', currdimension='0', currinterior='0' WHERE id='1009'
[2010-03-07 19:03] UPDATE vehicles SET upgrade0='0', upgrade1='0', upgrade2='0', upgrade3='0', upgrade4='0', upgrade5='0', upgrade6='0', upgrade7='0', upgrade8='0', upgrade9='0', upgrade10='0', upgrade11='0', upgrade12='0', upgrade13='0', upgrade14='0', upgrade15='0', upgrade16='0', Impounded='0', handbrake='0' WHERE id='1009'
[2010-03-07 19:03] UPDATE characters SET x='593.2314453125', y='-1234.1201171875', z='17.574392318726', rotation='3.52392578125', health='84.70588684082', armor='0', dimension_id='0', interior_id='0', lastlogin=NOW(), lastarea='Richman', timeinserver='109' WHERE id=29450
[2010-03-07 19:03] UPDATE accounts SET lastlogin=NOW() WHERE id = 28604
[2010-03-07 19:03] UPDATE characters SET x='1435.4775390625', y='334.6357421875', z='18.84167098999', rotation='133.23599243164', health='64.31372833252', armor='0', dimension_id='0', interior_id='0', lastlogin=NOW(), lastarea='Montgomery', timeinserver='28' WHERE id=25970
[2010-03-07 19:03] UPDATE accounts SET lastlogin=NOW() WHERE id = 11903
[2010-03-07 19:03] UPDATE characters SET x='255.5048828125', y='1253.3544921875', z='1084.2578125', rotation='267.17236328125', health='83.921569824219', armor='0', dimension_id='9668', interior_id='9', lastlogin=NOW(), lastarea='10, San Pedro Avenue', timeinserver='123' WHERE id=30125
[2010-03-07 19:03] UPDATE accounts SET lastlogin=NOW() WHERE id = 29004
[2010-03-07 19:03] UPDATE characters SET x='1257.0224609375', y='-39.455078125', z='1001.0234375', rotation='326.79605102539', health='80', armor='0', dimension_id='5', interior_id='18', lastlogin=NOW(), lastarea='J&C Warehouse', timeinserver='86' WHERE id=1476
[2010-03-07 19:03] UPDATE accounts SET lastlogin=NOW() WHERE id = 131
[2010-03-07 19:03] UPDATE characters SET x='1001.3212890625', y='-1335.5390625', z='13.3828125', rotation='145.5573425293', health='83.137252807617', armor='0', dimension_id='0', interior_id='0', lastlogin=NOW(), lastarea='Market', timeinserver='51' WHERE id=25715
[2010-03-07 19:03] UPDATE accounts SET lastlogin=NOW() WHERE id = 11154
[2010-03-07 19:03] UPDATE characters SET x='2112.140625', y='-1499.017578125', z='23.804349899292', rotation='1.3760681152344', health='100.3921661377', armor='0', dimension_id='0', interior_id='0', lastlogin=NOW(), lastarea='Idlewood', timeinserver='59' WHERE id=29684
[2010-03-07 19:03] UPDATE accounts SET lastlogin=NOW() WHERE id = 12672
[2010-03-07 19:03] UPDATE characters SET x='619.53997802734', y='-1509.3000488281', z='14.970000267029', rotation='55.978881835938', health='0', armor='0', dimension_id='0', interior_id='0', lastlogin=NOW(), lastarea='Rodeo', timeinserver='58' WHERE id=20260
[2010-03-07 19:03] UPDATE accounts SET lastlogin=NOW() WHERE id = 9088
[2010-03-07 19:03] UPDATE vehicles SET model='579', currx='1934.880859', curry='-1781.848633', currz='13.313923', currrx='359.35729980469', currry='359.91760253906', currrz='181.18103027344', color1='4', color2='0', fuel='26.823622621823', engine='1', locked='1', lights='1', wheel1='0', wheel2='0', wheel3='0', wheel4='0' WHERE id='572'
[2010-03-07 19:03] UPDATE vehicles SET panel0='3', panel1='2', panel2='0', panel3='0', panel4='1', panel5='2', panel6='2', door1='4', door2='2', door3='2', door4='2', door5='2', door6='4', hp='580.70819091797', sirens='0', paintjob='3', currdimension='0', currinterior='0' WHERE id='572'
[2010-03-07 19:03] UPDATE vehicles SET upgrade0='0', upgrade1='0', upgrade2='0', upgrade3='0', upgrade4='0', upgrade5='0', upgrade6='0', upgrade7='0', upgrade8='0', upgrade9='0', upgrade10='0', upgrade11='0', upgrade12='0', upgrade13='0', upgrade14='0', upgrade15='0', upgrade16='0', Impounded='0', handbrake='0' WHERE id='572'
[2010-03-07 19:03] UPDATE characters SET x='1934.34765625', y='-1781.7705078125', z='13.329119682312', rotation='178.56628417969', health='100.3921661377', armor='0', dimension_id='0', interior_id='0', lastlogin=NOW(), lastarea='Idlewood', timeinserver='43' WHERE id=30260
[2010-03-07 19:03] UPDATE accounts SET lastlogin=NOW() WHERE id = 29075
[2010-03-07 19:03] UPDATE characters SET x='1037.5009765625', y='-1156.841796875', z='23.828125', rotation='273.18197631836', health='15.686275482178', armor='0', dimension_id='0', interior_id='0', lastlogin=NOW(), lastarea='Market', timeinserver='49' WHERE id=31064
[2010-03-07 19:03] UPDATE accounts SET lastlogin=NOW() WHERE id = 29594
[2010-03-07 19:03] UPDATE vehicles SET model='547', currx='615.333008', curry='-1239.869141', currz='18.031931', currrx='359.33532714844', currry='359.80224609375', currrz='186.78405761719', color1='16', color2='0', fuel='39.218325618552', engine='0', locked='1', lights='1', wheel1='0', wheel2='0', wheel3='0', wheel4='0' WHERE id='1244'
[2010-03-07 19:03] UPDATE vehicles SET panel0='0', panel1='0', panel2='0', panel3='0', panel4='0', panel5='0', panel6='2', door1='0', door2='2', door3='2', door4='0', door5='2', door6='2', hp='940.65936279297', sirens='0', paintjob='3', currdimension='0', currinterior='0' WHERE id='1244'
[2010-03-07 19:03] UPDATE vehicles SET upgrade0='0', upgrade1='0', upgrade2='0', upgrade3='0', upgrade4='0', upgrade5='0', upgrade6='0', upgrade7='0', upgrade8='0', upgrade9='0', upgrade10='0', upgrade11='0', upgrade12='0', upgrade13='0', upgrade14='0', upgrade15='0', upgrade16='0', Impounded='0', handbrake='0' WHERE id='1244'
[2010-03-07 19:03] UPDATE characters SET x='615.3330078125', y='-1239.869140625', z='18.031930923462', rotation='186.74571228027', health='76.862747192383', armor='0', dimension_id='0', interior_id='0', bankmoney = bankmoney + 0, lastlogin=NOW(), lastarea='Rodeo', timeinserver='151' WHERE id=29314
[2010-03-07 19:03] UPDATE accounts SET lastlogin=NOW() WHERE id = 13290
[2010-03-07 19:03] UPDATE characters SET x='1257.0224609375', y='-39.455078125', z='1001.0234375', rotation='326.79605102539', health='80', armor='0', dimension_id='5', interior_id='18', bankmoney = bankmoney + 0, lastlogin=NOW(), lastarea='J&C Warehouse', timeinserver='86' WHERE id=1476
[2010-03-07 19:03] UPDATE accounts SET lastlogin=NOW() WHERE id = 131
[2010-03-07 19:03] UPDATE characters SET x='617.0556640625', y='-1244.1044921875', z='18.204847335815', rotation='4.655517578125', health='84.70588684082', armor='0', dimension_id='0', interior_id='0', bankmoney = bankmoney + 0, lastlogin=NOW(), lastarea='Rodeo', timeinserver='116' WHERE id=28990
[2010-03-07 19:03] UPDATE accounts SET lastlogin=NOW() WHERE id = 13289
[2010-03-07 19:03] UPDATE characters SET x='2614.34765625', y='182.60546875', z='50.457244873047', rotation='164.94848632813', health='98.823532104492', armor='0', dimension_id='0', interior_id='0', bankmoney = bankmoney + 0, lastlogin=NOW(), lastarea='Hankypanky Point', timeinserver='58' WHERE id=29864
[2010-03-07 19:03] UPDATE accounts SET lastlogin=NOW() WHERE id = 1629
[2010-03-07 19:03] UPDATE vehicles SET model='521', currx='-1025.166016', curry='1713.99707', currz='30.75395', currrx='352.40844726563', currry='8.2672119140625', currrz='262.177734375', color1='77', color2='76', fuel='75.044874289539', engine='1', locked='1', lights='1', wheel1='0', wheel2='0', wheel3='0', wheel4='0' WHERE id='1203'
[2010-03-07 19:03] UPDATE vehicles SET panel0='0', panel1='0', panel2='0', panel3='0', panel4='0', panel5='0', panel6='0', door1='0', door2='0', door3='0', door4='0', door5='0', door6='0', hp='858.11968994141', sirens='0', paintjob='3', currdimension='0', currinterior='0' WHERE id='1203'
[2010-03-07 19:03] UPDATE vehicles SET upgrade0='0', upgrade1='0', upgrade2='0', upgrade3='0', upgrade4='0', upgrade5='0', upgrade6='0', upgrade7='0', upgrade8='0', upgrade9='0', upgrade10='0', upgrade11='0', upgrade12='0', upgrade13='0', upgrade14='0', upgrade15='0', upgrade16='0', Impounded='0', handbrake='0' WHERE id='1203'
[2010-03-07 19:04] SELECT id, charactername, cked, lastarea, age, gender, faction_id, faction_rank, skin, DATEDIFF(NOW(), lastlogin) as llastlogin FROM characters WHERE account='26655'  ORDER BY cked ASC, lastlogin DESC
[2010-03-07 19:04] UPDATE vehicles SET model='587', currx='1024.816406', curry='-1046.000977', currz='31.362328', currrx='359.48364257813', currry='359.96154785156', currrz='1.4227294921875', color1='17', color2='1', fuel='18.731045571193', engine='0', locked='0', lights='1', wheel1='0', wheel2='0', wheel3='0', wheel4='0' WHERE id='336'
[2010-03-07 19:04] UPDATE vehicles SET panel0='3', panel1='2', panel2='0', panel3='0', panel4='2', panel5='2', panel6='2', door1='4', door2='2', door3='0', door4='2', door5='0', door6='0', hp='299.87789916992', sirens='0', paintjob='3', currdimension='0', currinterior='0' WHERE id='336'
[2010-03-07 19:04] UPDATE vehicles SET upgrade0='0', upgrade1='0', upgrade2='0', upgrade3='0', upgrade4='0', upgrade5='0', upgrade6='0', upgrade7='0', upgrade8='0', upgrade9='0', upgrade10='0', upgrade11='0', upgrade12='0', upgrade13='0', upgrade14='0', upgrade15='0', upgrade16='0', Impounded='0', handbrake='0' WHERE id='336'
[2010-03-07 19:04] UPDATE characters SET x='1024.81640625', y='-1046.0009765625', z='31.362321853638', rotation='170.12860107422', health='80', armor='0', dimension_id='0', interior_id='0', lastlogin=NOW(), lastarea='Temple', timeinserver='82' WHERE id=26959
[2010-03-07 19:04] UPDATE accounts SET lastlogin=NOW() WHERE id = 26655
[2010-03-07 19:04] SELECT email FROM accounts WHERE id = '26655'
[2010-03-07 19:04] UPDATE characters SET x='2614.642578125', y='181.58203125', z='50.233428955078', rotation='75.062469482422', health='75.294120788574', armor='0', dimension_id='0', interior_id='0', bankmoney = bankmoney + 0, lastlogin=NOW(), lastarea='Hankypanky Point', timeinserver='44' WHERE id=29337
[2010-03-07 19:04] UPDATE accounts SET lastlogin=NOW() WHERE id = 28539
[2010-03-07 19:04] SELECT * FROM characters WHERE charactername='Bradley_Davis' AND account='26655'
[2010-03-07 19:04] UPDATE characters SET lastlogin=NOW() WHERE id='26959'
[2010-03-07 19:04] UPDATE characters SET money = 479 WHERE id = 26959
[2010-03-07 19:04] SELECT COUNT(*) as 'numbr'  FROM `vehicles` WHERE `owner` = 26959 and `Impounded` > 0
[2010-03-07 19:04] UPDATE characters SET x='2333.6884765625', y='-1524.2451171875', z='23.992210388184', rotation='312.79376220703', health='87.058822631836', armor='0', dimension_id='0', interior_id='0', bankmoney = bankmoney + 0, lastlogin=NOW(), lastarea='East Los Santos', timeinserver='61' WHERE id=29760
[2010-03-07 19:04] UPDATE accounts SET lastlogin=NOW() WHERE id = 5444
[2010-03-07 19:04] UPDATE characters SET money = money - 15 WHERE id = 19021
