[2010-03-06 23:47] Kate Rizaru gave Kate Rizaru a Minigun with 50 Ammo.
[2010-03-06 23:47] Kate Rizaru gave Kate Rizaru a Minigun with 50 Ammo.
[2010-03-06 23:47] Kate Rizaru gave Kate Rizaru a Minigun with 50 Ammo.
[2010-03-06 23:47] Kate Rizaru gave Kate Rizaru a Minigun with 50 Ammo.
[2010-03-06 23:47] Kate Rizaru gave Kate Rizaru a Minigun with 50 Ammo.
[2010-03-06 23:47] Kate Rizaru gave Kate Rizaru a Minigun with 50 Ammo.
[2010-03-06 23:47] Kate Rizaru gave Kate Rizaru a Minigun with 50 Ammo.
[2010-03-06 23:48] Kate Rizaru gave Kate Rizaru a Minigun with 155 Ammo.
[2010-03-06 23:58] Kate Rizaru gave Vanna Carissa a Minigun with 1000 Ammo.
[2010-03-07 00:24] Matt Desmore gave Jackson Shakur a Colt 45 with 25 Ammo.
[2010-03-07 03:28] Nathan Daniels gave Kitagaki Mitsuharu a Silenced with 10 Ammo.
[2010-03-07 04:39] Matt Desmore gave Sev Wiseman a Colt 45 with 200 Ammo.
[2010-03-07 05:10] Nathan Daniels gave Nathan Daniels a Colt 45 with 15000 Ammo.
[2010-03-07 05:14] Nathan Daniels gave Nathan Daniels a Uzi with 15000 Ammo.
[2010-03-07 05:25] Nathan Daniels gave Nathan Daniels a Fire with 5000 Ammo.
[2010-03-07 06:32] Shawn Brown gave Shawn Brown a M4 with 100 Ammo.
[2010-03-07 09:59] Kate Rizaru gave Kate Rizaru a Minigun with 100 Ammo.
[2010-03-07 10:32] Tony Salvana gave Vanna Carissa a Minigun with 500 Ammo.
[2010-03-07 10:36] Tony Salvana gave Tony Salvana a Deagle with 10 Ammo.
[2010-03-07 10:56] Tony Salvana gave Tony Salvana a Fire with 100 Ammo.
[2010-03-07 13:16] Leo Brownstone gave Raynard Morgan a AK-47 with 1 Ammo.
[2010-03-07 14:58] Kate Rizaru gave Kate Rizaru a Minigun with 100 Ammo.
[2010-03-07 15:01] Kate Rizaru gave Kate Rizaru a Flower with 1 Ammo.
[2010-03-07 15:09] Kate Rizaru gave Kate Rizaru a Deagle with 50 Ammo.
[2010-03-07 15:25] Kate Rizaru gave Kate Rizaru a Minigun with 1500 Ammo.
[2010-03-07 15:28] Kate Rizaru gave Kate Rizaru a Silenced with 18 Ammo.
[2010-03-07 17:08] Anton Asimov gave Vladimir Burin a Colt 45 with 1 Ammo.
[2010-03-07 18:13] Mikhail Strogov gave Mikhail Strogov a Minigun with 100 Ammo.
[2010-03-07 19:23] Tony Salvana gave Richard Banks a Silenced with 10 Ammo.
[2010-03-07 19:23] Tony Salvana gave Richard Banks a M4 with 10 Ammo.
[2010-03-07 19:23] Tony Salvana gave Richard Banks a Colt 45 with 10 Ammo.
[2010-03-07 19:23] Tony Salvana gave Tony Salvana a Shotgun with 5 Ammo.
[2010-03-07 19:23] Tony Salvana gave Tony Salvana a Colt 45 with 5 Ammo.
[2010-03-07 19:35] Kate Rizaru gave Kate Rizaru a Minigun with 1 Ammo.
[2010-03-07 19:44] Kate Rizaru gave Katy Clark a Dildo with 1 Ammo.
[2010-03-07 19:47] Kate Rizaru gave Kate Rizaru a Minigun with 15000 Ammo.
[2010-03-07 19:48] Kate Rizaru gave Vanna Carissa a Silenced with 20 Ammo.
[2010-03-07 19:48] Kate Rizaru gave Vanna Carissa a Minigun with 50 Ammo.
[2010-03-07 20:27] Kate Rizaru gave Kate Rizaru a Minigun with 1 Ammo.
