[2010-03-06 23:54] [LOCK] car #-1 was locked by Matsuhiro_Takeda
[2010-03-07 00:02] [LOCK] car #-1 was locked by Matsuhiro_Takeda
[2010-03-07 00:02] [UNLOCK] car #-1 was unlocked by Matsuhiro_Takeda
[2010-03-07 01:31] [UNLOCK] car #1325 was unlocked by Matt_Desmore
[2010-03-07 03:25] [UNLOCK] car #149 was unlocked by Richard_Banks
[2010-03-07 03:30] [UNLOCK] car #963 was unlocked by Richard_Banks
[2010-03-07 03:36] [UNLOCK] car #1169 was unlocked by Richard_Banks
[2010-03-07 05:03] [UNLOCK] car #863 was unlocked by Matt_Desmore
[2010-03-07 05:03] [LOCK] car #863 was locked by Matt_Desmore
[2010-03-07 09:56] [UNLOCK] car #202 was unlocked by Kate_Rizaru
[2010-03-07 10:03] [UNLOCK] car #1283 was unlocked by Kate_Rizaru
[2010-03-07 10:40] [UNLOCK] car #374 was unlocked by Kate_Rizaru
[2010-03-07 10:47] [UNLOCK] car #1266 was unlocked by Raynard_Morgan
[2010-03-07 12:45] [UNLOCK] car #1315 was unlocked by Leo_Brownstone
[2010-03-07 15:14] [UNLOCK] car #1328 was unlocked by Kate_Rizaru
[2010-03-07 15:15] [UNLOCK] car #1328 was unlocked by Kate_Rizaru
[2010-03-07 15:16] [UNLOCK] car #1328 was unlocked by Kate_Rizaru
[2010-03-07 15:25] [LOCK] car #1328 was locked by Kate_Rizaru
[2010-03-07 15:56] [LOCK] car #179 was locked by Greg_Norris
[2010-03-07 15:58] [LOCK] car #578 was locked by Greg_Norris
[2010-03-07 17:12] [UNLOCK] car #600 was unlocked by Greg_Norris
[2010-03-07 17:18] [UNLOCK] car #1097 was unlocked by Thaddius_Sawyer
[2010-03-07 17:20] [UNLOCK] car #1232 was unlocked by Richard_Banks
[2010-03-07 17:40] [UNLOCK] car #360 was unlocked by Greg_Norris
[2010-03-07 17:54] [UNLOCK] car #254 was unlocked by Lino_Kazuma
[2010-03-07 18:35] [UNLOCK] car #282 was unlocked by Pavlik_Kristikov
[2010-03-07 18:37] [UNLOCK] car #482 was unlocked by Pavlik_Kristikov
[2010-03-07 19:00] [UNLOCK] car #807 was unlocked by Greg_Norris
[2010-03-07 19:00] [UNLOCK] car #661 was unlocked by Greg_Norris
[2010-03-07 19:00] [LOCK] car #661 was locked by Greg_Norris
[2010-03-07 19:00] [UNLOCK] car #625 was unlocked by Greg_Norris
[2010-03-07 19:00] [UNLOCK] car #717 was unlocked by Greg_Norris
[2010-03-07 19:02] [UNLOCK] car #661 was unlocked by Greg_Norris
[2010-03-07 19:02] [UNLOCK] car #26 was unlocked by Richard_Banks
[2010-03-07 19:07] [UNLOCK] car #621 was unlocked by Greg_Norris
[2010-03-07 19:07] [UNLOCK] car #661 was unlocked by Greg_Norris
[2010-03-07 19:08] [LOCK] car #600 was locked by Greg_Norris
[2010-03-07 19:08] [LOCK] car #807 was locked by Greg_Norris
[2010-03-07 19:08] [LOCK] car #625 was locked by Greg_Norris
[2010-03-07 19:08] [LOCK] car #717 was locked by Greg_Norris
[2010-03-07 19:09] [LOCK] car #661 was locked by Greg_Norris
[2010-03-07 19:09] [LOCK] car #621 was locked by Greg_Norris
[2010-03-07 19:09] [UNLOCK] car #621 was unlocked by Greg_Norris
[2010-03-07 19:09] [LOCK] car #621 was locked by Greg_Norris
[2010-03-07 19:11] [UNLOCK] car #984 was unlocked by Raymond_Farrell
[2010-03-07 19:12] [LOCK] car #984 was locked by Raymond_Farrell
[2010-03-07 19:12] [UNLOCK] car #1026 was unlocked by Raymond_Farrell
[2010-03-07 19:17] [UNLOCK] car #320 was unlocked by Greg_Norris
[2010-03-07 19:17] [LOCK] car #320 was locked by Greg_Norris
[2010-03-07 20:24] [UNLOCK] car #958 was unlocked by Greg_Norris
[2010-03-07 20:33] [LOCK] car #958 was locked by Greg_Norris
[2010-03-07 21:18] [UNLOCK] car #1132 was unlocked by Greg_Norris
