[2010-03-06 23:31] ADVERT: Dollar Cabbies||Sponsored by Fields Light beer//Also visit www.Bibles.sa. ((Ryan Nash))
[2010-03-06 23:34] ADVERT: Selling sultan. Call or SMS. ((Sarah Paterno))
[2010-03-06 23:34] ADVERT: Selling/Trading Quadbike, Flash and Elegy! Cars got a paintjob! ||CALL OR SMS NOW||. ((Jimmy Sanders))
[2010-03-06 23:35] ADVERT: Selling sultan. Call or SMS. ((Sarah Paterno))
[2010-03-06 23:37] ADVERT: Selling/trading Feltzer call with offers. ((Garry Jenkins))
[2010-03-06 23:37] ADVERT: Selling Yosemite. ((Nathan Spencer))
[2010-03-06 23:39] ADVERT: Dollar Cabbies||Sponsored by Fields Light beer//Also visit www.Bibles.sa. ((Ryan Nash))
[2010-03-06 23:39] ADVERT: Selling sultan. Call or SMS. ((Sarah Paterno))
[2010-03-06 23:40] ADVERT: Selling sultan. Call or SMS. ((Sarah Paterno))
[2010-03-06 23:41] ADVERT: Dollar Cabbies||Sponsored by Fields Light beer//Also visit www.Bibles.sa. ((Ryan Nash))
[2010-03-06 23:44] ADVERT: Dollar Cabbies||Sponsored by Fields Light beer//Also visit www.Bibles.sa. ((Ryan Nash))
[2010-03-06 23:45] ADVERT: Selling sultan. Call or SMS. ((Sarah Paterno))
[2010-03-06 23:47] ADVERT: Selling sultan. Call or SMS. ((Sarah Paterno))
[2010-03-06 23:53] ADVERT: Selling sultan. Call or SMS. ((Sarah Paterno))
[2010-03-06 23:53] ADVERT: Selling Elegy With Paintjob. ((Dante Garcia))
[2010-03-06 23:55] ADVERT: Selling Elegy with Paintjob.Sms prices!. ((Santiago Cortez))
[2010-03-06 23:56] ADVERT: buying cabbie call. ((Garry Jenkins))
[2010-03-06 23:57] ADVERT: Dollar Cabbies||Sponsored by Fields Light beer//Also visit www.Bibles.sa. ((Ryan Nash))
[2010-03-06 23:58] ADVERT: Selling sultan. Call or SMS. ((Sarah Paterno))
[2010-03-06 23:58] ADVERT: Selling Elegy With Paintjob. ((Dante Garcia))
[2010-03-07 00:01] ADVERT: Selling Mansion in Richman. ((Eusebio Fighetti))
[2010-03-07 00:01] ADVERT: Selling Elegy With Paintjob. ((Dante Garcia))
[2010-03-07 00:01] ADVERT: Selling/Trading Quadbike, Flash and Elegy! Cars got a paintjob! ||CALL OR SMS NOW||. ((Jimmy Sanders))
[2010-03-07 00:10] ADVERT: Selling||Faggio||Quad||SMS offers. ((Steve Downy))
[2010-03-07 00:11] ADVERT: Selling a Black Huntley. ((Chris Gary))
[2010-03-07 00:11] ADVERT: Selling Elegy With Paintjob. ((Dante Garcia))
[2010-03-07 00:12] ADVERT: Dollar Cabbies||Sponsored by Fields Light beer//Also visit www.Bibles.sa. ((Ryan Nash))
[2010-03-07 00:12] ADVERT: Dollar Cabbies||Sponsored by Fields Light beer//Also visit www.Bibles.sa wich is run by us||. ((Jenny Queen))
[2010-03-07 00:13] ADVERT: Selling/Trading Quadbike and Flash with paintjob ||CALL OR SMS NOW!!||. ((Jimmy Sanders))
[2010-03-07 00:16] ADVERT: Selling faggio and Quadbike||SMS offers. ((Steve Downy))
[2010-03-07 00:16] ADVERT: Selling/Trading Quadbike and Flash with paintjob ||CALL OR SMS NOW!!||. ((Jimmy Sanders))
[2010-03-07 00:19] ADVERT: Wanna go off-road? Buy a quad||Sms offers. ((Steve Downy))
[2010-03-07 00:19] ADVERT: Selling/Trading Quadbike and Flash with paintjob ||CALL OR SMS NOW!!||. ((Jimmy Sanders))
[2010-03-07 00:21] ADVERT: THIS WEEKEND COMING TO LOS SANTOS! QUAD WEEKEND! BUY BUY BUY! SELL SELL SELL!!!. ((Matt Desmore))
[2010-03-07 00:22] ADVERT: Selling/Trading Quadbike and Flash with paintjob ||CALL OR SMS NOW!!||. ((Jimmy Sanders))
[2010-03-07 00:30] ADVERT: Selling/Trading Quadbike and Flash with paintjob ||CALL OR SMS NOW!!||. ((Jimmy Sanders))
[2010-03-07 00:31] ADVERT: Sparrow for sale. ((Eusebio Fighetti))
[2010-03-07 00:34] ADVERT: Sparrow & Mansion for sale, sms offers.. ((Eusebio Fighetti))
[2010-03-07 00:37] ADVERT: Selling/Trading Quadbike and Flash with paintjob ||CALL OR SMS NOW!!||. ((Jimmy Sanders))
[2010-03-07 00:38] ADVERT: Follow the path.... ((Jimmy Sanders))
[2010-03-07 00:40] ADVERT: Faggio Taxis||Safe|| Italian Style||15 dollars||SMS. ((Steve Downy))
[2010-03-07 00:44] ADVERT: Faggio Taxis||Safe|| Italian Style||15 dollars||SMS. ((Steve Downy))
[2010-03-07 00:44] ADVERT: Dollar Cabbies||Sponsored by Fields Light beer//Also visit www.Bibles.sa. ((Ryan Nash))
[2010-03-07 00:44] ADVERT: ||LSES Recruiting|Are you Physically fit? Have Medical Training? Join us! ((Forums))| Sponsoring Ellahi's Car Rentals||. ((John Brenkly))
[2010-03-07 00:45] ADVERT: Selling Elegy With Paintjob. ((Dante Garcia))
[2010-03-07 00:45] ADVERT: Selling/Trading Quadbike and Flash with paintjob ||CALL OR SMS NOW!!||. ((Jimmy Sanders))
[2010-03-07 00:49] ADVERT: Selling/Trading Quadbike and Flash with paintjob ||CALL OR SMS NOW!!||. ((Jimmy Sanders))
[2010-03-07 00:52] ADVERT: Selling/Trading Quadbike and Flash with paintjob ||CALL OR SMS NOW!!||. ((Jimmy Sanders))
[2010-03-07 00:59] ADVERT: Need a ride at the mall asap.. ((Jimmy Sanders))
[2010-03-07 01:00] ADVERT: Selling/Trading Quadbike and Flash with paintjob ||CALL OR SMS NOW!!||. ((Jimmy Sanders))
[2010-03-07 01:08] ADVERT: Selling/Trading Quadbike and Flash with paintjob ||CALL OR SMS NOW!!||. ((Jimmy Sanders))
[2010-03-07 01:12] ADVERT: Seeling Hustler , pm for info. ((Dorobantu Daniel))
[2010-03-07 01:12] ADVERT: Selling/Trading Quadbike and Flash with paintjob ||CALL OR SMS NOW!!||. ((Jimmy Sanders))
[2010-03-07 01:14] ADVERT: Selling/Trading Quadbike and Flash with paintjob ||CALL OR SMS NOW!!||. ((Jimmy Sanders))
[2010-03-07 01:16] ADVERT: Selling Hustler , Pm for infos. ((Dorobantu Daniel))
[2010-03-07 01:19] ADVERT: Selling elegy!Sms me!. ((Santiago Cortez))
[2010-03-07 01:19] ADVERT: Dollar Cabbies||Sponsored by Fields Light beer//Also visit www.Bibles.sa. ((Ryan Nash))
[2010-03-07 01:20] ADVERT: Sellin a Elegy with paintjob.SMS ME!. ((Santiago Cortez))
[2010-03-07 01:20] ADVERT: Selling/Trading Quadbike and Flash with paintjob ||CALL OR SMS NOW!!||. ((Jimmy Sanders))
[2010-03-07 01:24] ADVERT: Selling/Trading Quadbike and Flash with paintjob ||CALL OR SMS NOW!!||. ((Jimmy Sanders))
[2010-03-07 01:25] ADVERT: selling hustler , 20.000 negociable. ((Dorobantu Daniel))
[2010-03-07 01:25] ADVERT: Selling/Trading Quadbike and Flash with paintjob ||CALL OR SMS NOW!!||. ((Jimmy Sanders))
[2010-03-07 01:28] ADVERT: looking for fcr 900. ((Adam Benjamin))
[2010-03-07 01:29] ADVERT: Looking for a cheap motorcycle. ((Axel Corleone))
[2010-03-07 01:29] ADVERT: looking for pcj 600. ((Adam Benjamin))
[2010-03-07 01:30] ADVERT: Looking for a cheap motorcycle. ((Axel Corleone))
[2010-03-07 01:32] ADVERT: Selling/Trading Quadbike and Flash with paintjob ||CALL OR SMS NOW!!||. ((Jimmy Sanders))
[2010-03-07 01:37] ADVERT: Looking for a cheap motorcycle!. ((Axel Corleone))
[2010-03-07 01:38] ADVERT: Selling elegy with paintjob.SMS VERY CHEAP!. ((Santiago Cortez))
[2010-03-07 01:38] ADVERT: Selling Elegy With Paintjob. ((Nathan Spencer))
[2010-03-07 01:38] ADVERT: Selling Intruder! SMS Offers!. ((Ramon Fernandez))
[2010-03-07 01:38] ADVERT: Selling/Trading Quadbike and Flash with paintjob ||CALL OR SMS NOW!!||. ((Jimmy Sanders))
[2010-03-07 01:38] ADVERT: Looking for cheap motorcycle. ((Axel Corleone))
[2010-03-07 01:40] ADVERT: Selling Intruder! SMS Offers!. ((Ramon Fernandez))
[2010-03-07 01:40] ADVERT: Selling/Trading Quadbike and Flash with paintjob ||CALL OR SMS NOW!!||. ((Jimmy Sanders))
[2010-03-07 01:40] ADVERT: Selling Elegy With Paintjob. ((Nathan Spencer))
[2010-03-07 01:42] ADVERT: Looking for cheap motorcycle. ((Axel Corleone))
[2010-03-07 01:42] ADVERT: Selling elegy with paintjob.Call me now!. ((Santiago Cortez))
[2010-03-07 01:44] ADVERT: Selling Flash with paintjob! ||CALL OR SMS ME NOW!!||. ((Jimmy Sanders))
[2010-03-07 01:45] ADVERT: Looking for cheap motorcycle. ((Axel Corleone))
[2010-03-07 01:46] ADVERT: Selling Intruder|SMS Offers!. ((Ramon Fernandez))
[2010-03-07 01:48] ADVERT: Looking for cheap motorcycle. ((Axel Corleone))
[2010-03-07 01:48] ADVERT: Selling Intruder! SMS Offers!. ((Ramon Fernandez))
[2010-03-07 01:56] ADVERT: Selling tow truck for 3k (Chris Gary) Contact :45972. ((Chris Gary))
[2010-03-07 01:59] ADVERT: Selling a Elegy trading only for Savanna + cash.Call!. ((Santiago Cortez))
[2010-03-07 01:59] ADVERT: Selling Flash with paintjob! ||CALL OR SMS ME NOW!!||. ((Jimmy Sanders))
[2010-03-07 02:01] ADVERT: Selling Elegy trading only for Savanna + Cash.CALL. ((Santiago Cortez))
[2010-03-07 02:01] ADVERT: Selling Flash with paintjob! ||CALL OR SMS ME NOW!!||. ((Jimmy Sanders))
[2010-03-07 02:02] ADVERT: Selling Elegy With Paintjob. ((Nathan Spencer))
[2010-03-07 02:03] ADVERT: Looking for cheap motorcycle. ((Axel Corleone))
[2010-03-07 02:12] ADVERT: Selling Flash with paintjob! ||CALL OR SMS ME NOW!!||. ((Jimmy Sanders))
[2010-03-07 02:25] ADVERT: selling quad. ((Adam Benjamin))
[2010-03-07 02:25] ADVERT: Selling elegy with paintjob trading for Savanna.CALL!. ((Santiago Cortez))
[2010-03-07 02:30] ADVERT: Looking for cheap quad. ((Axel Corleone))
[2010-03-07 02:31] ADVERT: Looking for cheap quad/motorcycle. ((Axel Corleone))
[2010-03-07 02:32] ADVERT: Sparrow for sale. ((Eusebio Fighetti))
[2010-03-07 02:43] ADVERT: Selling elegy 45,000$ ONLY!!!CALL. ((Santiago Cortez))
[2010-03-07 02:52] ADVERT: Selling elegy with paintjob 45,000$ ONLY!!!CALL. ((Santiago Cortez))
[2010-03-07 03:03] ADVERT: Alex Towin' & Recovery, call now. ((Duke Garvey))
[2010-03-07 03:04] ADVERT: selling my bobcat banditto and nrg-500 sms or call me. ((Siash Langston))
[2010-03-07 03:04] ADVERT: Engine? Tyres? Repsray? Call BT&R on #999!. ((Marshal Carfield))
[2010-03-07 03:05] ADVERT: looking for cheap car. ((Adam Benjamin))
[2010-03-07 03:06] ADVERT: Selling elegy with paintjob.45,000$ ONLY CALL!. ((Santiago Cortez))
[2010-03-07 03:08] ADVERT: selling nrg-500 Bandito and bobcat sms or call with offers. ((Siash Langston))
[2010-03-07 03:08] ADVERT: Selling Flash with paintjob! ||CALL OR SMS ME NOW!!||. ((Jimmy Sanders))
[2010-03-07 03:12] ADVERT: Selling Blade and Elegy, Elegy is with Paintjob.Trading for Savanna.Call!. ((Santiago Cortez))
[2010-03-07 03:13] ADVERT: Looking for cheap quad/motorcycle. ((Axel Corleone))
[2010-03-07 03:16] ADVERT: Looking for cheap motorcycle. ((Axel Corleone))
[2010-03-07 03:17] ADVERT: selling bandito nrg-500 and bobcat call me if you want to buy one. ((Siash Langston))
[2010-03-07 03:18] ADVERT: Alex Towin' & Recovery, call now. ((Duke Garvey))
[2010-03-07 03:19] ADVERT: Selling a Windsor sports car, now only 80 grand, call or text.. ((Fred Kilroy))
[2010-03-07 03:20] ADVERT: Looking for cheap motorcycle!. ((Axel Corleone))
[2010-03-07 03:20] ADVERT: Selling Flash with paintjob! ||CALL OR SMS ME NOW!!||. ((Jimmy Sanders))
[2010-03-07 03:20] ADVERT: Selling Stratum 30k only call now1. ((Mark Linn))
[2010-03-07 03:21] ADVERT: Selling blade and Elegy with paintjob.Call!. ((Santiago Cortez))
[2010-03-07 03:22] ADVERT: Selling Flash with paintjob! ||CALL OR SMS ME NOW!!||. ((Jimmy Sanders))
[2010-03-07 03:23] ADVERT: Looking for a cheap quad/motorcycle. ((Axel Corleone))
[2010-03-07 03:24] ADVERT: selling/tradin my bandito my nrg-500 and my bobcat. ((Siash Langston))
[2010-03-07 03:27] ADVERT: Selling Blade and Elegy,Elegy has a paintjob.CALL. ((Santiago Cortez))
[2010-03-07 03:30] ADVERT: Looking for a personal driver. ((Jimmy Sanders))
[2010-03-07 03:40] ADVERT: Looking for cheap motorcycle. ((Axel Corleone))
[2010-03-07 03:42] ADVERT: Looking for cheap motorcycle. ((Axel Corleone))
[2010-03-07 03:44] ADVERT: Visit "pLace" your local hotspot on the corner just east of Idlewood gas!. ((Fred Kilroy))
[2010-03-07 03:45] ADVERT: Trading Stratum for Yosemite, call me. ((Mark Linn))
[2010-03-07 03:49] ADVERT: Visit "pLace" your local hotspot on the corner just east of Idlewood gas!. ((Fred Kilroy))
[2010-03-07 03:51] ADVERT: Windsor sports car for sale. Only 80.000 Dollars. Call or Text. ((Fred Kilroy))
[2010-03-07 04:03] ADVERT: selling quad. ((Adam Benjamin))
[2010-03-07 04:05] ADVERT: selling condo lear water 45k. ((Adam Benjamin))
[2010-03-07 04:06] ADVERT: Selling a Sultan|| Price: 85K|| Price at Grotti's: 102K|| Call Now!. ((Daniel Baker))
[2010-03-07 04:08] ADVERT: Come get your hotdog at King's hotdog van. Parked at Glen Park.. ((Malcolm King))
[2010-03-07 04:09] ADVERT: (( Selling Sapphire Beta Access - 50,000,000$ )). ((Nathan Daniels))
[2010-03-07 04:10] ADVERT: looking for a personal mechanic, call only. ((Mark Linn))
[2010-03-07 04:10] ADVERT: King's hotdogs, come get yours now at Glen Park. It's only $4.99!. ((Malcolm King))
[2010-03-07 04:14] ADVERT: Looking for a personal mechanic, call only. ((Mark Linn))
[2010-03-07 04:18] ADVERT: King's hotdog, come get yours at Glen Park.. ((Malcolm King))
[2010-03-07 04:27] ADVERT: Selling a Patriot, sms offers. ((Carol Andersson))
[2010-03-07 04:29] ADVERT: Selling/Trading Blade, Yosemite and Flash with paintjob! ||CALL OR SMS NOW||. ((Jimmy Sanders))
[2010-03-07 04:30] ADVERT: Trading Stratum for Yosemite. ((Mark Linn))
[2010-03-07 04:31] ADVERT: Selling/Trading Blade, Yosemite and Flash with paintjob! ||CALL OR SMS NOW||. ((Jimmy Sanders))
[2010-03-07 04:34] ADVERT: Want to get rid of a mosquito? Call me. ((Edd Brown))
[2010-03-07 04:38] ADVERT: Selling/Trading Blade, Yosemite and Flash with paintjob! ||CALL OR SMS NOW||. ((Jimmy Sanders))
[2010-03-07 04:41] ADVERT: Selling a Stratum 30k, call now. ((Mark Linn))
[2010-03-07 04:41] ADVERT: Selling/Trading Blade, Yosemite and Flash with paintjob! ||CALL OR SMS NOW||. ((Jimmy Sanders))
[2010-03-07 04:42] ADVERT: selling a quad. ((Adam Benjamin))
[2010-03-07 04:44] ADVERT: Selling/Trading Blade, Yosemite and Flash with paintjob! ||CALL OR SMS NOW||. ((Jimmy Sanders))
[2010-03-07 04:46] ADVERT: selling condo 50k near water. ((Adam Benjamin))
[2010-03-07 04:49] ADVERT: Selling/Trading Blade, Yosemite and Flash with paintjob! ||CALL OR SMS NOW||. ((Jimmy Sanders))
[2010-03-07 04:49] ADVERT: Selling a Stratum in good condition 30k only, call now!. ((Mark Linn))
[2010-03-07 04:53] ADVERT: Selling a FLASH call/sms offers!!!!!!!. ((Drew Bronson))
[2010-03-07 04:57] ADVERT: Selling/Trading Blade, Yosemite and Flash with paintjob! ||CALL OR SMS NOW||. ((Jimmy Sanders))
[2010-03-07 04:57] ADVERT: sellling an apt near water 50k. ((Adam Benjamin))
[2010-03-07 04:57] ADVERT: Selling/Trading Blade, Yosemite and Flash with paintjob! ||CALL OR SMS NOW||. ((Jimmy Sanders))
[2010-03-07 04:59] ADVERT: Buying a FLASH $24,000!! Call/Sms!!!. ((Drew Bronson))
[2010-03-07 05:00] ADVERT: Selling a FLASH 24,000 call/sms!!!. ((Drew Bronson))
[2010-03-07 05:03] ADVERT: selling apt near water 40k. ((Adam Benjamin))
[2010-03-07 05:04] ADVERT: Selling a Stratum 30, call or sms. ((Mark Linn))
[2010-03-07 05:05] ADVERT: Windsor for sale, only a mere 80 grand, call or text.. ((Fred Kilroy))
[2010-03-07 05:12] ADVERT: selling an apartment 1 room near water 40k. ((Adam Benjamin))
[2010-03-07 05:16] ADVERT: Selling/Trading Blade, Yosemite and Flash with paintjob! ||CALL OR SMS NOW||. ((Jimmy Sanders))
[2010-03-07 05:20] ADVERT: Selling/Trading Blade, Yosemite and Flash with paintjob! ||CALL OR SMS NOW||. ((Jimmy Sanders))
[2010-03-07 05:26] ADVERT: Visit "pLace" your local hotspot on the corner just east of Idlewood gas!. ((Fred Kilroy))
[2010-03-07 05:36] ADVERT: Selling/Trading Blade, Yosemite and Flash with paintjob! ||CALL OR SMS NOW||. ((Jimmy Sanders))
[2010-03-07 05:37] ADVERT: Selling/Trading Blade, Yosemite and Flash with paintjob! ||CALL OR SMS NOW||. ((Jimmy Sanders))
[2010-03-07 05:52] ADVERT: Selling Bravura. ((Bradley Davis))
[2010-03-07 06:17] ADVERT: Got a problem with Knee Grows? Call now. ((Matt Desmore))
[2010-03-07 06:41] ADVERT: selling a quad sms offers. ((Adam Benjamin))
[2010-03-07 06:43] ADVERT: selling a quad sms offers. ((Adam Benjamin))
[2010-03-07 06:45] ADVERT: buying a good vehicle under 10,000. ((Joshua Loyd))
[2010-03-07 06:46] ADVERT: Looking to Buy a Garage or Trade a Car fo rit.. ((Jay Carey))
[2010-03-07 06:50] ADVERT: Trading Infernus for Turismo and some $$. ((Jay Carey))
[2010-03-07 06:55] ADVERT: Buying any Business Shop and Katana Call me. ((Kyohei Makasaru))
[2010-03-07 07:02] ADVERT: Buying any Business Shop and Katana Call me. ((Kyohei Makasaru))
[2010-03-07 07:04] ADVERT: buying BLADE for 25k. ((Edd Brown))
[2010-03-07 07:11] ADVERT: Buying any Business Shop and Katana Call me. ((Kyohei Makasaru))
[2010-03-07 07:13] ADVERT: Buying a Luxury House Call me. ((Kyohei Makasaru))
[2010-03-07 07:18] ADVERT: Taxi driver on duty, Just call. ((Joseph McVey))
[2010-03-07 07:27] ADVERT: Selling a Stratum 30k, call only.. ((Mark Linn))
[2010-03-07 07:27] ADVERT: Buying any Business Shop and Luxury House Call me. ((Kyohei Makasaru))
[2010-03-07 07:29] ADVERT: selling quad. ((Adam Benjamin))
[2010-03-07 07:55] ADVERT: Selling Hotknife.Sms offers. ((Medwin Metz))
[2010-03-07 08:13] ADVERT: Selling/trading Feltzer Big garage and Huntley call with offers. ((Garry Jenkins))
[2010-03-07 08:18] ADVERT: Selling/trading Feltzer Big garage and Huntley call with offers. ((Garry Jenkins))
[2010-03-07 08:22] ADVERT: BT&R is now accepting recruits! Apply today or go to www.beststowing.sa. ((Ashley Greene))
[2010-03-07 08:27] ADVERT: ||selling a luxury house||2 floors + 1 wardrobe|| SMS or call me||. ((Frank Paterno))
[2010-03-07 08:30] ADVERT: BT&R is now accepting recruits! Apply today or go to www.beststowing.sa. ((Ashley Greene))
[2010-03-07 08:31] ADVERT: BT&R is now accepting recruits! Apply today or go to www.beststowing.sa. ((Ashley Greene))
[2010-03-07 08:44] ADVERT: ||selling a luxury house||2 floors + 1 wardrobe|| SMS or call me||. ((Frank Paterno))
[2010-03-07 08:47] ADVERT: selling quadbike. ((Adam Benjamin))
[2010-03-07 08:47] ADVERT: ||selling a luxury house||2 floors + 1 wardrobe|| SMS or call me||. ((Frank Paterno))
[2010-03-07 08:49] ADVERT: ||selling a luxury house||2 floors + 1 wardrobe|| SMS or call me||. ((Frank Paterno))
[2010-03-07 08:51] ADVERT: Selling/trading Feltzer Big garage and Huntley call with offers. ((Garry Jenkins))
[2010-03-07 08:52] ADVERT: selling picador. ((Kahni Kingston))
[2010-03-07 08:53] ADVERT: ||selling a luxury house||2 floors + 1 wardrobe|| SMS or call me||. ((Frank Paterno))
[2010-03-07 08:53] ADVERT: Selling Feltzer Big garage and Huntley call with offers. ((Garry Jenkins))
[2010-03-07 08:58] ADVERT: Alpha For Sale , SMS now. ((Ike Hemlock))
[2010-03-07 09:03] ADVERT: Selling Feltzer Big garage and Huntley call with offers. ((Garry Jenkins))
[2010-03-07 09:09] ADVERT: Selling Feltzer Big garage and Huntley call with offers. ((Garry Jenkins))
[2010-03-07 09:19] ADVERT: Selling Feltzer Big garage and Huntley call with offers. ((Garry Jenkins))
[2010-03-07 09:21] ADVERT: Trading Stratum for Admiral. call now. ((Mark Linn))
[2010-03-07 09:28] ADVERT: selling picador. ((Kahni Kingston))
[2010-03-07 09:28] ADVERT: selling quad 6500. ((Adam Benjamin))
[2010-03-07 09:30] ADVERT: Selling Feltzer Big garage and Huntley call with offers. ((Garry Jenkins))
[2010-03-07 09:39] ADVERT: Selling Feltzer Big garage and Huntley call with offers. ((Garry Jenkins))
[2010-03-07 09:39] ADVERT: Selling Feltzer Big garage and Huntley call with offers. ((Garry Jenkins))
[2010-03-07 09:39] ADVERT: buyng a small business or an office. contact me.. ((Zavier Kloppenberg))
[2010-03-07 09:42] ADVERT: need your car fixed call now. ((Adam Benjamin))
[2010-03-07 09:44] ADVERT: buying an small busines or office. ((Garry Jenkins))
[2010-03-07 09:44] ADVERT: buying an office or a small business. contact me. ((Zavier Kloppenberg))
[2010-03-07 09:46] ADVERT: BT&R - Towing, Repairs, Roadside Assistance. Call 999 or visit www.beststowing.sa. ((Dale Greene))
[2010-03-07 09:46] ADVERT: Selling Feltzer60k Big garage25k and Huntley65k call. ((Garry Jenkins))
[2010-03-07 09:49] ADVERT: Drivers Lounge , at taxi spot . VIP room with strippers for only $175. Enjoy&Drink. ((Ike Hemlock))
[2010-03-07 09:49] ADVERT: The Drivers Lounge! For Sale now!! SMS your offers!. ((Ike Hemlock))
[2010-03-07 09:55] ADVERT: FOR SALE : drivers lounge , bar with VIP Room - Only 400K!!. ((Ike Hemlock))
[2010-03-07 09:56] ADVERT: buying any car, limit 14k. ((Rinus Krimpen))
[2010-03-07 09:57] ADVERT: I'm selling my Sabre! call or SMS for offers.. ((Matsuko Kenshin))
[2010-03-07 09:58] ADVERT: [For sale][Business] The Drivers Lounge , SMS offers. ((Ike Hemlock))
[2010-03-07 09:58] ADVERT: Selling Feltzer60k Big garage25k and Huntley65k call. ((Garry Jenkins))
[2010-03-07 09:59] ADVERT: sell a dinghy sms or call offer. ((Rinus Krimpen))
[2010-03-07 10:04] ADVERT: Selling Elegy With Paintjob. ((Dante Garcia))
[2010-03-07 10:06] ADVERT: The drivers Lounge, For Sale , sach only ,SMS offers!. ((Ike Hemlock))
[2010-03-07 10:07] ADVERT: Selling/trading Feltzer Big garage and Huntley call with offers. ((Garry Jenkins))
[2010-03-07 10:08] ADVERT: Selling Elegy With Paintjob. ((Dante Garcia))
[2010-03-07 10:08] ADVERT: Selling Feltzer60k Big garage30k and Huntley65k call. ((Garry Jenkins))
[2010-03-07 10:10] ADVERT: For sale : THe Drivers Lounge! SMS offers now!. ((Ike Hemlock))
[2010-03-07 10:11] ADVERT: Im looking to buy a Fast car like : turismo , cheetah , infernus etc.. ((Ike Hemlock))
[2010-03-07 10:12] ADVERT: I'm selling my Sabre! call or SMS me for offers.. ((Matsuko Kenshin))
[2010-03-07 10:17] ADVERT: Selling Feltzer60k Big garage30k and Huntley65k call. ((Garry Jenkins))
[2010-03-07 10:20] ADVERT: Selling Feltzer60k Big garage30k and Huntley65k call. ((Garry Jenkins))
[2010-03-07 10:22] ADVERT: Richman home for sale. ((Junior Alvarez))
[2010-03-07 10:22] ADVERT: I'm selling my Sabre! Call or SMS for offers. ((Matsuko Kenshin))
[2010-03-07 10:27] ADVERT: sell a quad. ((Rinus Krimpen))
[2010-03-07 10:27] ADVERT: sell a fagio. ((Rinus Krimpen))
[2010-03-07 10:35] ADVERT: sell a fagio. ((Rinus Krimpen))
[2010-03-07 10:36] ADVERT: sell a fagio. ((Rinus Krimpen))
[2010-03-07 10:39] ADVERT: Selling Feltzer60k Big garage30k and Huntley65k call. ((Garry Jenkins))
[2010-03-07 10:41] ADVERT: sell a fagio. ((Rinus Krimpen))
[2010-03-07 10:42] ADVERT: sell a quad. ((Rinus Krimpen))
[2010-03-07 10:45] ADVERT: Selling Solair 15K.. ((Carl James))
[2010-03-07 10:47] ADVERT: sell a quad sms or call offer. ((Rinus Krimpen))
[2010-03-07 10:48] ADVERT: BT&R - Towing, Repairs, Roadside Assistance. Call 999 or visit www.beststowing.sa. ((Dale Greene))
[2010-03-07 10:48] ADVERT: Buying any vehicle for 10 Grand. Call me. ((Matt Callahan))
[2010-03-07 10:50] ADVERT: Buying a Club car. Call me. ((Matt Callahan))
[2010-03-07 10:53] ADVERT: I'm selling my Sabre! Call or SMS me for offers.. ((Matsuko Kenshin))
[2010-03-07 10:54] ADVERT: Young woman looking for a well paying job, I can do anything. ((Camilla Sanders))
[2010-03-07 10:54] ADVERT: Selling sultan with a custom Alien paintjob, sms offers.. ((Jamie Reeves))
[2010-03-07 10:54] ADVERT: First person to SMS wins a free Camper. ((Jick Nick))
[2010-03-07 10:55] ADVERT: Matt Callahan wins.. ((Jick Nick))
[2010-03-07 11:02] ADVERT: Selling Feltzer60k Big garage30k and Huntley65k call. ((Garry Jenkins))
[2010-03-07 11:05] ADVERT: Selling Camper || SMS offers. ((Matt Callahan))
[2010-03-07 11:05] ADVERT: Selling Elegy With Paintjob. ((Nathan Spencer))
[2010-03-07 11:06] ADVERT: Selling massive Garage in prime location at Unity Station | Call for a viewing.. ((Juan Gonzales))
[2010-03-07 11:09] ADVERT: Selling Elegy With Paintjob. ((Nathan Spencer))
[2010-03-07 11:09] ADVERT: 19 year old woman looking for well paying job, I can do anything. ((Camilla Sanders))
[2010-03-07 11:18] ADVERT: Selling Feltzer60k and Huntley65k call. ((Garry Jenkins))
[2010-03-07 11:20] ADVERT: Selling Stratum - a fast car for all your family or friends. Call or SMS now.. ((Mauricio Romero))
[2010-03-07 11:24] ADVERT: Selling Feltzer60k and Huntley65k call. ((Garry Jenkins))
[2010-03-07 11:25] ADVERT: Buying any car || Call me. ((Matt Callahan))
[2010-03-07 11:26] ADVERT: Rodeo Casino now open|One block west from PD|Come and double your money!. ((Patrick Woulfe))
[2010-03-07 11:27] ADVERT: Rodeo Casino now open|One block west from PD|Come and double your money!. ((Patrick Woulfe))
[2010-03-07 11:29] ADVERT: Young woman looking for a well paying job, Ill do whatever needs doing. ((Camilla Sanders))
[2010-03-07 11:29] ADVERT: Looking for my black Primo. CAll if you seen it.. ((Carl James))
[2010-03-07 11:30] ADVERT: Selling Buffalo || Call me. ((Matt Callahan))
[2010-03-07 11:30] ADVERT: trading Primo for Merit/. ((Vincenzo Corleone))
[2010-03-07 11:30] ADVERT: Trading Primo for merit + paying 6+ grands. ((Vincenzo Corleone))
[2010-03-07 11:31] ADVERT: Selling Buffalo sportscar. Call me. ((Matt Callahan))
[2010-03-07 11:32] ADVERT: Rodeo Casino now open|One block west from PD|Come and double your money!. ((Patrick Woulfe))
[2010-03-07 11:34] ADVERT: Rodeo Casino now open|One block west from PD|Come and double your money!. ((Patrick Woulfe))
[2010-03-07 11:34] ADVERT: Selling Rancher SMS Prices. ((Clark Smith))
[2010-03-07 11:35] ADVERT: Selling Buffalo || Topspeed 160 KM/H. Call me. ((Matt Callahan))
[2010-03-07 11:37] ADVERT: Rodeo Casino now open|One block west from PD|Come and double your money!. ((Patrick Woulfe))
[2010-03-07 11:37] ADVERT: Selling Buffalo || Call me. ((Matt Callahan))
[2010-03-07 11:38] ADVERT: Selling Rancher SMS Prices. ((Clark Smith))
[2010-03-07 11:39] ADVERT: Rodeo Casino now open|One block west from PD|Come and double your money!. ((Patrick Woulfe))
[2010-03-07 11:42] ADVERT: Selling Buffalo. SMS offers or call me. ((Matt Callahan))
[2010-03-07 11:42] ADVERT: Buying Mansion in Mulholland. ((Sidney Bernstein))
[2010-03-07 11:42] ADVERT: Rodeo Casino now open|One block west from PD|Come and double your money!. ((Patrick Woulfe))
[2010-03-07 11:43] ADVERT: Selling Rancher SMS Prices. ((Clark Smith))
[2010-03-07 11:45] ADVERT: Rodeo Casino now open|One block west from PD|Come and double your money!. ((Patrick Woulfe))
[2010-03-07 11:45] ADVERT: Selling Rancher SMS Prices. ((Clark Smith))
[2010-03-07 11:45] ADVERT: Looking to buy a house. ((LaTroy Linus))
[2010-03-07 11:47] ADVERT: BT&R - Towing, Repairs, Roadside Assistance. Call 999 or visit www.beststowing.sa. ((Dale Greene))
[2010-03-07 11:47] ADVERT: Rodeo Casino now open|One block west from PD|Come and double your money!. ((Patrick Woulfe))
[2010-03-07 11:50] ADVERT: Rodeo Casino now open|One block west from PD|Come and double your money!. ((Patrick Woulfe))
[2010-03-07 11:50] ADVERT: Selling Rancher SMS Prices. ((Clark Smith))
[2010-03-07 11:53] ADVERT: Buying Huge Mansion in Mullholland, Aslo buying Casino/Club/Pub. ((Sidney Bernstein))
[2010-03-07 11:53] ADVERT: Rodeo Casino now open|One block west from PD|Come and double your money!. ((Patrick Woulfe))
[2010-03-07 11:54] ADVERT: Selling Rancher SMS Prices. ((Clark Smith))
[2010-03-07 11:54] ADVERT: selling huge office complex 1,000,000 sms for infomation. ((Ashley Greene))
[2010-03-07 11:56] ADVERT: Selling Buffalo || Call now. ((Matt Callahan))
[2010-03-07 11:56] ADVERT: Selling Rancher SMS Prices. ((Clark Smith))
[2010-03-07 11:56] ADVERT: Selling FCR900 ||| Buying Stallion. ((Razvan Tutu))
[2010-03-07 11:57] ADVERT: Rodeo Casino now open|One block west from PD|Come and double your money!. ((Patrick Woulfe))
[2010-03-07 11:57] ADVERT: Selling FCR900|||Buying Stallion. ((Razvan Tutu))
[2010-03-07 11:59] ADVERT: Rodeo Casino now open|One block west from PD|Come and double your money!. ((Patrick Woulfe))
[2010-03-07 11:59] ADVERT: Selling Rancher SMS Prices. ((Clark Smith))
[2010-03-07 12:01] ADVERT: Selling Feltzer60k and Huntley65k call. ((Garry Jenkins))
[2010-03-07 12:02] ADVERT: Selling Alpha, please call or leave a message. ((Kathrine Fields))
[2010-03-07 12:02] ADVERT: Rodeo Casino now open|One block west from PD|Come and double your money!. ((Patrick Woulfe))
[2010-03-07 12:02] ADVERT: Selling a Remington With cool flaming paint job for 50k only. ((Yong Ong))
[2010-03-07 12:04] ADVERT: Selling the Fast and Furious Banshee Call now. ((Kyohei Makasaru))
[2010-03-07 12:04] ADVERT: Rodeo Casino now open|One block west from PD|Come and double your money!. ((Patrick Woulfe))
[2010-03-07 12:07] ADVERT: 19 year old woman looking for well paying job, I can do anything. ((Camilla Sanders))
[2010-03-07 12:08] ADVERT: Rodeo Casino now open|One block west from PD|Come and double your money!. ((Patrick Woulfe))
[2010-03-07 12:08] ADVERT: Selling a Nice Remginton with cool Flaming pait job, only 50 Grands. ((Yong Ong))
[2010-03-07 12:09] ADVERT: Selling a Nice Remginton with cool Flaming pait job, only 50 Grands. ((Yong Ong))
[2010-03-07 12:09] ADVERT: Selling Rancher SMS Prices. ((Clark Smith))
[2010-03-07 12:10] ADVERT: Sparrow for sale. ((Eusebio Fighetti))
[2010-03-07 12:11] ADVERT: Selling Rancher SMS Prices. ((Clark Smith))
[2010-03-07 12:11] ADVERT: Engine doesn't work? Or just need a repaint? Call BT&R! Just call 999. ((Johnny Winslow))
[2010-03-07 12:12] ADVERT: Rodeo Casino now open|One block west from PD|Come and double your money!. ((Patrick Woulfe))
[2010-03-07 12:15] ADVERT: Selling a Nice Remginton with cool Flaming pait job, only 50 Grands. ((Yong Ong))
[2010-03-07 12:16] ADVERT: Buying any Business Shop and Luxury House Call me. ((Kyohei Makasaru))
[2010-03-07 12:17] ADVERT: Selling Rancher SMS Prices. ((Clark Smith))
[2010-03-07 12:18] ADVERT: Selling a Nice Remginton with cool Flaming pait job, only 50 Grands. ((Yong Ong))
[2010-03-07 12:21] ADVERT: Selling a Nice Remginton with cool Flaming pait job, only 50 Grands. ((Yong Ong))
[2010-03-07 12:22] ADVERT: Ride the Yellow Cabs, call 8294. ((Roy Greene))
[2010-03-07 12:23] ADVERT: Faggio Taxis||Safe|| Italian Style||15 dollars||SMS. ((Steve Downy))
[2010-03-07 12:25] ADVERT: Buying any Business Shop and Luxury House Call me. ((Kyohei Makasaru))
[2010-03-07 12:26] ADVERT: Selling a Nice Remginton with cool Flaming pait job, only 50 Grands. ((Yong Ong))
[2010-03-07 12:27] ADVERT: Yoshitsune Electronics - now OPEN! Visit us at Palomino Creek, just north of the bank there.. ((Shin Yoshitsune))
[2010-03-07 12:27] ADVERT: We're now selling vehicle models, including NRG-500, FCR-900, Infernus, Turismo, and much much more!. ((Shin Yoshitsune))
[2010-03-07 12:27] ADVERT: LS taxi --> 8294. ((Bruno Mutti))
[2010-03-07 12:27] ADVERT: Selling a Nice Remginton with cool Flaming pait job, only 50 Grands. ((Yong Ong))
[2010-03-07 12:27] ADVERT: Faggio Taxis||Safe|| Italian Style||15 dollars||SMS. ((Steve Downy))
[2010-03-07 12:28] ADVERT: LS Taxi --> 8294. ((Bruno Mutti))
[2010-03-07 12:28] ADVERT: Selling the Fast and Furious Banshee Call me. ((Kyohei Makasaru))
[2010-03-07 12:28] ADVERT: Mechanic will fix your car for 150$. ((Aleksey Gavrilov))
[2010-03-07 12:30] ADVERT: selling apartment near bt*r 40k. ((Adam Benjamin))
[2010-03-07 12:31] ADVERT: Buying any Business Shop and Katana Call me. ((Kyohei Makasaru))
[2010-03-07 12:31] ADVERT: Selling an only slightly used Blista Compact. Buying a Flash. ((Michael McDonnell))
[2010-03-07 12:31] ADVERT: Selling Rancher SMS Prices. ((Clark Smith))
[2010-03-07 12:32] ADVERT: Selling a Nice Remginton with cool Flaming pait job, only 50 Grands. ((Yong Ong))
[2010-03-07 12:33] ADVERT: Buying any Business Shop Call me. ((Kyohei Makasaru))
[2010-03-07 12:33] ADVERT: Selling Rancher SMS Prices. ((Clark Smith))
[2010-03-07 12:34] ADVERT: Selling FCR900|||Buying Stallion. ((Razvan Tutu))
[2010-03-07 12:34] ADVERT: Selling a Nice Remginton with cool Flaming pait job, only 50 Grands. ((Yong Ong))
[2010-03-07 12:35] ADVERT: trading my freeway + 1700$ for a savanna. Call or Sms!. ((Ruurd Spoel))
[2010-03-07 12:35] ADVERT: Buying Taxi||Selling Stratum with paintjob. ((Salvador Anderson))
[2010-03-07 12:35] ADVERT: Mirlor's Gizmo Shop! Electronics store next to 24/7 Unity - never out of stock. ((Kay Mirlor))
[2010-03-07 12:36] ADVERT: Selling a Blista Compact for $15,000 or best offer. ((Michael McDonnell))
[2010-03-07 12:36] ADVERT: Selling blista 14k. ((Joshua Fraser))
[2010-03-07 12:36] ADVERT: trading my freeway + 1700$ For a Savanna! Call or Sms!. ((Ruurd Spoel))
[2010-03-07 12:37] ADVERT: Selling Rancher 25k-30k Buying Blista 8k Call now!. ((Clark Smith))
[2010-03-07 12:38] ADVERT: Selling a Nice Remginton with cool Flaming pait job, only 50 Grands. ((Yong Ong))
[2010-03-07 12:38] ADVERT: Selling the Fast and Furious Banshee Call now. ((Kyohei Makasaru))
[2010-03-07 12:38] ADVERT: selling picador. ((Kahni Kingston))
[2010-03-07 12:39] ADVERT: Selling a Nice Remginton with cool Flaming paint job, only 50 Grands. ((Yong Ong))
[2010-03-07 12:40] ADVERT: Buying any Business Shop Call me. ((Kyohei Makasaru))
[2010-03-07 12:40] ADVERT: Selling Casino in Rodeo, 500G. ((Patrick Woulfe))
[2010-03-07 12:41] ADVERT: Selling Rancher 25k-30k Buying Blista 8k Call now!. ((Clark Smith))
[2010-03-07 12:41] ADVERT: For Sale ||| Stratum ||| 25k ||| Fast and Spacious ||| Call now |||. ((Mauricio Romero))
[2010-03-07 12:42] ADVERT: Selling/Trading Blista Compact. ((Joshua Fraser))
[2010-03-07 12:43] ADVERT: Selling Casino in Rodeo, 500G. ((Patrick Woulfe))
[2010-03-07 12:44] ADVERT: Selling Feltzer60k Big garage30k and Huntley65k call. ((Garry Jenkins))
[2010-03-07 12:44] ADVERT: Selling Feltzer60k and Huntley65k call. ((Garry Jenkins))
[2010-03-07 12:44] ADVERT: Selling a Nice Remginton with cool Flaming paint job, only 50 Grands. ((Yong Ong))
[2010-03-07 12:44] ADVERT: Buying any Business Shop || Hiring Female Secretary || Call me ||. ((Kyohei Makasaru))
[2010-03-07 12:46] ADVERT: Selling Rancher 25k-30k Buying Blista 8k Call now!. ((Clark Smith))
[2010-03-07 12:47] ADVERT: Trading/Selling picador. ((Clyde Sharow))
[2010-03-07 12:47] ADVERT: trading my freeway + 2000$ for a Savanna! Call Or Sms !. ((Ruurd Spoel))
[2010-03-07 12:49] ADVERT: Buying taxi or taxi company. ((Salvador Anderson))
[2010-03-07 12:49] ADVERT: Dollar Cabbies ~Give away of a brand new Stallion ~ First one to call me gets it~. ((Jenny Queen))
[2010-03-07 12:50] ADVERT: Selling a Nice Remginton with cool Flaming paint job, only 50 Grands. ((Yong Ong))
[2010-03-07 12:50] ADVERT: Dollar Cabbies ~ Give away of a brand new Stallion ~ Won ~. ((Jenny Queen))
[2010-03-07 12:51] ADVERT: trading a freeway + 2150$ For a Savanna. ((Ruurd Spoel))
[2010-03-07 12:52] ADVERT: Ride the Yellow Cabs, call 8294. ((Roy Greene))
[2010-03-07 12:53] ADVERT: Selling/Trading Picador. ((Clyde Sharow))
[2010-03-07 12:53] ADVERT: Selling Rancher 25k-30k Buying Blista 8k Call now!. ((Clark Smith))
[2010-03-07 12:53] ADVERT: looking a Flat/Apartment/House for 20K - 21k. ((Josh Kapoor))
[2010-03-07 12:54] ADVERT: Selling a Nice Remginton with cool Flaming paint job, only 50 Grands. ((Yong Ong))
[2010-03-07 12:55] ADVERT: Selling Elegy With Paintjob. ((Nathan Spencer))
[2010-03-07 12:56] ADVERT: Selling a black Stratum - a great, fast and spacious vehicle. Only 24 grand !. ((Mauricio Romero))
[2010-03-07 12:56] ADVERT: Selling a Nice Remginton with cool Flaming paint job, only 50 Grands. ((Yong Ong))
[2010-03-07 12:56] ADVERT: Trading my freeway + 2250$ for a Savanna! Call or Sms!. ((Ruurd Spoel))
[2010-03-07 12:58] ADVERT: Buying or renting taxi. ((Salvador Anderson))
[2010-03-07 12:58] ADVERT: Selling Rancher 25k-30k Buying Blista 8k Call now!. ((Clark Smith))
[2010-03-07 12:58] ADVERT: selling picador. ((Kahni Kingston))
[2010-03-07 12:58] ADVERT: trading my freeway + 2300$! For a Savanna! Call or sms!. ((Ruurd Spoel))
[2010-03-07 12:59] ADVERT: selling nice picaodor. ((Kahni Kingston))
[2010-03-07 13:01] ADVERT: Selling a Nice Remginton with cool Flaming paint job, only 50 Grands. ((Yong Ong))
[2010-03-07 13:01] ADVERT: ||selling a luxury house||2 floors + 1 wardrobe|| SMS or call me||. ((Frank Paterno))
[2010-03-07 13:02] ADVERT: Buying any car or taxi.Budget-7k. ((Salvador Anderson))
[2010-03-07 13:02] ADVERT: Able man looking for a any kind of work!. ((Roy Greene))
[2010-03-07 13:03] ADVERT: Selling a Nice Remginton with cool Flaming paint job, only 50 Grands. ((Yong Ong))
[2010-03-07 13:03] ADVERT: ||selling a luxury house||2 floors + 1 wardrobe|| SMS or call me||. ((Frank Paterno))
[2010-03-07 13:05] ADVERT: Buying any Business Shop and Katana Call me. ((Kyohei Makasaru))
[2010-03-07 13:05] ADVERT: Spend your free time at BMX arena - can be found at Recreation Centre.. ((Mauricio Romero))
[2010-03-07 13:06] ADVERT: Selling a Nice Remginton with cool Flaming paint job, only 50 Grands. ((Yong Ong))
[2010-03-07 13:07] ADVERT: Selling a PDA only for 1000$ Call me!. ((Justin McKaine))
[2010-03-07 13:07] ADVERT: Selling Rancher 25k-30k Buying Blista 8k Call now!. ((Clark Smith))
[2010-03-07 13:07] ADVERT: ||selling a luxury house||2 floors + 1 wardrobe|| SMS or call me||. ((Frank Paterno))
[2010-03-07 13:08] ADVERT: Buying any car-7k. ((Salvador Anderson))
[2010-03-07 13:08] ADVERT: trading my freeway + 2600$ For a Savanna! Call or sms now!. ((Ruurd Spoel))
[2010-03-07 13:08] ADVERT: A PDA only for 1000$ is for sale! Call me or SMS! And i hook you up with the location!. ((Justin McKaine))
[2010-03-07 13:09] ADVERT: Ride the Yellow Cabs, call 8294. ((Roy Greene))
[2010-03-07 13:11] ADVERT: Selling Rancher 25k-30k Buying Blista 8k Call now!. ((Clark Smith))
[2010-03-07 13:13] ADVERT: Dollar Cabbies||Sponsored by Fields Light beer//Also visit www.Bibles.sa. ((Ryan Nash))
[2010-03-07 13:14] ADVERT: Tea and tea post service 15$ per pakage. ((Roy Compera))
[2010-03-07 13:15] ADVERT: Looking for cheap motorcycle. ((Axel Corleone))
[2010-03-07 13:16] ADVERT: Selling a Nice Remginton with cool Flaming paint job, only 50 Grands. ((Yong Ong))
[2010-03-07 13:16] ADVERT: For Sale: The Fast and Furious Banshee Call now. ((Kyohei Makasaru))
[2010-03-07 13:17] ADVERT: Tea and tea post service 15$ per pakage. ((Roy Compera))
[2010-03-07 13:19] ADVERT: Selling freeway||club.Offer on sms. ((Daniel Goldford))
[2010-03-07 13:21] ADVERT: Buying airstrip or land suitable for aircraft to take off/land. Call or SMS. ((Stuart Razinsky))
[2010-03-07 13:21] ADVERT: For Sale: The Fast and Furious Banshee Call now. ((Kyohei Makasaru))
[2010-03-07 13:23] ADVERT: Selling Blista|Dinghy. Offer. ((Joshua Fraser))
[2010-03-07 13:23] ADVERT: Selling Feltzer60k Big garage30k and Huntley65k call. ((Garry Jenkins))
[2010-03-07 13:23] ADVERT: Selling Feltzer60k and Huntley65k call. ((Garry Jenkins))
[2010-03-07 13:23] ADVERT: ||selling a luxury house||2 floors + 1 wardrobe|| SMS or call me||. ((Frank Paterno))
[2010-03-07 13:24] ADVERT: Selling club||freeway.Offer on sms. ((Daniel Goldford))
[2010-03-07 13:25] ADVERT: trading my freeway + 3000$ For a Savanna! Call or Sms Now!. ((Ruurd Spoel))
[2010-03-07 13:25] ADVERT: ||selling a luxury house||2 floors + 1 wardrobe|| SMS or call me||. ((Frank Paterno))
[2010-03-07 13:25] ADVERT: Ellahi's Car Rentals|Renting out: Premier,Landstalker,Huntley, Limo, Infernus. ((Khizar Ellahi))
[2010-03-07 13:25] ADVERT: Buying any Business Shop Call me. ((Kyohei Makasaru))
[2010-03-07 13:26] ADVERT: Ever wanted to be passenger in a helicopter? Grab the chance, meet at Idlewood gas. ((Kathrine Fields))
[2010-03-07 13:26] ADVERT: selling my apartment 40k near water. ((Adam Benjamin))
[2010-03-07 13:27] ADVERT: ||selling a luxury house||2 floors + 1 wardrobe|| SMS or call me||. ((Frank Paterno))
[2010-03-07 13:28] ADVERT: For Sale: The Fast and Furious Banshee Call now. ((Kyohei Makasaru))
[2010-03-07 13:29] ADVERT: Selling Feltzer60k and Huntley65k call. ((Garry Jenkins))
[2010-03-07 13:29] ADVERT: Ellahi's Car Rentals|Check our website for more details ((Forums))| Or SMS:Info [Car name]. ((Khizar Ellahi))
[2010-03-07 13:29] ADVERT: Mechanic looking for work!w. ((Roy Greene))
[2010-03-07 13:31] ADVERT: Looking for a job where i can be payed for. I'm a professionel guy villing to do anything.. ((Justin McKaine))
[2010-03-07 13:33] ADVERT: Selling club(car)||Freeway.OFFER ON SMS!!!. ((Daniel Goldford))
[2010-03-07 13:33] ADVERT: Selling Feltzer60k and Huntley65k call. ((Garry Jenkins))
[2010-03-07 13:34] ADVERT: Ever wanted to be passenger in a helicopter? Grab the chance, meet at idlewood gas.. ((Kathrine Fields))
[2010-03-07 13:35] ADVERT: Buying any Business Shop Call me. ((Kyohei Makasaru))
[2010-03-07 13:36] ADVERT: ||selling a luxury house||2 floors + 1 wardrobe|| SMS or call me||. ((Frank Paterno))
[2010-03-07 13:37] ADVERT: Trading freeway + 2800 for a Savanna! Sms or call now!!. ((Ruurd Spoel))
[2010-03-07 13:38] ADVERT: Selling of trading Blista Compact. Max speed 138 km/h. Grey colour. ((Joshua Fraser))
[2010-03-07 13:39] ADVERT: Buying any Business Shop Call me. ((Kyohei Makasaru))
[2010-03-07 13:40] ADVERT: Ever wanted to be passenger in a helicopter? Grab the chance, meet up at Idlewood gas. ((Kathrine Fields))
[2010-03-07 13:40] ADVERT: ||selling a luxury house||2 floors + 1 wardrobe|| SMS or call me||. ((Frank Paterno))
[2010-03-07 13:41] ADVERT: Selling club||freeway.OFFER ON SMS. ((Daniel Goldford))
[2010-03-07 13:42] ADVERT: For Sale: The Fast and Furious Banshee Call now. ((Kyohei Makasaru))
[2010-03-07 13:43] ADVERT: Mirlor's Gizmo Shop! Electronics store next to 24/7 Unity - never out of stock. ((Kay Mirlor))
[2010-03-07 13:44] ADVERT: Selling or trading Dinghy (boat). Max speed 90 km/h. Yellow colour.. ((Joshua Fraser))
[2010-03-07 13:44] ADVERT: Buying a MP3 Player|SMS Offers. ((Khizar Ellahi))
[2010-03-07 13:45] ADVERT: ||selling a luxury house||2 floors + 1 wardrobe|| SMS or call me||. ((Frank Paterno))
[2010-03-07 13:47] ADVERT: Selling sultan - sms or call with offer. ((Frank Paterno))
[2010-03-07 13:47] ADVERT: Buying: MP3 Player|Call or SMS. ((Khizar Ellahi))
[2010-03-07 13:49] ADVERT: Selling or trading Dinghy. Yellow colour. ((Joshua Fraser))
[2010-03-07 13:50] ADVERT: Selling club for 16k and freeway for 21k. ((Daniel Goldford))
[2010-03-07 13:52] ADVERT: Ellahi's Car Rentals|Renting out: Premier,Landstalker,Huntley, Limo, Infernus. ((Khizar Ellahi))
[2010-03-07 13:53] ADVERT: Trading freeway+2800$ For a Savanna! Call or sms now!. ((Ruurd Spoel))
[2010-03-07 13:53] ADVERT: ||selling a luxury house||2 floors + 1 wardrobe|| SMS or call me||. ((Frank Paterno))
[2010-03-07 13:55] ADVERT: Selling a nice Remington with Cool Flaming paint job for only 50k. ((Yong Ong))
[2010-03-07 13:56] ADVERT: Selling a nice Remington with Cool Flaming paint job for only 50k. ((Yong Ong))
[2010-03-07 13:59] ADVERT: selling picador for 14k. ((Kahni Kingston))
[2010-03-07 14:00] ADVERT: selling picador for 14k. ((Kahni Kingston))
[2010-03-07 14:01] ADVERT: Selling Books. ((John Fendal))
[2010-03-07 14:01] ADVERT: Selling or trading Dinghy. ((Joshua Fraser))
[2010-03-07 14:02] ADVERT: Selling a nice Remington with Cool Flaming paint job for only 50k. ((Yong Ong))
[2010-03-07 14:02] ADVERT: ||selling a luxury house||2 floors + 1 wardrobe|| SMS or call me||. ((Frank Paterno))
[2010-03-07 14:04] ADVERT: Selling Elegy With Paintjob. ((Nathan Spencer))
[2010-03-07 14:04] ADVERT: ||selling a luxury house||2 floors + 1 wardrobe|| SMS or call me||. ((Frank Paterno))
[2010-03-07 14:05] ADVERT: Selling a nice Remington with Cool Flaming paint job for only 50k. ((Yong Ong))
[2010-03-07 14:05] ADVERT: Selling Elegy With Paintjob. ((Nathan Spencer))
[2010-03-07 14:05] ADVERT: Trading my freeway+2800$ For a Savanna! Call or Sms now!. ((Ruurd Spoel))
[2010-03-07 14:05] ADVERT: Ellahi's Car Rentals|Renting out: Premier,Landstalker,Huntley, Limo, Infernus. ((Khizar Ellahi))
[2010-03-07 14:06] ADVERT: Selling Rancher 25k-30k Buying Blista 8k Call now!. ((Clark Smith))
[2010-03-07 14:07] ADVERT: Selling a nice Remington with Cool Flaming paint job for only 50k. ((Yong Ong))
[2010-03-07 14:07] ADVERT: ||selling a luxury house||2 floors + 1 wardrobe|| SMS or call me||. ((Frank Paterno))
[2010-03-07 14:08] ADVERT: trading freeway+2800$ for a savanna!! Call or Sms now!!!. ((Ruurd Spoel))
[2010-03-07 14:10] ADVERT: Ellahi's Car Rentals|Renting out: Premier,Landstalker,Huntley, Limo, Infernus. ((Khizar Ellahi))
[2010-03-07 14:14] ADVERT: ||selling a luxury house||2 floors + 1 wardrobe|| SMS or call me||. ((Frank Paterno))
[2010-03-07 14:14] ADVERT: Selling Feltzer60k and Huntley65k call. ((Garry Jenkins))
[2010-03-07 14:17] ADVERT: Selling Dinghy. Offer. ((Joshua Fraser))
[2010-03-07 14:17] ADVERT: ||selling a luxury house||2 floors + 1 wardrobe|| SMS or call me||. ((Frank Paterno))
[2010-03-07 14:18] ADVERT: Selling Feltzer60k and Huntley65k call. ((Garry Jenkins))
[2010-03-07 14:19] ADVERT: Buying car. 16k. ((Joshua Fraser))
[2010-03-07 14:24] ADVERT: Lookin for a Work.. ((Marcus Johnson))
[2010-03-07 14:24] ADVERT: Ellahi's Car Rentals|Renting out: Premier,Landstalker,Huntley, Limo, Infernus. ((Khizar Ellahi))
[2010-03-07 14:25] ADVERT: Ellahi's Car Rentals|Sponsored by LSES - Apply Today! ((Forums)). ((Khizar Ellahi))
[2010-03-07 14:32] ADVERT: Buying car 16k, Selling Dinghy.. ((Joshua Fraser))
[2010-03-07 14:35] ADVERT: Ellahi's Car Rentals|Sponsored by LSES - Apply Today! ((Forums)). ((Khizar Ellahi))
[2010-03-07 14:36] ADVERT: Ellahi's Car Rentals|Renting out: Premier,Landstalker,Huntley, Limo, Infernus. ((Khizar Ellahi))
[2010-03-07 14:38] ADVERT: Selling a nice Remington with flaming paint job for 50k. ((Yong Ong))
[2010-03-07 14:40] ADVERT: Little Moscow - The Haven for the Eastern-European. ((Mikhail Strogov))
[2010-03-07 14:41] ADVERT: Selling a nice Remington with flaming paint job for 50k. ((Yong Ong))
[2010-03-07 14:42] ADVERT: Selling Elegy With Paintjob. ((Nathan Spencer))
[2010-03-07 14:43] ADVERT: Selling a nice Remington with flaming paint job for 50k. ((Yong Ong))
[2010-03-07 14:43] ADVERT: Selling Rancher 25k-30k Buying Blista 8k Call now!. ((Clark Smith))
[2010-03-07 14:44] ADVERT: I need a quick job. ((Spyros Kazianis))
[2010-03-07 14:44] ADVERT: Buying car. ((Joshua Fraser))
[2010-03-07 14:45] ADVERT: Selling Elegy With Paintjob. ((Nathan Spencer))
[2010-03-07 14:46] ADVERT: Selling Rancher 25k-30k Buying Blista 8k Call now!. ((Clark Smith))
[2010-03-07 14:48] ADVERT: Selling Slamvan-45k. ((Sunny Gaurav))
[2010-03-07 14:48] ADVERT: Selling Elegy With Paintjob. ((Nathan Spencer))
[2010-03-07 14:49] ADVERT: Ellahi's Car Rentals|Renting out: Premier,Landstalker,Huntley, Limo, Infernus. ((Khizar Ellahi))
[2010-03-07 14:49] ADVERT: Buying car max 16.5k.. ((Joshua Fraser))
[2010-03-07 14:49] ADVERT: Selling a nice Remington with flaming paint job for 50k. ((Yong Ong))
[2010-03-07 14:50] ADVERT: Selling Dinghy. Offer. ((Joshua Fraser))
[2010-03-07 14:50] ADVERT: Selling a nice Remington with flaming paint job for 50k. ((Yong Ong))
[2010-03-07 14:50] ADVERT: Selling Rancher 25k-30k Buying Blista 8k Call now!. ((Clark Smith))
[2010-03-07 14:51] ADVERT: Ellahi's Car Rentals|Renting out: Premier,Landstalker,Huntley, Limo, Infernus. ((Khizar Ellahi))
[2010-03-07 14:53] ADVERT: Selling Elegy With Paintjob. ((Nathan Spencer))
[2010-03-07 14:53] ADVERT: Selling Rancher 25k-30k Buying Blista 8k Call now!. ((Clark Smith))
[2010-03-07 14:55] ADVERT: selling apartment 40k. ((Adam Benjamin))
[2010-03-07 14:55] ADVERT: Selling a nice Remington with flaming paint job for 50k. ((Yong Ong))
[2010-03-07 15:00] ADVERT: Selling Remmington SMS offers.. ((Clark Smith))
[2010-03-07 15:01] ADVERT: Selling Elegy With Paintjob. ((Nathan Spencer))
[2010-03-07 15:03] ADVERT: Selling Dinghy! First caller suprise. ((Joshua Fraser))
[2010-03-07 15:03] ADVERT: Selling Elegy With Paintjob. ((Nathan Spencer))
[2010-03-07 15:05] ADVERT: Buying a car, SMS. ((LaTroy Linus))
[2010-03-07 15:07] ADVERT: Selling Dinghy. Yellow colour. First caller suprise. ((Joshua Fraser))
[2010-03-07 15:08] ADVERT: Selling Faggio, Just 6 grand, Call now. ((Steve Downy))
[2010-03-07 15:08] ADVERT: Ellahi's Car Rentals|Sponsored by LSES - Apply Today! ((Forums)). ((Khizar Ellahi))
[2010-03-07 15:09] ADVERT: New charity fond - HPIH ( Help People In Haiti) you can donateat city hall. Phone for info. ((Vladislav Kitonok))
[2010-03-07 15:10] ADVERT: sell a faggio. ((Rinus Krimpen))
[2010-03-07 15:10] ADVERT: Ellahi's Car Rentals|Renting out: Premier,Landstalker,Huntley, Limo, Infernus. ((Khizar Ellahi))
[2010-03-07 15:12] ADVERT: Looking for cheap motorcycle. ((Axel Corleone))
[2010-03-07 15:12] ADVERT: sell a faggio. ((Rinus Krimpen))
[2010-03-07 15:12] ADVERT: Buying a car, SMS. ((LaTroy Linus))
[2010-03-07 15:15] ADVERT: Ellahi's Car Rentals|Renting out: Premier,Landstalker,Huntley, Limo, Infernus. ((Khizar Ellahi))
[2010-03-07 15:15] ADVERT: sell a faggio sms or call offer. ((Rinus Krimpen))
[2010-03-07 15:18] ADVERT: Selling Feltzer60k Huntley65k blista compact15k call. ((Garry Jenkins))
[2010-03-07 15:19] ADVERT: sell a quadbike sms or call offer. ((Rinus Krimpen))
[2010-03-07 15:20] ADVERT: sell a faggio sms or call offer. ((Rinus Krimpen))
[2010-03-07 15:20] ADVERT: 1Selling club||freeway.OFFER ON SMS. ((Daniel Goldford))
[2010-03-07 15:21] ADVERT: Selling a Rancher for 25k or Trading it to a Sabre. ((Yong Ong))
[2010-03-07 15:23] ADVERT: Selling freeway||Club.OFFER ON SMS. ((Daniel Goldford))
[2010-03-07 15:23] ADVERT: Buying a car. ((LaTroy Linus))
[2010-03-07 15:24] ADVERT: Selling a Rancher for 25k or Trading it to a Sabre. ((Yong Ong))
[2010-03-07 15:30] ADVERT: Drink Sprunk. Do it. ((Greg Norris))
[2010-03-07 15:30] ADVERT: Drink water. It's healthy.. ((Carol Andersson))
[2010-03-07 15:30] ADVERT: Looking for cheap motorcycle. CALL NOW!. ((Axel Corleone))
[2010-03-07 15:31] ADVERT: Drink Vodka - It helps you forget stuff - Water is bad for your health. Drink Vodka...TODAY. ((Jenny Queen))
[2010-03-07 15:32] ADVERT: Drink Ziebrand beer, its from Holland, so its good!. ((Tinne Spoel))
[2010-03-07 15:32] ADVERT: sell a faggio sms or call offer. ((Rinus Krimpen))
[2010-03-07 15:36] ADVERT: Selling freeway-21k,club-16k.. ((Daniel Goldford))
[2010-03-07 15:37] ADVERT: Interested in purchasing any 4 door vehicle - budget 50k SMS me!. ((Edward Papadopolus))
[2010-03-07 15:39] ADVERT: Selling Feltzer60k and Huntley65k call. ((Garry Jenkins))
[2010-03-07 15:41] ADVERT: sell a faggio for 6k. ((Rinus Krimpen))
[2010-03-07 15:41] ADVERT: Selling Feltzer55k and Huntley60k call. ((Garry Jenkins))
[2010-03-07 15:41] ADVERT: Vicar Chat - Call Now!. ((Roger Scoonez))
[2010-03-07 15:41] ADVERT: Looking to purchase ANY vehicle (budget is 50k) - SMS vehicle and Price!. ((Edward Papadopolus))
[2010-03-07 15:42] ADVERT: Looking for cheap motorcycle. ((Axel Corleone))
[2010-03-07 15:44] ADVERT: buying cheap car.. ((Joshua Fraser))
[2010-03-07 15:44] ADVERT: sell a faggio. ((Rinus Krimpen))
[2010-03-07 15:45] ADVERT: Selling club 16k,freeway 21k. ((Daniel Goldford))
[2010-03-07 15:46] ADVERT: Selling/trading Feltzer50k Huntley60k call. ((Garry Jenkins))
[2010-03-07 15:46] ADVERT: Selling Dinghy. Offer. ((Joshua Fraser))
[2010-03-07 15:48] ADVERT: Buying any car - Budget is 50k - Looking for a Locksmith, will pay generously, SMS. ((Edward Papadopolus))
[2010-03-07 15:49] ADVERT: Selling freeway-21k,club-16k. ((Daniel Goldford))
[2010-03-07 15:51] ADVERT: San Andreas betting shop,near donut shop|Win a Slamvan on ticket of 400 dollars. ((Sunny Gaurav))
[2010-03-07 15:51] ADVERT: sell a quadbike 8k. ((Rinus Krimpen))
[2010-03-07 15:53] ADVERT: Buying car 16k. ((Joshua Fraser))
[2010-03-07 15:54] ADVERT: sell a faggio 5k. ((Rinus Krimpen))
[2010-03-07 15:54] ADVERT: Young hardworking guy looking for a work Contact me.. ((Clark Smith))
[2010-03-07 15:54] ADVERT: Selling Remmington SMS offers.. ((Clark Smith))
[2010-03-07 15:54] ADVERT: Selling a Rancher for 25k or Trading it to a Sabre. ((Yong Ong))
[2010-03-07 15:55] ADVERT: I'm selling my Sabre! Call or SMS for offers. ((Matsuko Kenshin))
[2010-03-07 16:01] ADVERT: Mirlor's Gizmo Shop! Electronics store next to 24/7 Unity - never out of stock. ((Kay Mirlor))
[2010-03-07 16:01] ADVERT: Selling freeway.Offer me. ((Daniel Goldford))
[2010-03-07 16:01] ADVERT: Selling a Rancher for 25k or Trading it to a Sabre. ((Yong Ong))
[2010-03-07 16:02] ADVERT: Selling Alpha, call or leave a message. ((Kathrine Fields))
[2010-03-07 16:04] ADVERT: Selling/trading Feltzer50k Huntley60k call. ((Garry Jenkins))
[2010-03-07 16:04] ADVERT: Selling a Rancher for 25k or Trading it to a Sabre. ((Yong Ong))
[2010-03-07 16:04] ADVERT: Selling freeway.. ((Daniel Goldford))
[2010-03-07 16:04] ADVERT: Buying car 17k. ((Joshua Fraser))
[2010-03-07 16:06] ADVERT: Selling/trading Feltzer50k Huntley60k call. ((Garry Jenkins))
[2010-03-07 16:06] ADVERT: Selling officer 100K. ((Akio Katashi))
[2010-03-07 16:06] ADVERT: Selling feeway-only 22k.. ((Daniel Goldford))
[2010-03-07 16:08] ADVERT: Selling Dinghy|Yellow colour|Offer. ((Joshua Fraser))
[2010-03-07 16:09] ADVERT: selling a quadbike for 8k. ((Rinus Krimpen))
[2010-03-07 16:10] ADVERT: Win Slamvan at Betting shop near donut shop,ticket price-400dollars. ((Sunny Gaurav))
[2010-03-07 16:10] ADVERT: Selling freeway. ((Daniel Goldford))
[2010-03-07 16:10] ADVERT: Selling/trading Feltzer50k Huntley60k call. ((Garry Jenkins))
[2010-03-07 16:10] ADVERT: Selling a Rancher for 25k or Trading it to a Sabre. ((Yong Ong))
[2010-03-07 16:11] ADVERT: Ellahi's Car Rentals|Renting out: Premier,Landstalker,Huntley, Limo, Infernus. ((Khizar Ellahi))
[2010-03-07 16:12] ADVERT: buying perenial sms me. ((Michas Petrov))
[2010-03-07 16:12] ADVERT: Selling Alpha, please call or sms. ((Kathrine Fields))
[2010-03-07 16:14] ADVERT: sell a dinghy. ((Rinus Krimpen))
[2010-03-07 16:14] ADVERT: Selling/trading Feltzer50k Huntley60k call. ((Garry Jenkins))
[2010-03-07 16:14] ADVERT: Ellahi's Car Rentals|Sponsored by LSES - Apply Today! ((Forums)). ((Khizar Ellahi))
[2010-03-07 16:16] ADVERT: Selling/trading Feltzer50k Huntley60k call. ((Garry Jenkins))
[2010-03-07 16:17] ADVERT: sel a quadbike. ((Rinus Krimpen))
[2010-03-07 16:18] ADVERT: Win Slamvan at Betting shop~West of hospital~Ticket price-400dollars only. ((Sunny Gaurav))
[2010-03-07 16:19] ADVERT: selling freeway.. ((Daniel Goldford))
[2010-03-07 16:19] ADVERT: selling a quadbike 8k sms or call. ((Rinus Krimpen))
[2010-03-07 16:20] ADVERT: Selling an office. 100K or close! Call for details.. ((Akio Katashi))
[2010-03-07 16:21] ADVERT: Broken engine? Out of gas? Need new Tyres? Call BT&R on #999!. ((Marshal Carfield))
[2010-03-07 16:22] ADVERT: selling a quadbike, 8k. ((Rinus Krimpen))
[2010-03-07 16:22] ADVERT: Selling Elegy With Paintjob. ((Nathan Spencer))
[2010-03-07 16:22] ADVERT: Selling FCR900|||Buying Stallion. ((Razvan Tutu))
[2010-03-07 16:23] ADVERT: selling freeway.. ((Daniel Goldford))
[2010-03-07 16:26] ADVERT: sell a faggio, 5k. ((Rinus Krimpen))
[2010-03-07 16:26] ADVERT: Slamvan won by Garry Jenkins at Betting shop. ((Sunny Gaurav))
[2010-03-07 16:28] ADVERT: sell a dinghy 10k. ((Rinus Krimpen))
[2010-03-07 16:28] ADVERT: Selling freeway. ((Daniel Goldford))
[2010-03-07 16:29] ADVERT: Selling FCR900||Buying Stallion. ((Razvan Tutu))
[2010-03-07 16:30] ADVERT: Looking for a job, if you got something for me, sms or call me!. ((Justin McKaine))
[2010-03-07 16:32] ADVERT: Selling freeway. ((Daniel Goldford))
[2010-03-07 16:33] ADVERT: selling a faggio 5k. ((Rinus Krimpen))
[2010-03-07 16:35] ADVERT: Selling Bullet SMS with offers. ((Vladimir Burin))
[2010-03-07 16:38] ADVERT: Buying a cheap car or bike. ((Sunny Gaurav))
[2010-03-07 16:38] ADVERT: Quadbike for sale - Sms your offers. ((Zachary Bluestein))
[2010-03-07 16:41] ADVERT: Looking for a job to earn cash, willing to do anything!. ((Justin McKaine))
[2010-03-07 16:42] ADVERT: Buying a cheap car or bike,call now. ((Sunny Gaurav))
[2010-03-07 16:43] ADVERT: Selling/trading Feltzer50k Huntley60k call. ((Garry Jenkins))
[2010-03-07 16:44] ADVERT: Buying 4doors vehicle, budget is around 18 grand, call/SMS now. ((John Fordson))
[2010-03-07 16:47] ADVERT: Selling freeway. ((Daniel Goldford))
[2010-03-07 16:51] ADVERT: Selling/Trading Blade, Yosemite and Flash with paintjob! ||CALL OR SMS NOW||. ((Jimmy Sanders))
[2010-03-07 16:52] ADVERT: Selling/trading Feltzer50k Huntley60k slavman+paintjob 40k call. ((Garry Jenkins))
[2010-03-07 16:52] ADVERT: Sleling patriot SMS offers. ((Carol Andersson))
[2010-03-07 16:55] ADVERT: Selling freeway.Cheap. ((Daniel Goldford))
[2010-03-07 16:56] ADVERT: Selling/Trading Blade, Yosemite and Flash with paintjob! ||CALL OR SMS NOW||. ((Jimmy Sanders))
[2010-03-07 16:57] ADVERT: Selling/Trading Blade (20k) Yosemite (60k) and Flash with paintjob (25k) !!!. ((Jimmy Sanders))
[2010-03-07 16:57] ADVERT: Selling freeway.Cheap. ((Daniel Goldford))
[2010-03-07 16:59] ADVERT: Selling freeway.Cheap. ((Daniel Goldford))
[2010-03-07 17:01] ADVERT: Buying car or bike about 16.5k. ((Joshua Fraser))
[2010-03-07 17:03] ADVERT: Selling freeway-20k!!!!!Buying car 17k.. ((Daniel Goldford))
[2010-03-07 17:04] ADVERT: Selling/trading Feltzer50k Huntley60k slavman+paintjob 40k call. ((Garry Jenkins))
[2010-03-07 17:06] ADVERT: Selling/trading Huntley60k slavman+paintjob 40k call. ((Garry Jenkins))
[2010-03-07 17:07] ADVERT: buying your old car, sms me with offers and prices. ((Jack Quinn))
[2010-03-07 17:09] ADVERT: Looking for a cheap vehice, around 5k. ((Tony Croft))
[2010-03-07 17:09] ADVERT: Selling Remmington SMS offers.. ((Clark Smith))
[2010-03-07 17:10] ADVERT: buying car about 16k. ((Joshua Fraser))
[2010-03-07 17:11] ADVERT: Buying car-budget 35k. ((Daniel Goldford))
[2010-03-07 17:14] ADVERT: Buying cheap car. 16k. ((Joshua Fraser))
[2010-03-07 17:15] ADVERT: selling a faggio for 5k. ((Rinus Krimpen))
[2010-03-07 17:15] ADVERT: selling freeway. ((Carl James))
[2010-03-07 17:16] ADVERT: selling a quadbike for 8k. ((Rinus Krimpen))
[2010-03-07 17:16] ADVERT: Buying Slamvan.. ((Marino Robles))
[2010-03-07 17:17] ADVERT: Selling a luxury house in Las Colinas||Sms me or Call. ((Frank Paterno))
[2010-03-07 17:19] ADVERT: Selling a luxury house in Las Colinas || 2 floors + 1 Wardrobe || SMS or CALL me. ((Frank Paterno))
[2010-03-07 17:20] ADVERT: Dollar Cabbies||Sponsored by Fields Light beer//Also visit www.Bibles.sa. ((Ryan Nash))
[2010-03-07 17:22] ADVERT: Buying car|16k. ((Joshua Fraser))
[2010-03-07 17:22] ADVERT: Dollar Cabbies||Sponsored by Fields Light beer//Also visit www.Bibles.sa. ((Ryan Nash))
[2010-03-07 17:24] ADVERT: Selling a luxury house in Las Colinas || 2 Floors + 1 Wardrobe || Price around 60,000$. ((Frank Paterno))
[2010-03-07 17:25] ADVERT: || Selling a luxury house in Las Colinas for 60k ||. ((Frank Paterno))
[2010-03-07 17:25] ADVERT: Ellahi's Car Rentals|Renting out: Premier,Landstalker,Huntley, Limo, Infernus. ((Khizar Ellahi))
[2010-03-07 17:25] ADVERT: Dollar Cabbies||Sponsored by Fields Light beer//Also visit www.Bibles.sa. ((Ryan Nash))
[2010-03-07 17:26] ADVERT: Dollar Cabbies||Sponsored by Fields Light beer//Also visit www.Bibles.sa. ((Ryan Nash))
[2010-03-07 17:27] ADVERT: Dollar Cabbies||Sponsored by Fields Light Beer//Also visit www.Bibles.sa run by us||. ((Jenny Queen))
[2010-03-07 17:28] ADVERT: selling a faggio 6k. ((Rinus Krimpen))
[2010-03-07 17:29] ADVERT: selling a faggio. ((Rinus Krimpen))
[2010-03-07 17:30] ADVERT: Selling Alpha, 35k only, call or sms. ((Kathrine Fields))
[2010-03-07 17:30] ADVERT: Buying car 16k. ((Joshua Fraser))
[2010-03-07 17:33] ADVERT: Buying a betting shop or casino. ((Jerry Miller))
[2010-03-07 17:34] ADVERT: sellin a faggio. ((Rinus Krimpen))
[2010-03-07 17:36] ADVERT: selling a dinghy. ((Rinus Krimpen))
[2010-03-07 17:38] ADVERT: Buying car 16k. ((Joshua Fraser))
[2010-03-07 17:38] ADVERT: Missing Rastafarian - contact if found. ((Roger Scoonez))
[2010-03-07 17:39] ADVERT: Dollar Cabbies||Sponsored by Fields Light beer//Also visit www.Bibles.sa. ((Ryan Nash))
[2010-03-07 17:39] ADVERT: Win Freeway at Betting shop~west of hospital near donut shop or play first second third. ((Sunny Gaurav))
[2010-03-07 17:40] ADVERT: Selling a luxury house in Las Colinas || First caller gets it for 55k !. ((Frank Paterno))
[2010-03-07 17:40] ADVERT: Selling Picador, call or sms. ((Clyde Sharow))
[2010-03-07 17:42] ADVERT: Selling a luxury house || First caller or SMSer gets it for 55k !. ((Frank Paterno))
[2010-03-07 17:42] ADVERT: Selling Dinghy and buy car about 16k. ((Joshua Fraser))
[2010-03-07 17:44] ADVERT: Dollar Cabbies||Sponsored by Fields Light beer//Also visit www.Bibles.sa. ((Ryan Nash))
[2010-03-07 17:45] ADVERT: Dollar Cabbies||Sponsored by Fields Light Beer//Also visit www.Bibles.sa run by us||. ((Jenny Queen))
[2010-03-07 17:46] ADVERT: ||Selling a luxury house and a Merit|| SMS Offers. ((Frank Paterno))
[2010-03-07 17:46] ADVERT: Blackjack,1st2nd or 3rd and bet for freeway at Betting shop west of hospital near donutsho. ((Sunny Gaurav))
[2010-03-07 17:48] ADVERT: Fields Inc betting shop, Panopticon Ave | Win a NEW Quad for 125$ a chance. ((Ashley Smith))
[2010-03-07 17:52] ADVERT: Blackjack and 1st 2nd 3rd or betting for freeway at Betting shop west of hospital. ((Sunny Gaurav))
[2010-03-07 17:53] ADVERT: Dollar Cabbies||Sponsored by Fields Light Beer//Also visit www.Bibles.sa run by us||. ((Jenny Queen))
[2010-03-07 18:01] ADVERT: Looking for Nice office in a great location! SMS location and price!. ((Carol Andersson))
[2010-03-07 18:01] ADVERT: Dollar Cabbies||Sponsored by Fields Light Beer//Also visit www.Bibles.sa run by us||. ((Jenny Queen))
[2010-03-07 18:03] ADVERT: Need a Taxi? SMS me. ((Ronald Haggers))
[2010-03-07 18:05] ADVERT: Selling 2 Primos for 32 grands. ((Vincenzo Corleone))
[2010-03-07 18:06] ADVERT: Looking for Nice office in a great location! SMS location and price!. ((Carol Andersson))
[2010-03-07 18:06] ADVERT: Dollar Cabbies||Sponsored by Fields Light Beer//Also visit www.Bibles.sa run by us||. ((Jenny Queen))
[2010-03-07 18:12] ADVERT: Betting shop near donut shop~Win freeway or play blackjack 1st 2nd 3rd. ((Sunny Gaurav))
[2010-03-07 18:12] ADVERT: Selling merit, call or sms.. ((Sarah Paterno))
[2010-03-07 18:12] ADVERT: Looking for a nice office with great location! SMS. ((Carol Andersson))
[2010-03-07 18:14] ADVERT: Selling Primo for 15 grands.. ((Vincenzo Corleone))
[2010-03-07 18:14] ADVERT: selling merit, call or sms.. ((Sarah Paterno))
[2010-03-07 18:15] ADVERT: Dollar Cabbies - Can be reached on 8294 or call the following number to arrange -. ((Jenny Queen))
[2010-03-07 18:20] ADVERT: Selling PRimo for 15 grands.. ((Vincenzo Corleone))
[2010-03-07 18:20] ADVERT: I'm looking for a white FCR-900, Its mine. If you saw it contact me.. ((Timothy York))
[2010-03-07 18:21] ADVERT: Byying any Car || Call now. ((Matt Callahan))
[2010-03-07 18:23] ADVERT: ||Selling a Luxury house in Las Colinas||2 floors , 1 extra interior-wardrobe||SMS or call. ((Frank Paterno))
[2010-03-07 18:23] ADVERT: Buying Merit for 30 grands.. ((Vincenzo Corleone))
[2010-03-07 18:26] ADVERT: Ellahi's Car Rentals|Sponsored by LSES - Apply Today! ((Forums)). ((Khizar Ellahi))
[2010-03-07 18:26] ADVERT: Dollar Cabbies - Can be reached on 8294 or call the following number to arrange -. ((Jenny Queen))
[2010-03-07 18:29] ADVERT: Selling/Trading Yosemite (70k) and Sabre (20k) Also trading for cars!!. ((Jimmy Sanders))
[2010-03-07 18:30] ADVERT: Looking for a nice office building with a great location! SMS. ((Carol Andersson))
[2010-03-07 18:31] ADVERT: Selling/Trading Yosemite (70k) and Sabre (20k) Also trading for cars!!. ((Jimmy Sanders))
[2010-03-07 18:31] ADVERT: Looking for a nice office building with a great location! SMS. ((Carol Andersson))
[2010-03-07 18:31] ADVERT: Selling Bullet SMS offers. ((Vladimir Burin))
[2010-03-07 18:32] ADVERT: Selling Betting shop~consists of betting shop,employers canteen and penthouse.400k. ((Sunny Gaurav))
[2010-03-07 18:36] ADVERT: Selling/Trading Yosemite (70k) and Sabre (20k) Also trading for cars!!. ((Jimmy Sanders))
[2010-03-07 18:37] ADVERT: Ellahi's Car Rentals|Sponsored by LSES - Apply Today! ((Forums)). ((Khizar Ellahi))
[2010-03-07 18:39] ADVERT: Auction for Betting shop~starting bid-35k~Located west of hospital near donut shop. ((Sunny Gaurav))
[2010-03-07 18:41] ADVERT: Sparrow for sale. ((Eusebio Fighetti))
[2010-03-07 18:41] ADVERT: Dollar Cabbies||Sponsored by Fields Light Beer//Also visit www.Bibles.sa run by us||. ((Jenny Queen))
[2010-03-07 18:44] ADVERT: Auction at 17:50 at betting shop near donut shop,west of hospital,near verona mall. ((Sunny Gaurav))
[2010-03-07 18:49] ADVERT: Selling Betting shop at auction~35k starting bid~Located near donut shop~West of hospital. ((Sunny Gaurav))
[2010-03-07 18:54] ADVERT: buying Buffalo, call me.. ((Thomas Richards))
[2010-03-07 18:59] ADVERT: Selling freeway. Call now.. ((Carl James))
[2010-03-07 18:59] ADVERT: Selling/Trading Yosemite (70k) and Sabre (20k) Also trading for cars!!. ((Jimmy Sanders))
[2010-03-07 18:59] ADVERT: Selling Betting shop|consists of betting shop,employers canteen and penthouse. ((Sunny Gaurav))
[2010-03-07 19:07] ADVERT: Buying cheap car. Offer. ((Joshua Fraser))
[2010-03-07 19:07] ADVERT: Selling/Trading Yosemite (70k) and Sabre (20k) Also trading for cars!!. ((Jimmy Sanders))
[2010-03-07 19:07] ADVERT: Buying Club!!! ((car)). ((Costin Sobaru))
[2010-03-07 19:07] ADVERT: Buying CLub!!! ((car)) Offers?. ((Costin Sobaru))
[2010-03-07 19:07] ADVERT: Selling Strip Club In Jefferson.. ((Bradley Davis))
[2010-03-07 19:08] ADVERT: Selling/Trading Dinghy. Offer.. ((Joshua Fraser))
[2010-03-07 19:10] ADVERT: Selling/Trading Yosemite (70k) and Sabre (20k) Also trading for cars!!. ((Jimmy Sanders))
[2010-03-07 19:11] ADVERT: || Burrito For Trading||. ((Paddy Felds))
[2010-03-07 19:12] ADVERT: An investor is looking for smart persons with good business ideas.. ((Mauricio Romero))
[2010-03-07 19:14] ADVERT: An investor is looking for people with great business ideas.. ((Mauricio Romero))
[2010-03-07 19:16] ADVERT: Selling/Trading Yosemite (70k) and Sabre (20k) Also trading for cars!!. ((Jimmy Sanders))
[2010-03-07 19:16] ADVERT: Selling Strip Club In Jefferson.. ((Bradley Davis))
[2010-03-07 19:18] ADVERT: Selling beautiful Dinghy. Call me. ((Joshua Fraser))
[2010-03-07 19:20] ADVERT: Selling or trading Dinghty.. ((Joshua Fraser))
[2010-03-07 19:21] ADVERT: Mechanic on-duty, call if you need. ((Lance Smiths))
[2010-03-07 19:22] ADVERT: Ellahi's Car Rentals|Renting out: Premier,Landstalker,Huntley, Limo, Infernus. ((Khizar Ellahi))
[2010-03-07 19:23] ADVERT: Selling freeway. Call now.. ((Carl James))
[2010-03-07 19:24] ADVERT: Buying merit for 30 grands. ((Vincenzo Corleone))
[2010-03-07 19:25] ADVERT: .: Gnocchi Ristorante :. Now open! Located in Rodeo, the street behind the new PD, Soho Drive. ((Johny Smoke))
[2010-03-07 19:25] ADVERT: Selling Bullet SMS offers. ((Vladimir Burin))
[2010-03-07 19:27] ADVERT: Richman Mansion for SALE SMS now!. ((Rick Gonzalez))
[2010-03-07 19:28] ADVERT: Unique Oportunity! RICHMAN MANSION FOR ONLY 500K! Call now!. ((Rick Gonzalez))
[2010-03-07 19:30] ADVERT: An investor is looking for some good business ideas. Contact me.. ((Mauricio Romero))
[2010-03-07 19:31] ADVERT: Selling a luxury house - Price around 60.000$. ((Frank Paterno))
[2010-03-07 19:31] ADVERT: Looking for a used helicopter! SMS offers. ((Carol Andersson))
[2010-03-07 19:31] ADVERT: Selling freeway. Call now.. ((Carl James))
[2010-03-07 19:31] ADVERT: Selling or trading Dinghy. ((Joshua Fraser))
[2010-03-07 19:31] ADVERT: Selling/Trading Picador (Offer) and Yosemite (70k) ||CALL OR SMS NOW||. ((Jimmy Sanders))
[2010-03-07 19:32] ADVERT: Selling/Trading Picador (Offer) and Yosemite (70k) ||CALL OR SMS NOW||. ((Jimmy Sanders))
[2010-03-07 19:32] ADVERT: Buying a Helicopter Used or New! SMS offers. ((Carol Andersson))
[2010-03-07 19:32] ADVERT: selling a faggio. ((Rinus Krimpen))
[2010-03-07 19:32] ADVERT: Mechanic on duty - Call if you need one. ((Lance Smiths))
[2010-03-07 19:34] ADVERT: sellling a dinghy. ((Rinus Krimpen))
[2010-03-07 19:35] ADVERT: Richman Mansion for Sale! SMS now!. ((Rick Gonzalez))
[2010-03-07 19:35] ADVERT: || Alex's Towin An' Recovery || On Duty ||. ((Paddy Felds))
[2010-03-07 19:37] ADVERT: selling a faggio. ((Rinus Krimpen))
[2010-03-07 19:39] ADVERT: Looking for a temporary job - Call me. ((Lance Smiths))
[2010-03-07 19:39] ADVERT: sell a faggio. ((Rinus Krimpen))
[2010-03-07 19:39] ADVERT: Sellin' a Bullet.. ((Carl James))
[2010-03-07 19:42] ADVERT: Selling/Trading Picador (Offer) and Yosemite (70k) ||CALL OR SMS NOW||. ((Jimmy Sanders))
[2010-03-07 19:43] ADVERT: selling a faggio sms or call offer. ((Rinus Krimpen))
[2010-03-07 19:44] ADVERT: Selling Freeway.. ((Carl James))
[2010-03-07 19:45] ADVERT: Looking for my black and blue Mesa 1.5k reward. ((Eddy Green))
[2010-03-07 19:48] ADVERT: selling a dinghy (boat). ((Rinus Krimpen))
[2010-03-07 19:54] ADVERT: selling a faggio. ((Rinus Krimpen))
[2010-03-07 19:55] ADVERT: Selling/Trading Picador (Offer) and Yosemite (70k) ||CALL OR SMS NOW||. ((Jimmy Sanders))
[2010-03-07 19:55] ADVERT: Selling a luxury house || 60k sms or call me if interrested. ((Frank Paterno))
[2010-03-07 19:56] ADVERT: Selling a luxury house || 60k || Call me if interrested. ((Frank Paterno))
[2010-03-07 19:57] ADVERT: selling a faggio. ((Rinus Krimpen))
[2010-03-07 20:01] ADVERT: Selling a luxury house in Las Colinas || SMS or call me if want it - only 60k. ((Frank Paterno))
[2010-03-07 20:01] ADVERT: Selling/Trading Picador (Offer) and Yosemite (70k) ||CALL OR SMS NOW||. ((Jimmy Sanders))
[2010-03-07 20:01] ADVERT: Buying a Used or New Maverick! SMS offers. ((Carol Andersson))
[2010-03-07 20:02] ADVERT: Buying a Used or New Maverick! SMS offers. ((Carol Andersson))
[2010-03-07 20:03] ADVERT: Ellahi's Car Rentals|Renting out: Premier,Landstalker,Huntley, Limo, Infernus. ((Khizar Ellahi))
[2010-03-07 20:04] ADVERT: Buying a cheap sanchez,sms offers. ((Sunny Gaurav))
[2010-03-07 20:05] ADVERT: Engine broken? Or just need repaint? Call BT&R! Just call 999. ((Johnny Winslow))
[2010-03-07 20:06] ADVERT: Buying a sanchez,sms offers. ((Ryan Nash))
[2010-03-07 20:07] ADVERT: Buying a sanchez,SMS offers. ((Ryan Nash))
[2010-03-07 20:08] ADVERT: Selling a luxury house - only 55k SMS or Call me!. ((Frank Paterno))
[2010-03-07 20:08] ADVERT: Ellahi's Car Rentals|Renting out: Premier,Landstalker,Huntley, Limo, Infernus. ((Khizar Ellahi))
[2010-03-07 20:08] ADVERT: buying cheap car.. ((Joshua Fraser))
[2010-03-07 20:09] ADVERT: Buying a Used or New Maverick! SMS offers. ((Carol Andersson))
[2010-03-07 20:10] ADVERT: Buying a Used or New Maverick! SMS offers. ((Carol Andersson))
[2010-03-07 20:12] ADVERT: BUYING car! 16K. ((Joshua Fraser))
[2010-03-07 20:12] ADVERT: Selling a luxury house in Las Colinas - only 55k Call or SMS NOW!. ((Frank Paterno))
[2010-03-07 20:13] ADVERT: Selling a luxury house || 55k || Trading Sultan for Huntley ||. ((Frank Paterno))
[2010-03-07 20:14] ADVERT: Buying Sanchez-12k. ((Sunny Gaurav))
[2010-03-07 20:15] ADVERT: Selling cheap Dinghy. ((Joshua Fraser))
[2010-03-07 20:16] ADVERT: Buying a Used or New Maverick! SMS offers. ((Carol Andersson))
[2010-03-07 20:16] ADVERT: Buying a Used or New Maverick! SMS offers. ((Carol Andersson))
[2010-03-07 20:17] ADVERT: Selling/Trading Picador (Offer) and Yosemite (70k) ||CALL OR SMS NOW||. ((Jimmy Sanders))
[2010-03-07 20:18] ADVERT: Selling a luxury house - 55k || Trading sultan for huntley||. ((Frank Paterno))
[2010-03-07 20:19] ADVERT: Sellign a Luxury house for 55k, its offer you cant refuse. ((Frank Paterno))
[2010-03-07 20:21] ADVERT: Buying Oceanic, Tahoma.. ((Joshua Fraser))
[2010-03-07 20:23] ADVERT: selling picador 10k. ((Jimmy Sanders))
[2010-03-07 20:27] ADVERT: Buying a sanchez,SMS offers. ((Ryan Nash))
[2010-03-07 20:27] ADVERT: Selling a Bullet|SMS Offers. ((Khizar Ellahi))
[2010-03-07 20:30] ADVERT: Buying a Used or New Maverick! SMS offers. ((Carol Andersson))
[2010-03-07 20:30] ADVERT: Clothing Company looking for worker call now!. ((John Fendal))
[2010-03-07 20:30] ADVERT: Buying a Used or New Maverick! SMS offers. ((Carol Andersson))
[2010-03-07 20:31] ADVERT: Buying a primo,sms offers.. ((Ryan Nash))
[2010-03-07 20:37] ADVERT: Selling a NEW Bullet|Offers. ((Khizar Ellahi))
[2010-03-07 20:39] ADVERT: Buying a Used or New Maverick or Sparrow! SMS offers. ((Carol Andersson))
[2010-03-07 20:39] ADVERT: Ellahi's Car Rentals|Renting out: Premier,Landstalker,Huntley, Limo, Infernus. ((Khizar Ellahi))
[2010-03-07 20:39] ADVERT: Lookin Fo' A Blue Stolen Feltzer with Black Interior , Call 44450 or SMS. ((Chris Gambetti))
[2010-03-07 20:41] ADVERT: Buying a primo,sms offers.. ((Ryan Nash))
[2010-03-07 20:42] ADVERT: Clothes Inc are looking for workers call now!. ((John Fendal))
[2010-03-07 20:42] ADVERT: Buying a Used or New Maverick or Sparrow! SMS offers. ((Carol Andersson))
[2010-03-07 20:44] ADVERT: Buying a car,sms car and offers.. ((Ryan Nash))
[2010-03-07 20:44] ADVERT: Selling or trading a yosemite ||CALL OR SMS NOW||. ((Jimmy Sanders))
[2010-03-07 20:44] ADVERT: selling flash! call now. ((Costin Sobaru))
[2010-03-07 20:49] ADVERT: Selling/Trading Yosemite! ||CALL OR SMS NOW||. ((Jimmy Muller))
[2010-03-07 20:51] ADVERT: Buying a little business! ||CALL OR SMS ME NOW!!||. ((Jimmy Muller))
[2010-03-07 20:54] ADVERT: Selling/Trading Yosemite! ||CALL OR SMS NOW||. ((Jimmy Muller))
[2010-03-07 20:55] ADVERT: Selling Landstalker SMS offers. ((Vlad))
[2010-03-07 20:56] ADVERT: ||LSES Recruiting|Are you Physically fit? Have Medical Training? Join us! ((Forums))| Sponsoring Ellahi's Car Rentals||. ((Arraminta Brenkly))
[2010-03-07 20:56] ADVERT: Selling a luxury house || 55k Call or SMS Now ||. ((Frank Paterno))
[2010-03-07 20:57] ADVERT: Selling Picador. Offer. ((Joshua Fraser))
[2010-03-07 21:00] ADVERT: Selling a luxury house || 50k SMS Or CALL NOW||. ((Frank Paterno))
[2010-03-07 21:01] ADVERT: Lost DArk blue Flash. Think someone stolen it. I will give 5000 for who finds it.. ((Costin Sobaru))
[2010-03-07 21:01] ADVERT: Ellahi's Car Rentals|Renting out: Premier, Huntley, Limo, Bullet, Infernus. ((Khizar Ellahi))
[2010-03-07 21:03] ADVERT: Selling Buffalo || Call me. ((Matt Callahan))
[2010-03-07 21:04] ADVERT: Ellahi's Car Rentals|Renting out: Premier, Huntley, Limo, Bullet, Infernus. ((Khizar Ellahi))
[2010-03-07 21:04] ADVERT: Buying your car. Call me. ((Matt Callahan))
[2010-03-07 21:04] ADVERT: Selling a luxury house|Selling/Trading Sultan for Huntley or 70k. ((Frank Paterno))
[2010-03-07 21:04] ADVERT: Two fit men looking for a job.. ((Nathan Spencer))
[2010-03-07 21:05] ADVERT: Selling Dinghy.. ((Joshua Fraser))
[2010-03-07 21:06] ADVERT: Two black men 18yr old men looking for a job, any job.. ((Timothy York))
[2010-03-07 21:06] ADVERT: Selling Picador|Dinghy. Offer. ((Joshua Fraser))
[2010-03-07 21:06] ADVERT: Two 18yr old black men looking for a job, any job.. ((Timothy York))
[2010-03-07 21:09] ADVERT: Selling a luxury house only for 50k !. ((Frank Paterno))
[2010-03-07 21:09] ADVERT: Buying burrito. ((Drake Jonson))
[2010-03-07 21:10] ADVERT: Buying business!. ((Jimmy Muller))
[2010-03-07 21:11] ADVERT: Buying a used Maverick or Sparrow! SMS or Call!. ((Carol Andersson))
[2010-03-07 21:12] ADVERT: Looking to buy a Red Euros I have 60k. ((Timothy York))
[2010-03-07 21:12] ADVERT: Buying a used Maverick or Sparrow! SMS or Call!. ((Carol Andersson))
[2010-03-07 21:12] ADVERT: Selling/Trading Yosemite! ||CALL OR SMS NOW||. ((Jimmy Muller))
[2010-03-07 21:12] ADVERT: Selling Landstalker SMS offers. ((Vladimir Burin))
[2010-03-07 21:15] ADVERT: Buying business! Call now!. ((Jimmy Muller))
[2010-03-07 21:16] ADVERT: Buying a used Maverick or Sparrow! SMS or Call!. ((Carol Andersson))
[2010-03-07 21:17] ADVERT: Buying a used Maverick or Sparrow! SMS or Call!. ((Carol Andersson))
[2010-03-07 21:17] ADVERT: Buying business or club! CALL NOW!. ((Jimmy Muller))
[2010-03-07 21:18] ADVERT: Had you seen white blade with purple salon?Please call me.. ((Daniel Goldford))
