[2010-03-06 23:57] Matsuhiro Takeda gave Chris Gary a Cellphone with value 1
[2010-03-07 00:17] Shawn Williamson gave Shawn Williamson a Lysergic Acid with value 1
[2010-03-07 00:17] Shawn Williamson gave Shawn Williamson a Angel Dust with value 1
[2010-03-07 00:17] Shawn Williamson gave Shawn Williamson a Angel Dust with value 1
[2010-03-07 00:17] Shawn Williamson gave Shawn Williamson a Angel Dust with value 1
[2010-03-07 00:46] Jerry Vinyard gave Jerry Vinyard a Generic Item with value Chocolate Ice Cream
[2010-03-07 01:07] Richard Banks gave Richard Banks a House Key with value 455
[2010-03-07 01:12] Tyreke Jefferson gave Giorgio Vita a Vehicle Key with value 793
[2010-03-07 01:25] Richard Banks gave Richard Banks a GPS with value 1
[2010-03-07 01:34] Patrick Andersson gave Patrick Andersson a Vehicle Key with value 1325
[2010-03-07 02:57] Kitagaki Mitsuharu gave Kitagaki Mitsuharu a Fridge with value 1
[2010-03-07 02:58] Kitagaki Mitsuharu gave Kitagaki Mitsuharu a Fridge with value 1
[2010-03-07 03:36] Shawn Williamson gave Shawn Williamson a Fishing Rod with value 1
[2010-03-07 04:26] Nathan Daniels gave Nathan Daniels a PDA with value 1
[2010-03-07 04:41] Kitagaki Mitsuharu gave Kitagaki Mitsuharu a Vehicle Key with value 1264
[2010-03-07 04:42] Kitagaki Mitsuharu gave Kitagaki Mitsuharu a House Key with value 1214
[2010-03-07 04:55] Matt Desmore gave Francesco Davino a Radio with value 1
[2010-03-07 05:41] Kitagaki Mitsuharu gave Kitagaki Mitsuharu a Generic Item with value Photo of Levi Robinson
[2010-03-07 05:41] Kitagaki Mitsuharu gave Kitagaki Mitsuharu a Note with value Levi- 44944
[2010-03-07 05:56] Matt Desmore gave James Williams a Emergency Light Strobes with value 1
[2010-03-07 05:57] Matt Desmore gave James Williams a Emergency Siren with value 1
[2010-03-07 06:00] Matt Desmore gave Francesco Davino a Ski Mask with value 1
[2010-03-07 06:16] Rondall McGee gave Rondall McGee a Softdrink with value 1
[2010-03-07 06:23] Patrick Andersson gave Patrick Andersson a Blindfold with value 1
[2010-03-07 10:55] Raynard Morgan gave Raynard Morgan a House Key with value 1053
[2010-03-07 10:58] Raynard Morgan gave Raynard Morgan a House Key with value 447
[2010-03-07 11:00] Raynard Morgan gave Raynard Morgan a House Key with value 1403
[2010-03-07 11:01] Raynard Morgan gave Raynard Morgan a House Key with value 1406
[2010-03-07 11:04] Raynard Morgan gave Raynard Morgan a House Key with value 973
[2010-03-07 12:40] Leo Brownstone gave Jack Marshall a House Key with value 792
[2010-03-07 12:45] Leo Brownstone gave Vlad Bardachenko a Vehicle Key with value 1315
[2010-03-07 12:45] Leo Brownstone gave Carl Lastovskis a Vehicle Key with value 1315
[2010-03-07 15:35] Greg Norris gave Greg Norris a Generic Item with value Box of Bike Parts
[2010-03-07 15:35] Greg Norris gave Greg Norris a Generic Item with value Box of Bike Parts
[2010-03-07 15:35] Greg Norris gave Greg Norris a Generic Item with value Box of Bike Parts
[2010-03-07 15:35] Greg Norris gave Greg Norris a Generic Item with value Box of Bike Parts
[2010-03-07 15:35] Greg Norris gave Greg Norris a Generic Item with value Box of Bike Parts
[2010-03-07 15:35] Greg Norris gave Greg Norris a Generic Item with value Box of Bike Parts
[2010-03-07 15:35] Greg Norris gave Greg Norris a Generic Item with value Box of Bike Parts
[2010-03-07 15:37] Greg Norris gave Greg Norris a Generic Item with value Box of Bike Parts
[2010-03-07 15:37] Greg Norris gave Greg Norris a Generic Item with value Box of Bike Parts
[2010-03-07 15:37] Greg Norris gave Greg Norris a Generic Item with value Box of Bike Parts
[2010-03-07 15:37] Greg Norris gave Greg Norris a Generic Item with value Box of Bike Parts
[2010-03-07 15:37] Greg Norris gave Greg Norris a Generic Item with value Box of Bike Parts
[2010-03-07 15:37] Greg Norris gave Greg Norris a Generic Item with value Box of Bike Parts
[2010-03-07 15:46] Greg Norris gave Greg Norris a Ziebrand Beer with value 1
[2010-03-07 15:46] Greg Norris gave Greg Norris a Ziebrand Beer with value 1
[2010-03-07 15:46] Greg Norris gave Greg Norris a Ziebrand Beer with value 1
[2010-03-07 15:46] Greg Norris gave Greg Norris a Ziebrand Beer with value 1
[2010-03-07 15:47] Greg Norris gave Greg Norris a Ziebrand Beer with value 1
[2010-03-07 15:47] Greg Norris gave Greg Norris a Ziebrand Beer with value 1
[2010-03-07 15:47] Greg Norris gave Greg Norris a Ziebrand Beer with value 1
[2010-03-07 15:47] Greg Norris gave Greg Norris a Ziebrand Beer with value 1
[2010-03-07 15:47] Greg Norris gave Greg Norris a Generic Item with value Box of Bike Parts
[2010-03-07 15:47] Greg Norris gave Greg Norris a Generic Item with value Box of Bike Parts
[2010-03-07 15:47] Greg Norris gave Greg Norris a Generic Item with value Box of Bike Parts
[2010-03-07 15:47] Greg Norris gave Greg Norris a Generic Item with value Box of Bike Parts
[2010-03-07 15:51] Greg Norris gave Greg Norris a Ziebrand Beer with value 1
[2010-03-07 15:51] Greg Norris gave Greg Norris a Ziebrand Beer with value 1
[2010-03-07 15:51] Greg Norris gave Greg Norris a Ziebrand Beer with value 1
[2010-03-07 15:51] Greg Norris gave Greg Norris a Ziebrand Beer with value 1
[2010-03-07 15:51] Greg Norris gave Greg Norris a Ziebrand Beer with value 1
[2010-03-07 15:51] Greg Norris gave Greg Norris a Ziebrand Beer with value 1
[2010-03-07 16:02] Greg Norris gave Greg Norris a Generic Item with value Box of Bike Parts
[2010-03-07 16:02] Greg Norris gave Greg Norris a Generic Item with value Box of Bike Parts
[2010-03-07 16:06] Kay Mirlor gave Edd Brown a Card Deck with value 1
[2010-03-07 16:17] Greg Norris gave Frank Paterno a Generic Item with value Torch
[2010-03-07 16:18] Greg Norris gave Frank Paterno a Generic Item with value Torch
[2010-03-07 16:18] Greg Norris gave Frank Paterno a Generic Item with value Torch
[2010-03-07 16:18] Greg Norris gave Frank Paterno a Generic Item with value Torch
[2010-03-07 16:20] Eugene Best gave Caesar Vasquez a Generic Item with value Dog's Cage
[2010-03-07 16:20] Greg Norris gave Frank Paterno a Generic Item with value Knife
[2010-03-07 16:20] Greg Norris gave Frank Paterno a Generic Item with value Knife
[2010-03-07 16:20] Greg Norris gave Frank Paterno a Generic Item with value Knife
[2010-03-07 16:20] Greg Norris gave Frank Paterno a Generic Item with value Knife
[2010-03-07 16:25] Greg Norris gave Katy Clark a Generic Item with value Sapphire Ring
[2010-03-07 16:59] Anton Asimov gave Anton Asimov a Vehicle Key with value 254
[2010-03-07 17:10] Greg Norris gave Greg Norris a Ziebrand Beer with value 1
[2010-03-07 17:34] Greg Norris gave Greg Norris a Generic Item with value Box of Bike Parts
[2010-03-07 17:57] Greg Norris gave Greg Norris a Emergency Light Strobes with value 1
[2010-03-07 17:57] Greg Norris gave Greg Norris a Safe with value 1
[2010-03-07 18:00] Lino Kazuma gave Ashley Smith a Vehicle Key with value 360
[2010-03-07 18:44] Patrick Andersson gave Patrick Andersson a Business Key with value 415
[2010-03-07 18:51] Lino Kazuma gave Lino Kazuma a House Key with value 160
[2010-03-07 19:01] Leo Brownstone gave Leo Brownstone a Clothes with value 166
[2010-03-07 19:03] Lino Kazuma gave Lino Kazuma a Safe with value 1
[2010-03-07 19:10] Greg Norris gave Greg Norris a Generic Item with value Box of Bike Parts
[2010-03-07 19:10] Greg Norris gave Greg Norris a Generic Item with value Box of Bike Parts
[2010-03-07 19:10] Greg Norris gave Greg Norris a Generic Item with value Box of Bike Parts
[2010-03-07 19:10] Greg Norris gave Greg Norris a Generic Item with value Box of Bike Parts
[2010-03-07 19:10] Greg Norris gave Greg Norris a Generic Item with value Box of Bike Parts
[2010-03-07 19:10] Greg Norris gave Greg Norris a Generic Item with value Box of Bike Parts
[2010-03-07 19:10] Greg Norris gave Greg Norris a Generic Item with value Box of Bike Parts
[2010-03-07 19:10] Greg Norris gave Greg Norris a Generic Item with value Box of Bike Parts
[2010-03-07 19:10] Greg Norris gave Greg Norris a Generic Item with value Box of Bike Parts
[2010-03-07 19:29] Greg Norris gave Jimmy Jones a Vehicle Key with value 474
[2010-03-07 19:40] Greg Norris gave Greg Norris a Ziebrand Beer with value 1
[2010-03-07 19:40] Greg Norris gave Greg Norris a Ziebrand Beer with value 1
[2010-03-07 19:40] Greg Norris gave Greg Norris a Generic Item with value Box of Bike Parts
[2010-03-07 19:40] Greg Norris gave Greg Norris a Generic Item with value Box of Bike Parts
[2010-03-07 19:40] Greg Norris gave Greg Norris a Generic Item with value Box of Bike Parts
[2010-03-07 19:41] Greg Norris gave Greg Norris a Ziebrand Beer with value 1
[2010-03-07 19:41] Greg Norris gave Greg Norris a Ziebrand Beer with value 1
[2010-03-07 20:54] Steven Hale gave Steven Hale a Cellphone with value 1
