[2010-03-06 23:45] * Chris_Ballantyne died.
[2010-03-06 23:46] * Kate_Rizaru killed Nathan_Daniels. (Minigun)
[2010-03-06 23:47] * Kate_Rizaru died.
[2010-03-06 23:47] * Nathan_Daniels died.
[2010-03-06 23:47] * Kate_Rizaru killed Nathan_Daniels. (Minigun)
[2010-03-06 23:47] * Kate_Rizaru killed Nathan_Daniels. (Minigun)
[2010-03-06 23:47] * Kate_Rizaru killed Nathan_Daniels. (Minigun)
[2010-03-06 23:47] * Kate_Rizaru killed Nathan_Daniels. (Minigun)
[2010-03-06 23:48] * Kate_Rizaru died.
[2010-03-06 23:48] * Nathan_Daniels died.
[2010-03-06 23:48] * Kate_Rizaru died.
[2010-03-06 23:48] * Kate_Rizaru died.
[2010-03-06 23:48] * Kate_Rizaru died.
[2010-03-06 23:48] * Kate_Rizaru died.
[2010-03-06 23:48] * Kate_Rizaru died.
[2010-03-06 23:49] * Kate_Rizaru died.
[2010-03-06 23:50] * Kate_Rizaru died.
[2010-03-06 23:51] * Juan_Gonzales killed Jesse_Kleinman. (Melee)
[2010-03-06 23:53] * Kathrine_Fields died.
[2010-03-06 23:58] * Axel_Corleone died.
[2010-03-07 00:01] * John_Brenkly killed Nick_Rose. (Chainsaw)
[2010-03-07 00:06] * Kathrine_Fields killed Sarah_Paterno. (Uzi)
[2010-03-07 00:19] * Huang_Lee died.
[2010-03-07 00:22] * Jackson_Shakur died.
[2010-03-07 00:28] * Garry_Jenkins died.
[2010-03-07 00:35] * Haruki_Kenshi died.
[2010-03-07 00:41] * Negara_Madalin killed Ivan_Ruskvy. (Melee)
[2010-03-07 00:43] * Sam_Bernovici died.
[2010-03-07 01:00] * Mathew_Thomas died.
[2010-03-07 01:05] * Jay_Carey died.
[2010-03-07 01:07] * Nick_Rose died.
[2010-03-07 01:19] * Katashi_Nagamachi killed Henrique_Herandez. (MP5)
[2010-03-07 01:20] * Daniela_Lane died.
[2010-03-07 01:27] * Jesse_Kleinman died.
[2010-03-07 01:48] * Jack_Shakur killed Roy_Shine. (Colt 45)
[2010-03-07 01:53] * Jimmy_Sanders died.
[2010-03-07 02:18] * David_Johnson died.
[2010-03-07 02:24] * Drew_Bronson died.
[2010-03-07 02:39] * Ronan_McMurphy died.
[2010-03-07 02:44] * John_Casanova died.
[2010-03-07 02:46] * Juan_Vasquez died.
[2010-03-07 02:50] * Jack_McCarter died.
[2010-03-07 03:17] * Huggy_Halbert killed Jimmy_Sanders. (Melee)
[2010-03-07 03:23] * Andres_Castro killed Enrique_Thompson. (Silenced)
[2010-03-07 03:29] * Alfonso_Moleneux died.
[2010-03-07 03:29] * Alfonso_Moleneux died.
[2010-03-07 03:36] * Huggy_Halbert died.
[2010-03-07 03:41] * Huggy_Halbert killed Ling_Osuka. (Vehicle)
[2010-03-07 03:54] * Adam_Benjamin died.
[2010-03-07 04:02] * Ling_Osuka killed Drew_Bronson. (M4)
[2010-03-07 04:08] * Josh_Frost died.
[2010-03-07 04:12] * Matthew_Ello died.
[2010-03-07 05:08] * Matt_Desmore died.
[2010-03-07 05:15] * Nathan_Daniels killed Randall_Himes. (Uzi)
[2010-03-07 05:19] * Kitagaki_Mitsuharu died.
[2010-03-07 05:19] * Hachemon_Abukaru died.
[2010-03-07 05:26] * Nathan_Daniels killed Tony_Fox. (Colt 45)
[2010-03-07 05:29] * Huggy_Halbert died.
[2010-03-07 05:29] * Huggy_Halbert died.
[2010-03-07 05:29] * Tony_Fox died.
[2010-03-07 05:29] * Huggy_Halbert died.
[2010-03-07 05:30] * Huggy_Halbert died.
[2010-03-07 05:32] * Huggy_Halbert died.
[2010-03-07 05:37] * Adam_Benjamin died.
[2010-03-07 05:49] * Huggy_Halbert died.
[2010-03-07 05:50] * Tim_Jesuson died.
[2010-03-07 05:51] * Levi_Robinson died.
[2010-03-07 05:52] * Huggy_Halbert died.
[2010-03-07 05:57] * Huggy_Halbert died.
[2010-03-07 06:17] * Bradley_Davis died.
[2010-03-07 06:26] * Shawn_Brown died.
[2010-03-07 06:30] * Joseph_McVey died.
[2010-03-07 06:56] * Tim_Jesuson died.
[2010-03-07 07:10] * Michael_Ricciotti killed Nate_Rose. (Tec-9)
[2010-03-07 07:11] * Michael_Ricciotti killed Chris_Gambetti. (Tec-9)
[2010-03-07 07:29] * Mark_Linn died.
[2010-03-07 07:33] * Garry_Jenkins died.
[2010-03-07 07:43] * Jason_Hall died.
[2010-03-07 07:44] * Adam_Benjamin died.
[2010-03-07 07:49] * Darren_Pearce killed Martin_OMalley. (MP5)
[2010-03-07 07:51] * Jacob_Washington killed Carol_Andersson. (Deagle)
[2010-03-07 07:52] * Darren_Pearce killed Daniel_Baker. (MP5)
[2010-03-07 07:52] * Carol_Andersson killed Jacob_Washington. (Melee)
[2010-03-07 07:53] * Garry_Jenkins died.
[2010-03-07 07:53] * Daniel_Baker died.
[2010-03-07 07:54] * Darren_Pearce killed Daniel_Baker. (Deagle)
[2010-03-07 07:55] * Patrick_Andersson killed Jacob_Washington. (Melee)
[2010-03-07 07:57] * Darren_Pearce killed Daniel_Baker. (Deagle)
[2010-03-07 07:58] * Darren_Pearce killed Daniel_Baker. (Deagle)
[2010-03-07 08:01] * Edd_Brown died.
[2010-03-07 08:05] * Darren_Pearce killed Daniel_Baker. (Deagle)
[2010-03-07 08:16] * Michael_Ricciotti killed Al_Moretti. (Tec-9)
[2010-03-07 08:37] * Jack_Quinn killed Enrique_Thompson. (Tec-9)
[2010-03-07 08:54] * Huggy_Halbert died.
[2010-03-07 09:01] * Vlad_Bardachenko died.
[2010-03-07 09:10] * Edd_Brown died.
[2010-03-07 09:54] * Kahni_Kingston died.
[2010-03-07 10:01] * Tony_Salvana died.
[2010-03-07 10:03] * Ike_Hemlock died.
[2010-03-07 10:04] * Edd_Brown died.
[2010-03-07 10:16] * John_Brenkly died.
[2010-03-07 10:18] * Adam_Benjamin died.
[2010-03-07 10:18] * Adam_Benjamin died.
[2010-03-07 10:25] * Kay_Mirlor died.
[2010-03-07 10:33] * Raynard_Morgan died.
[2010-03-07 10:49] * Raynard_Morgan killed Kate_Rizaru. (Melee)
[2010-03-07 10:57] * Patrick_Woulfe died.
[2010-03-07 10:58] * Chris_Gambetti died.
[2010-03-07 10:58] * Chris_Gambetti died.
[2010-03-07 11:05] * Mauricio_Romero died.
[2010-03-07 11:45] * Katy_Clark died.
[2010-03-07 11:48] * Kathrine_Fields died.
[2010-03-07 12:01] * Adam_Benjamin killed David_Johnson. (Colt 45)
[2010-03-07 12:09] * David_Evans died.
[2010-03-07 12:09] * Ezio_Stracci died.
[2010-03-07 12:21] * Adam_Benjamin killed Clyde_Sharow. (Tec-9)
[2010-03-07 12:22] * Chris_Gambetti killed Adam_Benjamin. (Unknown)
[2010-03-07 12:33] * Michelle_Holloway died.
[2010-03-07 12:33] * Johnny_Winslow died.
[2010-03-07 12:38] * Sergei_Bardachenko died.
[2010-03-07 12:41] * David_Evans died.
[2010-03-07 12:50] * Alexander_Karlson died.
[2010-03-07 12:53] * Adam_Benjamin died.
[2010-03-07 13:02] * Brea_Mercury died.
[2010-03-07 13:36] * Michas_Petrov died.
[2010-03-07 13:44] * Kahni_Kingston died.
[2010-03-07 14:11] * Matthew_Ello died.
[2010-03-07 14:13] * LaTroy_Linus killed Sergei_Bardachenko. (Colt 45)
[2010-03-07 14:14] * Marshal_Carfield died.
[2010-03-07 14:15] * Cesar_Casanova died.
[2010-03-07 14:30] * Josh_Kapoor died.
[2010-03-07 14:40] * David_Johnson died.
[2010-03-07 15:04] * Kate_Rizaru killed Leonardo_Riba. (Vehicle)
[2010-03-07 15:13] * Leonardo_Riba died.
[2010-03-07 15:16] * Santiago_Cortez died.
[2010-03-07 15:16] * Leonardo_Riba died.
[2010-03-07 15:16] * Kate_Rizaru died.
[2010-03-07 15:19] * Denis_Valujev died.
[2010-03-07 15:20] * Kate_Rizaru died.
[2010-03-07 15:21] * Kate_Rizaru died.
[2010-03-07 15:23] * Thomas_Bozzo died.
[2010-03-07 15:25] * Kate_Rizaru killed Santiago_Cortez. (Minigun)
[2010-03-07 15:25] * Kate_Rizaru killed Leonardo_Riba. (Minigun)
[2010-03-07 15:42] * Mikhail_Casanova died.
[2010-03-07 15:50] * Roger_Scoonez died.
[2010-03-07 16:00] * Frank_Paterno died.
[2010-03-07 16:13] * Nick_Rose died.
[2010-03-07 16:25] * Axel_Corleone died.
[2010-03-07 16:25] * Wesley_Corleone died.
[2010-03-07 16:31] * Osiris_Mansell died.
[2010-03-07 16:36] * Roger_Scoonez died.
[2010-03-07 16:40] * John_Casanova died.
[2010-03-07 16:52] * John_Brenkly killed Patrick_Woulfe. (Chainsaw)
[2010-03-07 16:52] * Nick_Rose killed Jenny_Queen. (Chainsaw)
[2010-03-07 16:55] * Khizar_Ellahi died.
[2010-03-07 17:02] * Vladimir_Burin died.
[2010-03-07 17:17] * Nicky_Corozzo died.
[2010-03-07 17:18] * Thaddius_Sawyer died.
[2010-03-07 17:19] * Turell_Yates killed Jao_Blogueiro. (Colt 45)
[2010-03-07 17:25] * Carol_Andersson died.
[2010-03-07 17:26] * Nicky_Corozzo died.
[2010-03-07 17:29] * Sarah_Paterno died.
[2010-03-07 17:33] * Jimmy_Sanders died.
[2010-03-07 17:48] * Carl_James died.
[2010-03-07 17:49] * Frank_Paterno died.
[2010-03-07 18:00] * Vincenzo_Corleone killed Jimmy_Sanders. (AK-47)
[2010-03-07 18:09] * Juan_Gonzales died.
[2010-03-07 18:10] * Juan_Gonzales died.
[2010-03-07 18:11] * Edward_Parker died.
[2010-03-07 18:11] * Marshal_Carfield died.
[2010-03-07 18:26] * Akio_Katashi died.
[2010-03-07 18:45] * Tyrone_Lea died.
[2010-03-07 18:46] * Roger_Scoonez died.
[2010-03-07 18:53] * Nathan_Garcia died.
[2010-03-07 18:59] * Raymond_Farrell died.
[2010-03-07 19:06] * Raymond_Farrell died.
[2010-03-07 19:09] * Jacob_Washington died.
[2010-03-07 19:10] * Eli_Carter killed Raymond_Farrell. (Deagle)
[2010-03-07 19:11] * Joseph_Carter killed Thomas_Ford. (Deagle)
[2010-03-07 19:12] * Carlos_Montana died.
[2010-03-07 19:16] * Timothy_York died.
[2010-03-07 19:24] * Tony_Salvana killed Richard_Banks. (Colt 45)
[2010-03-07 19:33] * Varg_Vikernes died.
[2010-03-07 19:37] * Rick_Gonzalez died.
[2010-03-07 19:48] * Kate_Rizaru killed Vanna_Carissa. (Minigun)
[2010-03-07 19:56] * Kate_Rizaru died.
[2010-03-07 20:02] * Pablo_Escubar died.
[2010-03-07 20:02] * Siash_Langston died.
[2010-03-07 20:03] * Richard_Banks died.
[2010-03-07 20:08] * Richard_Banks died.
[2010-03-07 20:10] * Cesar_Casanova died.
[2010-03-07 20:14] * Cesar_Casanova died.
[2010-03-07 20:27] * Carl_James died.
[2010-03-07 20:31] * Joshua_Fraser died.
[2010-03-07 20:34] * Carl_James died.
[2010-03-07 20:34] * Nate_Rose died.
[2010-03-07 20:34] * Nate_Rose died.
[2010-03-07 20:38] * Thomas_Richards died.
[2010-03-07 20:47] * Vincenzo_Corleone died.
[2010-03-07 20:52] * Leonardo_Riba died.
[2010-03-07 20:55] * Ashley_Greene killed John_Kimbrough. (Vehicle)
[2010-03-07 20:56] * Chris_Gambetti died.
[2010-03-07 21:03] * Carl_James died.
[2010-03-07 21:05] * CyCl0nE died.
[2010-03-07 21:15] * Tyrone_Lea died.
[2010-03-07 21:17] * Leonardo_Riba died.
[2010-03-07 21:17] * Nathan_Spencer died.
[2010-03-07 21:17] * Earl_Peterson died.
