[2010-03-06 23:31] Afonso_Miranda->Vehicle #32 - Clothes - 115
[2010-03-06 23:31] Afonso_Miranda->Vehicle #32 - Watch - 1
[2010-03-06 23:31] Afonso_Miranda->Vehicle #32 - City Guide - 1
[2010-03-06 23:31] Vehicle #32->Afonso_Miranda - Clothes - 115
[2010-03-06 23:31] Vehicle #32->Afonso_Miranda - City Guide - 1
[2010-03-06 23:31] Vehicle #32->Afonso_Miranda - Watch - 1
[2010-03-06 23:36] Vehicle #718->Huang_Lee - Shotgun - 2
[2010-03-06 23:38] Chris_Gambetti->Player #30801 - Cookie - 1
[2010-03-06 23:40] Vehicle #743->Joshua_Fraser - Clothes - 120
[2010-03-06 23:40] Vehicle #743->Joshua_Fraser - Clothes - 186
[2010-03-06 23:41] Vehicle #127->Ras_Morodo - Backpack - 1
[2010-03-06 23:42] Vehicle #127->Ras_Morodo - Dice - 1
[2010-03-06 23:45] Garry_Jenkins->Vehicle #511 - Colt 45 - 4
[2010-03-06 23:49] Matt_McRae->Vehicle #231 - Emergency Siren - 1
[2010-03-06 23:49] Matt_McRae->Vehicle #231 - Emergency Light Strobes - 1
[2010-03-06 23:50] Irvin_Kronik->Vehicle #506 - Spraycan - 1000
[2010-03-06 23:51] Irvin_Kronik->Vehicle #506 - Spraycan - 1000
[2010-03-06 23:52] Fridge #182884->Drake_Jonson - Cookie - 1
[2010-03-06 23:52] Fridge #182884->Drake_Jonson - Cookie - 1
[2010-03-06 23:53] Drake_Jonson->Player #28493 - Cookie - 1
[2010-03-06 23:53] Fridge #222865->Ryan_Nash - Water - 1
[2010-03-06 23:54] Nikolai_Kozersky->Vehicle #510 - House Key - 1047
[2010-03-06 23:54] Vehicle #510->Sergei_Valasky - House Key - 1047
[2010-03-06 23:55] Sergei_Valasky->Vehicle #510 - House Key - 1047
[2010-03-06 23:55] Sergei_Valasky->Vehicle #510 - House Key - 1047
[2010-03-06 23:55] Sergei_Valasky->Vehicle #510 - House Key - 1047
[2010-03-06 23:56] Vehicle #510->Nikolai_Kozersky - House Key - 1047
[2010-03-06 23:56] Vehicle #510->Vlad_Kovalsky - House Key - 1047
[2010-03-06 23:56] Ryan_Nash->Player #29702 - Dice - 1
[2010-03-06 23:56] Vehicle #510->Negara_Madalin - House Key - 1047
[2010-03-06 23:56] Nikolai_Kozersky->Vehicle #510 - Vehicle Key - 484
[2010-03-06 23:56] Vehicle #510->Sergei_Valasky - Vehicle Key - 484
[2010-03-06 23:57] Sergei_Valasky->Vehicle #510 - Vehicle Key - 484
[2010-03-06 23:57] Sergei_Valasky->Vehicle #510 - Vehicle Key - 484
[2010-03-06 23:57] Vehicle #510->Vlad_Kovalsky - Vehicle Key - 484
[2010-03-06 23:57] Vehicle #510->Negara_Madalin - Vehicle Key - 484
[2010-03-06 23:57] Sergei_Valasky->Vehicle #510 - Sandwich - 1
[2010-03-06 23:57] Sergei_Valasky->Vehicle #510 - Vehicle Key - 484
[2010-03-06 23:57] Sergei_Valasky->Vehicle #510 - Sandwich - 1
[2010-03-06 23:57] Sergei_Valasky->Vehicle #510 - Sandwich - 1
[2010-03-06 23:57] Vehicle #510->Nikolai_Kozersky - Vehicle Key - 484
[2010-03-06 23:58] John_Brenkly put item #223226 (16:Clothes) - 217 in Player #24896
[2010-03-07 00:00] Marshal_Carfield->Player #24505 - Ski Mask - 1
[2010-03-07 00:00] Marshal_Carfield->Player #24505 - Vehicle Key - 1182
[2010-03-07 00:01] James_Fields->Player #29860 - Vehicle Key - 1182
[2010-03-07 00:02] Vehicle #221->Chris_Gary - Rope - 1
[2010-03-07 00:02] Vehicle #221->Chris_Gary - Watch - 1
[2010-03-07 00:03] Chris_Gary->Vehicle #221 - Watch - 1
[2010-03-07 00:03] Vehicle #221->Chris_Gary - Watch - 1
[2010-03-07 00:03] Fridge #222865->Ryan_Nash - Softdrink - 1
[2010-03-07 00:03] Fridge #222865->Ryan_Nash - Water - 1
[2010-03-07 00:03] Fridge #222865->Ryan_Nash - Softdrink - 1
[2010-03-07 00:07] Vehicle #506->Ras_Morodo - Spraycan - 1000
[2010-03-07 00:07] Ryan_Nash->Player #29702 - Gas Mask - 1
[2010-03-07 00:12] Vehicle #506->Irvin_Kronik - Spraycan - 1000
[2010-03-07 00:16] Huang_Lee->Vehicle #718 - Shotgun - 2
[2010-03-07 00:18] Vehicle #221->Chris_Gary - Water - 1
[2010-03-07 00:18] Vehicle #221->Chris_Gary - Water - 1
[2010-03-07 00:18] Vehicle #221->Chris_Gary - Water - 1
[2010-03-07 00:18] Vehicle #221->Chris_Gary - Water - 1
[2010-03-07 00:18] Vehicle #221->Chris_Gary - Water - 1
[2010-03-07 00:19] Vehicle #221->Chris_Gary - Water - 1
[2010-03-07 00:19] Safe #523->Andres_Castro - Silenced - 5
[2010-03-07 00:20] Ramon_Fernandez->Vehicle #522 - Shotgun - 8
[2010-03-07 00:21] Safe #901->Ryan_Nash - Camera - 25
[2010-03-07 00:21] Ryan_Nash->Fridge #222865 - Ziebrand Beer - 1
[2010-03-07 00:21] Ryan_Nash->Fridge #222865 - Scottish Whiskey - 1
[2010-03-07 00:21] Ryan_Nash->Fridge #222865 - Ziebrand Beer - 1
[2010-03-07 00:21] Ryan_Nash->Fridge #222865 - Bastradov Vodka - 1
[2010-03-07 00:21] Ryan_Nash->Fridge #222865 - Bastradov Vodka - 1
[2010-03-07 00:21] Ryan_Nash->Fridge #222865 - Bastradov Vodka - 1
[2010-03-07 00:22] Safe #561->Johny_Smoke - Colt 45 - 33
[2010-03-07 00:22] Jordi_Castro->Vehicle #34 - GPS - 1
[2010-03-07 00:23] Vehicle #34->Jordi_Castro - GPS - 1
[2010-03-07 00:23] Irvin_Kronik->Vehicle #506 - Spraycan - 213
[2010-03-07 00:23] Jordi_Castro->Vehicle #34 - GPS - 1
[2010-03-07 00:24] Vehicle #506->Ras_Morodo - Spraycan - 213
[2010-03-07 00:25] Ryan_Nash->Safe #901 - Camera - 20
[2010-03-07 00:25] Vehicle #34->Jordi_Castro - GPS - 1
[2010-03-07 00:26] Jackson_Shakur->Vehicle #1260 - Fuel Can - 0
[2010-03-07 00:26] Vehicle #522->Hiroshi_Oshiro - Shotgun - 8
[2010-03-07 00:27] Jordi_Castro->Vehicle #34 - GPS - 1
[2010-03-07 00:28] Vehicle #34->Jordi_Castro - GPS - 1
[2010-03-07 00:28] Adina_Kowalsky_Bobby->Player #18376 - Christmas Pudding - 1
[2010-03-07 00:29] Ivo_Bostrom put item #223251 (62:Bastradov Vodka) - 1 in Player #29702
[2010-03-07 00:29] Joseph_McVey->Vehicle #374 - Colt 45 - 2
[2010-03-07 00:30] Shawn_Williamson->Player #20260 - Angel Dust - 1
[2010-03-07 00:30] Shawn_Williamson->Player #20260 - Angel Dust - 1
[2010-03-07 00:30] Shawn_Williamson->Player #20260 - Angel Dust - 1
[2010-03-07 00:30] Shawn_Williamson->Player #20260 - Lysergic Acid - 1
[2010-03-07 00:35] Safe #1314->Eusebio_Fighetti - AK-47 - 400
[2010-03-07 00:35] Safe #1314->Eusebio_Fighetti - Satchel - 12
[2010-03-07 00:35] Safe #1314->Eusebio_Fighetti - AK-47 - 400
[2010-03-07 00:35] Eusebio_Fighetti->Vehicle #712 - Satchel - 12
[2010-03-07 00:35] Eusebio_Fighetti->Vehicle #712 - AK-47 - 1200
[2010-03-07 00:37] Vehicle #712->Eusebio_Fighetti - AK-47 - 1200
[2010-03-07 00:37] Vehicle #712->Eusebio_Fighetti - Satchel - 12
[2010-03-07 00:37] Vehicle #374->Jackson_Shakur - Colt 45 - 2
[2010-03-07 00:37] Eusebio_Fighetti->Safe #661 - AK-47 - 1200
[2010-03-07 00:37] Eusebio_Fighetti->Safe #661 - Satchel - 12
[2010-03-07 00:46] Fridge #191652->Vlad_Kovalsky - Ziebrand Beer - 1
[2010-03-07 00:46] Fridge #191652->Vlad_Kovalsky - Ziebrand Beer - 1
[2010-03-07 00:46] Fridge #191652->Vlad_Kovalsky - Ziebrand Beer - 1
[2010-03-07 00:46] Vlad_Kovalsky->Player #30390 - Ziebrand Beer - 1
[2010-03-07 00:46] Vlad_Kovalsky->Player #18376 - Ziebrand Beer - 1
[2010-03-07 00:47] Fridge #191652->Nikolai_Kozersky - Ziebrand Beer - 1
[2010-03-07 00:58] Mathew_Thomas->Player #26651 - First Aid Kit - 6
[2010-03-07 01:06] Tyreke_Jefferson->Safe #439 - Uzi - 100
[2010-03-07 01:07] Vehicle #1094->Ivo_Bostrom - PDA - 1
[2010-03-07 01:09] Ivo_Bostrom put item #223265 (96:PDA) - 1 in Player #29702
[2010-03-07 01:09] Ivo_Bostrom put item #223266 (17:Watch) - 1 in Player #29702
[2010-03-07 01:17] Vehicle #718->Huang_Lee - Shotgun - 2
[2010-03-07 01:20] Huggy_Halbert->Vehicle #270 - Watch - 1
[2010-03-07 01:20] Huggy_Halbert->Vehicle #270 - City Guide - 1
[2010-03-07 01:20] Huggy_Halbert->Vehicle #270 - Ziebrand Beer - 1
[2010-03-07 01:20] Huggy_Halbert->Vehicle #270 - Bastradov Vodka - 1
[2010-03-07 01:20] Huggy_Halbert->Vehicle #270 - Scottish Whiskey - 1
[2010-03-07 01:20] Huggy_Halbert->Vehicle #270 - Scottish Whiskey - 1
[2010-03-07 01:20] Huggy_Halbert->Vehicle #270 - Bastradov Vodka - 1
[2010-03-07 01:20] Huggy_Halbert->Vehicle #270 - Ziebrand Beer - 1
[2010-03-07 01:20] Huggy_Halbert->Vehicle #270 - Ziebrand Beer - 1
[2010-03-07 01:23] Vehicle #270->Huggy_Halbert - City Guide - 1
[2010-03-07 01:23] Vehicle #270->Huggy_Halbert - Ziebrand Beer - 1
[2010-03-07 01:23] Vehicle #270->Huggy_Halbert - Bastradov Vodka - 1
[2010-03-07 01:23] Vehicle #270->Huggy_Halbert - Scottish Whiskey - 1
[2010-03-07 01:23] Vehicle #270->Huggy_Halbert - Scottish Whiskey - 1
[2010-03-07 01:23] Vehicle #270->Huggy_Halbert - Bastradov Vodka - 1
[2010-03-07 01:23] Vehicle #270->Huggy_Halbert - Ziebrand Beer - 1
[2010-03-07 01:23] Vehicle #270->Huggy_Halbert - Ziebrand Beer - 1
[2010-03-07 01:23] Vehicle #270->Huggy_Halbert - Watch - 1
[2010-03-07 01:24] Huggy_Halbert->Player #30996 - Watch - 1
[2010-03-07 01:25] Richard_Banks->Vehicle #1014 - GPS - 1
[2010-03-07 01:25] Vehicle #1014->Richard_Banks - GPS - 1
[2010-03-07 01:25] Richard_Banks->Vehicle #1014 - GPS - 1
[2010-03-07 01:33] Buggy_Halbert->Vehicle #61 - Cellphone - 1
[2010-03-07 01:33] Buggy_Halbert->Vehicle #61 - City Guide - 1
[2010-03-07 01:33] Buggy_Halbert->Vehicle #61 - Camera - 125
[2010-03-07 01:33] Buggy_Halbert->Vehicle #61 - Ghettoblaster - 1
[2010-03-07 01:34] Vehicle #61->Huggy_Halbert - City Guide - 1
[2010-03-07 01:34] Vehicle #61->Huggy_Halbert - Cellphone - 1
[2010-03-07 01:34] Vehicle #61->Huggy_Halbert - Ghettoblaster - 1
[2010-03-07 01:34] Vehicle #61->Huggy_Halbert - Camera - 125
[2010-03-07 01:37] Carlos_Montana->Vehicle #1318 - Shovel - 1
[2010-03-07 01:51] Safe #9816->Chris_Gambetti - AK-47 - 230
[2010-03-07 01:52] Chris_Gambetti->Safe #9816 - AK-47 - 220
[2010-03-07 01:52] Vehicle #572->Nathan_Spencer - Water - 2
[2010-03-07 01:54] Safe #1169->Carlos_Montana - Sawed-off - 100
[2010-03-07 01:55] Carlos_Montana->Safe #1169 - Sawed-off - 95
[2010-03-07 01:58] Safe #976->Oziel_Procopio - Water - 1
[2010-03-07 01:58] Vehicle #41->Axel_Corleone - Dice - 1
[2010-03-07 01:58] Axel_Corleone->Vehicle #41 - Dice - 1
[2010-03-07 01:58] Vehicle #41->Axel_Corleone - Dice - 1
[2010-03-07 01:59] Nathan_Spencer->Vehicle #572 - Water - 2
[2010-03-07 01:59] Nathan_Spencer->Vehicle #572 - Water - 2
[2010-03-07 01:59] Nathan_Spencer->Vehicle #572 - Water - 2
[2010-03-07 01:59] Nathan_Spencer->Vehicle #572 - Water - 2
[2010-03-07 01:59] Nathan_Spencer->Vehicle #572 - Water - 2
[2010-03-07 01:59] Nathan_Spencer->Vehicle #572 - Water - 2
[2010-03-07 01:59] Nathan_Spencer->Vehicle #572 - Water - 2
[2010-03-07 01:59] Nathan_Spencer->Vehicle #572 - Water - 2
[2010-03-07 01:59] Nathan_Spencer->Vehicle #572 - Water - 2
[2010-03-07 01:59] Nathan_Spencer->Vehicle #572 - Water - 2
[2010-03-07 01:59] Nathan_Spencer->Vehicle #572 - Water - 2
[2010-03-07 02:02] Joe_Halbert->Vehicle #61 - Ziebrand Beer - 1
[2010-03-07 02:02] Joe_Halbert->Vehicle #61 - Ziebrand Beer - 1
[2010-03-07 02:02] Joe_Halbert->Vehicle #61 - Ziebrand Beer - 1
[2010-03-07 02:02] Joe_Halbert->Vehicle #61 - Ziebrand Beer - 1
[2010-03-07 02:02] Joe_Halbert->Vehicle #61 - Ziebrand Beer - 1
[2010-03-07 02:02] Joe_Halbert->Vehicle #61 - Ziebrand Beer - 1
[2010-03-07 02:02] Joe_Halbert->Vehicle #61 - Ziebrand Beer - 1
[2010-03-07 02:02] Joe_Halbert->Vehicle #61 - City Guide - 1
[2010-03-07 02:02] Joe_Halbert->Vehicle #61 - Watch - 1
[2010-03-07 02:02] Joe_Halbert->Vehicle #61 - Clothes - 253
[2010-03-07 02:03] Joe_Halbert->Vehicle #61 - Ziebrand Beer - 1
[2010-03-07 02:03] Joe_Halbert->Vehicle #61 - Ziebrand Beer - 1
[2010-03-07 02:03] Joe_Halbert->Vehicle #61 - Ziebrand Beer - 1
[2010-03-07 02:03] Joe_Halbert->Vehicle #61 - Ziebrand Beer - 1
[2010-03-07 02:03] Joe_Halbert->Vehicle #61 - Ziebrand Beer - 1
[2010-03-07 02:03] Joe_Halbert->Vehicle #61 - Ziebrand Beer - 1
[2010-03-07 02:03] Joe_Halbert->Vehicle #61 - Ziebrand Beer - 1
[2010-03-07 02:03] Joe_Halbert->Vehicle #61 - Ziebrand Beer - 1
[2010-03-07 02:03] Joe_Halbert->Vehicle #61 - Ziebrand Beer - 1
[2010-03-07 02:03] Joe_Halbert->Vehicle #61 - Ziebrand Beer - 1
[2010-03-07 02:05] Vehicle #61->Joe_Halbert - Ziebrand Beer - 1
[2010-03-07 02:05] Vehicle #61->Joe_Halbert - Ziebrand Beer - 1
[2010-03-07 02:05] Vehicle #61->Joe_Halbert - Ziebrand Beer - 1
[2010-03-07 02:05] Vehicle #61->Joe_Halbert - Ziebrand Beer - 1
[2010-03-07 02:05] Vehicle #61->Joe_Halbert - Ziebrand Beer - 1
[2010-03-07 02:06] Vehicle #61->Joe_Halbert - Ziebrand Beer - 1
[2010-03-07 02:06] Vehicle #61->Joe_Halbert - Ziebrand Beer - 1
[2010-03-07 02:06] Vehicle #61->Joe_Halbert - Ziebrand Beer - 1
[2010-03-07 02:06] Vehicle #61->Joe_Halbert - Ziebrand Beer - 1
[2010-03-07 02:06] Vehicle #61->Joe_Halbert - Ziebrand Beer - 1
[2010-03-07 02:06] Vehicle #61->Joe_Halbert - Ziebrand Beer - 1
[2010-03-07 02:06] Vehicle #61->Joe_Halbert - Ziebrand Beer - 1
[2010-03-07 02:06] Vehicle #61->Joe_Halbert - Ziebrand Beer - 1
[2010-03-07 02:06] Vehicle #61->Joe_Halbert - Ziebrand Beer - 1
[2010-03-07 02:06] Vehicle #61->Joe_Halbert - Ziebrand Beer - 1
[2010-03-07 02:06] Vehicle #61->Joe_Halbert - Ziebrand Beer - 1
[2010-03-07 02:06] Vehicle #61->Joe_Halbert - Ziebrand Beer - 1
[2010-03-07 02:06] Vehicle #61->Joe_Halbert - Ziebrand Beer - 1
[2010-03-07 02:06] Vehicle #61->Joe_Halbert - Ziebrand Beer - 1
[2010-03-07 02:06] Vehicle #61->Joe_Halbert - Ziebrand Beer - 1
[2010-03-07 02:06] Vehicle #61->Joe_Halbert - Ziebrand Beer - 1
[2010-03-07 02:06] Vehicle #61->Joe_Halbert - Ziebrand Beer - 1
[2010-03-07 02:06] Vehicle #61->Joe_Halbert - Ziebrand Beer - 1
[2010-03-07 02:06] Vehicle #61->Joe_Halbert - Ziebrand Beer - 1
[2010-03-07 02:06] Vehicle #61->Joe_Halbert - Ziebrand Beer - 1
[2010-03-07 02:06] Vehicle #61->Joe_Halbert - Watch - 1
[2010-03-07 02:06] Vehicle #61->Joe_Halbert - Clothes - 253
[2010-03-07 02:06] Vehicle #61->Joe_Halbert - City Guide - 1
[2010-03-07 02:09] Halbert_Huggy->Vehicle #61 - Ziebrand Beer - 1
[2010-03-07 02:09] Halbert_Huggy->Vehicle #61 - Ziebrand Beer - 1
[2010-03-07 02:09] Halbert_Huggy->Vehicle #61 - Ziebrand Beer - 1
[2010-03-07 02:09] Halbert_Huggy->Vehicle #61 - Ziebrand Beer - 1
[2010-03-07 02:09] Halbert_Huggy->Vehicle #61 - Ziebrand Beer - 1
[2010-03-07 02:09] Halbert_Huggy->Vehicle #61 - Ziebrand Beer - 1
[2010-03-07 02:09] Halbert_Huggy->Vehicle #61 - Ziebrand Beer - 1
[2010-03-07 02:10] Halbert_Huggy->Vehicle #61 - Watch - 1
[2010-03-07 02:10] Halbert_Huggy->Vehicle #61 - Ziebrand Beer - 1
[2010-03-07 02:10] Halbert_Huggy->Vehicle #61 - Ziebrand Beer - 1
[2010-03-07 02:10] Halbert_Huggy->Vehicle #61 - Ziebrand Beer - 1
[2010-03-07 02:10] Halbert_Huggy->Vehicle #61 - Ziebrand Beer - 1
[2010-03-07 02:10] Halbert_Huggy->Vehicle #61 - Ziebrand Beer - 1
[2010-03-07 02:10] Halbert_Huggy->Vehicle #61 - Ziebrand Beer - 1
[2010-03-07 02:10] Halbert_Huggy->Vehicle #61 - Ziebrand Beer - 1
[2010-03-07 02:10] Halbert_Huggy->Vehicle #61 - Ziebrand Beer - 1
[2010-03-07 02:10] Halbert_Huggy->Vehicle #61 - Softdrink - 1
[2010-03-07 02:10] Halbert_Huggy->Vehicle #61 - Softdrink - 1
[2010-03-07 02:10] Halbert_Huggy->Vehicle #61 - Softdrink - 1
[2010-03-07 02:10] Halbert_Huggy->Vehicle #61 - Softdrink - 1
[2010-03-07 02:11] John_Casanova->Player #31000 - Watch - 1
[2010-03-07 02:12] Vehicle #61->Halbert_Huggy - Ziebrand Beer - 1
[2010-03-07 02:12] Vehicle #61->Halbert_Huggy - Ziebrand Beer - 1
[2010-03-07 02:12] Vehicle #61->Halbert_Huggy - Ziebrand Beer - 1
[2010-03-07 02:12] Vehicle #61->Halbert_Huggy - Ziebrand Beer - 1
[2010-03-07 02:12] Vehicle #61->Halbert_Huggy - Ziebrand Beer - 1
[2010-03-07 02:12] Vehicle #61->Halbert_Huggy - Ziebrand Beer - 1
[2010-03-07 02:12] Vehicle #61->Halbert_Huggy - Ziebrand Beer - 1
[2010-03-07 02:12] Vehicle #61->Halbert_Huggy - Watch - 1
[2010-03-07 02:12] Vehicle #61->Halbert_Huggy - Ziebrand Beer - 1
[2010-03-07 02:12] Vehicle #61->Halbert_Huggy - Ziebrand Beer - 1
[2010-03-07 02:12] Vehicle #61->Halbert_Huggy - Ziebrand Beer - 1
[2010-03-07 02:12] Vehicle #61->Halbert_Huggy - Ziebrand Beer - 1
[2010-03-07 02:12] Vehicle #61->Halbert_Huggy - Ziebrand Beer - 1
[2010-03-07 02:12] Vehicle #61->Halbert_Huggy - Ziebrand Beer - 1
[2010-03-07 02:12] Vehicle #61->Halbert_Huggy - Ziebrand Beer - 1
[2010-03-07 02:12] Vehicle #61->Halbert_Huggy - Ziebrand Beer - 1
[2010-03-07 02:13] Vehicle #61->Halbert_Huggy - Ziebrand Beer - 1
[2010-03-07 02:13] Vehicle #61->Halbert_Huggy - Ziebrand Beer - 1
[2010-03-07 02:13] Vehicle #61->Halbert_Huggy - Ziebrand Beer - 1
[2010-03-07 02:13] Vehicle #61->Halbert_Huggy - Ziebrand Beer - 1
[2010-03-07 02:13] Vehicle #61->Halbert_Huggy - Ziebrand Beer - 1
[2010-03-07 02:13] Vehicle #61->Halbert_Huggy - Ziebrand Beer - 1
[2010-03-07 02:13] Vehicle #61->Halbert_Huggy - Ziebrand Beer - 1
[2010-03-07 02:13] Vehicle #61->Halbert_Huggy - Softdrink - 1
[2010-03-07 02:13] Vehicle #61->Halbert_Huggy - Softdrink - 1
[2010-03-07 02:13] Vehicle #61->Halbert_Huggy - Softdrink - 1
[2010-03-07 02:13] Vehicle #61->Halbert_Huggy - Softdrink - 1
[2010-03-07 02:13] Jesse_Kleinman put item #222920 (63:Scottish Whiskey) - 1 in Player #23405
[2010-03-07 02:13] Vehicle #61->Halbert_Huggy - Softdrink - 1
[2010-03-07 02:13] Vehicle #61->Halbert_Huggy - Softdrink - 1
[2010-03-07 02:16] Jesse_Kleinman put item #223366 (62:Bastradov Vodka) - 1 in Player #23405
[2010-03-07 02:17] Halbert_Huggy put item #223321 (17:Watch) - 1 in Player #31001
[2010-03-07 02:20] Halbert_Huggy->Player #31001 - Ziebrand Beer - 1
[2010-03-07 02:20] Halbert_Huggy->Player #31001 - Ziebrand Beer - 1
[2010-03-07 02:22] Huggy_Halbert put item #223369 (17:Watch) - 1 in Player #30996
[2010-03-07 02:24] Huggy_Halbert put item #223386 (58:Ziebrand Beer) - 1 in Player #30996
[2010-03-07 02:31] Jack_Shakur->Vehicle #1009 - Burger - 1
[2010-03-07 02:31] Jack_Shakur->Vehicle #1009 - Water - 1
[2010-03-07 02:38] Huggy_Halbert put item #223401 (62:Bastradov Vodka) - 1 in Player #30996
[2010-03-07 02:38] Juan_Vasquez->Safe #9228 - Shotgun - 8
[2010-03-07 02:39] Juan_Vasquez->Safe #9228 - Watch - 1
[2010-03-07 02:39] Juan_Vasquez->Safe #9228 - Helmet - 1
[2010-03-07 02:39] Jonathan_Levee->Player #30880 - Burger - 1
[2010-03-07 02:39] Huggy_Halbert put item #223395 (16:Clothes) - 120 in Player #30996
[2010-03-07 02:41] Jesse_Kleinman->Vehicle #755 - Ziebrand Beer - 1
[2010-03-07 02:41] Jesse_Kleinman->Vehicle #755 - Ziebrand Beer - 1
[2010-03-07 02:42] Juan_Gonzales->Player #23405 - Sandwich - 1
[2010-03-07 02:42] Jesse_Kleinman->Vehicle #755 - Ziebrand Beer - 1
[2010-03-07 02:42] Jesse_Kleinman->Player #23491 - Scottish Whiskey - 1
[2010-03-07 02:42] Jesse_Kleinman->Vehicle #755 - Bastradov Vodka - 1
[2010-03-07 02:43] Jesse_Kleinman->Player #23405 - Bastradov Vodka - 1
[2010-03-07 02:43] Chris_Gambetti->Vehicle #1009 - AK-47 - 10
[2010-03-07 02:43] Chris_Gambetti->Vehicle #1009 - Tec-9 - 1
[2010-03-07 02:51] Safe #969->Carlos_Montana - Sawed-off - 50
[2010-03-07 02:52] Carlos_Montana->Safe #969 - Sawed-off - 54
[2010-03-07 02:55] Kitagaki_Mitsuharu->Safe #1214 - Camera - 5
[2010-03-07 02:55] Kitagaki_Mitsuharu->Safe #1214 - Generic Item - Business Card: Starlight Incorporation
[2010-03-07 02:56] Vehicle #429->Marino_Robles - Standard Fighting for Dummies - 1
[2010-03-07 02:57] Kitagaki_Mitsuharu->Player #30026 - Fridge - 1
[2010-03-07 02:58] Vehicle #744->Jimmy_Sanders - Spraycan - 752
[2010-03-07 03:05] Duke_Garvey->Player #29182 - Water - 1
[2010-03-07 03:15] Vehicle #1009->Jack_Shakur - Water - 1
[2010-03-07 03:19] Jamie_Reeves->Player #27866 - Water - 1
[2010-03-07 03:30] Safe #9253->Adam_Benjamin - Fishing Rod - 1
[2010-03-07 03:30] Safe #9253->Adam_Benjamin - Fishing Rod - 1
[2010-03-07 03:33] Kitagaki_Mitsuharu->Safe #1214 - Camera - 5
[2010-03-07 03:35] Marino_Robles->Safe #10578 - Colt 45 - 76
[2010-03-07 03:35] Safe #10578->Marino_Robles - Colt 45 - 76
[2010-03-07 03:37] Marino_Robles->Safe #10578 - LSPD Badge - 86
[2010-03-07 03:37] Marino_Robles->Safe #10578 - Handcuffs - 1
[2010-03-07 03:37] Marino_Robles->Safe #10578 - Kung Fu for Dummies - 1
[2010-03-07 03:37] Marino_Robles->Safe #10578 - Knee Head Fighting for Dummies - 1
[2010-03-07 03:37] Marino_Robles->Safe #10578 - Standard Fighting for Dummies - 1
[2010-03-07 03:38] Safe #10578->Marino_Robles - Kung Fu for Dummies - 1
[2010-03-07 03:38] Safe #10578->Marino_Robles - Standard Fighting for Dummies - 1
[2010-03-07 03:38] Safe #10578->Marino_Robles - Knee Head Fighting for Dummies - 1
[2010-03-07 03:40] Marino_Robles->Safe #454 - Kung Fu for Dummies - 1
[2010-03-07 03:40] Marino_Robles->Safe #454 - Standard Fighting for Dummies - 1
[2010-03-07 03:40] Marino_Robles->Safe #454 - Knee Head Fighting for Dummies - 1
[2010-03-07 03:45] Adam_Benjamin->Vehicle #60 - Fishing Rod - 1
[2010-03-07 03:45] Adam_Benjamin->Vehicle #60 - Fishing Rod - 1
[2010-03-07 03:45] Vehicle #60->Adam_Benjamin - Fishing Rod - 1
[2010-03-07 03:46] Adam_Benjamin->Vehicle #60 - Fishing Rod - 1
[2010-03-07 03:46] Enrique_Thompson->Vehicle #1096 - M4 - 1
[2010-03-07 03:47] Fred_Kilroy->Safe #733 - Elbow Fighting for Dummies - 1
[2010-03-07 03:47] Fred_Kilroy->Safe #733 - Ski Mask - 1
[2010-03-07 03:48] Vehicle #1096->Ling_Osuka - M4 - 1
[2010-03-07 04:07] Vehicle #558->Ras_Morodo - Fuel Can - 25
[2010-03-07 04:07] Vehicle #558->Ras_Morodo - Ghettoblaster - 4
[2010-03-07 04:17] Vehicle #1009->Chris_Gambetti - Tec-9 - 1
[2010-03-07 04:17] Vehicle #1009->Chris_Gambetti - AK-47 - 10
[2010-03-07 04:17] Vehicle #1009->Chris_Gambetti - Burger - 1
[2010-03-07 04:18] Safe #9816->Chris_Gambetti - Sniper - 1
[2010-03-07 04:19] Daniel_Baker->Player #34 - Cellphone - 1
[2010-03-07 04:22] Catherine_Halsey->Vehicle #1056 - Handcuffs - 1
[2010-03-07 04:22] Catherine_Halsey->Vehicle #1056 - Handcuff Keys - 1
[2010-03-07 04:22] Catherine_Halsey->Vehicle #1056 - PDA - 1
[2010-03-07 04:23] Catherine_Halsey->Vehicle #1056 - LS Government Badge - U.S. Marshals
[2010-03-07 04:23] Catherine_Halsey->Vehicle #1056 - Clothes - 286
[2010-03-07 04:23] Catherine_Halsey->Vehicle #1056 - Radio - 332567183
[2010-03-07 04:23] Catherine_Halsey->Vehicle #1056 - Earpiece - 1
[2010-03-07 04:24] Vehicle #1056->Sev_Wiseman - LS Government Badge - U.S. Marshals
[2010-03-07 04:24] Vehicle #1056->Sev_Wiseman - Clothes - 286
[2010-03-07 04:24] Vehicle #1056->Sev_Wiseman - PDA - 1
[2010-03-07 04:24] Vehicle #1056->Sev_Wiseman - Radio - 332567183
[2010-03-07 04:24] Chris_Gambetti->Safe #9816 - AK-47 - 10
[2010-03-07 04:24] Sev_Wiseman->Vehicle #1056 - Riot Shield - 1
[2010-03-07 04:24] Safe #9816->Chris_Gambetti - AK-47 - 10
[2010-03-07 04:24] Safe #9816->Chris_Gambetti - AK-47 - 220
[2010-03-07 04:24] Sev_Wiseman->Vehicle #1056 - Rope - 1
[2010-03-07 04:24] Chris_Gambetti->Safe #9816 - AK-47 - 230
[2010-03-07 04:24] Chris_Gambetti->Safe #9816 - Sniper - 1
[2010-03-07 04:24] Sev_Wiseman->Vehicle #1056 - Notebook - 4
[2010-03-07 04:24] Chris_Gambetti->Safe #9816 - Tec-9 - 1
[2010-03-07 04:24] Chris_Gambetti->Safe #9816 - Ski Mask - 1
[2010-03-07 04:24] Sev_Wiseman->Vehicle #1056 - LSPD Badge - 1
[2010-03-07 04:25] Sev_Wiseman->Vehicle #1056 - LSES Identification - 1
[2010-03-07 04:25] Sev_Wiseman->Vehicle #1056 - Generic Item - Free train ticket
[2010-03-07 04:25] Fridge #222679->Marino_Robles - Scottish Whiskey - 1
[2010-03-07 04:25] Fridge #222679->Marino_Robles - Scottish Whiskey - 1
[2010-03-07 04:25] Vehicle #1056->Sev_Wiseman - Handcuff Keys - 1
[2010-03-07 04:25] Fridge #222679->Marino_Robles - Scottish Whiskey - 1
[2010-03-07 04:25] Fridge #222679->Marino_Robles - Scottish Whiskey - 1
[2010-03-07 04:25] Fridge #222679->Marino_Robles - Scottish Whiskey - 1
[2010-03-07 04:25] Fridge #222679->Marino_Robles - Scottish Whiskey - 1
[2010-03-07 04:25] Vehicle #1056->Sev_Wiseman - Earpiece - 1
[2010-03-07 04:25] Vehicle #1056->Sev_Wiseman - Notebook - 4
[2010-03-07 04:26] Vehicle #1056->Catherine_Halsey - Radio - 332567183
[2010-03-07 04:26] Vehicle #1056->Catherine_Halsey - Handcuffs - 1
[2010-03-07 04:27] Marino_Robles->Fridge #202465 - Scottish Whiskey - 1
[2010-03-07 04:27] Marino_Robles->Fridge #202465 - Scottish Whiskey - 1
[2010-03-07 04:27] Marino_Robles->Fridge #202465 - Scottish Whiskey - 1
[2010-03-07 04:27] Marino_Robles->Fridge #202465 - Scottish Whiskey - 1
[2010-03-07 04:27] Marino_Robles->Fridge #202465 - Scottish Whiskey - 1
[2010-03-07 04:31] Fridge #222679->Marino_Robles - Water - 1
[2010-03-07 04:31] Fridge #222679->Marino_Robles - Scottish Whiskey - 1
[2010-03-07 04:31] Fridge #222679->Marino_Robles - Scottish Whiskey - 1
[2010-03-07 04:31] Fridge #222679->Marino_Robles - Scottish Whiskey - 1
[2010-03-07 04:31] Fridge #222679->Marino_Robles - Scottish Whiskey - 1
[2010-03-07 04:31] Fridge #222679->Marino_Robles - Scottish Whiskey - 1
[2010-03-07 04:31] Fridge #222679->Marino_Robles - Scottish Whiskey - 1
[2010-03-07 04:32] Marino_Robles->Vehicle #1307 - Scottish Whiskey - 1
[2010-03-07 04:32] Marino_Robles->Vehicle #1307 - Scottish Whiskey - 1
[2010-03-07 04:32] Marino_Robles->Vehicle #1307 - Scottish Whiskey - 1
[2010-03-07 04:32] Marino_Robles->Vehicle #1307 - Scottish Whiskey - 1
[2010-03-07 04:32] Marino_Robles->Vehicle #1307 - Softdrink - 1
[2010-03-07 04:32] Fridge #222679->Marino_Robles - Scottish Whiskey - 1
[2010-03-07 04:32] Fridge #222679->Marino_Robles - Ziebrand Beer - 1
[2010-03-07 04:32] Fridge #222679->Marino_Robles - Scottish Whiskey - 1
[2010-03-07 04:32] Fridge #222679->Marino_Robles - Sandwich - 1
[2010-03-07 04:32] Fridge #222679->Marino_Robles - Softdrink - 1
[2010-03-07 04:32] Fridge #222679->Marino_Robles - Softdrink - 1
[2010-03-07 04:33] Marino_Robles->Vehicle #1307 - Scottish Whiskey - 1
[2010-03-07 04:33] Marino_Robles->Vehicle #1307 - Ziebrand Beer - 1
[2010-03-07 04:33] Marino_Robles->Vehicle #1307 - Softdrink - 1
[2010-03-07 04:33] Marino_Robles->Vehicle #1307 - Sandwich - 1
[2010-03-07 04:33] Marino_Robles->Vehicle #1307 - Scottish Whiskey - 1
[2010-03-07 04:33] Fridge #222679->Marino_Robles - Water - 1
[2010-03-07 04:33] Fridge #222679->Marino_Robles - Donut - 1
[2010-03-07 04:33] Fridge #222679->Marino_Robles - Water - 1
[2010-03-07 04:33] Fridge #222679->Marino_Robles - Donut - 1
[2010-03-07 04:33] Fridge #222679->Marino_Robles - Donut - 1
[2010-03-07 04:33] Fridge #222679->Marino_Robles - Softdrink - 1
[2010-03-07 04:34] Fridge #222679->Marino_Robles - Softdrink - 1
[2010-03-07 04:34] Vehicle #1307->Fred_Kilroy - Softdrink - 1
[2010-03-07 04:35] Vehicle #1307->Marino_Robles - Scottish Whiskey - 1
[2010-03-07 04:35] Vehicle #1307->Marino_Robles - Scottish Whiskey - 1
[2010-03-07 04:35] Vehicle #1307->Marino_Robles - Scottish Whiskey - 1
[2010-03-07 04:35] Vehicle #1307->Fred_Kilroy - Scottish Whiskey - 1
[2010-03-07 04:35] Vehicle #1307->Fred_Kilroy - Scottish Whiskey - 1
[2010-03-07 04:35] Vehicle #1307->Fred_Kilroy - Scottish Whiskey - 1
[2010-03-07 04:35] Vehicle #1307->Fred_Kilroy - Scottish Whiskey - 1
[2010-03-07 04:35] Vehicle #1307->Fred_Kilroy - Scottish Whiskey - 1
[2010-03-07 04:35] Vehicle #1307->Fred_Kilroy - Scottish Whiskey - 1
[2010-03-07 04:35] Vehicle #1307->Fred_Kilroy - Scottish Whiskey - 1
[2010-03-07 04:35] Vehicle #1307->Fred_Kilroy - Ziebrand Beer - 1
[2010-03-07 04:35] Marino_Robles->Fridge #202465 - Scottish Whiskey - 1
[2010-03-07 04:35] Marino_Robles->Fridge #202465 - Softdrink - 1
[2010-03-07 04:35] Marino_Robles->Fridge #202465 - Water - 1
[2010-03-07 04:35] Marino_Robles->Fridge #202465 - Water - 1
[2010-03-07 04:35] Fred_Kilroy->Fridge #202465 - Scottish Whiskey - 1
[2010-03-07 04:35] Fred_Kilroy->Fridge #202465 - Scottish Whiskey - 1
[2010-03-07 04:35] Fred_Kilroy->Fridge #202465 - Sandwich - 1
[2010-03-07 04:35] Fred_Kilroy->Fridge #202465 - Sandwich - 1
[2010-03-07 04:35] Fred_Kilroy->Fridge #202465 - Sandwich - 1
[2010-03-07 04:35] Vehicle #1307->Marino_Robles - Scottish Whiskey - 1
[2010-03-07 04:35] Fred_Kilroy->Fridge #202465 - Sandwich - 1
[2010-03-07 04:36] Vehicle #1307->Marino_Robles - Ziebrand Beer - 1
[2010-03-07 04:36] Vehicle #1307->Marino_Robles - Scottish Whiskey - 1
[2010-03-07 04:36] Vehicle #1307->Marino_Robles - Scottish Whiskey - 1
[2010-03-07 04:36] Vehicle #1307->Marino_Robles - Sandwich - 1
[2010-03-07 04:36] Vehicle #1307->Fred_Kilroy - Sandwich - 1
[2010-03-07 04:36] Vehicle #1307->Fred_Kilroy - Softdrink - 1
[2010-03-07 04:36] Safe #9816->Chris_Gambetti - AK-47 - 230
[2010-03-07 04:37] Marino_Robles->Fridge #202465 - Scottish Whiskey - 1
[2010-03-07 04:37] Marino_Robles->Fridge #202465 - Scottish Whiskey - 1
[2010-03-07 04:37] Marino_Robles->Fridge #202465 - Ziebrand Beer - 1
[2010-03-07 04:38] Marino_Robles->Fridge #202465 - Scottish Whiskey - 1
[2010-03-07 04:40] Chris_Gambetti->Safe #9816 - AK-47 - 230
[2010-03-07 04:41] Fred_Kilroy->Vehicle #1307 - Colt 45 - 52
[2010-03-07 04:41] Fred_Kilroy->Vehicle #1307 - Uzi - 42
[2010-03-07 04:41] Vehicle #1307->Fred_Kilroy - Colt 45 - 52
[2010-03-07 04:43] Kitagaki_Mitsuharu->Player #31009 - Vehicle Key - 1264
[2010-03-07 04:43] Kitagaki_Mitsuharu->Player #31009 - House Key - 1214
[2010-03-07 04:56] Vehicle #1307->Fred_Kilroy - Uzi - 42
[2010-03-07 05:12] Vehicle #179->Drew_Bronson - GPS - 1
[2010-03-07 05:12] Vehicle #179->Drew_Bronson - Donut - 1
[2010-03-07 05:12] Vehicle #179->Drew_Bronson - Water - 1
[2010-03-07 05:12] Vehicle #179->Drew_Bronson - Donut - 1
[2010-03-07 05:20] Safe #9662->Fred_Kilroy - Shotgun - 96
[2010-03-07 05:21] Fred_Kilroy->Safe #9662 - Shotgun - 36
[2010-03-07 05:23] Patrick_Andersson->Player #29703 - House Key - 325
[2010-03-07 05:23] Patrick_Andersson->Player #29703 - House Key - 599
[2010-03-07 05:23] Patrick_Andersson->Player #29703 - House Key - 598
[2010-03-07 05:25] Safe #9816->Chris_Gambetti - Ski Mask - 1
[2010-03-07 05:27] Safe #523->Andres_Castro - Silenced - 14
[2010-03-07 05:27] Andres_Castro->Safe #523 - Silenced - 10
[2010-03-07 05:28] Kitagaki_Mitsuharu->Vehicle #1264 - Ski Mask - 1
[2010-03-07 05:29] Vehicle #1264->Hachemon_Abukaru - Ski Mask - 1
[2010-03-07 05:38] Vehicle #358->Jay_Carey - Dice - 1
[2010-03-07 05:41] Safe #6->Jay_Carey - Spraycan - 145
[2010-03-07 05:41] Jay_Carey->Safe #6 - Spraycan - 145
[2010-03-07 05:41] Safe #6->Jay_Carey - Fire Extinguisher - 1250
[2010-03-07 05:42] Jimmy_Sanders->Vehicle #446 - Vehicle Key - 1240
[2010-03-07 05:42] Jimmy_Sanders->Vehicle #446 - Vehicle Key - 1291
[2010-03-07 05:42] Jimmy_Sanders->Vehicle #446 - Vehicle Key - 446
[2010-03-07 05:42] Jimmy_Sanders->Vehicle #446 - House Key - 9668
[2010-03-07 05:42] Jimmy_Sanders->Vehicle #446 - Vehicle Key - 746
[2010-03-07 05:42] Jimmy_Sanders->Vehicle #446 - Fuel Can - 0
[2010-03-07 05:42] Jimmy_Sanders->Vehicle #446 - Fuel Can - 0
[2010-03-07 05:42] Jimmy_Sanders->Vehicle #446 - Handcuffs - 1
[2010-03-07 05:42] Jimmy_Sanders->Vehicle #446 - Vehicle Key - 1249
[2010-03-07 05:42] Jimmy_Sanders->Vehicle #446 - Note - Carlos M.
[2010-03-07 05:42] Jimmy_Sanders->Vehicle #446 - Note - LS TAXI 8294
[2010-03-07 05:42] Joe_Blo put item #223460 (16:Clothes) - 134 in Player #31012
[2010-03-07 05:42] Jimmy_Sanders->Vehicle #446 - Cellphone - 0
[2010-03-07 05:42] Jimmy_Sanders->Vehicle #446 - Phonebook - 1
[2010-03-07 05:42] Vehicle #446->Jimmy_Sanders - Cellphone - 0
[2010-03-07 05:42] Vehicle #446->Jimmy_Sanders - Vehicle Key - 1291
[2010-03-07 05:42] Vehicle #446->Jimmy_Sanders - Vehicle Key - 446
[2010-03-07 05:42] Vehicle #446->Jimmy_Sanders - House Key - 9668
[2010-03-07 05:42] Vehicle #446->Jimmy_Sanders - Vehicle Key - 746
[2010-03-07 05:42] Vehicle #446->Jimmy_Sanders - Fuel Can - 0
[2010-03-07 05:42] Vehicle #446->Jimmy_Sanders - Fuel Can - 0
[2010-03-07 05:42] Vehicle #446->Jimmy_Sanders - Handcuffs - 1
[2010-03-07 05:42] Vehicle #446->Jimmy_Sanders - Vehicle Key - 1249
[2010-03-07 05:42] Vehicle #446->Jimmy_Sanders - Note - Carlos M.
[2010-03-07 05:42] Vehicle #446->Jimmy_Sanders - Note - LS TAXI 8294
[2010-03-07 05:42] Vehicle #446->Jimmy_Sanders - Phonebook - 1
[2010-03-07 05:42] Vehicle #446->Jimmy_Sanders - Vehicle Key - 1240
[2010-03-07 05:43] Jimmy_Sanders->Vehicle #446 - Vehicle Key - 1291
[2010-03-07 05:43] Jimmy_Sanders->Vehicle #446 - House Key - 9668
[2010-03-07 05:43] Jimmy_Sanders->Vehicle #446 - Vehicle Key - 746
[2010-03-07 05:43] Jimmy_Sanders->Vehicle #446 - Fuel Can - 0
[2010-03-07 05:43] Jimmy_Sanders->Vehicle #446 - Fuel Can - 0
[2010-03-07 05:43] Jimmy_Sanders->Vehicle #446 - Handcuffs - 1
[2010-03-07 05:43] Jimmy_Sanders->Vehicle #446 - Vehicle Key - 1249
[2010-03-07 05:43] Jimmy_Sanders->Vehicle #446 - Note - Carlos M.
[2010-03-07 05:43] Jimmy_Sanders->Vehicle #446 - Note - LS TAXI 8294
[2010-03-07 05:43] Jimmy_Sanders->Vehicle #446 - Phonebook - 1
[2010-03-07 05:43] Jimmy_Sanders->Vehicle #446 - Vehicle Key - 1240
[2010-03-07 05:43] Jimmy_Sanders->Vehicle #446 - Cellphone - 0
[2010-03-07 05:43] Jimmy_Sanders->Vehicle #446 - Clothes - 188
[2010-03-07 05:43] Jimmy_Sanders->Vehicle #446 - PDA - 1
[2010-03-07 05:43] Vehicle #446->Jimmy_Sanders - Cellphone - 0
[2010-03-07 05:43] Jimmy_Sanders->Vehicle #446 - Ziebrand Beer - 1
[2010-03-07 05:43] Jimmy_Sanders->Vehicle #446 - Cellphone - 0
[2010-03-07 05:45] Joshua_Loyd->Vehicle #697 - Fuel Can - 25
[2010-03-07 05:45] Joshua_Loyd->Vehicle #697 - Fuel Can - 25
[2010-03-07 05:45] Joshua_Loyd->Vehicle #697 - First Aid Kit - 3
[2010-03-07 05:45] Joshua_Loyd->Vehicle #697 - Watch - 1
[2010-03-07 05:45] Joshua_Loyd->Vehicle #697 - Fuel Can - 25
[2010-03-07 05:46] Safe #1089->Nicholas_Pacitti - Shotgun - 20
[2010-03-07 05:48] Huggy_Halbert put item #223472 (16:Clothes) - 255 in Player #30996
[2010-03-07 05:49] Nicholas_Pacitti->Safe #1089 - Shotgun - 20
[2010-03-07 05:55] Vehicle #446->Jimmy_Sanders - Vehicle Key - 746
[2010-03-07 05:55] Vehicle #446->Jimmy_Sanders - Fuel Can - 0
[2010-03-07 05:55] Vehicle #446->Jimmy_Sanders - Fuel Can - 0
[2010-03-07 05:55] Vehicle #446->Jimmy_Sanders - Handcuffs - 1
[2010-03-07 05:55] Vehicle #446->Jimmy_Sanders - Vehicle Key - 1249
[2010-03-07 05:55] Vehicle #446->Jimmy_Sanders - Note - Carlos M.
[2010-03-07 05:55] Vehicle #446->Jimmy_Sanders - Note - LS TAXI 8294
[2010-03-07 05:55] Vehicle #446->Jimmy_Sanders - Phonebook - 1
[2010-03-07 05:55] Vehicle #446->Jimmy_Sanders - Vehicle Key - 1240
[2010-03-07 05:55] Vehicle #446->Jimmy_Sanders - Clothes - 188
[2010-03-07 05:55] Vehicle #446->Jimmy_Sanders - PDA - 1
[2010-03-07 05:55] Vehicle #446->Jimmy_Sanders - Ziebrand Beer - 1
[2010-03-07 05:55] Vehicle #446->Jimmy_Sanders - House Key - 9668
[2010-03-07 05:55] Vehicle #446->Jimmy_Sanders - Vehicle Key - 1291
[2010-03-07 05:55] Vehicle #446->Jimmy_Sanders - Cellphone - 0
[2010-03-07 05:56] Tim_Jesuson->Player #27397 - Dice - 1
[2010-03-07 05:56] Tim_Jesuson->Player #27397 - Dice - 1
[2010-03-07 05:56] Joshua_Loyd->Player #31018 - Donut - 1
[2010-03-07 05:57] James_Williams->Vehicle #1331 - Emergency Light Strobes - 1
[2010-03-07 05:57] James_Williams->Vehicle #1331 - Emergency Siren - 1
[2010-03-07 05:57] Vehicle #1331->James_Williams - Emergency Siren - 1
[2010-03-07 05:57] Vehicle #1331->James_Williams - Emergency Light Strobes - 1
[2010-03-07 06:00] Francesco_Davino->Vehicle #1330 - Radio - 1
[2010-03-07 06:01] Joshua_Loyd->Player #31018 - Donut - 1
[2010-03-07 06:12] Jack_Quinn->Vehicle #1288 - Tec-9 - 4
[2010-03-07 06:24] Jay_Carey->Vehicle #1199 - Water - 1
[2010-03-07 06:24] Jay_Carey->Vehicle #1199 - Water - 1
[2010-03-07 06:24] Jay_Carey->Vehicle #1199 - Water - 1
[2010-03-07 06:24] Jay_Carey->Vehicle #1199 - Water - 1
[2010-03-07 06:24] Jay_Carey->Vehicle #1199 - Donut - 1
[2010-03-07 06:24] Jay_Carey->Vehicle #1199 - Water - 1
[2010-03-07 06:24] Jay_Carey->Vehicle #1199 - Water - 1
[2010-03-07 06:25] Jay_Carey->Vehicle #1199 - Water - 1
[2010-03-07 06:25] Jay_Carey->Vehicle #1199 - Sandwich - 1
[2010-03-07 06:25] Safe #705->Rondall_McGee - Marijuana - 1
[2010-03-07 06:25] Safe #705->Rondall_McGee - Uzi - 19
[2010-03-07 06:31] Rondall_McGee->Safe #705 - Uzi - 19
[2010-03-07 06:39] Vehicle #697->Tim_Jesuson - Watch - 1
[2010-03-07 06:40] Tim_Jesuson->Vehicle #697 - Watch - 1
[2010-03-07 06:43] Safe #705->Rondall_McGee - Marijuana - 1
[2010-03-07 06:45] Rondall_McGee->Player #3867 - Marijuana - 1
[2010-03-07 06:48] Rondall_McGee->Player #3867 - Marijuana - 1
[2010-03-07 06:54] Mark_Linn->Vehicle #558 - Ghettoblaster - 4
[2010-03-07 06:55] Vehicle #1288->Jack_Quinn - Tec-9 - 4
[2010-03-07 06:57] Safe #1089->Nicholas_Pacitti - Shotgun - 20
[2010-03-07 06:57] Safe #9245->Jack_Quinn - Tec-9 - 40
[2010-03-07 07:05] Adam_Benjamin->Safe #9253 - Tec-9 - 11
[2010-03-07 07:06] Safe #746->Medwin_Metz - Elevator Remote - 101
[2010-03-07 07:06] Safe #746->Medwin_Metz - Marijuana - 1
[2010-03-07 07:06] Safe #746->Medwin_Metz - Marijuana - 1
[2010-03-07 07:06] Safe #746->Medwin_Metz - Generic Item - WSA T-shirt
[2010-03-07 07:07] Safe #10302->Michael_Ricciotti - Tec-9 - 25
[2010-03-07 07:13] Nicholas_Pacitti->Safe #1089 - Golfclub - 1
[2010-03-07 07:13] Nicholas_Pacitti->Safe #1089 - AK-47 - 57
[2010-03-07 07:13] Nicholas_Pacitti->Safe #1089 - Shotgun - 18
[2010-03-07 07:14] Edd_Brown->Fridge #177963 - Scottish Whiskey - 1
[2010-03-07 07:14] Edd_Brown->Fridge #177963 - Scottish Whiskey - 1
[2010-03-07 07:14] Edd_Brown->Fridge #177963 - Scottish Whiskey - 1
[2010-03-07 07:19] Joe_Blogg->Vehicle #61 - Phonebook - 1
[2010-03-07 07:19] Joe_Blogg->Vehicle #61 - Shovel - 1
[2010-03-07 07:19] Vehicle #61->Joe_Blogg - Phonebook - 1
[2010-03-07 07:19] Joe_Blogg->Player #31023 - Phonebook - 1
[2010-03-07 07:19] Joe_Blogg->Player #31023 - Phonebook - 1
[2010-03-07 07:19] Joe_Blogg->Vehicle #61 - Phonebook - 1
[2010-03-07 07:20] Joe_Blogg->Vehicle #61 - Poolstick - 1
[2010-03-07 07:20] Joe_Blogg->Vehicle #61 - Fire Extinguisher - 1000
[2010-03-07 07:20] Joe_Blogg->Vehicle #61 - Golfclub - 1
[2010-03-07 07:20] Joe_Blogg->Vehicle #61 - Cane - 1
[2010-03-07 07:22] Vehicle #61->Joe_Blogg - Cane - 1
[2010-03-07 07:22] Vehicle #61->Joe_Blogg - Phonebook - 1
[2010-03-07 07:22] Vehicle #61->Joe_Blogg - Poolstick - 1
[2010-03-07 07:22] Vehicle #61->Joe_Blogg - Fire Extinguisher - 1000
[2010-03-07 07:22] Vehicle #61->Joe_Blogg - Shovel - 1
[2010-03-07 07:23] Vehicle #61->Joe_Blogg - Golfclub - 1
[2010-03-07 07:43] Safe #9816->Chris_Gambetti - AK-47 - 230
[2010-03-07 07:43] Chris_Gambetti->Safe #9816 - AK-47 - 230
[2010-03-07 07:43] Safe #9816->Chris_Gambetti - AK-47 - 230
[2010-03-07 07:44] Chris_Gambetti->Safe #9816 - AK-47 - 220
[2010-03-07 07:48] Fridge #206021->Vladimir_Burin - Sandwich - 1
[2010-03-07 07:48] Fridge #206021->Vladimir_Burin - Softdrink - 1
[2010-03-07 07:48] Fridge #206021->Medwin_Metz - Taco - 1
[2010-03-07 07:53] Allysa_Melon->Player #31007 - House Key - 10519
[2010-03-07 07:53] Safe #9253->Adam_Benjamin - Tec-9 - 11
[2010-03-07 07:54] Adam_Benjamin->Safe #9253 - Tec-9 - 5
[2010-03-07 07:55] Safe #9253->Adam_Benjamin - Tec-9 - 5
[2010-03-07 08:01] Adam_Benjamin->Safe #9253 - Tec-9 - 5
[2010-03-07 08:03] Chris_Gambetti->Safe #9816 - AK-47 - 9
[2010-03-07 08:04] Safe #976->Osier_Chevaro - Business Key - 868
[2010-03-07 08:04] Osier_Chevaro->Safe #976 - Business Key - 868
[2010-03-07 08:08] Safe #1089->Nicholas_Pacitti - AK-47 - 57
[2010-03-07 08:10] Jack_Quinn->Safe #9245 - Tec-9 - 25
[2010-03-07 08:11] Jay_Carey->Player #31018 - Water - 1
[2010-03-07 08:15] Vehicle #558->Mark_Linn - Ghettoblaster - 4
[2010-03-07 08:16] Huggy_Halbert->Vehicle #61 - Ghettoblaster - 1
[2010-03-07 08:16] Vehicle #61->Huggy_Halbert - Ghettoblaster - 1
[2010-03-07 08:17] Vladimir_Burin->Vehicle #812 - Tec-9 - 1
[2010-03-07 08:17] Nicholas_Pacitti->Safe #1089 - AK-47 - 57
[2010-03-07 08:18] Mark_Linn->Vehicle #558 - Ghettoblaster - 4
[2010-03-07 08:30] Safe #9245->Jack_Quinn - Tec-9 - 25
[2010-03-07 08:30] Mark_Linn->Player #26390 - Sandwich - 1
[2010-03-07 08:40] Jack_Quinn->Safe #9245 - Tec-9 - 21
[2010-03-07 08:53] Fridge #208257->Frank_Paterno - Burger - 1
[2010-03-07 08:53] Fridge #208257->Frank_Paterno - Cookie - 1
[2010-03-07 08:59] Vehicle #558->Mark_Linn - Ghettoblaster - 4
[2010-03-07 09:00] Mark_Linn->Vehicle #558 - Ghettoblaster - 4
[2010-03-07 09:32] Fridge #191652->Negara_Madalin - Water - 1
[2010-03-07 09:32] Fridge #191652->Negara_Madalin - Water - 1
[2010-03-07 09:33] Negara_Madalin->Fridge #191652 - Ziebrand Beer - 1
[2010-03-07 09:33] Negara_Madalin->Fridge #191652 - Ziebrand Beer - 1
[2010-03-07 09:33] Negara_Madalin->Fridge #191652 - Ziebrand Beer - 1
[2010-03-07 09:33] Negara_Madalin->Fridge #191652 - Ziebrand Beer - 1
[2010-03-07 09:33] Negara_Madalin->Fridge #191652 - Ziebrand Beer - 1
[2010-03-07 09:33] Fridge #191652->Negara_Madalin - Water - 1
[2010-03-07 09:33] Fridge #191652->Negara_Madalin - Water - 1
[2010-03-07 09:33] Fridge #191652->Negara_Madalin - Water - 1
[2010-03-07 09:38] Adam_Benjamin->Safe #9253 - Tec-9 - 2
[2010-03-07 09:38] Safe #9253->Adam_Benjamin - Tec-9 - 5
[2010-03-07 09:39] Adam_Benjamin->Safe #9253 - Tec-9 - 2
[2010-03-07 09:39] Adam_Benjamin->Safe #9253 - Tec-9 - 3
[2010-03-07 09:59] Juan_Gonzales->Safe #868 - Molotov - 2
[2010-03-07 10:00] Juan_Gonzales->Safe #868 - Shotgun - 6
[2010-03-07 10:28] Safe #1209->Drake_Jonson - AK-47 - 70
[2010-03-07 10:29] Drake_Jonson->Safe #1209 - AK-47 - 70
[2010-03-07 10:35] Safe #9253->Adam_Benjamin - Tec-9 - 3
[2010-03-07 10:48] Safe #992->Jan_DeMelkman - Clothes - 23
[2010-03-07 10:49] Safe #992->Jan_DeMelkman - Clothes - 23
[2010-03-07 10:49] Safe #992->Jan_DeMelkman - Clothes - 23
[2010-03-07 10:49] Safe #992->Jan_DeMelkman - Clothes - 23
[2010-03-07 10:49] Safe #992->Jan_DeMelkman - Clothes - 23
[2010-03-07 10:49] Jan_DeMelkman put item #223597 (16:Clothes) - 23 in Player #29555
[2010-03-07 10:51] Safe #10179->Garry_Jenkins - Colt 45 - 45
[2010-03-07 10:51] Garry_Jenkins->Safe #10179 - Colt 45 - 5
[2010-03-07 10:53] Vehicle #1186->Igor_Ivanov - Clothes - 29
[2010-03-07 11:00] Safe #1403->Raynard_Morgan - Generic Item - Duffel bag
[2010-03-07 11:00] Raynard_Morgan->Safe #1403 - Generic Item - Duffel bag
[2010-03-07 11:02] Adam_Benjamin->Safe #9253 - Colt 45 - 25
[2010-03-07 11:02] Adam_Benjamin->Safe #9253 - Colt 45 - 5
[2010-03-07 11:02] Adam_Benjamin->Safe #9253 - Tec-9 - 3
[2010-03-07 11:02] Safe #9253->Adam_Benjamin - Tec-9 - 3
[2010-03-07 11:03] Safe #9253->Adam_Benjamin - Tec-9 - 2
[2010-03-07 11:03] Adam_Benjamin->Safe #9253 - Tec-9 - 5
[2010-03-07 11:03] Safe #9253->Adam_Benjamin - Colt 45 - 25
[2010-03-07 11:04] Adam_Benjamin->Safe #9253 - Colt 45 - 27
[2010-03-07 11:04] Safe #973->Raynard_Morgan - AK-47 - 30
[2010-03-07 11:04] Adam_Benjamin->Safe #9253 - Colt 45 - 2
[2010-03-07 11:04] Adam_Benjamin->Safe #9253 - Colt 45 - 2
[2010-03-07 11:05] Adam_Benjamin->Safe #9253 - Colt 45 - 2
[2010-03-07 11:05] Adam_Benjamin->Safe #9253 - Colt 45 - 2
[2010-03-07 11:05] Safe #9253->Adam_Benjamin - Colt 45 - 27
[2010-03-07 11:06] Adam_Benjamin->Safe #9253 - Colt 45 - 19
[2010-03-07 11:06] Adam_Benjamin->Safe #9253 - Colt 45 - 2
[2010-03-07 11:06] Adam_Benjamin->Safe #9253 - Colt 45 - 2
[2010-03-07 11:07] Adam_Benjamin->Safe #9253 - Colt 45 - 2
[2010-03-07 11:07] Adam_Benjamin->Safe #9253 - Spraycan - 250
[2010-03-07 11:10] Vehicle #511->Garry_Jenkins - Colt 45 - 4
[2010-03-07 11:13] Carl_James->Safe #10195 - Tec-9 - 40
[2010-03-07 11:19] Vehicle #1241->Fernando_Serrano - Bat - 1
[2010-03-07 11:19] Vehicle #845->Fernando_Serrano - Fuel Can - 25
[2010-03-07 11:19] Vehicle #845->Fernando_Serrano - PDA - 1
[2010-03-07 11:19] Vehicle #845->Fernando_Serrano - Rifle - 17
[2010-03-07 11:19] Vehicle #845->Fernando_Serrano - Water - 1
[2010-03-07 11:19] Vehicle #845->Fernando_Serrano - Water - 1
[2010-03-07 11:19] Vehicle #845->Fernando_Serrano - Water - 1
[2010-03-07 11:19] Vehicle #845->Fernando_Serrano - Water - 1
[2010-03-07 11:19] Vehicle #845->Fernando_Serrano - Water - 1
[2010-03-07 11:19] Vehicle #845->Fernando_Serrano - Water - 1
[2010-03-07 11:19] Vehicle #845->Fernando_Serrano - Water - 1
[2010-03-07 11:19] Vehicle #845->Fernando_Serrano - Water - 1
[2010-03-07 11:19] Vehicle #845->Fernando_Serrano - Water - 1
[2010-03-07 11:19] Vehicle #845->Fernando_Serrano - Water - 1
[2010-03-07 11:19] Vehicle #845->Fernando_Serrano - Water - 1
[2010-03-07 11:20] John_Brenkly->Player #24557 - Card Deck - 1
[2010-03-07 11:21] Vehicle #392->Carl_James - Clothes - 259
[2010-03-07 11:21] Patrick_Woulfe->Player #30669 - Card Deck - 1
[2010-03-07 11:21] Carl_James->Vehicle #392 - Clothes - 259
[2010-03-07 11:21] Carl_James->Vehicle #392 - Clothes - 125
[2010-03-07 11:22] Fridge #165438->Garry_Jenkins - Turkey - 1
[2010-03-07 11:22] Fridge #165438->Garry_Jenkins - Mudkip - 1
[2010-03-07 11:26] Vehicle #1135->Roy_Wilkins - Donut - 1
[2010-03-07 11:26] Jerry_Miller->Player #30155 - Clothes - 189
[2010-03-07 11:26] Michael_McDonnell->Player #25715 - Clothes - 189
[2010-03-07 11:28] Vehicle #679->Ruurd_Spoel - Clothes - 164
[2010-03-07 11:29] Jack_Marshall->Vehicle #1183 - Dice - 1
[2010-03-07 11:36] Safe #9253->Adam_Benjamin - Colt 45 - 19
[2010-03-07 11:36] Adam_Benjamin->Safe #9253 - Colt 45 - 21
[2010-03-07 11:36] Safe #9253->Adam_Benjamin - Colt 45 - 21
[2010-03-07 11:36] Safe #9253->Adam_Benjamin - Tec-9 - 2
[2010-03-07 11:36] Dale_Greene->Vehicle #255 - BT&R Identification - D. Greene - Head Driver
[2010-03-07 11:36] Dale_Greene->Vehicle #255 - First Aid Kit - 3
[2010-03-07 11:36] Dale_Greene->Vehicle #255 - Helmet - 1
[2010-03-07 11:36] Dale_Greene->Vehicle #255 - Cellphone - 5
[2010-03-07 11:36] Vehicle #255->Dale_Greene - Cellphone - 5
[2010-03-07 11:36] Dale_Greene->Vehicle #255 - PDA - 1
[2010-03-07 11:36] Dale_Greene->Vehicle #255 - Flashbang - 1
[2010-03-07 11:36] Dale_Greene->Vehicle #255 - Clothes - 217
[2010-03-07 11:38] Vehicle #679->Yong_Ong - Dildo - 1
[2010-03-07 11:39] Adam_Benjamin->Vehicle #679 - Tec-9 - 2
[2010-03-07 11:40] Adam_Benjamin->Vehicle #679 - Colt 45 - 2
[2010-03-07 11:41] Vehicle #679->Yong_Ong - Colt 45 - 2
[2010-03-07 11:41] Vehicle #679->Yong_Ong - Tec-9 - 2
[2010-03-07 11:43] Safe #9253->Adam_Benjamin - Colt 45 - 2
[2010-03-07 11:43] Vehicle #60->Ruurd_Spoel - Fishing Rod - 1
[2010-03-07 11:43] Vehicle #60->Ruurd_Spoel - Fishing Rod - 1
[2010-03-07 11:46] Yong_Ong->Safe #843 - Dildo - 1
[2010-03-07 11:46] Yong_Ong->Safe #843 - Tec-9 - 2
[2010-03-07 11:46] Yong_Ong->Safe #843 - Colt 45 - 20
[2010-03-07 11:46] Safe #843->Yong_Ong - Dildo - 1
[2010-03-07 11:50] Vehicle #255->Dale_Greene - Flashbang - 1
[2010-03-07 11:50] Vehicle #255->Dale_Greene - Helmet - 1
[2010-03-07 11:51] Vehicle #255->Dale_Greene - BT&R Identification - D. Greene - Head Driver
[2010-03-07 11:51] Vehicle #255->Dale_Greene - First Aid Kit - 3
[2010-03-07 11:51] Vehicle #255->Dale_Greene - PDA - 1
[2010-03-07 11:51] Vehicle #255->Dale_Greene - Clothes - 217
[2010-03-07 11:52] Vehicle #307->Katy_Clark - Generic Item - CB Radio
[2010-03-07 11:52] Katy_Clark->Vehicle #307 - Generic Item - CB Radio
[2010-03-07 11:52] Vehicle #307->Tom_Clark - Clothes - 59
[2010-03-07 11:53] Tom_Clark->Vehicle #307 - Clothes - 59
[2010-03-07 11:53] Vehicle #1018->Dale_Greene - Fuel Can - 25
[2010-03-07 11:53] Vehicle #1018->Dale_Greene - Fuel Can - 25
[2010-03-07 11:54] Safe #10179->Garry_Jenkins - Colt 45 - 5
[2010-03-07 11:54] Safe #10179->Garry_Jenkins - AK-47 - 44
[2010-03-07 11:55] Garry_Jenkins->Vehicle #511 - AK-47 - 44
[2010-03-07 11:56] Dale_Greene->Vehicle #1018 - Fuel Can - 25
[2010-03-07 11:56] Dale_Greene->Vehicle #1018 - Fuel Can - 25
[2010-03-07 11:59] Katy_Clark->Vehicle #202 - Water - 1
[2010-03-07 11:59] Katy_Clark->Vehicle #202 - Water - 1
[2010-03-07 11:59] Katy_Clark->Vehicle #202 - Water - 1
[2010-03-07 11:59] Katy_Clark->Vehicle #202 - Water - 1
[2010-03-07 11:59] Katy_Clark->Vehicle #202 - Water - 1
[2010-03-07 11:59] Katy_Clark->Vehicle #202 - Water - 1
[2010-03-07 11:59] Vehicle #511->Garry_Jenkins - AK-47 - 44
[2010-03-07 12:00] Garry_Jenkins->Safe #10179 - AK-47 - 44
[2010-03-07 12:01] Katy_Clark->Vehicle #202 - Cookie - 1
[2010-03-07 12:01] Katy_Clark->Vehicle #202 - Water - 1
[2010-03-07 12:01] Katy_Clark->Vehicle #202 - Water - 1
[2010-03-07 12:01] Katy_Clark->Vehicle #202 - Water - 1
[2010-03-07 12:03] Safe #1209->Drake_Jonson - AK-47 - 70
[2010-03-07 12:09] Huggy_Halbert->Player #30996 - First Aid Kit - 3
[2010-03-07 12:10] Osiris_Mansell->Vehicle #806 - Vehicle Key - 806
[2010-03-07 12:12] Osiris_Mansell->Vehicle #806 - Clothes - 220
[2010-03-07 12:12] Osiris_Mansell->Vehicle #806 - Clothes - 221
[2010-03-07 12:12] Osiris_Mansell->Vehicle #806 - Clothes - 262
[2010-03-07 12:12] Osiris_Mansell->Vehicle #806 - Clothes - 166
[2010-03-07 12:12] Osiris_Mansell->Vehicle #806 - Clothes - 136
[2010-03-07 12:12] Vehicle #806->Osiris_Mansell - Clothes - 220
[2010-03-07 12:12] Vehicle #806->Osiris_Mansell - Clothes - 221
[2010-03-07 12:12] Osiris_Mansell->Vehicle #806 - Clothes - 221
[2010-03-07 12:12] Osiris_Mansell->Vehicle #806 - Clothes - 14
[2010-03-07 12:13] Vehicle #806->Osiris_Mansell - Vehicle Key - 806
[2010-03-07 12:13] Kyohei_Makasaru->Player #24557 - Note - 40806 - Kyohei
[2010-03-07 12:14] Safe #9253->Adam_Benjamin - Colt 45 - 2
[2010-03-07 12:14] Safe #9253->Adam_Benjamin - Tec-9 - 5
[2010-03-07 12:16] Safe #9816->Chris_Gambetti - AK-47 - 220
[2010-03-07 12:17] Chris_Gambetti->Safe #9816 - AK-47 - 160
[2010-03-07 12:19] Ashley_Greene->Safe #645 - Vehicle Key - 564
[2010-03-07 12:19] Ashley_Greene->Safe #645 - Vehicle Key - 195
[2010-03-07 12:19] Ashley_Greene->Safe #645 - Blindfold - 1
[2010-03-07 12:19] Vlad_Bardachenko->Vehicle #1298 - Bat - 1
[2010-03-07 12:33] Vlad_Bardachenko->Vehicle #1281 - Fuel Can - 1
[2010-03-07 12:33] Vehicle #1281->Vlad_Bardachenko - Fuel Can - 1
[2010-03-07 12:34] Vehicle #761->Brea_Mercury - MP3 Player - 1
[2010-03-07 12:34] Vehicle #761->Brea_Mercury - GPS - 1
[2010-03-07 12:34] Vehicle #761->Brea_Mercury - Ghettoblaster - 1
[2010-03-07 12:34] Vehicle #761->Brea_Mercury - Cellphone - 1
[2010-03-07 12:34] Vehicle #761->Brea_Mercury - Cellphone - 1
[2010-03-07 12:34] Vehicle #761->Brea_Mercury - MP3 Player - 1
[2010-03-07 12:34] Vehicle #761->Brea_Mercury - GPS - 1
[2010-03-07 12:34] Vehicle #761->Brea_Mercury - GPS - 1
[2010-03-07 12:34] Vehicle #761->Brea_Mercury - MP3 Player - 1
[2010-03-07 12:34] Vehicle #761->Brea_Mercury - Cellphone - 1
[2010-03-07 12:34] Vehicle #761->Brea_Mercury - MP3 Player - 1
[2010-03-07 12:34] Vehicle #761->Brea_Mercury - Ghettoblaster - 1
[2010-03-07 12:35] Carl_Lastovskis->Safe #743 - LSD - 1
[2010-03-07 12:35] Vehicle #761->Brea_Mercury - Cellphone - 1
[2010-03-07 12:36] Brea_Mercury->Vehicle #761 - Ghettoblaster - 1
[2010-03-07 12:36] Brea_Mercury->Vehicle #761 - MP3 Player - 1
[2010-03-07 12:36] Brea_Mercury->Vehicle #761 - GPS - 1
[2010-03-07 12:36] Brea_Mercury->Vehicle #761 - GPS - 1
[2010-03-07 12:36] Brea_Mercury->Vehicle #761 - MP3 Player - 1
[2010-03-07 12:36] Brea_Mercury->Vehicle #761 - Ghettoblaster - 1
[2010-03-07 12:36] Brea_Mercury->Vehicle #761 - Cellphone - 1
[2010-03-07 12:36] Brea_Mercury->Vehicle #761 - MP3 Player - 1
[2010-03-07 12:36] Brea_Mercury->Vehicle #761 - GPS - 1
[2010-03-07 12:36] David_Evans->Player #30936 - Fishing Rod - 1
[2010-03-07 12:36] David_Evans->Player #30936 - Cellphone - 1
[2010-03-07 12:38] Safe #9253->Adam_Benjamin - Colt 45 - 2
[2010-03-07 12:44] Fernando_Serrano->Safe #1103 - Water - 1
[2010-03-07 12:44] Fernando_Serrano->Safe #1103 - Rifle - 17
[2010-03-07 12:44] Safe #1103->Fernando_Serrano - Water - 1
[2010-03-07 12:44] Jack_Marshall->Vehicle #1183 - Bastradov Vodka - 1
[2010-03-07 12:44] Vehicle #1183->Jack_Marshall - Ziebrand Beer - 1
[2010-03-07 12:44] Vehicle #1183->Jack_Marshall - Ziebrand Beer - 1
[2010-03-07 12:44] Jack_Marshall->Vehicle #1183 - Scottish Whiskey - 1
[2010-03-07 12:44] Jack_Marshall->Vehicle #1183 - House Key - 792
[2010-03-07 12:44] Fernando_Serrano->Fridge #222896 - Water - 1
[2010-03-07 12:44] Fernando_Serrano->Fridge #222896 - Water - 1
[2010-03-07 12:44] Jack_Marshall->Vehicle #1183 - Ziebrand Beer - 1
[2010-03-07 12:44] Fernando_Serrano->Fridge #222896 - Water - 1
[2010-03-07 12:45] Fernando_Serrano->Fridge #222896 - Water - 1
[2010-03-07 12:45] Fernando_Serrano->Fridge #222896 - Water - 1
[2010-03-07 12:45] Fernando_Serrano->Fridge #222896 - Water - 1
[2010-03-07 12:45] Fernando_Serrano->Fridge #222896 - Water - 1
[2010-03-07 12:45] Fernando_Serrano->Safe #1103 - PDA - 1
[2010-03-07 12:46] Vlad_Bardachenko->Player #30851 - Fuel Can - 0
[2010-03-07 12:50] Carl_Lastovskis put item #223709 (54:Ghettoblaster) - 1 in Player #21094
[2010-03-07 12:55] Chris_Gambetti->Safe #9816 - AK-47 - 17
[2010-03-07 12:55] Safe #9816->Chris_Gambetti - AK-47 - 17
[2010-03-07 12:55] Safe #9816->Chris_Gambetti - AK-47 - 160
[2010-03-07 12:55] Safe #9816->Chris_Gambetti - AK-47 - 9
[2010-03-07 12:55] Chris_Gambetti->Safe #9816 - AK-47 - 186
[2010-03-07 12:58] Safe #1419->Mateo_Corona - Rifle - 9
[2010-03-07 12:58] Mateo_Corona->Safe #1419 - Rifle - 9
[2010-03-07 13:04] Garry_Jenkins->Vehicle #511 - Colt 45 - 9
[2010-03-07 13:06] Vincenzo_Rossi->Player #22266 - Clothes - 240
[2010-03-07 13:06] Vincenzo_Rossi->Player #22266 - Cellphone - 2
[2010-03-07 13:06] Vincenzo_Rossi->Player #22266 - PDA - 1
[2010-03-07 13:06] Vincenzo_Rossi->Player #22266 - MP3 Player - 1
[2010-03-07 13:06] Vincenzo_Rossi->Player #22266 - Radio - 911
[2010-03-07 13:06] Vincenzo_Rossi->Player #22266 - Earpiece - 1
[2010-03-07 13:06] Vincenzo_Rossi->Player #22266 - Fishing Rod - 1
[2010-03-07 13:06] Vincenzo_Rossi->Player #22266 - Dice - 1
[2010-03-07 13:07] Clark_Smith->Vehicle #1201 - Clothes - 147
[2010-03-07 13:07] Clark_Smith->Vehicle #1201 - Clothes - 50
[2010-03-07 13:07] Clark_Smith->Vehicle #1201 - Clothes - 126
[2010-03-07 13:08] Timothy_Holmes put item #223723 (-25:Shotgun) - 2 in Vehicle #101
[2010-03-07 13:09] Safe #901->Ryan_Nash - Bat - 1
[2010-03-07 13:12] Jenny_Queen->Player #27065 - Radio - 8294
[2010-03-07 13:14] Ryan_Nash->Vehicle #1202 - GPS - 1
[2010-03-07 13:16] Safe #843->Yong_Ong - Spraycan - 950
[2010-03-07 13:18] Justin_McKaine->Player #29392 - PDA - 1
[2010-03-07 13:21] Vehicle #511->Garry_Jenkins - Colt 45 - 9
[2010-03-07 13:23] Thaddius_Sawyer->Player #28665 - Vehicle Key - 374
[2010-03-07 13:26] Khizar_Ellahi->Safe #788 - Note - Jackson Shakur Call: 45835. Email: Atise12@saonline.sa
[2010-03-07 13:33] Safe #460->Roy_Greene - Clothes - 73
[2010-03-07 13:33] Roy_Greene->Safe #460 - GPS - 1
[2010-03-07 13:33] Roy_Greene->Safe #460 - Dictionary - 25
[2010-03-07 13:33] Roy_Greene->Safe #460 - Chemistry 101 - 1
[2010-03-07 13:39] LaTroy_Linus put item #223734 (16:Clothes) - 28 in Player #30237
[2010-03-07 13:41] Ashley_Greene->Safe #601 - Camera - 350
[2010-03-07 13:42] Ashley_Greene->Safe #601 - Handcuffs - 1
[2010-03-07 13:42] Ashley_Greene->Safe #601 - Ski Mask - 1
[2010-03-07 13:42] Ashley_Greene->Safe #601 - Business Key - 546
[2010-03-07 13:42] Ashley_Greene->Safe #601 - House Key - 547
[2010-03-07 13:42] Ashley_Greene->Safe #601 - House Key - 773
[2010-03-07 13:42] Ashley_Greene->Safe #601 - Business Key - 9162
[2010-03-07 13:42] Ashley_Greene->Safe #601 - Business Key - 74
[2010-03-07 13:42] Ashley_Greene->Safe #601 - Business Key - 391
[2010-03-07 13:43] Ashley_Greene->Safe #601 - Business Key - 1086
[2010-03-07 13:43] Ashley_Greene->Safe #601 - Business Key - 772
[2010-03-07 13:43] Ashley_Greene->Safe #601 - Business Key - 98
[2010-03-07 13:43] Ashley_Greene->Safe #601 - Business Key - 9919
[2010-03-07 13:43] Ashley_Greene->Safe #601 - Vehicle Key - 255
[2010-03-07 13:43] Ashley_Greene->Safe #601 - Phonebook - 1
[2010-03-07 13:44] Igor_Ivanov->Vehicle #1186 - Earpiece - 1
[2010-03-07 13:45] Igor_Ivanov->Vehicle #1186 - Radio - 753294
[2010-03-07 13:45] Igor_Ivanov->Vehicle #1186 - Ski Mask - 1
[2010-03-07 13:45] Igor_Ivanov->Vehicle #1186 - Clothes - 165
[2010-03-07 13:45] Igor_Ivanov->Vehicle #1186 - Clothes - 29
[2010-03-07 13:45] Igor_Ivanov->Vehicle #1186 - Cellphone - 5
[2010-03-07 13:45] Vehicle #1186->Igor_Ivanov - Clothes - 46
[2010-03-07 13:45] Igor_Ivanov->Vehicle #1186 - Clothes - 46
[2010-03-07 13:45] Vehicle #1186->Igor_Ivanov - Clothes - 29
[2010-03-07 13:45] Igor_Ivanov->Vehicle #1186 - Clothes - 29
[2010-03-07 13:45] Vehicle #1186->Igor_Ivanov - Clothes - 60
[2010-03-07 13:45] Igor_Ivanov->Vehicle #1186 - PDA - 1
[2010-03-07 13:49] Mike_Taylor->Vehicle #383 - Donut - 1
[2010-03-07 13:49] Mike_Taylor->Vehicle #383 - Donut - 1
[2010-03-07 13:49] Mike_Taylor->Vehicle #383 - Donut - 1
[2010-03-07 13:49] Mike_Taylor->Vehicle #383 - Donut - 1
[2010-03-07 13:49] Mike_Taylor->Vehicle #383 - Donut - 1
[2010-03-07 13:56] Yong_Ong->Safe #843 - Spraycan - 787
[2010-03-07 13:59] Vincenzo_Corleone->Vehicle #1192 - Fishing Rod - 1
[2010-03-07 14:00] Vehicle #1192->John_Fendal - Fishing Rod - 1
[2010-03-07 14:05] Vehicle #572->Nathan_Spencer - Ski Mask - 1
[2010-03-07 14:05] Nathan_Spencer->Vehicle #572 - Gas Mask - 1
[2010-03-07 14:05] Vehicle #1186->Turell_Yates - PDA - 1
[2010-03-07 14:05] Vehicle #1186->Turell_Yates - Cellphone - 5
[2010-03-07 14:16] Fridge #182884->Drake_Jonson - Cookie - 1
[2010-03-07 14:16] Vehicle #806->Erencan_Atmaca - Clothes - 14
[2010-03-07 14:16] Vehicle #806->Erencan_Atmaca - Clothes - 166
[2010-03-07 14:17] Vehicle #806->Erencan_Atmaca - Clothes - 136
[2010-03-07 14:17] Vehicle #806->Erencan_Atmaca - Clothes - 221
[2010-03-07 14:17] Vehicle #806->Erencan_Atmaca - Clothes - 262
[2010-03-07 14:19] Erencan_Atmaca->Player #31050 - Clothes - 136
[2010-03-07 14:19] Erencan_Atmaca->Player #31050 - Clothes - 136
[2010-03-07 14:21] Vehicle #1219->Sergei_Bardachenko - AK-47 - 12
[2010-03-07 14:21] Fridge #220714->LaTroy_Linus - Softdrink - 1
[2010-03-07 14:21] Vehicle #1219->Sergei_Bardachenko - AK-47 - 10
[2010-03-07 14:21] Sergei_Bardachenko->Vehicle #1219 - AK-47 - 10
[2010-03-07 14:22] Safe #9253->Adam_Benjamin - Colt 45 - 2
[2010-03-07 14:24] Fridge #165438->Garry_Jenkins - Sandwich - 1
[2010-03-07 14:25] Fridge #165438->Garry_Jenkins - Sandwich - 1
[2010-03-07 14:30] Safe #9816->Chris_Gambetti - AK-47 - 186
[2010-03-07 14:36] Sunny_Gaurav->Vehicle #386 - Business Key - 746
[2010-03-07 14:38] Huggy_Halbert put item #223501 (16:Clothes) - 181 in Player #30996
[2010-03-07 14:38] Vehicle #386->Edd_Brown - Business Key - 746
[2010-03-07 14:38] Huggy_Halbert put item #223577 (57:Fuel Can) - 1 in Player #30996
[2010-03-07 14:38] Huggy_Halbert->Player #30996 - Fuel Can - 1
[2010-03-07 14:39] Huggy_Halbert put item #223791 (54:Ghettoblaster) - 1 in Player #30996
[2010-03-07 14:40] Vehicle #369->Edd_Brown - GPS - 1
[2010-03-07 14:41] Safe #9816->Chris_Gambetti - Tec-9 - 1
[2010-03-07 14:41] Safe #9816->Chris_Gambetti - Sniper - 1
[2010-03-07 14:41] Chris_Gambetti->Safe #9816 - Tec-9 - 1
[2010-03-07 14:42] Chris_Gambetti->Safe #9816 - Sniper - 1
[2010-03-07 14:43] Vehicle #307->Khizar_Ellahi - Clothes - 59
[2010-03-07 14:43] Vehicle #307->Khizar_Ellahi - Generic Item - Box of Bike Parts
[2010-03-07 14:43] John_Fendal->Vehicle #1303 - Shotgun - 2
[2010-03-07 14:43] Vehicle #1303->Vincenzo_Corleone - Shotgun - 2
[2010-03-07 14:46] Daniel_Baker->Player #30201 - Handcuffs - 1
[2010-03-07 14:51] Clark_Smith->Fridge #219684 - Donut - 1
[2010-03-07 14:51] Clark_Smith->Fridge #219684 - Donut - 1
[2010-03-07 14:51] Clark_Smith->Fridge #219684 - Donut - 1
[2010-03-07 14:51] Clark_Smith->Fridge #219684 - Donut - 1
[2010-03-07 14:51] Clark_Smith->Fridge #219684 - Donut - 1
[2010-03-07 14:51] Clark_Smith->Fridge #219684 - Donut - 1
[2010-03-07 14:51] Clark_Smith->Fridge #219684 - Donut - 1
[2010-03-07 14:51] Clark_Smith->Fridge #219684 - Donut - 1
[2010-03-07 14:56] Vehicle #1201->Clark_Smith - Clothes - 50
[2010-03-07 14:56] Vehicle #1201->Clark_Smith - Clothes - 147
[2010-03-07 14:56] Vehicle #1201->Clark_Smith - Clothes - 126
[2010-03-07 15:02] Vehicle #1201->Yong_Ong - Water - 1
[2010-03-07 15:02] Vehicle #1201->Yong_Ong - Water - 1
[2010-03-07 15:08] Vehicle #1298->Vlad_Bardachenko - Marijuana - 1
[2010-03-07 15:15] Eleonora_Lombardi->Player #27472 - Clothes - 171
[2010-03-07 15:15] Yong_Ong->Player #28833 - Clothes - 171
[2010-03-07 15:15] Sunny_Gaurav->Vehicle #386 - Colt 45 - 1
[2010-03-07 15:24] Vehicle #1056->Joshua_Fraser - Riot Shield - 1
[2010-03-07 15:24] Vehicle #1056->Joshua_Fraser - LSPD Badge - 1
[2010-03-07 15:24] Vehicle #1056->Joshua_Fraser - LSES Identification - 1
[2010-03-07 15:24] Vehicle #1056->Joshua_Fraser - Generic Item - Free train ticket
[2010-03-07 15:24] Vehicle #1056->Joshua_Fraser - Rope - 1
[2010-03-07 15:25] Chris_Gambetti->Safe #9816 - AK-47 - 6
[2010-03-07 15:32] Vehicle #572->Nathan_Spencer - MP3 Player - 1
[2010-03-07 15:32] Vehicle #572->Nathan_Spencer - Handcuffs - 1
[2010-03-07 15:33] Vehicle #572->Nathan_Spencer - Rope - 1
[2010-03-07 15:38] Safe #9816->Chris_Gambetti - Sniper - 1
[2010-03-07 15:41] Mike_Taylor->Vehicle #383 - Colt 45 - 17
[2010-03-07 15:42] Vehicle #386->Sunny_Gaurav - Colt 45 - 1
[2010-03-07 15:42] Clark_Smith->Player #27472 - Boxing for Dummies - 1
[2010-03-07 15:42] Vehicle #383->LaTroy_Linus - Colt 45 - 17
[2010-03-07 15:44] LaTroy_Linus->Vehicle #383 - Colt 45 - 17
[2010-03-07 15:45] Vehicle #383->LaTroy_Linus - Donut - 1
[2010-03-07 15:45] Vehicle #383->LaTroy_Linus - Colt 45 - 17
[2010-03-07 15:47] Sunny_Gaurav->Player #27801 - Card Deck - 1
[2010-03-07 15:47] LaTroy_Linus->Vehicle #383 - Colt 45 - 17
[2010-03-07 15:47] Greg_Norris->Player #1913 - Generic Item - Box of Bike Parts
[2010-03-07 15:48] Vladimir_Burin->Player #19021 - Clothes - 171
[2010-03-07 15:48] Safe #9253->Adam_Benjamin - Colt 45 - 5
[2010-03-07 15:49] Osiris_Mansell->Player #30436 - Vehicle Key - 449
[2010-03-07 15:51] Fridge #206021->Vladimir_Burin - Sandwich - 1
[2010-03-07 15:51] Sunny_Gaurav->Player #27801 - Clothes - 171
[2010-03-07 15:52] Vehicle #383->Mike_Taylor - Colt 45 - 17
[2010-03-07 16:03] Razvan_Tutu->Vehicle #1250 - Ziebrand Beer - 1
[2010-03-07 16:04] Razvan_Tutu->Vehicle #1250 - Ziebrand Beer - 1
[2010-03-07 16:04] Razvan_Tutu->Vehicle #1250 - Ziebrand Beer - 1
[2010-03-07 16:04] Razvan_Tutu->Vehicle #1250 - Ziebrand Beer - 1
[2010-03-07 16:04] Razvan_Tutu->Vehicle #1250 - Ziebrand Beer - 1
[2010-03-07 16:04] Razvan_Tutu->Vehicle #1250 - Ziebrand Beer - 1
[2010-03-07 16:04] Razvan_Tutu->Vehicle #1250 - Ziebrand Beer - 1
[2010-03-07 16:04] Razvan_Tutu->Vehicle #1250 - Ziebrand Beer - 1
[2010-03-07 16:04] Razvan_Tutu->Vehicle #1250 - Ziebrand Beer - 1
[2010-03-07 16:04] Vehicle #1103->Vincenzo_Corleone - Spraycan - 1000
[2010-03-07 16:04] Razvan_Tutu->Vehicle #1250 - Ziebrand Beer - 1
[2010-03-07 16:05] Razvan_Tutu->Vehicle #1250 - Ziebrand Beer - 1
[2010-03-07 16:05] Razvan_Tutu->Vehicle #1250 - Ziebrand Beer - 1
[2010-03-07 16:05] Razvan_Tutu->Vehicle #1250 - Ziebrand Beer - 1
[2010-03-07 16:05] Razvan_Tutu->Vehicle #1250 - Ziebrand Beer - 1
[2010-03-07 16:05] Razvan_Tutu->Vehicle #1250 - Generic Item - Box of Bike Parts
[2010-03-07 16:05] Razvan_Tutu->Vehicle #1250 - Generic Item - Box of Bike Parts
[2010-03-07 16:05] Razvan_Tutu->Vehicle #1250 - Generic Item - Box of Bike Parts
[2010-03-07 16:05] Razvan_Tutu->Vehicle #1250 - Generic Item - Box of Bike Parts
[2010-03-07 16:05] Eleonora_Lombardi->Player #30291 - Clothes - 171
[2010-03-07 16:05] Razvan_Tutu->Vehicle #1250 - Generic Item - Box of Bike Parts
[2010-03-07 16:05] Razvan_Tutu->Vehicle #1250 - Generic Item - Box of Bike Parts
[2010-03-07 16:06] Matsuko_Kenshin->Player #30858 - Vehicle Key - 455
[2010-03-07 16:07] Vehicle #1250->Razvan_Tutu - Ziebrand Beer - 1
[2010-03-07 16:07] Vehicle #1250->Razvan_Tutu - Ziebrand Beer - 1
[2010-03-07 16:07] Vehicle #1250->Razvan_Tutu - Ziebrand Beer - 1
[2010-03-07 16:07] Vehicle #1250->Razvan_Tutu - Ziebrand Beer - 1
[2010-03-07 16:07] Vehicle #1250->Razvan_Tutu - Ziebrand Beer - 1
[2010-03-07 16:07] Vehicle #1250->Razvan_Tutu - Ziebrand Beer - 1
[2010-03-07 16:07] Vehicle #1250->Razvan_Tutu - Ziebrand Beer - 1
[2010-03-07 16:07] Vehicle #1250->Razvan_Tutu - Ziebrand Beer - 1
[2010-03-07 16:07] Vehicle #1250->Razvan_Tutu - Generic Item - Box of Bike Parts
[2010-03-07 16:07] Vehicle #1250->Razvan_Tutu - Ziebrand Beer - 1
[2010-03-07 16:07] Vehicle #1250->Razvan_Tutu - Ziebrand Beer - 1
[2010-03-07 16:10] Vehicle #1250->Razvan_Tutu - Ziebrand Beer - 1
[2010-03-07 16:10] Vehicle #1250->Razvan_Tutu - Ziebrand Beer - 1
[2010-03-07 16:10] Vehicle #1250->Razvan_Tutu - Ziebrand Beer - 1
[2010-03-07 16:10] Vehicle #1250->Razvan_Tutu - Ziebrand Beer - 1
[2010-03-07 16:10] Vehicle #1250->Razvan_Tutu - Ziebrand Beer - 1
[2010-03-07 16:10] Vehicle #1250->Razvan_Tutu - Ziebrand Beer - 1
[2010-03-07 16:10] Vehicle #1250->Razvan_Tutu - Ziebrand Beer - 1
[2010-03-07 16:10] Vehicle #1250->Razvan_Tutu - Ziebrand Beer - 1
[2010-03-07 16:10] Vehicle #1250->Razvan_Tutu - Ziebrand Beer - 1
[2010-03-07 16:10] Vehicle #1250->Razvan_Tutu - Ziebrand Beer - 1
[2010-03-07 16:10] Vehicle #1250->Razvan_Tutu - Ziebrand Beer - 1
[2010-03-07 16:10] Vehicle #1250->Razvan_Tutu - Ziebrand Beer - 1
[2010-03-07 16:10] Charles_Stone->Vehicle #1244 - AK-47 - 60
[2010-03-07 16:10] Vehicle #1244->Charles_Stone - AK-47 - 60
[2010-03-07 16:11] Yong_Ong->Player #8667 - Handcuffs - 1
[2010-03-07 16:11] Yong_Ong->Player #30291 - Handcuffs - 1
[2010-03-07 16:12] Vehicle #1250->Razvan_Tutu - Ziebrand Beer - 1
[2010-03-07 16:12] Vehicle #1250->Razvan_Tutu - Ziebrand Beer - 1
[2010-03-07 16:12] Vehicle #1250->Razvan_Tutu - Ziebrand Beer - 1
[2010-03-07 16:12] Vehicle #1250->Razvan_Tutu - Ziebrand Beer - 1
[2010-03-07 16:12] Vehicle #1250->Razvan_Tutu - Ziebrand Beer - 1
[2010-03-07 16:12] Vehicle #1250->Razvan_Tutu - Generic Item - Box of Bike Parts
[2010-03-07 16:12] Vehicle #1250->Razvan_Tutu - Generic Item - Box of Bike Parts
[2010-03-07 16:12] Vehicle #1250->Razvan_Tutu - Generic Item - Box of Bike Parts
[2010-03-07 16:12] Vehicle #1250->Razvan_Tutu - Generic Item - Box of Bike Parts
[2010-03-07 16:12] Vehicle #1250->Razvan_Tutu - Generic Item - Box of Bike Parts
[2010-03-07 16:12] Vehicle #1250->Razvan_Tutu - Generic Item - Box of Bike Parts
[2010-03-07 16:12] Razvan_Tutu->Vehicle #1250 - GPS - 1
[2010-03-07 16:12] Razvan_Tutu->Vehicle #1250 - Earpiece - 1
[2010-03-07 16:12] Vehicle #1250->Razvan_Tutu - Generic Item - Box of Bike Parts
[2010-03-07 16:12] Vehicle #1250->Razvan_Tutu - Generic Item - Box of Bike Parts
[2010-03-07 16:14] Razvan_Tutu->Player #26339 - Ziebrand Beer - 1
[2010-03-07 16:15] Vehicle #1250->Razvan_Tutu - Earpiece - 1
[2010-03-07 16:15] Vehicle #1250->Razvan_Tutu - GPS - 1
[2010-03-07 16:16] Yong_Ong->Player #28833 - Handcuffs - 1
[2010-03-07 16:19] Frank_Paterno->Player #28833 - Generic Item - Torch
[2010-03-07 16:19] Frank_Paterno->Player #27472 - Generic Item - Torch
[2010-03-07 16:19] Frank_Paterno->Player #8667 - Generic Item - Torch
[2010-03-07 16:21] Frank_Paterno->Player #27472 - Generic Item - Knife
[2010-03-07 16:21] Frank_Paterno->Player #8667 - Generic Item - Knife
[2010-03-07 16:21] Nathan_Spencer->Vehicle #572 - Parachute - 1
[2010-03-07 16:22] Vehicle #572->Nathan_Spencer - Water - 2
[2010-03-07 16:22] Frank_Paterno->Player #28833 - Generic Item - Knife
[2010-03-07 16:28] Razvan_Tutu->Safe #9252 - AK-47 - 16
[2010-03-07 16:28] Razvan_Tutu->Safe #9252 - GPS - 1
[2010-03-07 16:35] Safe #676->Matsuko_Kenshin - Colt 45 - 16
[2010-03-07 16:38] Steve_Downy->Vehicle #1131 - Vehicle Key - 1131
[2010-03-07 16:39] Vehicle #1131->Rico_Martinez - Vehicle Key - 1131
[2010-03-07 16:39] Rico_Martinez->Vehicle #1131 - Vehicle Key - 1131
[2010-03-07 16:39] Ellis_DeCastro->Player #21405 - Softdrink - 1
[2010-03-07 16:39] Vehicle #1131->Steve_Downy - Vehicle Key - 1131
[2010-03-07 16:44] Nathan_Spencer->Player #31048 - Vehicle Key - 572
[2010-03-07 16:46] Sunny_Gaurav->Player #29287 - Card Deck - 1
[2010-03-07 16:47] Turell_Yates->Player #20021 - Vehicle Key - 572
[2010-03-07 16:49] Daisuke_Oshiro->Vehicle #1288 - Shotgun - 2
[2010-03-07 16:49] Vehicle #1288->Jack_Quinn - Shotgun - 2
[2010-03-07 16:56] Vehicle #202->Katy_Clark - Water - 1
[2010-03-07 17:02] Katy_Clark->Safe #63 - Generic Item - Knife
[2010-03-07 17:02] Katy_Clark->Safe #63 - Generic Item - Torch
[2010-03-07 17:02] Katy_Clark->Safe #63 - Handcuffs - 1
[2010-03-07 17:03] Frank_Paterno->Safe #9278 - Clothes - 171
[2010-03-07 17:03] Frank_Paterno->Safe #9278 - Handcuffs - 1
[2010-03-07 17:03] Frank_Paterno->Safe #9278 - Generic Item - Torch
[2010-03-07 17:04] Frank_Paterno->Safe #9278 - Generic Item - Knife
[2010-03-07 17:05] Osiris_Mansell->Player #30436 - Water - 1
[2010-03-07 17:09] Osiris_Mansell->Vehicle #61 - Water - 1
[2010-03-07 17:09] Osiris_Mansell->Player #30436 - Water - 1
[2010-03-07 17:10] Adam_Benjamin->Safe #9253 - Colt 45 - 7
[2010-03-07 17:10] Safe #9253->Adam_Benjamin - Colt 45 - 2
[2010-03-07 17:15] Fridge #219684->Clark_Smith - Donut - 1
[2010-03-07 17:15] Robert_Jenkins->Player #26426 - Note - Congratulations! You in 1! Call 41426 to claim! Activation: The doggy!
[2010-03-07 17:26] Carlos_Montana->Safe #969 - Sawed-off - 4
[2010-03-07 17:29] Fridge #200844->Jamie_Haywood - Water - 1
[2010-03-07 17:29] Fridge #200844->Jamie_Haywood - Water - 1
[2010-03-07 17:34] Leonardo_Riba->Player #30965 - Watch - 1
[2010-03-07 17:35] Luan_Pacheco->Player #30893 - Ghettoblaster - 2
[2010-03-07 17:40] Ellis_DeCastro->Player #30965 - Watch - 1
[2010-03-07 17:46] Jimmy_Sanders->Player #30739 - Vehicle Key - 446
[2010-03-07 17:50] Vehicle #572->Nathan_Spencer - Water - 2
[2010-03-07 17:56] Fridge #206021->Jerry_Miller - Taco - 1
[2010-03-07 17:56] Fridge #206021->Jerry_Miller - Burger - 1
[2010-03-07 17:56] Fridge #206021->Jerry_Miller - Taco - 1
[2010-03-07 17:56] Fridge #206021->Jerry_Miller - Burger - 1
[2010-03-07 17:56] Fridge #206021->Jerry_Miller - Burger - 1
[2010-03-07 17:59] Negara_Madalin->Player #30390 - Knee Head Fighting for Dummies - 1
[2010-03-07 18:01] Charles_Stone->Vehicle #1244 - AK-47 - 60
[2010-03-07 18:01] Vehicle #1244->Charles_Stone - AK-47 - 60
[2010-03-07 18:01] Greg_Norris->Safe #1081 - Generic Item - Box of Bike Parts
[2010-03-07 18:01] Greg_Norris->Safe #1081 - Boxing for Dummies - 1
[2010-03-07 18:06] Vehicle #572->Nathan_Spencer - Water - 2
[2010-03-07 18:10] Mike_Coldfox->Vehicle #118 - Fuel Can - 0
[2010-03-07 18:10] Mike_Coldfox->Vehicle #118 - Fuel Can - 0
[2010-03-07 18:15] Vehicle #572->Timothy_York - Water - 2
[2010-03-07 18:16] Aylena_Kuznetsova->Vehicle #972 - Ski Mask - 1
[2010-03-07 18:16] Aylena_Kuznetsova->Vehicle #972 - Rope - 1
[2010-03-07 18:16] Vehicle #1318->Carlos_Montana - Water - 1
[2010-03-07 18:16] Vehicle #1318->Carlos_Montana - Water - 1
[2010-03-07 18:19] Aylena_Kuznetsova->Vehicle #972 - Blindfold - 1
[2010-03-07 18:20] Aylena_Kuznetsova->Vehicle #972 - Blindfold - 1
[2010-03-07 18:21] Safe #1480->Charlie_Thorn - AK-47 - 271
[2010-03-07 18:22] Charlie_Thorn->Safe #1480 - AK-47 - 121
[2010-03-07 18:22] Aylena_Kuznetsova->Vehicle #972 - First Aid Kit - 3
[2010-03-07 18:22] Aylena_Kuznetsova->Vehicle #972 - Shovel - 1
[2010-03-07 18:24] Safe #9668->Jimmy_Sanders - Vehicle Key - 293
[2010-03-07 18:24] Jimmy_Sanders->Safe #9668 - Vehicle Key - 293
[2010-03-07 18:24] Jimmy_Sanders->Safe #9668 - AK-47 - 150
[2010-03-07 18:24] Jimmy_Sanders->Fridge #222679 - Ziebrand Beer - 1
[2010-03-07 18:24] Jimmy_Sanders->Fridge #222679 - Softdrink - 1
[2010-03-07 18:24] Jimmy_Sanders->Fridge #222679 - Softdrink - 1
[2010-03-07 18:26] Vehicle #752->Joseph_Carter - Ziebrand Beer - 1
[2010-03-07 18:31] Vehicle #572->Nathan_Spencer - Water - 2
[2010-03-07 18:37] Ray_Jerome->Vehicle #1196 - Marijuana - 1
[2010-03-07 18:37] Ray_Jerome->Vehicle #1196 - Shotgun - 9
[2010-03-07 18:37] Ray_Jerome->Vehicle #1196 - Spraycan - 1363
[2010-03-07 18:40] Fridge #206021->Sunny_Gaurav - Burger - 1
[2010-03-07 18:40] Fridge #206021->Sunny_Gaurav - Softdrink - 1
[2010-03-07 18:44] Patrick_Andersson->Player #29703 - Business Key - 415
[2010-03-07 18:47] Vehicle #499->Lino_Kazuma - Uzi - 150
[2010-03-07 18:47] Vehicle #499->Lino_Kazuma - Uzi - 100
[2010-03-07 18:47] Vehicle #499->Lino_Kazuma - Uzi - 100
[2010-03-07 18:47] Vehicle #499->Lino_Kazuma - Uzi - 150
[2010-03-07 18:47] Vehicle #499->Lino_Kazuma - Uzi - 150
[2010-03-07 18:47] Vehicle #499->Lino_Kazuma - Uzi - 100
[2010-03-07 18:47] Vehicle #499->Lino_Kazuma - Shotgun - 20
[2010-03-07 18:47] Vehicle #499->Lino_Kazuma - Shotgun - 20
[2010-03-07 18:47] Vehicle #499->Lino_Kazuma - Shotgun - 20
[2010-03-07 18:47] Lino_Kazuma->Vehicle #499 - Uzi - 750
[2010-03-07 18:47] Lino_Kazuma->Vehicle #499 - Shotgun - 60
[2010-03-07 18:47] Vehicle #499->Lino_Kazuma - Tec-9 - 100
[2010-03-07 18:47] Vehicle #499->Lino_Kazuma - Tec-9 - 100
[2010-03-07 18:47] Vehicle #499->Lino_Kazuma - Tec-9 - 100
[2010-03-07 18:47] [ACID]Royce->Player #29314 - Vehicle Key - 1244
[2010-03-07 18:47] Lino_Kazuma->Vehicle #499 - Tec-9 - 300
[2010-03-07 18:49] Fridge #206021->Edd_Brown - Softdrink - 1
[2010-03-07 18:49] Safe #415->Carol_Andersson - Note - Name: Ray Press Age:28 sigh:Ray Press
[2010-03-07 18:49] Safe #415->Carol_Andersson - Note - Name: Paul Mendoza Age:24 Occupation: None
[2010-03-07 18:51] Jack_Burrow->Vehicle #1244 - Sandwich - 1
[2010-03-07 18:51] Jack_Burrow->Vehicle #1244 - Sandwich - 1
[2010-03-07 18:51] Jack_Burrow->Vehicle #1244 - Sandwich - 1
[2010-03-07 18:51] Jack_Burrow->Vehicle #1244 - Sandwich - 1
[2010-03-07 18:52] Jack_Burrow->Vehicle #1244 - Kung Fu for Dummies - 1
[2010-03-07 18:53] Royce_Scene->Player #29314 - Vehicle Key - 1244
[2010-03-07 18:54] Royce_Scene->Player #29314 - Vehicle Key - 1244
[2010-03-07 18:56] Vehicle #499->Lino_Kazuma - Silenced - 60
[2010-03-07 18:57] Vehicle #499->Lino_Kazuma - Silenced - 60
[2010-03-07 18:57] Vehicle #499->Lino_Kazuma - Shotgun - 60
[2010-03-07 18:57] Vehicle #499->Lino_Kazuma - Uzi - 750
[2010-03-07 18:58] Safe #9668->Jimmy_Sanders - AK-47 - 150
[2010-03-07 18:59] Safe #901->Ryan_Nash - Uzi - 5
[2010-03-07 18:59] Jimmy_Sanders->Safe #9668 - AK-47 - 150
[2010-03-07 19:00] Sunny_Gaurav->Player #27801 - Business Key - 746
[2010-03-07 19:00] Ryan_Nash->Safe #901 - Uzi - 5
[2010-03-07 19:00] Ryan_Nash->Safe #901 - Bat - 1
[2010-03-07 19:01] Sunny_Gaurav->Player #27809 - Business Key - 746
[2010-03-07 19:03] Sunny_Gaurav->Player #27809 - Vehicle Key - 1080
[2010-03-07 19:06] Safe #351->Lino_Kazuma - Fishing Rod - 1
[2010-03-07 19:06] Safe #351->Lino_Kazuma - Earpiece - 1
[2010-03-07 19:06] Safe #351->Lino_Kazuma - Burger - 1
[2010-03-07 19:06] Safe #351->Lino_Kazuma - First Aid Kit - 3
[2010-03-07 19:06] Safe #351->Lino_Kazuma - Kung Fu for Dummies - 1
[2010-03-07 19:06] Lino_Kazuma->Safe #351 - Silenced - 150
[2010-03-07 19:06] Lino_Kazuma->Safe #351 - Shotgun - 60
[2010-03-07 19:06] Lino_Kazuma->Safe #351 - Uzi - 750
[2010-03-07 19:06] Vehicle #499->Lino_Kazuma - Tec-9 - 300
[2010-03-07 19:07] Lino_Kazuma->Safe #351 - Tec-9 - 300
[2010-03-07 19:07] Safe #351->Lino_Kazuma - Silenced - 150
[2010-03-07 19:07] Lino_Kazuma->Safe #351 - Silenced - 100
[2010-03-07 19:10] Sunny_Gaurav->Player #27809 - Vehicle Key - 185
[2010-03-07 19:10] Safe #801->Haruki_Kenshi - Clothes - 170
[2010-03-07 19:10] Safe #801->Haruki_Kenshi - Clothes - 122
[2010-03-07 19:10] Safe #801->Haruki_Kenshi - Colt 45 - 4
[2010-03-07 19:11] Haruki_Kenshi->Safe #801 - Clothes - 170
[2010-03-07 19:11] Haruki_Kenshi->Safe #801 - Clothes - 122
[2010-03-07 19:13] Safe #9668->Jimmy_Sanders - AK-47 - 150
[2010-03-07 19:13] LaTroy_Linus->Vehicle #1201 - Bat - 1
[2010-03-07 19:14] Vehicle #1069->Leonardo_Riba - Note - Guns. Drugs. Just call 41407
[2010-03-07 19:14] Vehicle #202->Katy_Clark - Water - 1
[2010-03-07 19:14] Leonardo_Riba->Vehicle #1069 - Note - Guns. Drugs. Just call 41407
[2010-03-07 19:14] Jimmy_Sanders->Safe #9668 - AK-47 - 149
[2010-03-07 19:15] Vehicle #202->Katy_Clark - Water - 1
[2010-03-07 19:16] Camilla_Sanders->Player #30125 - Vehicle Key - 446
[2010-03-07 19:16] Frank_Paterno->Player #30641 - Vehicle Key - 382
[2010-03-07 19:17] Safe #1314->Eusebio_Fighetti - Satchel - 12
[2010-03-07 19:17] Safe #1314->Eusebio_Fighetti - AK-47 - 1200
[2010-03-07 19:17] Vehicle #499->Lino_Kazuma - Teargas - 4
[2010-03-07 19:17] Vehicle #499->Lino_Kazuma - Teargas - 4
[2010-03-07 19:17] Safe #63->Tom_Clark - Generic Item - Knife
[2010-03-07 19:17] Vehicle #499->Lino_Kazuma - Teargas - 3
[2010-03-07 19:17] Vehicle #499->Lino_Kazuma - Teargas - 4
[2010-03-07 19:18] Vehicle #499->Haruki_Kenshi - Earpiece - 1
[2010-03-07 19:18] Vehicle #499->Lino_Kazuma - AK-47 - 100
[2010-03-07 19:18] Vehicle #499->Lino_Kazuma - AK-47 - 100
[2010-03-07 19:18] Vehicle #499->Lino_Kazuma - Teargas - 4
[2010-03-07 19:18] Vehicle #499->Lino_Kazuma - Teargas - 3
[2010-03-07 19:18] Vehicle #499->Lino_Kazuma - AK-47 - 100
[2010-03-07 19:18] Vehicle #499->Lino_Kazuma - AK-47 - 100
[2010-03-07 19:18] Tom_Clark->Safe #63 - Generic Item - Knife
[2010-03-07 19:18] Lino_Kazuma->Vehicle #499 - AK-47 - 400
[2010-03-07 19:18] Safe #63->Katy_Clark - Generic Item - Knife
[2010-03-07 19:18] Lino_Kazuma->Vehicle #499 - Teargas - 22
[2010-03-07 19:18] Vehicle #499->Haruki_Kenshi - Clothes - 287
[2010-03-07 19:18] Safe #63->Katy_Clark - Generic Item - Torch
[2010-03-07 19:18] Vehicle #499->Lino_Kazuma - M4 - 80
[2010-03-07 19:18] Vehicle #499->Haruki_Kenshi - Radio - 1
[2010-03-07 19:18] Vehicle #499->Haruki_Kenshi - Radio - 1
[2010-03-07 19:18] Vehicle #499->Haruki_Kenshi - Radio - 1
[2010-03-07 19:18] Vehicle #499->Lino_Kazuma - M4 - 30
[2010-03-07 19:18] Vehicle #499->Lino_Kazuma - M4 - 30
[2010-03-07 19:18] Katy_Clark->Safe #63 - Generic Item - Torch
[2010-03-07 19:18] Vehicle #499->Lino_Kazuma - Radio - 1
[2010-03-07 19:18] Katy_Clark->Safe #63 - Generic Item - Knife
[2010-03-07 19:18] Lino_Kazuma->Vehicle #499 - M4 - 140
[2010-03-07 19:18] Safe #63->Katy_Clark - Handcuffs - 1
[2010-03-07 19:18] Eusebio_Fighetti->Safe #661 - Satchel - 12
[2010-03-07 19:18] Eusebio_Fighetti->Safe #661 - AK-47 - 1200
[2010-03-07 19:19] Sunny_Gaurav->Player #27801 - Vehicle Key - 1080
[2010-03-07 19:20] Paul_Methric->Player #29919 - Sandwich - 1
[2010-03-07 19:22] Vehicle #499->Lino_Kazuma - Radio - 1
[2010-03-07 19:22] Vehicle #499->Lino_Kazuma - M4 - 140
[2010-03-07 19:22] Vehicle #499->Lino_Kazuma - M4 - 80
[2010-03-07 19:22] Vehicle #499->Lino_Kazuma - M4 - 80
[2010-03-07 19:22] Vehicle #499->Lino_Kazuma - MP5 - 70
[2010-03-07 19:22] Vehicle #499->Lino_Kazuma - MP5 - 70
[2010-03-07 19:22] Vehicle #499->Lino_Kazuma - MP5 - 100
[2010-03-07 19:23] Vehicle #499->Lino_Kazuma - Teargas - 3
[2010-03-07 19:23] Vehicle #499->Lino_Kazuma - Teargas - 1
[2010-03-07 19:23] Vehicle #1069->Caesar_Vasquez - Note - Guns. Drugs. Just call 41407
[2010-03-07 19:23] Vehicle #499->Lino_Kazuma - MP5 - 70
[2010-03-07 19:23] Vehicle #499->Lino_Kazuma - Earpiece - 1
[2010-03-07 19:23] Vehicle #499->Lino_Kazuma - Earpiece - 1
[2010-03-07 19:23] Vehicle #499->Lino_Kazuma - Clothes - 287
[2010-03-07 19:23] Vehicle #499->Lino_Kazuma - Radio - 1
[2010-03-07 19:23] Vehicle #499->Lino_Kazuma - MP5 - 100
[2010-03-07 19:23] Lino_Kazuma->Vehicle #499 - MP5 - 410
[2010-03-07 19:23] Lino_Kazuma->Vehicle #499 - Teargas - 24
[2010-03-07 19:23] Lino_Kazuma->Vehicle #499 - M4 - 300
[2010-03-07 19:23] Vehicle #499->Haruki_Kenshi - Sniper - 5
[2010-03-07 19:24] Caesar_Vasquez->Vehicle #1069 - Note - Guns. Drugs. Just call 41407
[2010-03-07 19:24] Haruki_Kenshi->Vehicle #499 - Sniper - 5
[2010-03-07 19:24] Vehicle #499->Haruki_Kenshi - Teargas - 1
[2010-03-07 19:25] Haruki_Kenshi->Vehicle #499 - Teargas - 1
[2010-03-07 19:26] Santiago_Cortez->Player #28646 - Sandwich - 1
[2010-03-07 19:28] Safe #901->Ryan_Nash - Uzi - 5
[2010-03-07 19:29] Sergei_Bardachenko->Vehicle #1219 - AK-47 - 12
[2010-03-07 19:30] Fridge #222865->Ryan_Nash - Ziebrand Beer - 1
[2010-03-07 19:30] Fridge #222865->Ryan_Nash - Bastradov Vodka - 1
[2010-03-07 19:30] Fridge #222865->Ryan_Nash - Bastradov Vodka - 1
[2010-03-07 19:30] Fridge #222865->Ryan_Nash - Ziebrand Beer - 1
[2010-03-07 19:31] Vehicle #499->Lino_Kazuma - Shotgun - 20
[2010-03-07 19:31] Vehicle #499->Lino_Kazuma - Shotgun - 30
[2010-03-07 19:31] Vehicle #499->Lino_Kazuma - Radio - 1
[2010-03-07 19:31] Vehicle #499->Lino_Kazuma - M4 - 80
[2010-03-07 19:31] Vehicle #499->Lino_Kazuma - M4 - 300
[2010-03-07 19:32] Vehicle #499->Lino_Kazuma - Shotgun - 20
[2010-03-07 19:32] Lino_Kazuma->Vehicle #499 - M4 - 380
[2010-03-07 19:32] Lino_Kazuma->Vehicle #499 - Shotgun - 70
[2010-03-07 19:32] Vehicle #351->Rinus_Krimpen - Gas Mask - 1
[2010-03-07 19:33] Chris_Gambetti->Safe #9816 - Sniper - 1
[2010-03-07 19:34] Haruki_Kenshi->Vehicle #499 - Colt 45 - 4
[2010-03-07 19:34] Haruki_Kenshi->Vehicle #499 - Donut - 1
[2010-03-07 19:34] Vehicle #499->Matsuko_Kenshin - Donut - 1
[2010-03-07 19:34] Vehicle #499->Haruki_Kenshi - Shotgun - 70
[2010-03-07 19:34] Vehicle #499->Haruki_Kenshi - Shotgun - 20
[2010-03-07 19:34] Haruki_Kenshi->Vehicle #499 - Shotgun - 90
[2010-03-07 19:36] Ryan_Nash->Safe #901 - Uzi - 5
[2010-03-07 19:38] Jimmy_Sanders->Player #30739 - Softdrink - 1
[2010-03-07 19:38] Jason_Hall->Vehicle #17 - Clothes - 124
[2010-03-07 19:38] Vehicle #17->Jason_Hall - Clothes - 124
[2010-03-07 19:39] Jimmy_Sanders->Vehicle #446 - Cookie - 1
[2010-03-07 19:40] Vehicle #446->Camilla_Sanders - Cookie - 1
[2010-03-07 19:41] Fridge #206021->Lance_Smiths - Softdrink - 1
[2010-03-07 19:41] Fridge #206021->Lance_Smiths - Softdrink - 1
[2010-03-07 19:41] Fridge #206021->Lance_Smiths - Sandwich - 1
[2010-03-07 19:41] Safe #10119->Lino_Kazuma - Sniper - 20
[2010-03-07 19:41] Safe #10119->Lino_Kazuma - Uzi - 500
[2010-03-07 19:41] Safe #10119->Lino_Kazuma - AK-47 - 200
[2010-03-07 19:41] Safe #10119->Lino_Kazuma - Silenced - 235
[2010-03-07 19:41] Safe #10119->Lino_Kazuma - Shotgun - 80
[2010-03-07 19:41] Safe #10119->Lino_Kazuma - Teargas - 19
[2010-03-07 19:42] Vincenzo_Corleone->Vehicle #740 - Vehicle Key - 1335
[2010-03-07 19:42] Vincenzo_Corleone->Vehicle #740 - Vehicle Key - 382
[2010-03-07 19:42] Lino_Kazuma->Vehicle #499 - Teargas - 19
[2010-03-07 19:42] Vehicle #740->Charles_Stone - Vehicle Key - 382
[2010-03-07 19:42] Vehicle #499->Lino_Kazuma - Sniper - 5
[2010-03-07 19:42] Vehicle #740->Charles_Stone - Vehicle Key - 1335
[2010-03-07 19:42] Lino_Kazuma->Vehicle #499 - Sniper - 25
[2010-03-07 19:42] Lino_Kazuma->Vehicle #499 - AK-47 - 200
[2010-03-07 19:42] Lino_Kazuma->Vehicle #499 - Shotgun - 80
[2010-03-07 19:42] Lino_Kazuma->Vehicle #499 - Uzi - 500
[2010-03-07 19:42] Lino_Kazuma->Vehicle #499 - Silenced - 285
[2010-03-07 19:43] Safe #10119->Lino_Kazuma - Tec-9 - 650
[2010-03-07 19:43] Safe #10119->Lino_Kazuma - M4 - 760
[2010-03-07 19:43] Lino_Kazuma->Vehicle #499 - M4 - 760
[2010-03-07 19:43] Lino_Kazuma->Vehicle #499 - Tec-9 - 650
[2010-03-07 19:43] Safe #10119->Lino_Kazuma - MP5 - 370
[2010-03-07 19:44] Lino_Kazuma->Vehicle #499 - MP5 - 370
[2010-03-07 19:47] Jamie_Reeves->Player #25970 - Vehicle Key - 935
[2010-03-07 19:47] Vehicle #499->Lino_Kazuma - AK-47 - 400
[2010-03-07 19:48] Vehicle #499->Lino_Kazuma - AK-47 - 200
[2010-03-07 19:48] Haruki_Kenshi->Player #29182 - Vehicle Key - 935
[2010-03-07 19:48] Vehicle #499->Lino_Kazuma - Sniper - 25
[2010-03-07 19:48] Vehicle #499->Lino_Kazuma - Teargas - 24
[2010-03-07 19:48] Vehicle #499->Lino_Kazuma - Silenced - 100
[2010-03-07 19:48] Vehicle #499->Lino_Kazuma - Silenced - 285
[2010-03-07 19:48] Vehicle #499->Lino_Kazuma - Shotgun - 80
[2010-03-07 19:48] Vehicle #499->Lino_Kazuma - Shotgun - 90
[2010-03-07 19:48] Vehicle #499->Lino_Kazuma - MP5 - 70
[2010-03-07 19:48] Vehicle #499->Lino_Kazuma - MP5 - 410
[2010-03-07 19:48] Vehicle #499->Lino_Kazuma - MP5 - 370
[2010-03-07 19:49] Safe #351->Lino_Kazuma - Silenced - 85
[2010-03-07 19:49] Safe #351->Lino_Kazuma - Shotgun - 60
[2010-03-07 19:49] Lino_Kazuma->Safe #351 - Teargas - 24
[2010-03-07 19:49] Lino_Kazuma->Safe #351 - AK-47 - 600
[2010-03-07 19:49] Lino_Kazuma->Safe #351 - MP5 - 850
[2010-03-07 19:49] Lino_Kazuma->Safe #351 - Shotgun - 230
[2010-03-07 19:49] Lino_Kazuma->Safe #351 - Silenced - 400
[2010-03-07 19:49] Lino_Kazuma->Safe #351 - Sniper - 25
[2010-03-07 19:49] Vehicle #499->Lino_Kazuma - Tec-9 - 100
[2010-03-07 19:49] Vehicle #499->Lino_Kazuma - Tec-9 - 650
[2010-03-07 19:49] Vehicle #499->Lino_Kazuma - M4 - 760
[2010-03-07 19:49] Vehicle #499->Lino_Kazuma - M4 - 380
[2010-03-07 19:49] Vehicle #499->Lino_Kazuma - Teargas - 19
[2010-03-07 19:49] Vehicle #499->Lino_Kazuma - Teargas - 1
[2010-03-07 19:50] Lino_Kazuma->Safe #351 - Teargas - 20
[2010-03-07 19:50] Lino_Kazuma->Safe #351 - M4 - 1140
[2010-03-07 19:51] Lino_Kazuma->Safe #351 - Tec-9 - 750
[2010-03-07 19:51] Vehicle #499->Lino_Kazuma - Uzi - 500
[2010-03-07 19:51] Vehicle #499->Lino_Kazuma - Colt 45 - 4
[2010-03-07 19:51] Lino_Kazuma->Safe #351 - Uzi - 500
[2010-03-07 19:51] Paddy_Felds->Fridge #175868 - Ziebrand Beer - 1
[2010-03-07 19:52] Paddy_Felds->Fridge #175868 - Sandwich - 1
[2010-03-07 19:52] Fridge #175868->Paddy_Felds - Sandwich - 1
[2010-03-07 19:52] Fridge #175868->Paddy_Felds - Ziebrand Beer - 1
[2010-03-07 19:52] Jimmy_Sanders->Fridge #222679 - Taco - 1
[2010-03-07 19:52] Jimmy_Sanders->Fridge #222679 - Donut - 1
[2010-03-07 19:52] Jimmy_Sanders->Fridge #222679 - Haggis - 1
[2010-03-07 19:52] Jimmy_Sanders->Fridge #222679 - Sandwich - 1
[2010-03-07 19:53] Fridge #222679->Jimmy_Sanders - Ziebrand Beer - 1
[2010-03-07 19:53] Fridge #222679->Jimmy_Sanders - Softdrink - 1
[2010-03-07 19:53] Leonardo_Riba->Player #29506 - Dice - 1
[2010-03-07 19:54] Safe #351->Lino_Kazuma - Silenced - 85
[2010-03-07 19:54] Safe #351->Lino_Kazuma - Silenced - 85
[2010-03-07 19:54] Safe #351->Lino_Kazuma - Shotgun - 230
[2010-03-07 19:54] Vehicle #231->Matt_McRae - Emergency Siren - 1
[2010-03-07 19:54] Vehicle #231->Matt_McRae - Emergency Light Strobes - 1
[2010-03-07 19:54] Lino_Kazuma->Vehicle #499 - Shotgun - 230
[2010-03-07 19:54] Lino_Kazuma->Vehicle #499 - Silenced - 400
[2010-03-07 19:54] Safe #351->Lino_Kazuma - Silenced - 85
[2010-03-07 19:55] Safe #645->Ashley_Greene - Sniper - 30
[2010-03-07 19:55] Safe #645->Ashley_Greene - Sniper - 69
[2010-03-07 19:55] Safe #645->Ashley_Greene - Sniper - 100
[2010-03-07 19:56] Safe #645->Ashley_Greene - Colt 45 - 100
[2010-03-07 19:57] Leonardo_Riba put item #224054 (17:Watch) - 1 in Player #28646
[2010-03-07 19:57] Safe #645->Ashley_Greene - Tec-9 - 100
[2010-03-07 19:57] Safe #645->Ashley_Greene - Tec-9 - 100
[2010-03-07 19:57] Caesar_Vasquez put item #224058 (10:Dice) - 1 in Player #29506
[2010-03-07 19:57] Caesar_Vasquez put item #224057 (10:Dice) - 1 in Player #28646
[2010-03-07 19:59] Vehicle #499->Matsuko_Kenshin - Shotgun - 30
[2010-03-07 20:01] Matsuko_Kenshin->Vehicle #935 - Shotgun - 200
[2010-03-07 20:01] Matsuko_Kenshin->Vehicle #499 - Colt 45 - 16
[2010-03-07 20:01] Safe #9668->Jimmy_Sanders - AK-47 - 149
[2010-03-07 20:01] Vehicle #499->Matsuko_Kenshin - Silenced - 150
[2010-03-07 20:02] Matsuko_Kenshin->Vehicle #935 - Silenced - 250
[2010-03-07 20:02] Ashley_Greene->Safe #601 - Tec-9 - 200
[2010-03-07 20:02] Jacob_Garcia->Vehicle #99 - Water - 1
[2010-03-07 20:02] Ashley_Greene->Safe #601 - Sniper - 199
[2010-03-07 20:02] Vehicle #99->Arraminta_Brenkly - Water - 1
[2010-03-07 20:02] Vehicle #499->Matsuko_Kenshin - Shotgun - 30
[2010-03-07 20:02] Vehicle #499->Matsuko_Kenshin - Silenced - 150
[2010-03-07 20:03] Matsuko_Kenshin->Vehicle #935 - Silenced - 150
[2010-03-07 20:03] Matsuko_Kenshin->Vehicle #935 - Shotgun - 30
[2010-03-07 20:03] Vehicle #499->Matsuko_Kenshin - Colt 45 - 16
[2010-03-07 20:04] Safe #9816->Chris_Gambetti - AK-47 - 6
[2010-03-07 20:04] Safe #9816->Chris_Gambetti - Tec-9 - 1
[2010-03-07 20:04] Vincenzo_Corleone->Vehicle #382 - AK-47 - 49
[2010-03-07 20:04] Vincenzo_Corleone->Vehicle #382 - Shotgun - 20
[2010-03-07 20:06] Ashley_Greene->Vehicle #61 - Water - 1
[2010-03-07 20:06] Vehicle #61->Micheal_Porfield - Water - 1
[2010-03-07 20:08] Vehicle #382->Vincenzo_Corleone - AK-47 - 49
[2010-03-07 20:08] Vehicle #382->Vincenzo_Corleone - Shotgun - 20
[2010-03-07 20:09] Vehicle #61->John_Kimbrough - Water - 1
[2010-03-07 20:10] Vehicle #935->Jamie_Reeves - Shotgun - 200
[2010-03-07 20:11] Jamie_Reeves->Safe #594 - Shotgun - 200
[2010-03-07 20:11] Jamie_Reeves->Safe #594 - Colt 45 - 10
[2010-03-07 20:12] Vehicle #935->Jamie_Reeves - Shotgun - 30
[2010-03-07 20:12] Vehicle #935->Jamie_Reeves - Silenced - 150
[2010-03-07 20:12] Vehicle #935->Jamie_Reeves - Silenced - 150
[2010-03-07 20:12] Jamie_Reeves->Safe #594 - Silenced - 250
[2010-03-07 20:13] Jamie_Reeves->Safe #594 - Shotgun - 30
[2010-03-07 20:13] Vehicle #935->Jamie_Reeves - Silenced - 150
[2010-03-07 20:13] Jamie_Reeves->Safe #594 - Silenced - 150
[2010-03-07 20:13] Safe #594->Jamie_Reeves - Colt 45 - 10
[2010-03-07 20:14] Jimmy_Sanders->Vehicle #170 - AK-47 - 149
[2010-03-07 20:15] Vehicle #170->Ashley_Greene - AK-47 - 149
[2010-03-07 20:17] Jamie_Reeves->Player #25970 - Clothes - 287
[2010-03-07 20:20] Ashley_Greene->Safe #601 - AK-47 - 100
[2010-03-07 20:20] Safe #901->Ryan_Nash - Uzi - 5
[2010-03-07 20:23] Ryan_Nash->Safe #901 - Uzi - 4
[2010-03-07 20:23] Vehicle #572->Nathan_Spencer - Water - 2
[2010-03-07 20:23] Vehicle #1243->Bill_Johnson - Fuel Can - 0
[2010-03-07 20:23] Vehicle #1243->Bill_Johnson - Fuel Can - 0
[2010-03-07 20:24] Vehicle #1243->Bill_Johnson - Fuel Can - 25
[2010-03-07 20:24] Vehicle #1243->Bill_Johnson - Ski Mask - 1
[2010-03-07 20:27] Safe #601->Ashley_Greene - Tec-9 - 200
[2010-03-07 20:27] Ashley_Greene->Safe #601 - Tec-9 - 100
[2010-03-07 20:28] Ashley_Greene->Safe #601 - Colt 45 - 90
[2010-03-07 20:28] Fridge #222679->Camilla_Sanders - Taco - 1
[2010-03-07 20:28] Fridge #222679->Camilla_Sanders - Donut - 1
[2010-03-07 20:28] Ashley_Greene->Safe #601 - Colt 45 - 8
[2010-03-07 20:28] Ashley_Greene->Safe #601 - Camera - 19
[2010-03-07 20:29] Safe #601->Ashley_Greene - Colt 45 - 8
[2010-03-07 20:29] Bill_Johnson->Vehicle #1243 - Fuel Can - 25
[2010-03-07 20:29] Bill_Johnson->Vehicle #1243 - Ski Mask - 1
[2010-03-07 20:29] Bill_Johnson->Vehicle #1243 - Fuel Can - 0
[2010-03-07 20:29] Safe #594->Jamie_Reeves - Colt 45 - 135
[2010-03-07 20:29] Carl_James->Player #31000 - Cookie - 1
[2010-03-07 20:29] Jamie_Reeves->Safe #594 - Colt 45 - 94
[2010-03-07 20:29] Safe #594->Jamie_Reeves - Colt 45 - 94
[2010-03-07 20:30] Safe #198->Haruki_Kenshi - Notebook - 5
[2010-03-07 20:30] Haruki_Kenshi->Safe #198 - Notebook - 5
[2010-03-07 20:30] Jamie_Reeves->Safe #594 - Colt 45 - 80
[2010-03-07 20:31] Safe #594->Jamie_Reeves - Colt 45 - 80
[2010-03-07 20:31] Jamie_Reeves->Safe #594 - Colt 45 - 60
[2010-03-07 20:36] Safe #901->Ryan_Nash - Uzi - 4
[2010-03-07 20:36] Ryan_Nash->Safe #901 - Uzi - 3
[2010-03-07 20:39] Ryan_Nash->Vehicle #1202 - Uzi - 1
[2010-03-07 20:40] Vehicle #1202->Nate_Rose - Uzi - 1
[2010-03-07 20:43] Camilla_Sanders->Fridge #222679 - Burger - 1
[2010-03-07 20:43] Camilla_Sanders->Fridge #222679 - Softdrink - 1
[2010-03-07 20:43] Camilla_Sanders->Fridge #222679 - Water - 1
[2010-03-07 20:43] Camilla_Sanders->Fridge #222679 - Softdrink - 1
[2010-03-07 20:43] Camilla_Sanders->Fridge #222679 - Donut - 1
[2010-03-07 20:43] Camilla_Sanders->Fridge #222679 - Taco - 1
[2010-03-07 20:43] Camilla_Sanders->Fridge #222679 - Cookie - 1
[2010-03-07 20:45] Camilla_Sanders->Fridge #222679 - Haggis - 1
[2010-03-07 20:48] Vehicle #383->Mike_Taylor - Donut - 1
[2010-03-07 20:48] Vehicle #383->Mike_Taylor - Donut - 1
[2010-03-07 20:48] Vehicle #383->Mike_Taylor - Donut - 1
[2010-03-07 20:48] Vehicle #383->Mike_Taylor - Donut - 1
[2010-03-07 20:58] Ivo_Bostrom->Vehicle #1094 - PDA - 1
[2010-03-07 20:59] Safe #601->Ashley_Greene - AK-47 - 100
[2010-03-07 21:03] Vehicle #572->Timothy_York - Water - 2
[2010-03-07 21:03] Vehicle #572->Nathan_Spencer - Water - 2
[2010-03-07 21:04] Vehicle #574->Justin_McKaine - Bat - 1
[2010-03-07 21:08] Vehicle #574->Costin_Sobaru - Fuel Can - 0
[2010-03-07 21:08] Vehicle #574->Costin_Sobaru - Dice - 1
[2010-03-07 21:14] Vehicle #1094->Ivo_Bostrom - Fuel Can - 25
