[2010-03-06 23:51] [SELL] car #746 was sold from Dante Garcia to Jimmy Sanders
[2010-03-06 23:51] [SELL] car #194 was sold from Jimmy Sanders to Dante Garcia
[2010-03-07 01:25] [SELL] car #718 was sold from Huang Lee to Hiroshi Oshiro
[2010-03-07 01:28] [MAKEVEH] Matt_Desmore created car #1323 (Caddy) - Owner: Carol_Andersson
[2010-03-07 01:28] [DELVEH] Matt_Desmore deleted vehicle #457
[2010-03-07 01:28] [DELVEH] Matt_Desmore deleted vehicle #1323
[2010-03-07 01:29] [MAKEVEH] Matt_Desmore created car #1324 (Caddy) - Owner: Carol_Andersson
[2010-03-07 01:29] [DELVEH] Matt_Desmore deleted vehicle #1324
[2010-03-07 01:30] [MAKEVEH] Matt_Desmore created car #1325 (Caddy) - Owner: Carol_Andersson
[2010-03-07 01:31] [MAKEVEH] Matt_Desmore created car #1326 (Dumper) - Owner: Matt_Desmore
[2010-03-07 01:31] [DELVEH] Matt_Desmore deleted vehicle #1326
[2010-03-07 01:31] [SELL] car #1220 was sold from Negara Madalin to Dorobantu Daniel
[2010-03-07 01:32] [SELL] car #1265 was sold from Dorobantu Daniel to Negara Madalin
[2010-03-07 01:41] [SELL] car #448 was sold from Jimmy Sanders to Adam Benjamin
[2010-03-07 02:25] [CAR SHOP] Eusebio_Lombardo bought car #1327 (Burrito)
[2010-03-07 04:01] [SELL] car #1249 was sold from Santiago Cortez to Jimmy Sanders
[2010-03-07 04:03] [CAR SHOP] Santiago_Cortez bought car #1328 (Savanna)
[2010-03-07 04:25] [SELL] car #293 was sold from Santiago Cortez to Daniel Baker
[2010-03-07 04:38] [SELL] car #831 was sold from Nate Rose to Chris Gambetti
[2010-03-07 05:25] [CAR SHOP] Shawn_Brown bought car #1329 (Premier)
[2010-03-07 05:53] [CAR SHOP] Francesco_Davino bought car #1330 (FCR-900)
[2010-03-07 05:53] [MAKEVEH] Matt_Desmore created car #1331 (Hotdog) - Faction #36
[2010-03-07 05:58] [AVEHPOS] Matt_Desmore parked car #1331 at 2148.8447265625, -1151.1552734375, 26.402666091919
[2010-03-07 08:38] [SELL] car #831 was sold from Chris Gambetti to Ike Hemlock
[2010-03-07 09:03] [SELL] car #831 was sold from Ike Hemlock to Kathrine Fields
[2010-03-07 10:03] [SELL] car #448 was sold from Adam Benjamin to Rinus Krimpen
[2010-03-07 10:25] [SELL] car #1129 was sold from Tinne Spoel to Rinus Krimpen
[2010-03-07 10:30] [DELVEH] Kate_Rizaru deleted vehicle #212
[2010-03-07 10:30] [DELVEH] Kate_Rizaru deleted vehicle #848
[2010-03-07 10:32] [DELVEH] Kate_Rizaru deleted vehicle #903
[2010-03-07 10:32] [DELVEH] Kate_Rizaru deleted vehicle #634
[2010-03-07 10:32] [DELVEH] Kate_Rizaru deleted vehicle #541
[2010-03-07 10:32] [DELVEH] Kate_Rizaru deleted vehicle #380
[2010-03-07 10:32] [DELVEH] Kate_Rizaru deleted vehicle #617
[2010-03-07 10:33] [DELVEH] Kate_Rizaru deleted vehicle #678
[2010-03-07 10:33] [DELVEH] Kate_Rizaru deleted vehicle #731
[2010-03-07 10:33] [DELVEH] Kate_Rizaru deleted vehicle #214
[2010-03-07 10:33] [DELVEH] Kate_Rizaru deleted vehicle #606
[2010-03-07 10:33] [DELVEH] Kate_Rizaru deleted vehicle #367
[2010-03-07 10:33] [DELVEH] Kate_Rizaru deleted vehicle #523
[2010-03-07 10:34] [DELVEH] Kate_Rizaru deleted vehicle #901
[2010-03-07 10:34] [DELVEH] Kate_Rizaru deleted vehicle #841
[2010-03-07 10:36] [DELVEH] Kate_Rizaru deleted vehicle #874
[2010-03-07 10:47] [SELL] car #806 was sold from John Brenkly to Jick Nick
[2010-03-07 10:55] [SELL] car #1271 was sold from Carl James to Aleksey Gavrilov
[2010-03-07 11:00] [SELL] car #806 was sold from Jick Nick to Matt Callahan
[2010-03-07 11:05] [MAKEVEH] Leo_Brownstone created car #1332 (Blista Compact) - Owner: Leo_Brownstone
[2010-03-07 11:07] [SELL] car #-6 was sold from Tony Salvana to Tony Salvana
[2010-03-07 11:13] [SELL] car #806 was sold from Matt Callahan to Juan Gonzales
[2010-03-07 12:06] [CAR SHOP] Roy_Compera bought car #1333 (Wayfarer)
[2010-03-07 12:42] [AVEHPOS] Leo_Brownstone parked car #1332 at 1926.876953125, -1795.826171875, 13.10008430481
[2010-03-07 13:01] [SELL] car #1279 was sold from Jenny Queen to Brea Mercury
[2010-03-07 13:31] [SELL] car #482 was sold from Gregor Ivanov to Igor Ivanov
[2010-03-07 13:37] [SELL] car #482 was sold from Igor Ivanov to Lason Yates
[2010-03-07 13:43] [SELL] car #163 was sold from Joshua Fraser to Garry Jenkins
[2010-03-07 13:45] [SELL] car #1186 was sold from Igor Ivanov to Lason Yates
[2010-03-07 13:47] [SELL] car #1186 was sold from Lason Yates to Turell Yates
[2010-03-07 14:57] [CAR SHOP] Michael_Phillips bought car #1334 (Sabre)
[2010-03-07 14:57] [SELL] car #1201 was sold from Clark Smith to Yong Ong
[2010-03-07 14:57] [SELL] car #679 was sold from Yong Ong to Clark Smith
[2010-03-07 15:25] [SELL] car #163 was sold from Garry Jenkins to Marshal Carfield
[2010-03-07 15:55] [SELL] car #877 was sold from Daniel Goldford to Edward Papadopolus
[2010-03-07 15:55] [AVEHPOS] Greg_Norris parked car #179 at 1538.712890625, -1479.2197265625, 9.0708742141724
[2010-03-07 15:57] [VEHPOS DELETE] car #1334 was deleted
[2010-03-07 15:58] [AVEHPOS] Greg_Norris parked car #578 at 1515.8837890625, -1457.970703125, 9.0406112670898
[2010-03-07 16:06] [SELL] car #455 was sold from Matsuko Kenshin to LaTroy Linus
[2010-03-07 16:13] [SELL] car #1201 was sold from Yong Ong to LaTroy Linus
[2010-03-07 16:13] [SELL] car #455 was sold from LaTroy Linus to Yong Ong
[2010-03-07 16:26] [SELL] car #386 was sold from Sunny Gaurav to Garry Jenkins
[2010-03-07 17:01] [SELL] car #1080 was sold from Garry Jenkins to Sunny Gaurav
[2010-03-07 17:04] [SELL] car #455 was sold from Yong Ong to Jimmy Sanders
[2010-03-07 17:04] [SELL] car #1240 was sold from Jimmy Sanders to Yong Ong
[2010-03-07 17:10] [SELL] car #535 was sold from Daniel Goldford to Sunny Gaurav
[2010-03-07 17:20] [AVEHPOS] Richard_Banks parked car #1289 at 2812.224609375, -1459.8076171875, 31.851902008057
[2010-03-07 17:20] [SELL] car #1249 was sold from Jimmy Sanders to Daniel Goldford
[2010-03-07 17:22] [AVEHPOS] Richard_Banks parked car #1232 at 624.5869140625, -1331.8466796875, 13.378613471985
[2010-03-07 17:29] [SELL] car #448 was sold from Rinus Krimpen to Sunny Gaurav
[2010-03-07 18:22] [SELL] car #1303 was sold from Vincenzo Corleone to Bradley Davis
[2010-03-07 18:30] [SELL] car #382 was sold from Sarah Paterno to Frank Paterno
[2010-03-07 18:32] [SELL] car #382 was sold from Frank Paterno to Vincenzo Corleone
[2010-03-07 18:38] [SELL] car #1303 was sold from Bradley Davis to Fiona Melon
[2010-03-07 18:40] [SELL] car #1244 was sold from Alexander Corleone to John Ginger
[2010-03-07 18:47] [SELL] car #1244 was sold from [ACID]Royce to Jack Burrow
[2010-03-07 19:03] [AVEHPOS] Greg_Norris parked car #717 at 1259.5986328125, -42.751953125, 1000.5586547852
[2010-03-07 19:08] [AVEHPOS] Greg_Norris parked car #600 at 1250.326171875, -47.677734375, 1000.5638427734
[2010-03-07 19:08] [AVEHPOS] Greg_Norris parked car #807 at 1253.2099609375, -47.736328125, 1000.567199707
[2010-03-07 19:08] [AVEHPOS] Greg_Norris parked car #625 at 1255.9951171875, -47.7490234375, 1000.563659668
[2010-03-07 19:08] [AVEHPOS] Greg_Norris parked car #717 at 1258.9189453125, -47.7685546875, 1000.5606079102
[2010-03-07 19:08] [AVEHPOS] Greg_Norris parked car #621 at 1261.9892578125, -47.759765625, 1000.5619506836
[2010-03-07 19:09] [AVEHPOS] Greg_Norris parked car #661 at 1265.15234375, -47.7578125, 1000.5600585938
[2010-03-07 19:09] [SELL] car #1133 was sold from Eusebio Fighetti to Ashley Greene
[2010-03-07 19:09] [AVEHPOS] Greg_Norris parked car #661 at 1265.15234375, -47.7578125, 1000.5600585938
[2010-03-07 19:09] [AVEHPOS] Greg_Norris parked car #621 at 1261.9892578125, -47.759765625, 1000.5619506836
[2010-03-07 19:26] [SELL] car #489 was sold from Clyde Sharow to Jimmy Sanders
[2010-03-07 19:26] [SELL] car #455 was sold from Jimmy Sanders to Clyde Sharow
[2010-03-07 19:34] [CAR SHOP] Vincenzo_Corleone bought car #1335 (Merit)
[2010-03-07 19:47] [SELL] car #640 was sold from Khizar Ellahi to Vladimir Burin
[2010-03-07 19:47] [SELL] car #195 was sold from Vladimir Burin to Khizar Ellahi
[2010-03-07 19:52] [SELL] car #482 was sold from Lason Yates to Tinne Spoel
[2010-03-07 20:33] [AVEHPOS] Greg_Norris parked car #958 at 1268.2607421875, -47.7294921875, 1000.5606079102
[2010-03-07 20:36] [SELL] car #489 was sold from Jimmy Sanders to Joshua Fraser
[2010-03-07 21:06] [SELL] car #1202 was sold from Ryan Nash to Frank Paterno
[2010-03-07 21:06] [SELL] car #254 was sold from Frank Paterno to Ryan Nash
[2010-03-07 21:15] [CAR SHOP] Jack_Stone bought car #1336 (Freeway)
[2010-03-07 21:16] [CAR SHOP] Earl_Peterson bought car #1337 (Freeway)
